[2024-05-08T14:51:51.904+0000] {processor.py:161} INFO - Started process (PID=274) to work on /home/airflow/.local/lib/python3.12/site-packages/airflow/example_dags/example_subdag_operator.py
[2024-05-08T14:51:51.906+0000] {processor.py:830} INFO - Processing file /home/airflow/.local/lib/python3.12/site-packages/airflow/example_dags/example_subdag_operator.py for tasks to queue
[2024-05-08T14:51:51.910+0000] {logging_mixin.py:188} INFO - [2024-05-08T14:51:51.909+0000] {dagbag.py:545} INFO - Filling up the DagBag from /home/airflow/.local/lib/python3.12/site-packages/airflow/example_dags/example_subdag_operator.py
[2024-05-08T14:51:51.973+0000] {processor.py:840} INFO - DAG(s) 'example_subdag_operator.section-1', 'example_subdag_operator.section-2', 'example_subdag_operator' retrieved from /home/airflow/.local/lib/python3.12/site-packages/airflow/example_dags/example_subdag_operator.py
[2024-05-08T14:51:52.193+0000] {logging_mixin.py:188} INFO - [2024-05-08T14:51:52.192+0000] {dag.py:3096} INFO - Sync 3 DAGs
[2024-05-08T14:51:52.251+0000] {logging_mixin.py:188} INFO - [2024-05-08T14:51:52.251+0000] {dag.py:3954} INFO - Setting next_dagrun for example_subdag_operator to 2022-01-01 00:00:00+00:00, run_after=2022-01-01 00:00:00+00:00
[2024-05-08T14:51:52.259+0000] {logging_mixin.py:188} INFO - [2024-05-08T14:51:52.259+0000] {dag.py:3954} INFO - Setting next_dagrun for example_subdag_operator.section-1 to None, run_after=None
[2024-05-08T14:51:52.262+0000] {logging_mixin.py:188} INFO - [2024-05-08T14:51:52.262+0000] {dag.py:3954} INFO - Setting next_dagrun for example_subdag_operator.section-2 to None, run_after=None
[2024-05-08T14:51:52.293+0000] {logging_mixin.py:188} INFO - [2024-05-08T14:51:52.293+0000] {dag.py:3096} INFO - Sync 2 DAGs
[2024-05-08T14:51:52.307+0000] {logging_mixin.py:188} INFO - [2024-05-08T14:51:52.306+0000] {dag.py:3954} INFO - Setting next_dagrun for example_subdag_operator.section-1 to None, run_after=None
[2024-05-08T14:51:52.310+0000] {logging_mixin.py:188} INFO - [2024-05-08T14:51:52.309+0000] {dag.py:3954} INFO - Setting next_dagrun for example_subdag_operator.section-2 to None, run_after=None
[2024-05-08T14:51:52.336+0000] {processor.py:183} INFO - Processing /home/airflow/.local/lib/python3.12/site-packages/airflow/example_dags/example_subdag_operator.py took 0.447 seconds
[2024-05-08T14:52:22.438+0000] {processor.py:161} INFO - Started process (PID=536) to work on /home/airflow/.local/lib/python3.12/site-packages/airflow/example_dags/example_subdag_operator.py
[2024-05-08T14:52:22.440+0000] {processor.py:830} INFO - Processing file /home/airflow/.local/lib/python3.12/site-packages/airflow/example_dags/example_subdag_operator.py for tasks to queue
[2024-05-08T14:52:22.443+0000] {logging_mixin.py:188} INFO - [2024-05-08T14:52:22.442+0000] {dagbag.py:545} INFO - Filling up the DagBag from /home/airflow/.local/lib/python3.12/site-packages/airflow/example_dags/example_subdag_operator.py
[2024-05-08T14:52:22.479+0000] {processor.py:840} INFO - DAG(s) 'example_subdag_operator.section-1', 'example_subdag_operator.section-2', 'example_subdag_operator' retrieved from /home/airflow/.local/lib/python3.12/site-packages/airflow/example_dags/example_subdag_operator.py
[2024-05-08T14:52:22.506+0000] {logging_mixin.py:188} INFO - [2024-05-08T14:52:22.506+0000] {dag.py:3096} INFO - Sync 3 DAGs
[2024-05-08T14:52:22.540+0000] {logging_mixin.py:188} INFO - [2024-05-08T14:52:22.539+0000] {dag.py:3954} INFO - Setting next_dagrun for example_subdag_operator to 2022-01-01 00:00:00+00:00, run_after=2022-01-01 00:00:00+00:00
[2024-05-08T14:52:22.547+0000] {logging_mixin.py:188} INFO - [2024-05-08T14:52:22.546+0000] {dag.py:3954} INFO - Setting next_dagrun for example_subdag_operator.section-1 to None, run_after=None
[2024-05-08T14:52:22.550+0000] {logging_mixin.py:188} INFO - [2024-05-08T14:52:22.549+0000] {dag.py:3954} INFO - Setting next_dagrun for example_subdag_operator.section-2 to None, run_after=None
[2024-05-08T14:52:22.562+0000] {logging_mixin.py:188} INFO - [2024-05-08T14:52:22.562+0000] {dag.py:3096} INFO - Sync 2 DAGs
[2024-05-08T14:52:22.572+0000] {logging_mixin.py:188} INFO - [2024-05-08T14:52:22.571+0000] {dag.py:3954} INFO - Setting next_dagrun for example_subdag_operator.section-1 to None, run_after=None
[2024-05-08T14:52:22.573+0000] {logging_mixin.py:188} INFO - [2024-05-08T14:52:22.573+0000] {dag.py:3954} INFO - Setting next_dagrun for example_subdag_operator.section-2 to None, run_after=None
[2024-05-08T14:52:22.593+0000] {processor.py:183} INFO - Processing /home/airflow/.local/lib/python3.12/site-packages/airflow/example_dags/example_subdag_operator.py took 0.164 seconds
[2024-05-08T14:52:58.752+0000] {processor.py:161} INFO - Started process (PID=796) to work on /home/airflow/.local/lib/python3.12/site-packages/airflow/example_dags/example_subdag_operator.py
[2024-05-08T14:52:58.754+0000] {processor.py:830} INFO - Processing file /home/airflow/.local/lib/python3.12/site-packages/airflow/example_dags/example_subdag_operator.py for tasks to queue
[2024-05-08T14:52:58.758+0000] {logging_mixin.py:188} INFO - [2024-05-08T14:52:58.758+0000] {dagbag.py:545} INFO - Filling up the DagBag from /home/airflow/.local/lib/python3.12/site-packages/airflow/example_dags/example_subdag_operator.py
[2024-05-08T14:52:58.940+0000] {processor.py:840} INFO - DAG(s) 'example_subdag_operator.section-1', 'example_subdag_operator.section-2', 'example_subdag_operator' retrieved from /home/airflow/.local/lib/python3.12/site-packages/airflow/example_dags/example_subdag_operator.py
[2024-05-08T14:52:59.079+0000] {logging_mixin.py:188} INFO - [2024-05-08T14:52:59.079+0000] {dag.py:3096} INFO - Sync 3 DAGs
[2024-05-08T14:52:59.203+0000] {logging_mixin.py:188} INFO - [2024-05-08T14:52:59.202+0000] {dag.py:3954} INFO - Setting next_dagrun for example_subdag_operator to 2022-01-01 00:00:00+00:00, run_after=2022-01-01 00:00:00+00:00
[2024-05-08T14:52:59.211+0000] {logging_mixin.py:188} INFO - [2024-05-08T14:52:59.211+0000] {dag.py:3954} INFO - Setting next_dagrun for example_subdag_operator.section-1 to None, run_after=None
[2024-05-08T14:52:59.216+0000] {logging_mixin.py:188} INFO - [2024-05-08T14:52:59.215+0000] {dag.py:3954} INFO - Setting next_dagrun for example_subdag_operator.section-2 to None, run_after=None
[2024-05-08T14:52:59.245+0000] {logging_mixin.py:188} INFO - [2024-05-08T14:52:59.244+0000] {dag.py:3096} INFO - Sync 2 DAGs
[2024-05-08T14:52:59.258+0000] {logging_mixin.py:188} INFO - [2024-05-08T14:52:59.257+0000] {dag.py:3954} INFO - Setting next_dagrun for example_subdag_operator.section-1 to None, run_after=None
[2024-05-08T14:52:59.264+0000] {logging_mixin.py:188} INFO - [2024-05-08T14:52:59.264+0000] {dag.py:3954} INFO - Setting next_dagrun for example_subdag_operator.section-2 to None, run_after=None
[2024-05-08T14:52:59.308+0000] {processor.py:183} INFO - Processing /home/airflow/.local/lib/python3.12/site-packages/airflow/example_dags/example_subdag_operator.py took 0.568 seconds
[2024-05-08T14:53:30.157+0000] {processor.py:161} INFO - Started process (PID=1060) to work on /home/airflow/.local/lib/python3.12/site-packages/airflow/example_dags/example_subdag_operator.py
[2024-05-08T14:53:30.159+0000] {processor.py:830} INFO - Processing file /home/airflow/.local/lib/python3.12/site-packages/airflow/example_dags/example_subdag_operator.py for tasks to queue
[2024-05-08T14:53:30.162+0000] {logging_mixin.py:188} INFO - [2024-05-08T14:53:30.161+0000] {dagbag.py:545} INFO - Filling up the DagBag from /home/airflow/.local/lib/python3.12/site-packages/airflow/example_dags/example_subdag_operator.py
[2024-05-08T14:53:30.201+0000] {processor.py:840} INFO - DAG(s) 'example_subdag_operator.section-1', 'example_subdag_operator.section-2', 'example_subdag_operator' retrieved from /home/airflow/.local/lib/python3.12/site-packages/airflow/example_dags/example_subdag_operator.py
[2024-05-08T14:53:30.228+0000] {logging_mixin.py:188} INFO - [2024-05-08T14:53:30.227+0000] {dag.py:3096} INFO - Sync 3 DAGs
[2024-05-08T14:53:30.296+0000] {logging_mixin.py:188} INFO - [2024-05-08T14:53:30.295+0000] {dag.py:3954} INFO - Setting next_dagrun for example_subdag_operator to 2022-01-01 00:00:00+00:00, run_after=2022-01-01 00:00:00+00:00
[2024-05-08T14:53:30.326+0000] {logging_mixin.py:188} INFO - [2024-05-08T14:53:30.326+0000] {dag.py:3954} INFO - Setting next_dagrun for example_subdag_operator.section-1 to None, run_after=None
[2024-05-08T14:53:30.330+0000] {logging_mixin.py:188} INFO - [2024-05-08T14:53:30.330+0000] {dag.py:3954} INFO - Setting next_dagrun for example_subdag_operator.section-2 to None, run_after=None
[2024-05-08T14:53:30.353+0000] {logging_mixin.py:188} INFO - [2024-05-08T14:53:30.353+0000] {dag.py:3096} INFO - Sync 2 DAGs
[2024-05-08T14:53:30.373+0000] {logging_mixin.py:188} INFO - [2024-05-08T14:53:30.373+0000] {dag.py:3954} INFO - Setting next_dagrun for example_subdag_operator.section-1 to None, run_after=None
[2024-05-08T14:53:30.380+0000] {logging_mixin.py:188} INFO - [2024-05-08T14:53:30.379+0000] {dag.py:3954} INFO - Setting next_dagrun for example_subdag_operator.section-2 to None, run_after=None
[2024-05-08T14:53:30.420+0000] {processor.py:183} INFO - Processing /home/airflow/.local/lib/python3.12/site-packages/airflow/example_dags/example_subdag_operator.py took 0.272 seconds
[2024-05-08T14:54:00.965+0000] {processor.py:161} INFO - Started process (PID=1320) to work on /home/airflow/.local/lib/python3.12/site-packages/airflow/example_dags/example_subdag_operator.py
[2024-05-08T14:54:00.970+0000] {processor.py:830} INFO - Processing file /home/airflow/.local/lib/python3.12/site-packages/airflow/example_dags/example_subdag_operator.py for tasks to queue
[2024-05-08T14:54:00.980+0000] {logging_mixin.py:188} INFO - [2024-05-08T14:54:00.978+0000] {dagbag.py:545} INFO - Filling up the DagBag from /home/airflow/.local/lib/python3.12/site-packages/airflow/example_dags/example_subdag_operator.py
[2024-05-08T14:54:01.211+0000] {processor.py:840} INFO - DAG(s) 'example_subdag_operator.section-1', 'example_subdag_operator.section-2', 'example_subdag_operator' retrieved from /home/airflow/.local/lib/python3.12/site-packages/airflow/example_dags/example_subdag_operator.py
[2024-05-08T14:54:01.370+0000] {logging_mixin.py:188} INFO - [2024-05-08T14:54:01.370+0000] {dag.py:3096} INFO - Sync 3 DAGs
[2024-05-08T14:54:01.564+0000] {logging_mixin.py:188} INFO - [2024-05-08T14:54:01.563+0000] {dag.py:3954} INFO - Setting next_dagrun for example_subdag_operator to 2022-01-01 00:00:00+00:00, run_after=2022-01-01 00:00:00+00:00
[2024-05-08T14:54:01.590+0000] {logging_mixin.py:188} INFO - [2024-05-08T14:54:01.590+0000] {dag.py:3954} INFO - Setting next_dagrun for example_subdag_operator.section-1 to None, run_after=None
[2024-05-08T14:54:01.598+0000] {logging_mixin.py:188} INFO - [2024-05-08T14:54:01.598+0000] {dag.py:3954} INFO - Setting next_dagrun for example_subdag_operator.section-2 to None, run_after=None
[2024-05-08T14:54:01.629+0000] {logging_mixin.py:188} INFO - [2024-05-08T14:54:01.628+0000] {dag.py:3096} INFO - Sync 2 DAGs
[2024-05-08T14:54:01.657+0000] {logging_mixin.py:188} INFO - [2024-05-08T14:54:01.656+0000] {dag.py:3954} INFO - Setting next_dagrun for example_subdag_operator.section-1 to None, run_after=None
[2024-05-08T14:54:01.658+0000] {logging_mixin.py:188} INFO - [2024-05-08T14:54:01.658+0000] {dag.py:3954} INFO - Setting next_dagrun for example_subdag_operator.section-2 to None, run_after=None
[2024-05-08T14:54:01.965+0000] {processor.py:183} INFO - Processing /home/airflow/.local/lib/python3.12/site-packages/airflow/example_dags/example_subdag_operator.py took 1.030 seconds
[2024-05-08T14:54:32.745+0000] {processor.py:161} INFO - Started process (PID=1589) to work on /home/airflow/.local/lib/python3.12/site-packages/airflow/example_dags/example_subdag_operator.py
[2024-05-08T14:54:32.748+0000] {processor.py:830} INFO - Processing file /home/airflow/.local/lib/python3.12/site-packages/airflow/example_dags/example_subdag_operator.py for tasks to queue
[2024-05-08T14:54:32.773+0000] {logging_mixin.py:188} INFO - [2024-05-08T14:54:32.772+0000] {dagbag.py:545} INFO - Filling up the DagBag from /home/airflow/.local/lib/python3.12/site-packages/airflow/example_dags/example_subdag_operator.py
[2024-05-08T14:54:32.825+0000] {processor.py:840} INFO - DAG(s) 'example_subdag_operator.section-1', 'example_subdag_operator.section-2', 'example_subdag_operator' retrieved from /home/airflow/.local/lib/python3.12/site-packages/airflow/example_dags/example_subdag_operator.py
[2024-05-08T14:54:32.852+0000] {logging_mixin.py:188} INFO - [2024-05-08T14:54:32.852+0000] {dag.py:3096} INFO - Sync 3 DAGs
[2024-05-08T14:54:32.892+0000] {logging_mixin.py:188} INFO - [2024-05-08T14:54:32.891+0000] {dag.py:3954} INFO - Setting next_dagrun for example_subdag_operator to 2022-01-01 00:00:00+00:00, run_after=2022-01-01 00:00:00+00:00
[2024-05-08T14:54:32.901+0000] {logging_mixin.py:188} INFO - [2024-05-08T14:54:32.901+0000] {dag.py:3954} INFO - Setting next_dagrun for example_subdag_operator.section-1 to None, run_after=None
[2024-05-08T14:54:32.905+0000] {logging_mixin.py:188} INFO - [2024-05-08T14:54:32.904+0000] {dag.py:3954} INFO - Setting next_dagrun for example_subdag_operator.section-2 to None, run_after=None
[2024-05-08T14:54:32.918+0000] {logging_mixin.py:188} INFO - [2024-05-08T14:54:32.918+0000] {dag.py:3096} INFO - Sync 2 DAGs
[2024-05-08T14:54:32.929+0000] {logging_mixin.py:188} INFO - [2024-05-08T14:54:32.929+0000] {dag.py:3954} INFO - Setting next_dagrun for example_subdag_operator.section-1 to None, run_after=None
[2024-05-08T14:54:32.930+0000] {logging_mixin.py:188} INFO - [2024-05-08T14:54:32.930+0000] {dag.py:3954} INFO - Setting next_dagrun for example_subdag_operator.section-2 to None, run_after=None
[2024-05-08T14:54:32.960+0000] {processor.py:183} INFO - Processing /home/airflow/.local/lib/python3.12/site-packages/airflow/example_dags/example_subdag_operator.py took 0.224 seconds
[2024-05-08T14:55:03.397+0000] {processor.py:161} INFO - Started process (PID=1851) to work on /home/airflow/.local/lib/python3.12/site-packages/airflow/example_dags/example_subdag_operator.py
[2024-05-08T14:55:03.400+0000] {processor.py:830} INFO - Processing file /home/airflow/.local/lib/python3.12/site-packages/airflow/example_dags/example_subdag_operator.py for tasks to queue
[2024-05-08T14:55:03.403+0000] {logging_mixin.py:188} INFO - [2024-05-08T14:55:03.403+0000] {dagbag.py:545} INFO - Filling up the DagBag from /home/airflow/.local/lib/python3.12/site-packages/airflow/example_dags/example_subdag_operator.py
[2024-05-08T14:55:03.441+0000] {processor.py:840} INFO - DAG(s) 'example_subdag_operator.section-1', 'example_subdag_operator.section-2', 'example_subdag_operator' retrieved from /home/airflow/.local/lib/python3.12/site-packages/airflow/example_dags/example_subdag_operator.py
[2024-05-08T14:55:03.466+0000] {logging_mixin.py:188} INFO - [2024-05-08T14:55:03.465+0000] {dag.py:3096} INFO - Sync 3 DAGs
[2024-05-08T14:55:03.504+0000] {logging_mixin.py:188} INFO - [2024-05-08T14:55:03.503+0000] {dag.py:3954} INFO - Setting next_dagrun for example_subdag_operator to 2022-01-01 00:00:00+00:00, run_after=2022-01-01 00:00:00+00:00
[2024-05-08T14:55:03.511+0000] {logging_mixin.py:188} INFO - [2024-05-08T14:55:03.510+0000] {dag.py:3954} INFO - Setting next_dagrun for example_subdag_operator.section-1 to None, run_after=None
[2024-05-08T14:55:03.513+0000] {logging_mixin.py:188} INFO - [2024-05-08T14:55:03.513+0000] {dag.py:3954} INFO - Setting next_dagrun for example_subdag_operator.section-2 to None, run_after=None
[2024-05-08T14:55:03.527+0000] {logging_mixin.py:188} INFO - [2024-05-08T14:55:03.527+0000] {dag.py:3096} INFO - Sync 2 DAGs
[2024-05-08T14:55:03.538+0000] {logging_mixin.py:188} INFO - [2024-05-08T14:55:03.537+0000] {dag.py:3954} INFO - Setting next_dagrun for example_subdag_operator.section-1 to None, run_after=None
[2024-05-08T14:55:03.539+0000] {logging_mixin.py:188} INFO - [2024-05-08T14:55:03.538+0000] {dag.py:3954} INFO - Setting next_dagrun for example_subdag_operator.section-2 to None, run_after=None
[2024-05-08T14:55:03.566+0000] {processor.py:183} INFO - Processing /home/airflow/.local/lib/python3.12/site-packages/airflow/example_dags/example_subdag_operator.py took 0.178 seconds
[2024-05-08T14:55:34.359+0000] {processor.py:161} INFO - Started process (PID=2113) to work on /home/airflow/.local/lib/python3.12/site-packages/airflow/example_dags/example_subdag_operator.py
[2024-05-08T14:55:34.364+0000] {processor.py:830} INFO - Processing file /home/airflow/.local/lib/python3.12/site-packages/airflow/example_dags/example_subdag_operator.py for tasks to queue
[2024-05-08T14:55:34.372+0000] {logging_mixin.py:188} INFO - [2024-05-08T14:55:34.371+0000] {dagbag.py:545} INFO - Filling up the DagBag from /home/airflow/.local/lib/python3.12/site-packages/airflow/example_dags/example_subdag_operator.py
[2024-05-08T14:55:34.452+0000] {processor.py:840} INFO - DAG(s) 'example_subdag_operator.section-1', 'example_subdag_operator.section-2', 'example_subdag_operator' retrieved from /home/airflow/.local/lib/python3.12/site-packages/airflow/example_dags/example_subdag_operator.py
[2024-05-08T14:55:34.492+0000] {logging_mixin.py:188} INFO - [2024-05-08T14:55:34.492+0000] {dag.py:3096} INFO - Sync 3 DAGs
[2024-05-08T14:55:34.635+0000] {logging_mixin.py:188} INFO - [2024-05-08T14:55:34.635+0000] {dag.py:3954} INFO - Setting next_dagrun for example_subdag_operator to 2022-01-01 00:00:00+00:00, run_after=2022-01-01 00:00:00+00:00
[2024-05-08T14:55:34.663+0000] {logging_mixin.py:188} INFO - [2024-05-08T14:55:34.662+0000] {dag.py:3954} INFO - Setting next_dagrun for example_subdag_operator.section-1 to None, run_after=None
[2024-05-08T14:55:34.673+0000] {logging_mixin.py:188} INFO - [2024-05-08T14:55:34.672+0000] {dag.py:3954} INFO - Setting next_dagrun for example_subdag_operator.section-2 to None, run_after=None
[2024-05-08T14:55:34.710+0000] {logging_mixin.py:188} INFO - [2024-05-08T14:55:34.710+0000] {dag.py:3096} INFO - Sync 2 DAGs
[2024-05-08T14:55:34.764+0000] {logging_mixin.py:188} INFO - [2024-05-08T14:55:34.763+0000] {dag.py:3954} INFO - Setting next_dagrun for example_subdag_operator.section-1 to None, run_after=None
[2024-05-08T14:55:34.765+0000] {logging_mixin.py:188} INFO - [2024-05-08T14:55:34.765+0000] {dag.py:3954} INFO - Setting next_dagrun for example_subdag_operator.section-2 to None, run_after=None
[2024-05-08T14:55:34.825+0000] {processor.py:183} INFO - Processing /home/airflow/.local/lib/python3.12/site-packages/airflow/example_dags/example_subdag_operator.py took 0.480 seconds
[2024-05-08T14:56:04.893+0000] {processor.py:161} INFO - Started process (PID=2374) to work on /home/airflow/.local/lib/python3.12/site-packages/airflow/example_dags/example_subdag_operator.py
[2024-05-08T14:56:04.895+0000] {processor.py:830} INFO - Processing file /home/airflow/.local/lib/python3.12/site-packages/airflow/example_dags/example_subdag_operator.py for tasks to queue
[2024-05-08T14:56:04.900+0000] {logging_mixin.py:188} INFO - [2024-05-08T14:56:04.899+0000] {dagbag.py:545} INFO - Filling up the DagBag from /home/airflow/.local/lib/python3.12/site-packages/airflow/example_dags/example_subdag_operator.py
[2024-05-08T14:56:04.950+0000] {processor.py:840} INFO - DAG(s) 'example_subdag_operator.section-1', 'example_subdag_operator.section-2', 'example_subdag_operator' retrieved from /home/airflow/.local/lib/python3.12/site-packages/airflow/example_dags/example_subdag_operator.py
[2024-05-08T14:56:04.978+0000] {logging_mixin.py:188} INFO - [2024-05-08T14:56:04.978+0000] {dag.py:3096} INFO - Sync 3 DAGs
[2024-05-08T14:56:05.020+0000] {logging_mixin.py:188} INFO - [2024-05-08T14:56:05.019+0000] {dag.py:3954} INFO - Setting next_dagrun for example_subdag_operator to 2022-01-01 00:00:00+00:00, run_after=2022-01-01 00:00:00+00:00
[2024-05-08T14:56:05.027+0000] {logging_mixin.py:188} INFO - [2024-05-08T14:56:05.027+0000] {dag.py:3954} INFO - Setting next_dagrun for example_subdag_operator.section-1 to None, run_after=None
[2024-05-08T14:56:05.030+0000] {logging_mixin.py:188} INFO - [2024-05-08T14:56:05.030+0000] {dag.py:3954} INFO - Setting next_dagrun for example_subdag_operator.section-2 to None, run_after=None
[2024-05-08T14:56:05.044+0000] {logging_mixin.py:188} INFO - [2024-05-08T14:56:05.044+0000] {dag.py:3096} INFO - Sync 2 DAGs
[2024-05-08T14:56:05.056+0000] {logging_mixin.py:188} INFO - [2024-05-08T14:56:05.055+0000] {dag.py:3954} INFO - Setting next_dagrun for example_subdag_operator.section-1 to None, run_after=None
[2024-05-08T14:56:05.057+0000] {logging_mixin.py:188} INFO - [2024-05-08T14:56:05.057+0000] {dag.py:3954} INFO - Setting next_dagrun for example_subdag_operator.section-2 to None, run_after=None
[2024-05-08T14:56:05.077+0000] {processor.py:183} INFO - Processing /home/airflow/.local/lib/python3.12/site-packages/airflow/example_dags/example_subdag_operator.py took 0.197 seconds
[2024-05-08T14:56:35.542+0000] {processor.py:161} INFO - Started process (PID=2636) to work on /home/airflow/.local/lib/python3.12/site-packages/airflow/example_dags/example_subdag_operator.py
[2024-05-08T14:56:35.547+0000] {processor.py:830} INFO - Processing file /home/airflow/.local/lib/python3.12/site-packages/airflow/example_dags/example_subdag_operator.py for tasks to queue
[2024-05-08T14:56:35.552+0000] {logging_mixin.py:188} INFO - [2024-05-08T14:56:35.551+0000] {dagbag.py:545} INFO - Filling up the DagBag from /home/airflow/.local/lib/python3.12/site-packages/airflow/example_dags/example_subdag_operator.py
[2024-05-08T14:56:35.604+0000] {processor.py:840} INFO - DAG(s) 'example_subdag_operator.section-1', 'example_subdag_operator.section-2', 'example_subdag_operator' retrieved from /home/airflow/.local/lib/python3.12/site-packages/airflow/example_dags/example_subdag_operator.py
[2024-05-08T14:56:35.635+0000] {logging_mixin.py:188} INFO - [2024-05-08T14:56:35.635+0000] {dag.py:3096} INFO - Sync 3 DAGs
[2024-05-08T14:56:35.673+0000] {logging_mixin.py:188} INFO - [2024-05-08T14:56:35.673+0000] {dag.py:3954} INFO - Setting next_dagrun for example_subdag_operator to 2022-01-01 00:00:00+00:00, run_after=2022-01-01 00:00:00+00:00
[2024-05-08T14:56:35.683+0000] {logging_mixin.py:188} INFO - [2024-05-08T14:56:35.683+0000] {dag.py:3954} INFO - Setting next_dagrun for example_subdag_operator.section-1 to None, run_after=None
[2024-05-08T14:56:35.689+0000] {logging_mixin.py:188} INFO - [2024-05-08T14:56:35.688+0000] {dag.py:3954} INFO - Setting next_dagrun for example_subdag_operator.section-2 to None, run_after=None
[2024-05-08T14:56:35.704+0000] {logging_mixin.py:188} INFO - [2024-05-08T14:56:35.703+0000] {dag.py:3096} INFO - Sync 2 DAGs
[2024-05-08T14:56:35.713+0000] {logging_mixin.py:188} INFO - [2024-05-08T14:56:35.713+0000] {dag.py:3954} INFO - Setting next_dagrun for example_subdag_operator.section-1 to None, run_after=None
[2024-05-08T14:56:35.714+0000] {logging_mixin.py:188} INFO - [2024-05-08T14:56:35.714+0000] {dag.py:3954} INFO - Setting next_dagrun for example_subdag_operator.section-2 to None, run_after=None
[2024-05-08T14:56:35.731+0000] {processor.py:183} INFO - Processing /home/airflow/.local/lib/python3.12/site-packages/airflow/example_dags/example_subdag_operator.py took 0.208 seconds
[2024-05-08T14:57:05.895+0000] {processor.py:161} INFO - Started process (PID=2898) to work on /home/airflow/.local/lib/python3.12/site-packages/airflow/example_dags/example_subdag_operator.py
[2024-05-08T14:57:05.896+0000] {processor.py:830} INFO - Processing file /home/airflow/.local/lib/python3.12/site-packages/airflow/example_dags/example_subdag_operator.py for tasks to queue
[2024-05-08T14:57:05.899+0000] {logging_mixin.py:188} INFO - [2024-05-08T14:57:05.899+0000] {dagbag.py:545} INFO - Filling up the DagBag from /home/airflow/.local/lib/python3.12/site-packages/airflow/example_dags/example_subdag_operator.py
[2024-05-08T14:57:05.938+0000] {processor.py:840} INFO - DAG(s) 'example_subdag_operator.section-1', 'example_subdag_operator.section-2', 'example_subdag_operator' retrieved from /home/airflow/.local/lib/python3.12/site-packages/airflow/example_dags/example_subdag_operator.py
[2024-05-08T14:57:05.963+0000] {logging_mixin.py:188} INFO - [2024-05-08T14:57:05.962+0000] {dag.py:3096} INFO - Sync 3 DAGs
[2024-05-08T14:57:06.001+0000] {logging_mixin.py:188} INFO - [2024-05-08T14:57:06.000+0000] {dag.py:3954} INFO - Setting next_dagrun for example_subdag_operator to 2022-01-01 00:00:00+00:00, run_after=2022-01-01 00:00:00+00:00
[2024-05-08T14:57:06.010+0000] {logging_mixin.py:188} INFO - [2024-05-08T14:57:06.010+0000] {dag.py:3954} INFO - Setting next_dagrun for example_subdag_operator.section-1 to None, run_after=None
[2024-05-08T14:57:06.013+0000] {logging_mixin.py:188} INFO - [2024-05-08T14:57:06.013+0000] {dag.py:3954} INFO - Setting next_dagrun for example_subdag_operator.section-2 to None, run_after=None
[2024-05-08T14:57:06.027+0000] {logging_mixin.py:188} INFO - [2024-05-08T14:57:06.026+0000] {dag.py:3096} INFO - Sync 2 DAGs
[2024-05-08T14:57:06.036+0000] {logging_mixin.py:188} INFO - [2024-05-08T14:57:06.036+0000] {dag.py:3954} INFO - Setting next_dagrun for example_subdag_operator.section-1 to None, run_after=None
[2024-05-08T14:57:06.037+0000] {logging_mixin.py:188} INFO - [2024-05-08T14:57:06.037+0000] {dag.py:3954} INFO - Setting next_dagrun for example_subdag_operator.section-2 to None, run_after=None
[2024-05-08T14:57:06.059+0000] {processor.py:183} INFO - Processing /home/airflow/.local/lib/python3.12/site-packages/airflow/example_dags/example_subdag_operator.py took 0.173 seconds
[2024-05-08T14:57:36.497+0000] {processor.py:161} INFO - Started process (PID=3161) to work on /home/airflow/.local/lib/python3.12/site-packages/airflow/example_dags/example_subdag_operator.py
[2024-05-08T14:57:36.500+0000] {processor.py:830} INFO - Processing file /home/airflow/.local/lib/python3.12/site-packages/airflow/example_dags/example_subdag_operator.py for tasks to queue
[2024-05-08T14:57:36.503+0000] {logging_mixin.py:188} INFO - [2024-05-08T14:57:36.503+0000] {dagbag.py:545} INFO - Filling up the DagBag from /home/airflow/.local/lib/python3.12/site-packages/airflow/example_dags/example_subdag_operator.py
[2024-05-08T14:57:36.550+0000] {processor.py:840} INFO - DAG(s) 'example_subdag_operator.section-1', 'example_subdag_operator.section-2', 'example_subdag_operator' retrieved from /home/airflow/.local/lib/python3.12/site-packages/airflow/example_dags/example_subdag_operator.py
[2024-05-08T14:57:36.583+0000] {logging_mixin.py:188} INFO - [2024-05-08T14:57:36.582+0000] {dag.py:3096} INFO - Sync 3 DAGs
[2024-05-08T14:57:36.626+0000] {logging_mixin.py:188} INFO - [2024-05-08T14:57:36.626+0000] {dag.py:3954} INFO - Setting next_dagrun for example_subdag_operator to 2022-01-01 00:00:00+00:00, run_after=2022-01-01 00:00:00+00:00
[2024-05-08T14:57:36.635+0000] {logging_mixin.py:188} INFO - [2024-05-08T14:57:36.634+0000] {dag.py:3954} INFO - Setting next_dagrun for example_subdag_operator.section-1 to None, run_after=None
[2024-05-08T14:57:36.640+0000] {logging_mixin.py:188} INFO - [2024-05-08T14:57:36.639+0000] {dag.py:3954} INFO - Setting next_dagrun for example_subdag_operator.section-2 to None, run_after=None
[2024-05-08T14:57:36.655+0000] {logging_mixin.py:188} INFO - [2024-05-08T14:57:36.655+0000] {dag.py:3096} INFO - Sync 2 DAGs
[2024-05-08T14:57:36.666+0000] {logging_mixin.py:188} INFO - [2024-05-08T14:57:36.666+0000] {dag.py:3954} INFO - Setting next_dagrun for example_subdag_operator.section-1 to None, run_after=None
[2024-05-08T14:57:36.668+0000] {logging_mixin.py:188} INFO - [2024-05-08T14:57:36.668+0000] {dag.py:3954} INFO - Setting next_dagrun for example_subdag_operator.section-2 to None, run_after=None
[2024-05-08T14:57:36.696+0000] {processor.py:183} INFO - Processing /home/airflow/.local/lib/python3.12/site-packages/airflow/example_dags/example_subdag_operator.py took 0.210 seconds
[2024-05-08T14:58:06.872+0000] {processor.py:161} INFO - Started process (PID=3427) to work on /home/airflow/.local/lib/python3.12/site-packages/airflow/example_dags/example_subdag_operator.py
[2024-05-08T14:58:06.874+0000] {processor.py:830} INFO - Processing file /home/airflow/.local/lib/python3.12/site-packages/airflow/example_dags/example_subdag_operator.py for tasks to queue
[2024-05-08T14:58:06.891+0000] {logging_mixin.py:188} INFO - [2024-05-08T14:58:06.890+0000] {dagbag.py:545} INFO - Filling up the DagBag from /home/airflow/.local/lib/python3.12/site-packages/airflow/example_dags/example_subdag_operator.py
[2024-05-08T14:58:06.953+0000] {processor.py:840} INFO - DAG(s) 'example_subdag_operator.section-1', 'example_subdag_operator.section-2', 'example_subdag_operator' retrieved from /home/airflow/.local/lib/python3.12/site-packages/airflow/example_dags/example_subdag_operator.py
[2024-05-08T14:58:06.977+0000] {logging_mixin.py:188} INFO - [2024-05-08T14:58:06.976+0000] {dag.py:3096} INFO - Sync 3 DAGs
[2024-05-08T14:58:07.008+0000] {logging_mixin.py:188} INFO - [2024-05-08T14:58:07.007+0000] {dag.py:3954} INFO - Setting next_dagrun for example_subdag_operator to 2022-01-01 00:00:00+00:00, run_after=2022-01-01 00:00:00+00:00
[2024-05-08T14:58:07.014+0000] {logging_mixin.py:188} INFO - [2024-05-08T14:58:07.013+0000] {dag.py:3954} INFO - Setting next_dagrun for example_subdag_operator.section-1 to None, run_after=None
[2024-05-08T14:58:07.018+0000] {logging_mixin.py:188} INFO - [2024-05-08T14:58:07.017+0000] {dag.py:3954} INFO - Setting next_dagrun for example_subdag_operator.section-2 to None, run_after=None
[2024-05-08T14:58:07.028+0000] {logging_mixin.py:188} INFO - [2024-05-08T14:58:07.028+0000] {dag.py:3096} INFO - Sync 2 DAGs
[2024-05-08T14:58:07.036+0000] {logging_mixin.py:188} INFO - [2024-05-08T14:58:07.036+0000] {dag.py:3954} INFO - Setting next_dagrun for example_subdag_operator.section-1 to None, run_after=None
[2024-05-08T14:58:07.037+0000] {logging_mixin.py:188} INFO - [2024-05-08T14:58:07.037+0000] {dag.py:3954} INFO - Setting next_dagrun for example_subdag_operator.section-2 to None, run_after=None
[2024-05-08T14:58:07.055+0000] {processor.py:183} INFO - Processing /home/airflow/.local/lib/python3.12/site-packages/airflow/example_dags/example_subdag_operator.py took 0.192 seconds
[2024-05-08T14:58:37.175+0000] {processor.py:161} INFO - Started process (PID=3688) to work on /home/airflow/.local/lib/python3.12/site-packages/airflow/example_dags/example_subdag_operator.py
[2024-05-08T14:58:37.178+0000] {processor.py:830} INFO - Processing file /home/airflow/.local/lib/python3.12/site-packages/airflow/example_dags/example_subdag_operator.py for tasks to queue
[2024-05-08T14:58:37.182+0000] {logging_mixin.py:188} INFO - [2024-05-08T14:58:37.182+0000] {dagbag.py:545} INFO - Filling up the DagBag from /home/airflow/.local/lib/python3.12/site-packages/airflow/example_dags/example_subdag_operator.py
[2024-05-08T14:58:37.220+0000] {processor.py:840} INFO - DAG(s) 'example_subdag_operator.section-1', 'example_subdag_operator.section-2', 'example_subdag_operator' retrieved from /home/airflow/.local/lib/python3.12/site-packages/airflow/example_dags/example_subdag_operator.py
[2024-05-08T14:58:37.243+0000] {logging_mixin.py:188} INFO - [2024-05-08T14:58:37.243+0000] {dag.py:3096} INFO - Sync 3 DAGs
[2024-05-08T14:58:37.274+0000] {logging_mixin.py:188} INFO - [2024-05-08T14:58:37.274+0000] {dag.py:3954} INFO - Setting next_dagrun for example_subdag_operator to 2022-01-01 00:00:00+00:00, run_after=2022-01-01 00:00:00+00:00
[2024-05-08T14:58:37.280+0000] {logging_mixin.py:188} INFO - [2024-05-08T14:58:37.280+0000] {dag.py:3954} INFO - Setting next_dagrun for example_subdag_operator.section-1 to None, run_after=None
[2024-05-08T14:58:37.282+0000] {logging_mixin.py:188} INFO - [2024-05-08T14:58:37.282+0000] {dag.py:3954} INFO - Setting next_dagrun for example_subdag_operator.section-2 to None, run_after=None
[2024-05-08T14:58:37.293+0000] {logging_mixin.py:188} INFO - [2024-05-08T14:58:37.293+0000] {dag.py:3096} INFO - Sync 2 DAGs
[2024-05-08T14:58:37.301+0000] {logging_mixin.py:188} INFO - [2024-05-08T14:58:37.301+0000] {dag.py:3954} INFO - Setting next_dagrun for example_subdag_operator.section-1 to None, run_after=None
[2024-05-08T14:58:37.302+0000] {logging_mixin.py:188} INFO - [2024-05-08T14:58:37.302+0000] {dag.py:3954} INFO - Setting next_dagrun for example_subdag_operator.section-2 to None, run_after=None
[2024-05-08T14:58:37.319+0000] {processor.py:183} INFO - Processing /home/airflow/.local/lib/python3.12/site-packages/airflow/example_dags/example_subdag_operator.py took 0.155 seconds
[2024-05-08T14:59:07.426+0000] {processor.py:161} INFO - Started process (PID=3947) to work on /home/airflow/.local/lib/python3.12/site-packages/airflow/example_dags/example_subdag_operator.py
[2024-05-08T14:59:07.427+0000] {processor.py:830} INFO - Processing file /home/airflow/.local/lib/python3.12/site-packages/airflow/example_dags/example_subdag_operator.py for tasks to queue
[2024-05-08T14:59:07.430+0000] {logging_mixin.py:188} INFO - [2024-05-08T14:59:07.430+0000] {dagbag.py:545} INFO - Filling up the DagBag from /home/airflow/.local/lib/python3.12/site-packages/airflow/example_dags/example_subdag_operator.py
[2024-05-08T14:59:07.467+0000] {processor.py:840} INFO - DAG(s) 'example_subdag_operator.section-1', 'example_subdag_operator.section-2', 'example_subdag_operator' retrieved from /home/airflow/.local/lib/python3.12/site-packages/airflow/example_dags/example_subdag_operator.py
[2024-05-08T14:59:07.493+0000] {logging_mixin.py:188} INFO - [2024-05-08T14:59:07.493+0000] {dag.py:3096} INFO - Sync 3 DAGs
[2024-05-08T14:59:07.528+0000] {logging_mixin.py:188} INFO - [2024-05-08T14:59:07.528+0000] {dag.py:3954} INFO - Setting next_dagrun for example_subdag_operator to 2022-01-01 00:00:00+00:00, run_after=2022-01-01 00:00:00+00:00
[2024-05-08T14:59:07.536+0000] {logging_mixin.py:188} INFO - [2024-05-08T14:59:07.535+0000] {dag.py:3954} INFO - Setting next_dagrun for example_subdag_operator.section-1 to None, run_after=None
[2024-05-08T14:59:07.540+0000] {logging_mixin.py:188} INFO - [2024-05-08T14:59:07.539+0000] {dag.py:3954} INFO - Setting next_dagrun for example_subdag_operator.section-2 to None, run_after=None
[2024-05-08T14:59:07.557+0000] {logging_mixin.py:188} INFO - [2024-05-08T14:59:07.557+0000] {dag.py:3096} INFO - Sync 2 DAGs
[2024-05-08T14:59:07.572+0000] {logging_mixin.py:188} INFO - [2024-05-08T14:59:07.571+0000] {dag.py:3954} INFO - Setting next_dagrun for example_subdag_operator.section-1 to None, run_after=None
[2024-05-08T14:59:07.573+0000] {logging_mixin.py:188} INFO - [2024-05-08T14:59:07.573+0000] {dag.py:3954} INFO - Setting next_dagrun for example_subdag_operator.section-2 to None, run_after=None
[2024-05-08T14:59:07.594+0000] {processor.py:183} INFO - Processing /home/airflow/.local/lib/python3.12/site-packages/airflow/example_dags/example_subdag_operator.py took 0.180 seconds
[2024-05-08T14:59:37.685+0000] {processor.py:161} INFO - Started process (PID=4209) to work on /home/airflow/.local/lib/python3.12/site-packages/airflow/example_dags/example_subdag_operator.py
[2024-05-08T14:59:37.687+0000] {processor.py:830} INFO - Processing file /home/airflow/.local/lib/python3.12/site-packages/airflow/example_dags/example_subdag_operator.py for tasks to queue
[2024-05-08T14:59:37.690+0000] {logging_mixin.py:188} INFO - [2024-05-08T14:59:37.689+0000] {dagbag.py:545} INFO - Filling up the DagBag from /home/airflow/.local/lib/python3.12/site-packages/airflow/example_dags/example_subdag_operator.py
[2024-05-08T14:59:37.731+0000] {processor.py:840} INFO - DAG(s) 'example_subdag_operator.section-1', 'example_subdag_operator.section-2', 'example_subdag_operator' retrieved from /home/airflow/.local/lib/python3.12/site-packages/airflow/example_dags/example_subdag_operator.py
[2024-05-08T14:59:37.765+0000] {logging_mixin.py:188} INFO - [2024-05-08T14:59:37.765+0000] {dag.py:3096} INFO - Sync 3 DAGs
[2024-05-08T14:59:37.809+0000] {logging_mixin.py:188} INFO - [2024-05-08T14:59:37.808+0000] {dag.py:3954} INFO - Setting next_dagrun for example_subdag_operator to 2022-01-01 00:00:00+00:00, run_after=2022-01-01 00:00:00+00:00
[2024-05-08T14:59:37.815+0000] {logging_mixin.py:188} INFO - [2024-05-08T14:59:37.815+0000] {dag.py:3954} INFO - Setting next_dagrun for example_subdag_operator.section-1 to None, run_after=None
[2024-05-08T14:59:37.818+0000] {logging_mixin.py:188} INFO - [2024-05-08T14:59:37.818+0000] {dag.py:3954} INFO - Setting next_dagrun for example_subdag_operator.section-2 to None, run_after=None
[2024-05-08T14:59:37.832+0000] {logging_mixin.py:188} INFO - [2024-05-08T14:59:37.831+0000] {dag.py:3096} INFO - Sync 2 DAGs
[2024-05-08T14:59:37.841+0000] {logging_mixin.py:188} INFO - [2024-05-08T14:59:37.841+0000] {dag.py:3954} INFO - Setting next_dagrun for example_subdag_operator.section-1 to None, run_after=None
[2024-05-08T14:59:37.842+0000] {logging_mixin.py:188} INFO - [2024-05-08T14:59:37.842+0000] {dag.py:3954} INFO - Setting next_dagrun for example_subdag_operator.section-2 to None, run_after=None
[2024-05-08T14:59:37.870+0000] {processor.py:183} INFO - Processing /home/airflow/.local/lib/python3.12/site-packages/airflow/example_dags/example_subdag_operator.py took 0.196 seconds
[2024-05-08T15:00:07.979+0000] {processor.py:161} INFO - Started process (PID=4473) to work on /home/airflow/.local/lib/python3.12/site-packages/airflow/example_dags/example_subdag_operator.py
[2024-05-08T15:00:07.981+0000] {processor.py:830} INFO - Processing file /home/airflow/.local/lib/python3.12/site-packages/airflow/example_dags/example_subdag_operator.py for tasks to queue
[2024-05-08T15:00:07.985+0000] {logging_mixin.py:188} INFO - [2024-05-08T15:00:07.984+0000] {dagbag.py:545} INFO - Filling up the DagBag from /home/airflow/.local/lib/python3.12/site-packages/airflow/example_dags/example_subdag_operator.py
[2024-05-08T15:00:08.050+0000] {processor.py:840} INFO - DAG(s) 'example_subdag_operator.section-1', 'example_subdag_operator.section-2', 'example_subdag_operator' retrieved from /home/airflow/.local/lib/python3.12/site-packages/airflow/example_dags/example_subdag_operator.py
[2024-05-08T15:00:08.084+0000] {logging_mixin.py:188} INFO - [2024-05-08T15:00:08.084+0000] {dag.py:3096} INFO - Sync 3 DAGs
[2024-05-08T15:00:08.137+0000] {logging_mixin.py:188} INFO - [2024-05-08T15:00:08.137+0000] {dag.py:3954} INFO - Setting next_dagrun for example_subdag_operator to 2022-01-01 00:00:00+00:00, run_after=2022-01-01 00:00:00+00:00
[2024-05-08T15:00:08.150+0000] {logging_mixin.py:188} INFO - [2024-05-08T15:00:08.149+0000] {dag.py:3954} INFO - Setting next_dagrun for example_subdag_operator.section-1 to None, run_after=None
[2024-05-08T15:00:08.154+0000] {logging_mixin.py:188} INFO - [2024-05-08T15:00:08.153+0000] {dag.py:3954} INFO - Setting next_dagrun for example_subdag_operator.section-2 to None, run_after=None
[2024-05-08T15:00:08.167+0000] {logging_mixin.py:188} INFO - [2024-05-08T15:00:08.167+0000] {dag.py:3096} INFO - Sync 2 DAGs
[2024-05-08T15:00:08.179+0000] {logging_mixin.py:188} INFO - [2024-05-08T15:00:08.178+0000] {dag.py:3954} INFO - Setting next_dagrun for example_subdag_operator.section-1 to None, run_after=None
[2024-05-08T15:00:08.180+0000] {logging_mixin.py:188} INFO - [2024-05-08T15:00:08.179+0000] {dag.py:3954} INFO - Setting next_dagrun for example_subdag_operator.section-2 to None, run_after=None
[2024-05-08T15:00:08.200+0000] {processor.py:183} INFO - Processing /home/airflow/.local/lib/python3.12/site-packages/airflow/example_dags/example_subdag_operator.py took 0.245 seconds
[2024-05-08T15:00:38.401+0000] {processor.py:161} INFO - Started process (PID=4737) to work on /home/airflow/.local/lib/python3.12/site-packages/airflow/example_dags/example_subdag_operator.py
[2024-05-08T15:00:38.402+0000] {processor.py:830} INFO - Processing file /home/airflow/.local/lib/python3.12/site-packages/airflow/example_dags/example_subdag_operator.py for tasks to queue
[2024-05-08T15:00:38.405+0000] {logging_mixin.py:188} INFO - [2024-05-08T15:00:38.405+0000] {dagbag.py:545} INFO - Filling up the DagBag from /home/airflow/.local/lib/python3.12/site-packages/airflow/example_dags/example_subdag_operator.py
[2024-05-08T15:00:38.445+0000] {processor.py:840} INFO - DAG(s) 'example_subdag_operator.section-1', 'example_subdag_operator.section-2', 'example_subdag_operator' retrieved from /home/airflow/.local/lib/python3.12/site-packages/airflow/example_dags/example_subdag_operator.py
[2024-05-08T15:00:38.470+0000] {logging_mixin.py:188} INFO - [2024-05-08T15:00:38.470+0000] {dag.py:3096} INFO - Sync 3 DAGs
[2024-05-08T15:00:38.505+0000] {logging_mixin.py:188} INFO - [2024-05-08T15:00:38.504+0000] {dag.py:3954} INFO - Setting next_dagrun for example_subdag_operator to 2022-01-01 00:00:00+00:00, run_after=2022-01-01 00:00:00+00:00
[2024-05-08T15:00:38.511+0000] {logging_mixin.py:188} INFO - [2024-05-08T15:00:38.511+0000] {dag.py:3954} INFO - Setting next_dagrun for example_subdag_operator.section-1 to None, run_after=None
[2024-05-08T15:00:38.515+0000] {logging_mixin.py:188} INFO - [2024-05-08T15:00:38.514+0000] {dag.py:3954} INFO - Setting next_dagrun for example_subdag_operator.section-2 to None, run_after=None
[2024-05-08T15:00:38.526+0000] {logging_mixin.py:188} INFO - [2024-05-08T15:00:38.525+0000] {dag.py:3096} INFO - Sync 2 DAGs
[2024-05-08T15:00:38.534+0000] {logging_mixin.py:188} INFO - [2024-05-08T15:00:38.534+0000] {dag.py:3954} INFO - Setting next_dagrun for example_subdag_operator.section-1 to None, run_after=None
[2024-05-08T15:00:38.535+0000] {logging_mixin.py:188} INFO - [2024-05-08T15:00:38.535+0000] {dag.py:3954} INFO - Setting next_dagrun for example_subdag_operator.section-2 to None, run_after=None
[2024-05-08T15:00:38.554+0000] {processor.py:183} INFO - Processing /home/airflow/.local/lib/python3.12/site-packages/airflow/example_dags/example_subdag_operator.py took 0.163 seconds
[2024-05-08T15:01:09.071+0000] {processor.py:161} INFO - Started process (PID=4993) to work on /home/airflow/.local/lib/python3.12/site-packages/airflow/example_dags/example_subdag_operator.py
[2024-05-08T15:01:09.072+0000] {processor.py:830} INFO - Processing file /home/airflow/.local/lib/python3.12/site-packages/airflow/example_dags/example_subdag_operator.py for tasks to queue
[2024-05-08T15:01:09.075+0000] {logging_mixin.py:188} INFO - [2024-05-08T15:01:09.075+0000] {dagbag.py:545} INFO - Filling up the DagBag from /home/airflow/.local/lib/python3.12/site-packages/airflow/example_dags/example_subdag_operator.py
[2024-05-08T15:01:09.113+0000] {processor.py:840} INFO - DAG(s) 'example_subdag_operator.section-1', 'example_subdag_operator.section-2', 'example_subdag_operator' retrieved from /home/airflow/.local/lib/python3.12/site-packages/airflow/example_dags/example_subdag_operator.py
[2024-05-08T15:01:09.137+0000] {logging_mixin.py:188} INFO - [2024-05-08T15:01:09.136+0000] {dag.py:3096} INFO - Sync 3 DAGs
[2024-05-08T15:01:09.172+0000] {logging_mixin.py:188} INFO - [2024-05-08T15:01:09.171+0000] {dag.py:3954} INFO - Setting next_dagrun for example_subdag_operator to 2022-01-01 00:00:00+00:00, run_after=2022-01-01 00:00:00+00:00
[2024-05-08T15:01:09.178+0000] {logging_mixin.py:188} INFO - [2024-05-08T15:01:09.178+0000] {dag.py:3954} INFO - Setting next_dagrun for example_subdag_operator.section-1 to None, run_after=None
[2024-05-08T15:01:09.181+0000] {logging_mixin.py:188} INFO - [2024-05-08T15:01:09.181+0000] {dag.py:3954} INFO - Setting next_dagrun for example_subdag_operator.section-2 to None, run_after=None
[2024-05-08T15:01:09.193+0000] {logging_mixin.py:188} INFO - [2024-05-08T15:01:09.193+0000] {dag.py:3096} INFO - Sync 2 DAGs
[2024-05-08T15:01:09.203+0000] {logging_mixin.py:188} INFO - [2024-05-08T15:01:09.203+0000] {dag.py:3954} INFO - Setting next_dagrun for example_subdag_operator.section-1 to None, run_after=None
[2024-05-08T15:01:09.205+0000] {logging_mixin.py:188} INFO - [2024-05-08T15:01:09.204+0000] {dag.py:3954} INFO - Setting next_dagrun for example_subdag_operator.section-2 to None, run_after=None
[2024-05-08T15:01:09.225+0000] {processor.py:183} INFO - Processing /home/airflow/.local/lib/python3.12/site-packages/airflow/example_dags/example_subdag_operator.py took 0.164 seconds
[2024-05-08T15:01:40.188+0000] {processor.py:161} INFO - Started process (PID=5252) to work on /home/airflow/.local/lib/python3.12/site-packages/airflow/example_dags/example_subdag_operator.py
[2024-05-08T15:01:40.190+0000] {processor.py:830} INFO - Processing file /home/airflow/.local/lib/python3.12/site-packages/airflow/example_dags/example_subdag_operator.py for tasks to queue
[2024-05-08T15:01:40.195+0000] {logging_mixin.py:188} INFO - [2024-05-08T15:01:40.194+0000] {dagbag.py:545} INFO - Filling up the DagBag from /home/airflow/.local/lib/python3.12/site-packages/airflow/example_dags/example_subdag_operator.py
[2024-05-08T15:01:40.249+0000] {processor.py:840} INFO - DAG(s) 'example_subdag_operator.section-1', 'example_subdag_operator.section-2', 'example_subdag_operator' retrieved from /home/airflow/.local/lib/python3.12/site-packages/airflow/example_dags/example_subdag_operator.py
[2024-05-08T15:01:40.304+0000] {logging_mixin.py:188} INFO - [2024-05-08T15:01:40.303+0000] {dag.py:3096} INFO - Sync 3 DAGs
[2024-05-08T15:01:40.422+0000] {logging_mixin.py:188} INFO - [2024-05-08T15:01:40.422+0000] {dag.py:3954} INFO - Setting next_dagrun for example_subdag_operator to 2022-01-01 00:00:00+00:00, run_after=2022-01-01 00:00:00+00:00
[2024-05-08T15:01:40.470+0000] {logging_mixin.py:188} INFO - [2024-05-08T15:01:40.470+0000] {dag.py:3954} INFO - Setting next_dagrun for example_subdag_operator.section-1 to None, run_after=None
[2024-05-08T15:01:41.021+0000] {logging_mixin.py:188} INFO - [2024-05-08T15:01:41.019+0000] {dag.py:3954} INFO - Setting next_dagrun for example_subdag_operator.section-2 to None, run_after=None
[2024-05-08T15:01:41.167+0000] {logging_mixin.py:188} INFO - [2024-05-08T15:01:41.166+0000] {dag.py:3096} INFO - Sync 2 DAGs
[2024-05-08T15:01:41.604+0000] {logging_mixin.py:188} INFO - [2024-05-08T15:01:41.604+0000] {dag.py:3954} INFO - Setting next_dagrun for example_subdag_operator.section-1 to None, run_after=None
[2024-05-08T15:01:41.609+0000] {logging_mixin.py:188} INFO - [2024-05-08T15:01:41.608+0000] {dag.py:3954} INFO - Setting next_dagrun for example_subdag_operator.section-2 to None, run_after=None
[2024-05-08T15:01:42.004+0000] {processor.py:183} INFO - Processing /home/airflow/.local/lib/python3.12/site-packages/airflow/example_dags/example_subdag_operator.py took 1.829 seconds
[2024-05-08T15:02:12.714+0000] {processor.py:161} INFO - Started process (PID=5516) to work on /home/airflow/.local/lib/python3.12/site-packages/airflow/example_dags/example_subdag_operator.py
[2024-05-08T15:02:12.719+0000] {processor.py:830} INFO - Processing file /home/airflow/.local/lib/python3.12/site-packages/airflow/example_dags/example_subdag_operator.py for tasks to queue
[2024-05-08T15:02:12.727+0000] {logging_mixin.py:188} INFO - [2024-05-08T15:02:12.726+0000] {dagbag.py:545} INFO - Filling up the DagBag from /home/airflow/.local/lib/python3.12/site-packages/airflow/example_dags/example_subdag_operator.py
[2024-05-08T15:02:12.792+0000] {processor.py:840} INFO - DAG(s) 'example_subdag_operator.section-1', 'example_subdag_operator.section-2', 'example_subdag_operator' retrieved from /home/airflow/.local/lib/python3.12/site-packages/airflow/example_dags/example_subdag_operator.py
[2024-05-08T15:02:12.822+0000] {logging_mixin.py:188} INFO - [2024-05-08T15:02:12.822+0000] {dag.py:3096} INFO - Sync 3 DAGs
[2024-05-08T15:02:12.854+0000] {logging_mixin.py:188} INFO - [2024-05-08T15:02:12.853+0000] {dag.py:3954} INFO - Setting next_dagrun for example_subdag_operator to 2022-01-01 00:00:00+00:00, run_after=2022-01-01 00:00:00+00:00
[2024-05-08T15:02:12.860+0000] {logging_mixin.py:188} INFO - [2024-05-08T15:02:12.860+0000] {dag.py:3954} INFO - Setting next_dagrun for example_subdag_operator.section-1 to None, run_after=None
[2024-05-08T15:02:12.863+0000] {logging_mixin.py:188} INFO - [2024-05-08T15:02:12.863+0000] {dag.py:3954} INFO - Setting next_dagrun for example_subdag_operator.section-2 to None, run_after=None
[2024-05-08T15:02:12.874+0000] {logging_mixin.py:188} INFO - [2024-05-08T15:02:12.874+0000] {dag.py:3096} INFO - Sync 2 DAGs
[2024-05-08T15:02:12.882+0000] {logging_mixin.py:188} INFO - [2024-05-08T15:02:12.882+0000] {dag.py:3954} INFO - Setting next_dagrun for example_subdag_operator.section-1 to None, run_after=None
[2024-05-08T15:02:12.883+0000] {logging_mixin.py:188} INFO - [2024-05-08T15:02:12.883+0000] {dag.py:3954} INFO - Setting next_dagrun for example_subdag_operator.section-2 to None, run_after=None
[2024-05-08T15:02:12.900+0000] {processor.py:183} INFO - Processing /home/airflow/.local/lib/python3.12/site-packages/airflow/example_dags/example_subdag_operator.py took 0.204 seconds
[2024-05-08T15:02:43.216+0000] {processor.py:161} INFO - Started process (PID=5783) to work on /home/airflow/.local/lib/python3.12/site-packages/airflow/example_dags/example_subdag_operator.py
[2024-05-08T15:02:43.218+0000] {processor.py:830} INFO - Processing file /home/airflow/.local/lib/python3.12/site-packages/airflow/example_dags/example_subdag_operator.py for tasks to queue
[2024-05-08T15:02:43.221+0000] {logging_mixin.py:188} INFO - [2024-05-08T15:02:43.220+0000] {dagbag.py:545} INFO - Filling up the DagBag from /home/airflow/.local/lib/python3.12/site-packages/airflow/example_dags/example_subdag_operator.py
[2024-05-08T15:02:43.255+0000] {processor.py:840} INFO - DAG(s) 'example_subdag_operator.section-1', 'example_subdag_operator.section-2', 'example_subdag_operator' retrieved from /home/airflow/.local/lib/python3.12/site-packages/airflow/example_dags/example_subdag_operator.py
[2024-05-08T15:02:43.278+0000] {logging_mixin.py:188} INFO - [2024-05-08T15:02:43.278+0000] {dag.py:3096} INFO - Sync 3 DAGs
[2024-05-08T15:02:43.309+0000] {logging_mixin.py:188} INFO - [2024-05-08T15:02:43.308+0000] {dag.py:3954} INFO - Setting next_dagrun for example_subdag_operator to 2022-01-01 00:00:00+00:00, run_after=2022-01-01 00:00:00+00:00
[2024-05-08T15:02:43.316+0000] {logging_mixin.py:188} INFO - [2024-05-08T15:02:43.315+0000] {dag.py:3954} INFO - Setting next_dagrun for example_subdag_operator.section-1 to None, run_after=None
[2024-05-08T15:02:43.318+0000] {logging_mixin.py:188} INFO - [2024-05-08T15:02:43.318+0000] {dag.py:3954} INFO - Setting next_dagrun for example_subdag_operator.section-2 to None, run_after=None
[2024-05-08T15:02:43.329+0000] {logging_mixin.py:188} INFO - [2024-05-08T15:02:43.328+0000] {dag.py:3096} INFO - Sync 2 DAGs
[2024-05-08T15:02:43.337+0000] {logging_mixin.py:188} INFO - [2024-05-08T15:02:43.336+0000] {dag.py:3954} INFO - Setting next_dagrun for example_subdag_operator.section-1 to None, run_after=None
[2024-05-08T15:02:43.338+0000] {logging_mixin.py:188} INFO - [2024-05-08T15:02:43.337+0000] {dag.py:3954} INFO - Setting next_dagrun for example_subdag_operator.section-2 to None, run_after=None
[2024-05-08T15:02:43.356+0000] {processor.py:183} INFO - Processing /home/airflow/.local/lib/python3.12/site-packages/airflow/example_dags/example_subdag_operator.py took 0.148 seconds
[2024-05-08T15:03:13.662+0000] {processor.py:161} INFO - Started process (PID=6045) to work on /home/airflow/.local/lib/python3.12/site-packages/airflow/example_dags/example_subdag_operator.py
[2024-05-08T15:03:13.663+0000] {processor.py:830} INFO - Processing file /home/airflow/.local/lib/python3.12/site-packages/airflow/example_dags/example_subdag_operator.py for tasks to queue
[2024-05-08T15:03:13.666+0000] {logging_mixin.py:188} INFO - [2024-05-08T15:03:13.666+0000] {dagbag.py:545} INFO - Filling up the DagBag from /home/airflow/.local/lib/python3.12/site-packages/airflow/example_dags/example_subdag_operator.py
[2024-05-08T15:03:13.700+0000] {processor.py:840} INFO - DAG(s) 'example_subdag_operator.section-1', 'example_subdag_operator.section-2', 'example_subdag_operator' retrieved from /home/airflow/.local/lib/python3.12/site-packages/airflow/example_dags/example_subdag_operator.py
[2024-05-08T15:03:13.724+0000] {logging_mixin.py:188} INFO - [2024-05-08T15:03:13.724+0000] {dag.py:3096} INFO - Sync 3 DAGs
[2024-05-08T15:03:13.754+0000] {logging_mixin.py:188} INFO - [2024-05-08T15:03:13.754+0000] {dag.py:3954} INFO - Setting next_dagrun for example_subdag_operator to 2022-01-01 00:00:00+00:00, run_after=2022-01-01 00:00:00+00:00
[2024-05-08T15:03:13.761+0000] {logging_mixin.py:188} INFO - [2024-05-08T15:03:13.760+0000] {dag.py:3954} INFO - Setting next_dagrun for example_subdag_operator.section-1 to None, run_after=None
[2024-05-08T15:03:13.763+0000] {logging_mixin.py:188} INFO - [2024-05-08T15:03:13.763+0000] {dag.py:3954} INFO - Setting next_dagrun for example_subdag_operator.section-2 to None, run_after=None
[2024-05-08T15:03:13.776+0000] {logging_mixin.py:188} INFO - [2024-05-08T15:03:13.775+0000] {dag.py:3096} INFO - Sync 2 DAGs
[2024-05-08T15:03:13.784+0000] {logging_mixin.py:188} INFO - [2024-05-08T15:03:13.784+0000] {dag.py:3954} INFO - Setting next_dagrun for example_subdag_operator.section-1 to None, run_after=None
[2024-05-08T15:03:13.785+0000] {logging_mixin.py:188} INFO - [2024-05-08T15:03:13.785+0000] {dag.py:3954} INFO - Setting next_dagrun for example_subdag_operator.section-2 to None, run_after=None
[2024-05-08T15:03:13.809+0000] {processor.py:183} INFO - Processing /home/airflow/.local/lib/python3.12/site-packages/airflow/example_dags/example_subdag_operator.py took 0.155 seconds
[2024-05-08T15:03:44.412+0000] {processor.py:161} INFO - Started process (PID=6301) to work on /home/airflow/.local/lib/python3.12/site-packages/airflow/example_dags/example_subdag_operator.py
[2024-05-08T15:03:44.415+0000] {processor.py:830} INFO - Processing file /home/airflow/.local/lib/python3.12/site-packages/airflow/example_dags/example_subdag_operator.py for tasks to queue
[2024-05-08T15:03:44.418+0000] {logging_mixin.py:188} INFO - [2024-05-08T15:03:44.418+0000] {dagbag.py:545} INFO - Filling up the DagBag from /home/airflow/.local/lib/python3.12/site-packages/airflow/example_dags/example_subdag_operator.py
[2024-05-08T15:03:44.453+0000] {processor.py:840} INFO - DAG(s) 'example_subdag_operator.section-1', 'example_subdag_operator.section-2', 'example_subdag_operator' retrieved from /home/airflow/.local/lib/python3.12/site-packages/airflow/example_dags/example_subdag_operator.py
[2024-05-08T15:03:44.478+0000] {logging_mixin.py:188} INFO - [2024-05-08T15:03:44.478+0000] {dag.py:3096} INFO - Sync 3 DAGs
[2024-05-08T15:03:44.513+0000] {logging_mixin.py:188} INFO - [2024-05-08T15:03:44.513+0000] {dag.py:3954} INFO - Setting next_dagrun for example_subdag_operator to 2022-01-01 00:00:00+00:00, run_after=2022-01-01 00:00:00+00:00
[2024-05-08T15:03:44.520+0000] {logging_mixin.py:188} INFO - [2024-05-08T15:03:44.520+0000] {dag.py:3954} INFO - Setting next_dagrun for example_subdag_operator.section-1 to None, run_after=None
[2024-05-08T15:03:44.523+0000] {logging_mixin.py:188} INFO - [2024-05-08T15:03:44.522+0000] {dag.py:3954} INFO - Setting next_dagrun for example_subdag_operator.section-2 to None, run_after=None
[2024-05-08T15:03:44.534+0000] {logging_mixin.py:188} INFO - [2024-05-08T15:03:44.534+0000] {dag.py:3096} INFO - Sync 2 DAGs
[2024-05-08T15:03:44.545+0000] {logging_mixin.py:188} INFO - [2024-05-08T15:03:44.545+0000] {dag.py:3954} INFO - Setting next_dagrun for example_subdag_operator.section-1 to None, run_after=None
[2024-05-08T15:03:44.546+0000] {logging_mixin.py:188} INFO - [2024-05-08T15:03:44.546+0000] {dag.py:3954} INFO - Setting next_dagrun for example_subdag_operator.section-2 to None, run_after=None
[2024-05-08T15:03:44.571+0000] {processor.py:183} INFO - Processing /home/airflow/.local/lib/python3.12/site-packages/airflow/example_dags/example_subdag_operator.py took 0.168 seconds
[2024-05-08T15:04:14.678+0000] {processor.py:161} INFO - Started process (PID=6563) to work on /home/airflow/.local/lib/python3.12/site-packages/airflow/example_dags/example_subdag_operator.py
[2024-05-08T15:04:14.681+0000] {processor.py:830} INFO - Processing file /home/airflow/.local/lib/python3.12/site-packages/airflow/example_dags/example_subdag_operator.py for tasks to queue
[2024-05-08T15:04:14.687+0000] {logging_mixin.py:188} INFO - [2024-05-08T15:04:14.686+0000] {dagbag.py:545} INFO - Filling up the DagBag from /home/airflow/.local/lib/python3.12/site-packages/airflow/example_dags/example_subdag_operator.py
[2024-05-08T15:04:14.744+0000] {processor.py:840} INFO - DAG(s) 'example_subdag_operator.section-1', 'example_subdag_operator.section-2', 'example_subdag_operator' retrieved from /home/airflow/.local/lib/python3.12/site-packages/airflow/example_dags/example_subdag_operator.py
[2024-05-08T15:04:14.787+0000] {logging_mixin.py:188} INFO - [2024-05-08T15:04:14.787+0000] {dag.py:3096} INFO - Sync 3 DAGs
[2024-05-08T15:04:14.868+0000] {logging_mixin.py:188} INFO - [2024-05-08T15:04:14.861+0000] {dag.py:3954} INFO - Setting next_dagrun for example_subdag_operator to 2022-01-01 00:00:00+00:00, run_after=2022-01-01 00:00:00+00:00
[2024-05-08T15:04:14.891+0000] {logging_mixin.py:188} INFO - [2024-05-08T15:04:14.891+0000] {dag.py:3954} INFO - Setting next_dagrun for example_subdag_operator.section-1 to None, run_after=None
[2024-05-08T15:04:14.900+0000] {logging_mixin.py:188} INFO - [2024-05-08T15:04:14.900+0000] {dag.py:3954} INFO - Setting next_dagrun for example_subdag_operator.section-2 to None, run_after=None
[2024-05-08T15:04:14.915+0000] {logging_mixin.py:188} INFO - [2024-05-08T15:04:14.913+0000] {dag.py:3096} INFO - Sync 2 DAGs
[2024-05-08T15:04:14.942+0000] {logging_mixin.py:188} INFO - [2024-05-08T15:04:14.942+0000] {dag.py:3954} INFO - Setting next_dagrun for example_subdag_operator.section-1 to None, run_after=None
[2024-05-08T15:04:14.945+0000] {logging_mixin.py:188} INFO - [2024-05-08T15:04:14.945+0000] {dag.py:3954} INFO - Setting next_dagrun for example_subdag_operator.section-2 to None, run_after=None
[2024-05-08T15:04:15.001+0000] {processor.py:183} INFO - Processing /home/airflow/.local/lib/python3.12/site-packages/airflow/example_dags/example_subdag_operator.py took 0.339 seconds
[2024-05-08T15:04:45.771+0000] {processor.py:161} INFO - Started process (PID=6825) to work on /home/airflow/.local/lib/python3.12/site-packages/airflow/example_dags/example_subdag_operator.py
[2024-05-08T15:04:45.773+0000] {processor.py:830} INFO - Processing file /home/airflow/.local/lib/python3.12/site-packages/airflow/example_dags/example_subdag_operator.py for tasks to queue
[2024-05-08T15:04:45.775+0000] {logging_mixin.py:188} INFO - [2024-05-08T15:04:45.775+0000] {dagbag.py:545} INFO - Filling up the DagBag from /home/airflow/.local/lib/python3.12/site-packages/airflow/example_dags/example_subdag_operator.py
[2024-05-08T15:04:45.817+0000] {processor.py:840} INFO - DAG(s) 'example_subdag_operator.section-1', 'example_subdag_operator.section-2', 'example_subdag_operator' retrieved from /home/airflow/.local/lib/python3.12/site-packages/airflow/example_dags/example_subdag_operator.py
[2024-05-08T15:04:46.150+0000] {logging_mixin.py:188} INFO - [2024-05-08T15:04:46.149+0000] {dag.py:3096} INFO - Sync 3 DAGs
[2024-05-08T15:04:46.640+0000] {logging_mixin.py:188} INFO - [2024-05-08T15:04:46.640+0000] {dag.py:3954} INFO - Setting next_dagrun for example_subdag_operator to 2022-01-01 00:00:00+00:00, run_after=2022-01-01 00:00:00+00:00
[2024-05-08T15:04:46.689+0000] {logging_mixin.py:188} INFO - [2024-05-08T15:04:46.688+0000] {dag.py:3954} INFO - Setting next_dagrun for example_subdag_operator.section-1 to None, run_after=None
[2024-05-08T15:04:46.714+0000] {logging_mixin.py:188} INFO - [2024-05-08T15:04:46.711+0000] {dag.py:3954} INFO - Setting next_dagrun for example_subdag_operator.section-2 to None, run_after=None
[2024-05-08T15:04:47.182+0000] {logging_mixin.py:188} INFO - [2024-05-08T15:04:47.182+0000] {dag.py:3096} INFO - Sync 2 DAGs
[2024-05-08T15:04:47.268+0000] {logging_mixin.py:188} INFO - [2024-05-08T15:04:47.263+0000] {dag.py:3954} INFO - Setting next_dagrun for example_subdag_operator.section-1 to None, run_after=None
[2024-05-08T15:04:47.271+0000] {logging_mixin.py:188} INFO - [2024-05-08T15:04:47.271+0000] {dag.py:3954} INFO - Setting next_dagrun for example_subdag_operator.section-2 to None, run_after=None
[2024-05-08T15:04:47.532+0000] {processor.py:183} INFO - Processing /home/airflow/.local/lib/python3.12/site-packages/airflow/example_dags/example_subdag_operator.py took 1.760 seconds
[2024-05-08T15:05:18.102+0000] {processor.py:161} INFO - Started process (PID=7087) to work on /home/airflow/.local/lib/python3.12/site-packages/airflow/example_dags/example_subdag_operator.py
[2024-05-08T15:05:18.108+0000] {processor.py:830} INFO - Processing file /home/airflow/.local/lib/python3.12/site-packages/airflow/example_dags/example_subdag_operator.py for tasks to queue
[2024-05-08T15:05:18.111+0000] {logging_mixin.py:188} INFO - [2024-05-08T15:05:18.111+0000] {dagbag.py:545} INFO - Filling up the DagBag from /home/airflow/.local/lib/python3.12/site-packages/airflow/example_dags/example_subdag_operator.py
[2024-05-08T15:05:18.195+0000] {processor.py:840} INFO - DAG(s) 'example_subdag_operator.section-1', 'example_subdag_operator.section-2', 'example_subdag_operator' retrieved from /home/airflow/.local/lib/python3.12/site-packages/airflow/example_dags/example_subdag_operator.py
[2024-05-08T15:05:18.244+0000] {logging_mixin.py:188} INFO - [2024-05-08T15:05:18.244+0000] {dag.py:3096} INFO - Sync 3 DAGs
[2024-05-08T15:05:18.314+0000] {logging_mixin.py:188} INFO - [2024-05-08T15:05:18.313+0000] {dag.py:3954} INFO - Setting next_dagrun for example_subdag_operator to 2022-01-01 00:00:00+00:00, run_after=2022-01-01 00:00:00+00:00
[2024-05-08T15:05:18.329+0000] {logging_mixin.py:188} INFO - [2024-05-08T15:05:18.327+0000] {dag.py:3954} INFO - Setting next_dagrun for example_subdag_operator.section-1 to None, run_after=None
[2024-05-08T15:05:18.345+0000] {logging_mixin.py:188} INFO - [2024-05-08T15:05:18.344+0000] {dag.py:3954} INFO - Setting next_dagrun for example_subdag_operator.section-2 to None, run_after=None
[2024-05-08T15:05:18.368+0000] {logging_mixin.py:188} INFO - [2024-05-08T15:05:18.367+0000] {dag.py:3096} INFO - Sync 2 DAGs
[2024-05-08T15:05:18.392+0000] {logging_mixin.py:188} INFO - [2024-05-08T15:05:18.391+0000] {dag.py:3954} INFO - Setting next_dagrun for example_subdag_operator.section-1 to None, run_after=None
[2024-05-08T15:05:18.394+0000] {logging_mixin.py:188} INFO - [2024-05-08T15:05:18.393+0000] {dag.py:3954} INFO - Setting next_dagrun for example_subdag_operator.section-2 to None, run_after=None
[2024-05-08T15:05:18.444+0000] {processor.py:183} INFO - Processing /home/airflow/.local/lib/python3.12/site-packages/airflow/example_dags/example_subdag_operator.py took 0.359 seconds
[2024-05-08T15:05:48.549+0000] {processor.py:161} INFO - Started process (PID=7348) to work on /home/airflow/.local/lib/python3.12/site-packages/airflow/example_dags/example_subdag_operator.py
[2024-05-08T15:05:48.553+0000] {processor.py:830} INFO - Processing file /home/airflow/.local/lib/python3.12/site-packages/airflow/example_dags/example_subdag_operator.py for tasks to queue
[2024-05-08T15:05:48.556+0000] {logging_mixin.py:188} INFO - [2024-05-08T15:05:48.556+0000] {dagbag.py:545} INFO - Filling up the DagBag from /home/airflow/.local/lib/python3.12/site-packages/airflow/example_dags/example_subdag_operator.py
[2024-05-08T15:05:48.593+0000] {processor.py:840} INFO - DAG(s) 'example_subdag_operator.section-1', 'example_subdag_operator.section-2', 'example_subdag_operator' retrieved from /home/airflow/.local/lib/python3.12/site-packages/airflow/example_dags/example_subdag_operator.py
[2024-05-08T15:05:48.616+0000] {logging_mixin.py:188} INFO - [2024-05-08T15:05:48.616+0000] {dag.py:3096} INFO - Sync 3 DAGs
[2024-05-08T15:05:48.653+0000] {logging_mixin.py:188} INFO - [2024-05-08T15:05:48.652+0000] {dag.py:3954} INFO - Setting next_dagrun for example_subdag_operator to 2022-01-01 00:00:00+00:00, run_after=2022-01-01 00:00:00+00:00
[2024-05-08T15:05:48.658+0000] {logging_mixin.py:188} INFO - [2024-05-08T15:05:48.658+0000] {dag.py:3954} INFO - Setting next_dagrun for example_subdag_operator.section-1 to None, run_after=None
[2024-05-08T15:05:48.661+0000] {logging_mixin.py:188} INFO - [2024-05-08T15:05:48.660+0000] {dag.py:3954} INFO - Setting next_dagrun for example_subdag_operator.section-2 to None, run_after=None
[2024-05-08T15:05:48.672+0000] {logging_mixin.py:188} INFO - [2024-05-08T15:05:48.672+0000] {dag.py:3096} INFO - Sync 2 DAGs
[2024-05-08T15:05:48.681+0000] {logging_mixin.py:188} INFO - [2024-05-08T15:05:48.680+0000] {dag.py:3954} INFO - Setting next_dagrun for example_subdag_operator.section-1 to None, run_after=None
[2024-05-08T15:05:48.682+0000] {logging_mixin.py:188} INFO - [2024-05-08T15:05:48.682+0000] {dag.py:3954} INFO - Setting next_dagrun for example_subdag_operator.section-2 to None, run_after=None
[2024-05-08T15:05:48.705+0000] {processor.py:183} INFO - Processing /home/airflow/.local/lib/python3.12/site-packages/airflow/example_dags/example_subdag_operator.py took 0.165 seconds
[2024-05-08T15:06:19.206+0000] {processor.py:161} INFO - Started process (PID=7610) to work on /home/airflow/.local/lib/python3.12/site-packages/airflow/example_dags/example_subdag_operator.py
[2024-05-08T15:06:19.208+0000] {processor.py:830} INFO - Processing file /home/airflow/.local/lib/python3.12/site-packages/airflow/example_dags/example_subdag_operator.py for tasks to queue
[2024-05-08T15:06:19.211+0000] {logging_mixin.py:188} INFO - [2024-05-08T15:06:19.210+0000] {dagbag.py:545} INFO - Filling up the DagBag from /home/airflow/.local/lib/python3.12/site-packages/airflow/example_dags/example_subdag_operator.py
[2024-05-08T15:06:19.244+0000] {processor.py:840} INFO - DAG(s) 'example_subdag_operator.section-1', 'example_subdag_operator.section-2', 'example_subdag_operator' retrieved from /home/airflow/.local/lib/python3.12/site-packages/airflow/example_dags/example_subdag_operator.py
[2024-05-08T15:06:19.266+0000] {logging_mixin.py:188} INFO - [2024-05-08T15:06:19.265+0000] {dag.py:3096} INFO - Sync 3 DAGs
[2024-05-08T15:06:19.295+0000] {logging_mixin.py:188} INFO - [2024-05-08T15:06:19.295+0000] {dag.py:3954} INFO - Setting next_dagrun for example_subdag_operator to 2022-01-01 00:00:00+00:00, run_after=2022-01-01 00:00:00+00:00
[2024-05-08T15:06:19.301+0000] {logging_mixin.py:188} INFO - [2024-05-08T15:06:19.301+0000] {dag.py:3954} INFO - Setting next_dagrun for example_subdag_operator.section-1 to None, run_after=None
[2024-05-08T15:06:19.303+0000] {logging_mixin.py:188} INFO - [2024-05-08T15:06:19.303+0000] {dag.py:3954} INFO - Setting next_dagrun for example_subdag_operator.section-2 to None, run_after=None
[2024-05-08T15:06:19.314+0000] {logging_mixin.py:188} INFO - [2024-05-08T15:06:19.314+0000] {dag.py:3096} INFO - Sync 2 DAGs
[2024-05-08T15:06:19.322+0000] {logging_mixin.py:188} INFO - [2024-05-08T15:06:19.321+0000] {dag.py:3954} INFO - Setting next_dagrun for example_subdag_operator.section-1 to None, run_after=None
[2024-05-08T15:06:19.323+0000] {logging_mixin.py:188} INFO - [2024-05-08T15:06:19.323+0000] {dag.py:3954} INFO - Setting next_dagrun for example_subdag_operator.section-2 to None, run_after=None
[2024-05-08T15:06:19.341+0000] {processor.py:183} INFO - Processing /home/airflow/.local/lib/python3.12/site-packages/airflow/example_dags/example_subdag_operator.py took 0.142 seconds
[2024-05-08T15:06:49.749+0000] {processor.py:161} INFO - Started process (PID=7871) to work on /home/airflow/.local/lib/python3.12/site-packages/airflow/example_dags/example_subdag_operator.py
[2024-05-08T15:06:49.750+0000] {processor.py:830} INFO - Processing file /home/airflow/.local/lib/python3.12/site-packages/airflow/example_dags/example_subdag_operator.py for tasks to queue
[2024-05-08T15:06:49.752+0000] {logging_mixin.py:188} INFO - [2024-05-08T15:06:49.752+0000] {dagbag.py:545} INFO - Filling up the DagBag from /home/airflow/.local/lib/python3.12/site-packages/airflow/example_dags/example_subdag_operator.py
[2024-05-08T15:06:49.785+0000] {processor.py:840} INFO - DAG(s) 'example_subdag_operator.section-1', 'example_subdag_operator.section-2', 'example_subdag_operator' retrieved from /home/airflow/.local/lib/python3.12/site-packages/airflow/example_dags/example_subdag_operator.py
[2024-05-08T15:06:49.806+0000] {logging_mixin.py:188} INFO - [2024-05-08T15:06:49.806+0000] {dag.py:3096} INFO - Sync 3 DAGs
[2024-05-08T15:06:49.836+0000] {logging_mixin.py:188} INFO - [2024-05-08T15:06:49.836+0000] {dag.py:3954} INFO - Setting next_dagrun for example_subdag_operator to 2022-01-01 00:00:00+00:00, run_after=2022-01-01 00:00:00+00:00
[2024-05-08T15:06:49.842+0000] {logging_mixin.py:188} INFO - [2024-05-08T15:06:49.841+0000] {dag.py:3954} INFO - Setting next_dagrun for example_subdag_operator.section-1 to None, run_after=None
[2024-05-08T15:06:49.844+0000] {logging_mixin.py:188} INFO - [2024-05-08T15:06:49.844+0000] {dag.py:3954} INFO - Setting next_dagrun for example_subdag_operator.section-2 to None, run_after=None
[2024-05-08T15:06:49.854+0000] {logging_mixin.py:188} INFO - [2024-05-08T15:06:49.854+0000] {dag.py:3096} INFO - Sync 2 DAGs
[2024-05-08T15:06:49.862+0000] {logging_mixin.py:188} INFO - [2024-05-08T15:06:49.862+0000] {dag.py:3954} INFO - Setting next_dagrun for example_subdag_operator.section-1 to None, run_after=None
[2024-05-08T15:06:49.863+0000] {logging_mixin.py:188} INFO - [2024-05-08T15:06:49.863+0000] {dag.py:3954} INFO - Setting next_dagrun for example_subdag_operator.section-2 to None, run_after=None
[2024-05-08T15:06:49.881+0000] {processor.py:183} INFO - Processing /home/airflow/.local/lib/python3.12/site-packages/airflow/example_dags/example_subdag_operator.py took 0.140 seconds
[2024-05-08T15:07:20.066+0000] {processor.py:161} INFO - Started process (PID=8133) to work on /home/airflow/.local/lib/python3.12/site-packages/airflow/example_dags/example_subdag_operator.py
[2024-05-08T15:07:20.067+0000] {processor.py:830} INFO - Processing file /home/airflow/.local/lib/python3.12/site-packages/airflow/example_dags/example_subdag_operator.py for tasks to queue
[2024-05-08T15:07:20.070+0000] {logging_mixin.py:188} INFO - [2024-05-08T15:07:20.069+0000] {dagbag.py:545} INFO - Filling up the DagBag from /home/airflow/.local/lib/python3.12/site-packages/airflow/example_dags/example_subdag_operator.py
[2024-05-08T15:07:20.159+0000] {processor.py:840} INFO - DAG(s) 'example_subdag_operator.section-1', 'example_subdag_operator.section-2', 'example_subdag_operator' retrieved from /home/airflow/.local/lib/python3.12/site-packages/airflow/example_dags/example_subdag_operator.py
[2024-05-08T15:07:20.202+0000] {logging_mixin.py:188} INFO - [2024-05-08T15:07:20.202+0000] {dag.py:3096} INFO - Sync 3 DAGs
[2024-05-08T15:07:20.239+0000] {logging_mixin.py:188} INFO - [2024-05-08T15:07:20.239+0000] {dag.py:3954} INFO - Setting next_dagrun for example_subdag_operator to 2022-01-01 00:00:00+00:00, run_after=2022-01-01 00:00:00+00:00
[2024-05-08T15:07:20.246+0000] {logging_mixin.py:188} INFO - [2024-05-08T15:07:20.246+0000] {dag.py:3954} INFO - Setting next_dagrun for example_subdag_operator.section-1 to None, run_after=None
[2024-05-08T15:07:20.249+0000] {logging_mixin.py:188} INFO - [2024-05-08T15:07:20.249+0000] {dag.py:3954} INFO - Setting next_dagrun for example_subdag_operator.section-2 to None, run_after=None
[2024-05-08T15:07:20.260+0000] {logging_mixin.py:188} INFO - [2024-05-08T15:07:20.260+0000] {dag.py:3096} INFO - Sync 2 DAGs
[2024-05-08T15:07:20.267+0000] {logging_mixin.py:188} INFO - [2024-05-08T15:07:20.267+0000] {dag.py:3954} INFO - Setting next_dagrun for example_subdag_operator.section-1 to None, run_after=None
[2024-05-08T15:07:20.268+0000] {logging_mixin.py:188} INFO - [2024-05-08T15:07:20.268+0000] {dag.py:3954} INFO - Setting next_dagrun for example_subdag_operator.section-2 to None, run_after=None
[2024-05-08T15:07:20.288+0000] {processor.py:183} INFO - Processing /home/airflow/.local/lib/python3.12/site-packages/airflow/example_dags/example_subdag_operator.py took 0.230 seconds
[2024-05-08T15:07:50.919+0000] {processor.py:161} INFO - Started process (PID=8390) to work on /home/airflow/.local/lib/python3.12/site-packages/airflow/example_dags/example_subdag_operator.py
[2024-05-08T15:07:50.923+0000] {processor.py:830} INFO - Processing file /home/airflow/.local/lib/python3.12/site-packages/airflow/example_dags/example_subdag_operator.py for tasks to queue
[2024-05-08T15:07:50.926+0000] {logging_mixin.py:188} INFO - [2024-05-08T15:07:50.925+0000] {dagbag.py:545} INFO - Filling up the DagBag from /home/airflow/.local/lib/python3.12/site-packages/airflow/example_dags/example_subdag_operator.py
[2024-05-08T15:07:50.967+0000] {processor.py:840} INFO - DAG(s) 'example_subdag_operator.section-1', 'example_subdag_operator.section-2', 'example_subdag_operator' retrieved from /home/airflow/.local/lib/python3.12/site-packages/airflow/example_dags/example_subdag_operator.py
[2024-05-08T15:07:50.993+0000] {logging_mixin.py:188} INFO - [2024-05-08T15:07:50.993+0000] {dag.py:3096} INFO - Sync 3 DAGs
[2024-05-08T15:07:51.027+0000] {logging_mixin.py:188} INFO - [2024-05-08T15:07:51.027+0000] {dag.py:3954} INFO - Setting next_dagrun for example_subdag_operator to 2022-01-01 00:00:00+00:00, run_after=2022-01-01 00:00:00+00:00
[2024-05-08T15:07:51.034+0000] {logging_mixin.py:188} INFO - [2024-05-08T15:07:51.034+0000] {dag.py:3954} INFO - Setting next_dagrun for example_subdag_operator.section-1 to None, run_after=None
[2024-05-08T15:07:51.037+0000] {logging_mixin.py:188} INFO - [2024-05-08T15:07:51.036+0000] {dag.py:3954} INFO - Setting next_dagrun for example_subdag_operator.section-2 to None, run_after=None
[2024-05-08T15:07:51.048+0000] {logging_mixin.py:188} INFO - [2024-05-08T15:07:51.048+0000] {dag.py:3096} INFO - Sync 2 DAGs
[2024-05-08T15:07:51.057+0000] {logging_mixin.py:188} INFO - [2024-05-08T15:07:51.057+0000] {dag.py:3954} INFO - Setting next_dagrun for example_subdag_operator.section-1 to None, run_after=None
[2024-05-08T15:07:51.058+0000] {logging_mixin.py:188} INFO - [2024-05-08T15:07:51.058+0000] {dag.py:3954} INFO - Setting next_dagrun for example_subdag_operator.section-2 to None, run_after=None
[2024-05-08T15:07:51.079+0000] {processor.py:183} INFO - Processing /home/airflow/.local/lib/python3.12/site-packages/airflow/example_dags/example_subdag_operator.py took 0.168 seconds
[2024-05-08T15:08:21.813+0000] {processor.py:161} INFO - Started process (PID=8652) to work on /home/airflow/.local/lib/python3.12/site-packages/airflow/example_dags/example_subdag_operator.py
[2024-05-08T15:08:21.815+0000] {processor.py:830} INFO - Processing file /home/airflow/.local/lib/python3.12/site-packages/airflow/example_dags/example_subdag_operator.py for tasks to queue
[2024-05-08T15:08:21.819+0000] {logging_mixin.py:188} INFO - [2024-05-08T15:08:21.818+0000] {dagbag.py:545} INFO - Filling up the DagBag from /home/airflow/.local/lib/python3.12/site-packages/airflow/example_dags/example_subdag_operator.py
[2024-05-08T15:08:21.866+0000] {processor.py:840} INFO - DAG(s) 'example_subdag_operator.section-1', 'example_subdag_operator.section-2', 'example_subdag_operator' retrieved from /home/airflow/.local/lib/python3.12/site-packages/airflow/example_dags/example_subdag_operator.py
[2024-05-08T15:08:21.893+0000] {logging_mixin.py:188} INFO - [2024-05-08T15:08:21.892+0000] {dag.py:3096} INFO - Sync 3 DAGs
[2024-05-08T15:08:21.940+0000] {logging_mixin.py:188} INFO - [2024-05-08T15:08:21.939+0000] {dag.py:3954} INFO - Setting next_dagrun for example_subdag_operator to 2022-01-01 00:00:00+00:00, run_after=2022-01-01 00:00:00+00:00
[2024-05-08T15:08:21.949+0000] {logging_mixin.py:188} INFO - [2024-05-08T15:08:21.948+0000] {dag.py:3954} INFO - Setting next_dagrun for example_subdag_operator.section-1 to None, run_after=None
[2024-05-08T15:08:21.952+0000] {logging_mixin.py:188} INFO - [2024-05-08T15:08:21.951+0000] {dag.py:3954} INFO - Setting next_dagrun for example_subdag_operator.section-2 to None, run_after=None
[2024-05-08T15:08:21.967+0000] {logging_mixin.py:188} INFO - [2024-05-08T15:08:21.966+0000] {dag.py:3096} INFO - Sync 2 DAGs
[2024-05-08T15:08:21.978+0000] {logging_mixin.py:188} INFO - [2024-05-08T15:08:21.978+0000] {dag.py:3954} INFO - Setting next_dagrun for example_subdag_operator.section-1 to None, run_after=None
[2024-05-08T15:08:21.980+0000] {logging_mixin.py:188} INFO - [2024-05-08T15:08:21.979+0000] {dag.py:3954} INFO - Setting next_dagrun for example_subdag_operator.section-2 to None, run_after=None
[2024-05-08T15:08:22.005+0000] {processor.py:183} INFO - Processing /home/airflow/.local/lib/python3.12/site-packages/airflow/example_dags/example_subdag_operator.py took 0.203 seconds
