[2024-05-08T14:51:58.902+0000] {processor.py:161} INFO - Started process (PID=402) to work on /home/airflow/.local/lib/python3.12/site-packages/airflow/example_dags/example_display_name.py
[2024-05-08T14:51:58.908+0000] {processor.py:830} INFO - Processing file /home/airflow/.local/lib/python3.12/site-packages/airflow/example_dags/example_display_name.py for tasks to queue
[2024-05-08T14:51:58.912+0000] {logging_mixin.py:188} INFO - [2024-05-08T14:51:58.911+0000] {dagbag.py:545} INFO - Filling up the DagBag from /home/airflow/.local/lib/python3.12/site-packages/airflow/example_dags/example_display_name.py
[2024-05-08T14:51:58.928+0000] {processor.py:840} INFO - DAG(s) 'example_display_name' retrieved from /home/airflow/.local/lib/python3.12/site-packages/airflow/example_dags/example_display_name.py
[2024-05-08T14:51:59.208+0000] {logging_mixin.py:188} INFO - [2024-05-08T14:51:59.207+0000] {dag.py:3096} INFO - Sync 1 DAGs
[2024-05-08T14:51:59.233+0000] {logging_mixin.py:188} INFO - [2024-05-08T14:51:59.232+0000] {dag.py:3954} INFO - Setting next_dagrun for example_display_name to None, run_after=None
[2024-05-08T14:51:59.377+0000] {processor.py:183} INFO - Processing /home/airflow/.local/lib/python3.12/site-packages/airflow/example_dags/example_display_name.py took 0.508 seconds
[2024-05-08T14:52:30.177+0000] {processor.py:161} INFO - Started process (PID=664) to work on /home/airflow/.local/lib/python3.12/site-packages/airflow/example_dags/example_display_name.py
[2024-05-08T14:52:30.180+0000] {processor.py:830} INFO - Processing file /home/airflow/.local/lib/python3.12/site-packages/airflow/example_dags/example_display_name.py for tasks to queue
[2024-05-08T14:52:30.183+0000] {logging_mixin.py:188} INFO - [2024-05-08T14:52:30.183+0000] {dagbag.py:545} INFO - Filling up the DagBag from /home/airflow/.local/lib/python3.12/site-packages/airflow/example_dags/example_display_name.py
[2024-05-08T14:52:30.193+0000] {processor.py:840} INFO - DAG(s) 'example_display_name' retrieved from /home/airflow/.local/lib/python3.12/site-packages/airflow/example_dags/example_display_name.py
[2024-05-08T14:52:30.227+0000] {logging_mixin.py:188} INFO - [2024-05-08T14:52:30.227+0000] {dag.py:3096} INFO - Sync 1 DAGs
[2024-05-08T14:52:30.253+0000] {logging_mixin.py:188} INFO - [2024-05-08T14:52:30.252+0000] {dag.py:3954} INFO - Setting next_dagrun for example_display_name to None, run_after=None
[2024-05-08T14:52:30.293+0000] {processor.py:183} INFO - Processing /home/airflow/.local/lib/python3.12/site-packages/airflow/example_dags/example_display_name.py took 0.124 seconds
[2024-05-08T14:53:04.188+0000] {processor.py:161} INFO - Started process (PID=928) to work on /home/airflow/.local/lib/python3.12/site-packages/airflow/example_dags/example_display_name.py
[2024-05-08T14:53:04.190+0000] {processor.py:830} INFO - Processing file /home/airflow/.local/lib/python3.12/site-packages/airflow/example_dags/example_display_name.py for tasks to queue
[2024-05-08T14:53:04.193+0000] {logging_mixin.py:188} INFO - [2024-05-08T14:53:04.193+0000] {dagbag.py:545} INFO - Filling up the DagBag from /home/airflow/.local/lib/python3.12/site-packages/airflow/example_dags/example_display_name.py
[2024-05-08T14:53:04.204+0000] {processor.py:840} INFO - DAG(s) 'example_display_name' retrieved from /home/airflow/.local/lib/python3.12/site-packages/airflow/example_dags/example_display_name.py
[2024-05-08T14:53:04.241+0000] {logging_mixin.py:188} INFO - [2024-05-08T14:53:04.241+0000] {dag.py:3096} INFO - Sync 1 DAGs
[2024-05-08T14:53:04.279+0000] {logging_mixin.py:188} INFO - [2024-05-08T14:53:04.278+0000] {dag.py:3954} INFO - Setting next_dagrun for example_display_name to None, run_after=None
[2024-05-08T14:53:04.318+0000] {processor.py:183} INFO - Processing /home/airflow/.local/lib/python3.12/site-packages/airflow/example_dags/example_display_name.py took 0.142 seconds
[2024-05-08T14:53:35.102+0000] {processor.py:161} INFO - Started process (PID=1190) to work on /home/airflow/.local/lib/python3.12/site-packages/airflow/example_dags/example_display_name.py
[2024-05-08T14:53:35.104+0000] {processor.py:830} INFO - Processing file /home/airflow/.local/lib/python3.12/site-packages/airflow/example_dags/example_display_name.py for tasks to queue
[2024-05-08T14:53:35.107+0000] {logging_mixin.py:188} INFO - [2024-05-08T14:53:35.106+0000] {dagbag.py:545} INFO - Filling up the DagBag from /home/airflow/.local/lib/python3.12/site-packages/airflow/example_dags/example_display_name.py
[2024-05-08T14:53:35.116+0000] {processor.py:840} INFO - DAG(s) 'example_display_name' retrieved from /home/airflow/.local/lib/python3.12/site-packages/airflow/example_dags/example_display_name.py
[2024-05-08T14:53:35.147+0000] {logging_mixin.py:188} INFO - [2024-05-08T14:53:35.147+0000] {dag.py:3096} INFO - Sync 1 DAGs
[2024-05-08T14:53:35.167+0000] {logging_mixin.py:188} INFO - [2024-05-08T14:53:35.167+0000] {dag.py:3954} INFO - Setting next_dagrun for example_display_name to None, run_after=None
[2024-05-08T14:53:35.200+0000] {processor.py:183} INFO - Processing /home/airflow/.local/lib/python3.12/site-packages/airflow/example_dags/example_display_name.py took 0.111 seconds
[2024-05-08T14:54:17.678+0000] {processor.py:161} INFO - Started process (PID=1461) to work on /home/airflow/.local/lib/python3.12/site-packages/airflow/example_dags/example_display_name.py
[2024-05-08T14:54:17.681+0000] {processor.py:830} INFO - Processing file /home/airflow/.local/lib/python3.12/site-packages/airflow/example_dags/example_display_name.py for tasks to queue
[2024-05-08T14:54:17.684+0000] {logging_mixin.py:188} INFO - [2024-05-08T14:54:17.684+0000] {dagbag.py:545} INFO - Filling up the DagBag from /home/airflow/.local/lib/python3.12/site-packages/airflow/example_dags/example_display_name.py
[2024-05-08T14:54:17.702+0000] {processor.py:840} INFO - DAG(s) 'example_display_name' retrieved from /home/airflow/.local/lib/python3.12/site-packages/airflow/example_dags/example_display_name.py
[2024-05-08T14:54:17.779+0000] {logging_mixin.py:188} INFO - [2024-05-08T14:54:17.779+0000] {dag.py:3096} INFO - Sync 1 DAGs
[2024-05-08T14:54:17.839+0000] {logging_mixin.py:188} INFO - [2024-05-08T14:54:17.838+0000] {dag.py:3954} INFO - Setting next_dagrun for example_display_name to None, run_after=None
[2024-05-08T14:54:17.918+0000] {processor.py:183} INFO - Processing /home/airflow/.local/lib/python3.12/site-packages/airflow/example_dags/example_display_name.py took 0.253 seconds
[2024-05-08T14:54:48.431+0000] {processor.py:161} INFO - Started process (PID=1722) to work on /home/airflow/.local/lib/python3.12/site-packages/airflow/example_dags/example_display_name.py
[2024-05-08T14:54:48.433+0000] {processor.py:830} INFO - Processing file /home/airflow/.local/lib/python3.12/site-packages/airflow/example_dags/example_display_name.py for tasks to queue
[2024-05-08T14:54:48.439+0000] {logging_mixin.py:188} INFO - [2024-05-08T14:54:48.438+0000] {dagbag.py:545} INFO - Filling up the DagBag from /home/airflow/.local/lib/python3.12/site-packages/airflow/example_dags/example_display_name.py
[2024-05-08T14:54:48.457+0000] {processor.py:840} INFO - DAG(s) 'example_display_name' retrieved from /home/airflow/.local/lib/python3.12/site-packages/airflow/example_dags/example_display_name.py
[2024-05-08T14:54:48.525+0000] {logging_mixin.py:188} INFO - [2024-05-08T14:54:48.525+0000] {dag.py:3096} INFO - Sync 1 DAGs
[2024-05-08T14:54:48.577+0000] {logging_mixin.py:188} INFO - [2024-05-08T14:54:48.577+0000] {dag.py:3954} INFO - Setting next_dagrun for example_display_name to None, run_after=None
[2024-05-08T14:54:48.672+0000] {processor.py:183} INFO - Processing /home/airflow/.local/lib/python3.12/site-packages/airflow/example_dags/example_display_name.py took 0.261 seconds
[2024-05-08T14:55:19.423+0000] {processor.py:161} INFO - Started process (PID=1985) to work on /home/airflow/.local/lib/python3.12/site-packages/airflow/example_dags/example_display_name.py
[2024-05-08T14:55:19.425+0000] {processor.py:830} INFO - Processing file /home/airflow/.local/lib/python3.12/site-packages/airflow/example_dags/example_display_name.py for tasks to queue
[2024-05-08T14:55:19.429+0000] {logging_mixin.py:188} INFO - [2024-05-08T14:55:19.428+0000] {dagbag.py:545} INFO - Filling up the DagBag from /home/airflow/.local/lib/python3.12/site-packages/airflow/example_dags/example_display_name.py
[2024-05-08T14:55:19.438+0000] {processor.py:840} INFO - DAG(s) 'example_display_name' retrieved from /home/airflow/.local/lib/python3.12/site-packages/airflow/example_dags/example_display_name.py
[2024-05-08T14:55:19.484+0000] {logging_mixin.py:188} INFO - [2024-05-08T14:55:19.484+0000] {dag.py:3096} INFO - Sync 1 DAGs
[2024-05-08T14:55:19.516+0000] {logging_mixin.py:188} INFO - [2024-05-08T14:55:19.516+0000] {dag.py:3954} INFO - Setting next_dagrun for example_display_name to None, run_after=None
[2024-05-08T14:55:19.553+0000] {processor.py:183} INFO - Processing /home/airflow/.local/lib/python3.12/site-packages/airflow/example_dags/example_display_name.py took 0.142 seconds
[2024-05-08T14:55:49.925+0000] {processor.py:161} INFO - Started process (PID=2246) to work on /home/airflow/.local/lib/python3.12/site-packages/airflow/example_dags/example_display_name.py
[2024-05-08T14:55:49.927+0000] {processor.py:830} INFO - Processing file /home/airflow/.local/lib/python3.12/site-packages/airflow/example_dags/example_display_name.py for tasks to queue
[2024-05-08T14:55:49.932+0000] {logging_mixin.py:188} INFO - [2024-05-08T14:55:49.931+0000] {dagbag.py:545} INFO - Filling up the DagBag from /home/airflow/.local/lib/python3.12/site-packages/airflow/example_dags/example_display_name.py
[2024-05-08T14:55:49.945+0000] {processor.py:840} INFO - DAG(s) 'example_display_name' retrieved from /home/airflow/.local/lib/python3.12/site-packages/airflow/example_dags/example_display_name.py
[2024-05-08T14:55:49.991+0000] {logging_mixin.py:188} INFO - [2024-05-08T14:55:49.991+0000] {dag.py:3096} INFO - Sync 1 DAGs
[2024-05-08T14:55:50.026+0000] {logging_mixin.py:188} INFO - [2024-05-08T14:55:50.025+0000] {dag.py:3954} INFO - Setting next_dagrun for example_display_name to None, run_after=None
[2024-05-08T14:55:50.069+0000] {processor.py:183} INFO - Processing /home/airflow/.local/lib/python3.12/site-packages/airflow/example_dags/example_display_name.py took 0.155 seconds
[2024-05-08T14:56:20.845+0000] {processor.py:161} INFO - Started process (PID=2508) to work on /home/airflow/.local/lib/python3.12/site-packages/airflow/example_dags/example_display_name.py
[2024-05-08T14:56:20.849+0000] {processor.py:830} INFO - Processing file /home/airflow/.local/lib/python3.12/site-packages/airflow/example_dags/example_display_name.py for tasks to queue
[2024-05-08T14:56:20.852+0000] {logging_mixin.py:188} INFO - [2024-05-08T14:56:20.851+0000] {dagbag.py:545} INFO - Filling up the DagBag from /home/airflow/.local/lib/python3.12/site-packages/airflow/example_dags/example_display_name.py
[2024-05-08T14:56:20.861+0000] {processor.py:840} INFO - DAG(s) 'example_display_name' retrieved from /home/airflow/.local/lib/python3.12/site-packages/airflow/example_dags/example_display_name.py
[2024-05-08T14:56:20.891+0000] {logging_mixin.py:188} INFO - [2024-05-08T14:56:20.890+0000] {dag.py:3096} INFO - Sync 1 DAGs
[2024-05-08T14:56:20.911+0000] {logging_mixin.py:188} INFO - [2024-05-08T14:56:20.911+0000] {dag.py:3954} INFO - Setting next_dagrun for example_display_name to None, run_after=None
[2024-05-08T14:56:20.946+0000] {processor.py:183} INFO - Processing /home/airflow/.local/lib/python3.12/site-packages/airflow/example_dags/example_display_name.py took 0.111 seconds
[2024-05-08T14:56:51.696+0000] {processor.py:161} INFO - Started process (PID=2770) to work on /home/airflow/.local/lib/python3.12/site-packages/airflow/example_dags/example_display_name.py
[2024-05-08T14:56:51.697+0000] {processor.py:830} INFO - Processing file /home/airflow/.local/lib/python3.12/site-packages/airflow/example_dags/example_display_name.py for tasks to queue
[2024-05-08T14:56:51.700+0000] {logging_mixin.py:188} INFO - [2024-05-08T14:56:51.700+0000] {dagbag.py:545} INFO - Filling up the DagBag from /home/airflow/.local/lib/python3.12/site-packages/airflow/example_dags/example_display_name.py
[2024-05-08T14:56:51.710+0000] {processor.py:840} INFO - DAG(s) 'example_display_name' retrieved from /home/airflow/.local/lib/python3.12/site-packages/airflow/example_dags/example_display_name.py
[2024-05-08T14:56:51.737+0000] {logging_mixin.py:188} INFO - [2024-05-08T14:56:51.737+0000] {dag.py:3096} INFO - Sync 1 DAGs
[2024-05-08T14:56:51.755+0000] {logging_mixin.py:188} INFO - [2024-05-08T14:56:51.755+0000] {dag.py:3954} INFO - Setting next_dagrun for example_display_name to None, run_after=None
[2024-05-08T14:56:51.783+0000] {processor.py:183} INFO - Processing /home/airflow/.local/lib/python3.12/site-packages/airflow/example_dags/example_display_name.py took 0.098 seconds
[2024-05-08T14:57:22.895+0000] {processor.py:161} INFO - Started process (PID=3035) to work on /home/airflow/.local/lib/python3.12/site-packages/airflow/example_dags/example_display_name.py
[2024-05-08T14:57:22.901+0000] {processor.py:830} INFO - Processing file /home/airflow/.local/lib/python3.12/site-packages/airflow/example_dags/example_display_name.py for tasks to queue
[2024-05-08T14:57:22.907+0000] {logging_mixin.py:188} INFO - [2024-05-08T14:57:22.906+0000] {dagbag.py:545} INFO - Filling up the DagBag from /home/airflow/.local/lib/python3.12/site-packages/airflow/example_dags/example_display_name.py
[2024-05-08T14:57:22.927+0000] {processor.py:840} INFO - DAG(s) 'example_display_name' retrieved from /home/airflow/.local/lib/python3.12/site-packages/airflow/example_dags/example_display_name.py
[2024-05-08T14:57:22.964+0000] {logging_mixin.py:188} INFO - [2024-05-08T14:57:22.963+0000] {dag.py:3096} INFO - Sync 1 DAGs
[2024-05-08T14:57:22.989+0000] {logging_mixin.py:188} INFO - [2024-05-08T14:57:22.988+0000] {dag.py:3954} INFO - Setting next_dagrun for example_display_name to None, run_after=None
[2024-05-08T14:57:23.018+0000] {processor.py:183} INFO - Processing /home/airflow/.local/lib/python3.12/site-packages/airflow/example_dags/example_display_name.py took 0.144 seconds
[2024-05-08T14:57:53.503+0000] {processor.py:161} INFO - Started process (PID=3295) to work on /home/airflow/.local/lib/python3.12/site-packages/airflow/example_dags/example_display_name.py
[2024-05-08T14:57:53.505+0000] {processor.py:830} INFO - Processing file /home/airflow/.local/lib/python3.12/site-packages/airflow/example_dags/example_display_name.py for tasks to queue
[2024-05-08T14:57:53.508+0000] {logging_mixin.py:188} INFO - [2024-05-08T14:57:53.508+0000] {dagbag.py:545} INFO - Filling up the DagBag from /home/airflow/.local/lib/python3.12/site-packages/airflow/example_dags/example_display_name.py
[2024-05-08T14:57:53.518+0000] {processor.py:840} INFO - DAG(s) 'example_display_name' retrieved from /home/airflow/.local/lib/python3.12/site-packages/airflow/example_dags/example_display_name.py
[2024-05-08T14:57:53.549+0000] {logging_mixin.py:188} INFO - [2024-05-08T14:57:53.548+0000] {dag.py:3096} INFO - Sync 1 DAGs
[2024-05-08T14:57:53.570+0000] {logging_mixin.py:188} INFO - [2024-05-08T14:57:53.570+0000] {dag.py:3954} INFO - Setting next_dagrun for example_display_name to None, run_after=None
[2024-05-08T14:57:53.603+0000] {processor.py:183} INFO - Processing /home/airflow/.local/lib/python3.12/site-packages/airflow/example_dags/example_display_name.py took 0.109 seconds
[2024-05-08T14:58:23.927+0000] {processor.py:161} INFO - Started process (PID=3557) to work on /home/airflow/.local/lib/python3.12/site-packages/airflow/example_dags/example_display_name.py
[2024-05-08T14:58:23.930+0000] {processor.py:830} INFO - Processing file /home/airflow/.local/lib/python3.12/site-packages/airflow/example_dags/example_display_name.py for tasks to queue
[2024-05-08T14:58:23.934+0000] {logging_mixin.py:188} INFO - [2024-05-08T14:58:23.933+0000] {dagbag.py:545} INFO - Filling up the DagBag from /home/airflow/.local/lib/python3.12/site-packages/airflow/example_dags/example_display_name.py
[2024-05-08T14:58:23.955+0000] {processor.py:840} INFO - DAG(s) 'example_display_name' retrieved from /home/airflow/.local/lib/python3.12/site-packages/airflow/example_dags/example_display_name.py
[2024-05-08T14:58:24.003+0000] {logging_mixin.py:188} INFO - [2024-05-08T14:58:24.002+0000] {dag.py:3096} INFO - Sync 1 DAGs
[2024-05-08T14:58:24.039+0000] {logging_mixin.py:188} INFO - [2024-05-08T14:58:24.038+0000] {dag.py:3954} INFO - Setting next_dagrun for example_display_name to None, run_after=None
[2024-05-08T14:58:24.086+0000] {processor.py:183} INFO - Processing /home/airflow/.local/lib/python3.12/site-packages/airflow/example_dags/example_display_name.py took 0.171 seconds
[2024-05-08T14:58:54.317+0000] {processor.py:161} INFO - Started process (PID=3819) to work on /home/airflow/.local/lib/python3.12/site-packages/airflow/example_dags/example_display_name.py
[2024-05-08T14:58:54.319+0000] {processor.py:830} INFO - Processing file /home/airflow/.local/lib/python3.12/site-packages/airflow/example_dags/example_display_name.py for tasks to queue
[2024-05-08T14:58:54.324+0000] {logging_mixin.py:188} INFO - [2024-05-08T14:58:54.323+0000] {dagbag.py:545} INFO - Filling up the DagBag from /home/airflow/.local/lib/python3.12/site-packages/airflow/example_dags/example_display_name.py
[2024-05-08T14:58:54.335+0000] {processor.py:840} INFO - DAG(s) 'example_display_name' retrieved from /home/airflow/.local/lib/python3.12/site-packages/airflow/example_dags/example_display_name.py
[2024-05-08T14:58:54.371+0000] {logging_mixin.py:188} INFO - [2024-05-08T14:58:54.370+0000] {dag.py:3096} INFO - Sync 1 DAGs
[2024-05-08T14:58:54.392+0000] {logging_mixin.py:188} INFO - [2024-05-08T14:58:54.392+0000] {dag.py:3954} INFO - Setting next_dagrun for example_display_name to None, run_after=None
[2024-05-08T14:58:54.429+0000] {processor.py:183} INFO - Processing /home/airflow/.local/lib/python3.12/site-packages/airflow/example_dags/example_display_name.py took 0.130 seconds
[2024-05-08T14:59:24.808+0000] {processor.py:161} INFO - Started process (PID=4081) to work on /home/airflow/.local/lib/python3.12/site-packages/airflow/example_dags/example_display_name.py
[2024-05-08T14:59:24.809+0000] {processor.py:830} INFO - Processing file /home/airflow/.local/lib/python3.12/site-packages/airflow/example_dags/example_display_name.py for tasks to queue
[2024-05-08T14:59:24.812+0000] {logging_mixin.py:188} INFO - [2024-05-08T14:59:24.812+0000] {dagbag.py:545} INFO - Filling up the DagBag from /home/airflow/.local/lib/python3.12/site-packages/airflow/example_dags/example_display_name.py
[2024-05-08T14:59:24.821+0000] {processor.py:840} INFO - DAG(s) 'example_display_name' retrieved from /home/airflow/.local/lib/python3.12/site-packages/airflow/example_dags/example_display_name.py
[2024-05-08T14:59:24.853+0000] {logging_mixin.py:188} INFO - [2024-05-08T14:59:24.853+0000] {dag.py:3096} INFO - Sync 1 DAGs
[2024-05-08T14:59:24.875+0000] {logging_mixin.py:188} INFO - [2024-05-08T14:59:24.875+0000] {dag.py:3954} INFO - Setting next_dagrun for example_display_name to None, run_after=None
[2024-05-08T14:59:24.909+0000] {processor.py:183} INFO - Processing /home/airflow/.local/lib/python3.12/site-packages/airflow/example_dags/example_display_name.py took 0.115 seconds
[2024-05-08T14:59:55.143+0000] {processor.py:161} INFO - Started process (PID=4342) to work on /home/airflow/.local/lib/python3.12/site-packages/airflow/example_dags/example_display_name.py
[2024-05-08T14:59:55.144+0000] {processor.py:830} INFO - Processing file /home/airflow/.local/lib/python3.12/site-packages/airflow/example_dags/example_display_name.py for tasks to queue
[2024-05-08T14:59:55.148+0000] {logging_mixin.py:188} INFO - [2024-05-08T14:59:55.147+0000] {dagbag.py:545} INFO - Filling up the DagBag from /home/airflow/.local/lib/python3.12/site-packages/airflow/example_dags/example_display_name.py
[2024-05-08T14:59:55.158+0000] {processor.py:840} INFO - DAG(s) 'example_display_name' retrieved from /home/airflow/.local/lib/python3.12/site-packages/airflow/example_dags/example_display_name.py
[2024-05-08T14:59:55.191+0000] {logging_mixin.py:188} INFO - [2024-05-08T14:59:55.190+0000] {dag.py:3096} INFO - Sync 1 DAGs
[2024-05-08T14:59:55.225+0000] {logging_mixin.py:188} INFO - [2024-05-08T14:59:55.223+0000] {dag.py:3954} INFO - Setting next_dagrun for example_display_name to None, run_after=None
[2024-05-08T14:59:55.276+0000] {processor.py:183} INFO - Processing /home/airflow/.local/lib/python3.12/site-packages/airflow/example_dags/example_display_name.py took 0.143 seconds
[2024-05-08T15:00:25.960+0000] {processor.py:161} INFO - Started process (PID=4599) to work on /home/airflow/.local/lib/python3.12/site-packages/airflow/example_dags/example_display_name.py
[2024-05-08T15:00:25.962+0000] {processor.py:830} INFO - Processing file /home/airflow/.local/lib/python3.12/site-packages/airflow/example_dags/example_display_name.py for tasks to queue
[2024-05-08T15:00:25.965+0000] {logging_mixin.py:188} INFO - [2024-05-08T15:00:25.965+0000] {dagbag.py:545} INFO - Filling up the DagBag from /home/airflow/.local/lib/python3.12/site-packages/airflow/example_dags/example_display_name.py
[2024-05-08T15:00:25.976+0000] {processor.py:840} INFO - DAG(s) 'example_display_name' retrieved from /home/airflow/.local/lib/python3.12/site-packages/airflow/example_dags/example_display_name.py
[2024-05-08T15:00:26.007+0000] {logging_mixin.py:188} INFO - [2024-05-08T15:00:26.006+0000] {dag.py:3096} INFO - Sync 1 DAGs
[2024-05-08T15:00:26.030+0000] {logging_mixin.py:188} INFO - [2024-05-08T15:00:26.030+0000] {dag.py:3954} INFO - Setting next_dagrun for example_display_name to None, run_after=None
[2024-05-08T15:00:26.066+0000] {processor.py:183} INFO - Processing /home/airflow/.local/lib/python3.12/site-packages/airflow/example_dags/example_display_name.py took 0.114 seconds
[2024-05-08T15:00:56.363+0000] {processor.py:161} INFO - Started process (PID=4862) to work on /home/airflow/.local/lib/python3.12/site-packages/airflow/example_dags/example_display_name.py
[2024-05-08T15:00:56.365+0000] {processor.py:830} INFO - Processing file /home/airflow/.local/lib/python3.12/site-packages/airflow/example_dags/example_display_name.py for tasks to queue
[2024-05-08T15:00:56.369+0000] {logging_mixin.py:188} INFO - [2024-05-08T15:00:56.368+0000] {dagbag.py:545} INFO - Filling up the DagBag from /home/airflow/.local/lib/python3.12/site-packages/airflow/example_dags/example_display_name.py
[2024-05-08T15:00:56.379+0000] {processor.py:840} INFO - DAG(s) 'example_display_name' retrieved from /home/airflow/.local/lib/python3.12/site-packages/airflow/example_dags/example_display_name.py
[2024-05-08T15:00:56.418+0000] {logging_mixin.py:188} INFO - [2024-05-08T15:00:56.417+0000] {dag.py:3096} INFO - Sync 1 DAGs
[2024-05-08T15:00:56.439+0000] {logging_mixin.py:188} INFO - [2024-05-08T15:00:56.439+0000] {dag.py:3954} INFO - Setting next_dagrun for example_display_name to None, run_after=None
[2024-05-08T15:00:56.467+0000] {processor.py:183} INFO - Processing /home/airflow/.local/lib/python3.12/site-packages/airflow/example_dags/example_display_name.py took 0.115 seconds
[2024-05-08T15:01:27.666+0000] {processor.py:161} INFO - Started process (PID=5121) to work on /home/airflow/.local/lib/python3.12/site-packages/airflow/example_dags/example_display_name.py
[2024-05-08T15:01:27.669+0000] {processor.py:830} INFO - Processing file /home/airflow/.local/lib/python3.12/site-packages/airflow/example_dags/example_display_name.py for tasks to queue
[2024-05-08T15:01:27.673+0000] {logging_mixin.py:188} INFO - [2024-05-08T15:01:27.672+0000] {dagbag.py:545} INFO - Filling up the DagBag from /home/airflow/.local/lib/python3.12/site-packages/airflow/example_dags/example_display_name.py
[2024-05-08T15:01:27.691+0000] {processor.py:840} INFO - DAG(s) 'example_display_name' retrieved from /home/airflow/.local/lib/python3.12/site-packages/airflow/example_dags/example_display_name.py
[2024-05-08T15:01:27.832+0000] {logging_mixin.py:188} INFO - [2024-05-08T15:01:27.831+0000] {dag.py:3096} INFO - Sync 1 DAGs
[2024-05-08T15:01:27.909+0000] {logging_mixin.py:188} INFO - [2024-05-08T15:01:27.908+0000] {dag.py:3954} INFO - Setting next_dagrun for example_display_name to None, run_after=None
[2024-05-08T15:01:28.040+0000] {processor.py:183} INFO - Processing /home/airflow/.local/lib/python3.12/site-packages/airflow/example_dags/example_display_name.py took 0.390 seconds
[2024-05-08T15:02:01.566+0000] {processor.py:161} INFO - Started process (PID=5383) to work on /home/airflow/.local/lib/python3.12/site-packages/airflow/example_dags/example_display_name.py
[2024-05-08T15:02:01.610+0000] {processor.py:830} INFO - Processing file /home/airflow/.local/lib/python3.12/site-packages/airflow/example_dags/example_display_name.py for tasks to queue
[2024-05-08T15:02:01.671+0000] {logging_mixin.py:188} INFO - [2024-05-08T15:02:01.661+0000] {dagbag.py:545} INFO - Filling up the DagBag from /home/airflow/.local/lib/python3.12/site-packages/airflow/example_dags/example_display_name.py
[2024-05-08T15:02:01.717+0000] {processor.py:840} INFO - DAG(s) 'example_display_name' retrieved from /home/airflow/.local/lib/python3.12/site-packages/airflow/example_dags/example_display_name.py
[2024-05-08T15:02:02.009+0000] {logging_mixin.py:188} INFO - [2024-05-08T15:02:02.008+0000] {dag.py:3096} INFO - Sync 1 DAGs
[2024-05-08T15:02:02.081+0000] {logging_mixin.py:188} INFO - [2024-05-08T15:02:02.081+0000] {dag.py:3954} INFO - Setting next_dagrun for example_display_name to None, run_after=None
[2024-05-08T15:02:02.510+0000] {processor.py:183} INFO - Processing /home/airflow/.local/lib/python3.12/site-packages/airflow/example_dags/example_display_name.py took 0.977 seconds
[2024-05-08T15:02:32.813+0000] {processor.py:161} INFO - Started process (PID=5647) to work on /home/airflow/.local/lib/python3.12/site-packages/airflow/example_dags/example_display_name.py
[2024-05-08T15:02:32.817+0000] {processor.py:830} INFO - Processing file /home/airflow/.local/lib/python3.12/site-packages/airflow/example_dags/example_display_name.py for tasks to queue
[2024-05-08T15:02:32.820+0000] {logging_mixin.py:188} INFO - [2024-05-08T15:02:32.820+0000] {dagbag.py:545} INFO - Filling up the DagBag from /home/airflow/.local/lib/python3.12/site-packages/airflow/example_dags/example_display_name.py
[2024-05-08T15:02:32.830+0000] {processor.py:840} INFO - DAG(s) 'example_display_name' retrieved from /home/airflow/.local/lib/python3.12/site-packages/airflow/example_dags/example_display_name.py
[2024-05-08T15:02:32.863+0000] {logging_mixin.py:188} INFO - [2024-05-08T15:02:32.863+0000] {dag.py:3096} INFO - Sync 1 DAGs
[2024-05-08T15:02:32.884+0000] {logging_mixin.py:188} INFO - [2024-05-08T15:02:32.884+0000] {dag.py:3954} INFO - Setting next_dagrun for example_display_name to None, run_after=None
[2024-05-08T15:02:32.913+0000] {processor.py:183} INFO - Processing /home/airflow/.local/lib/python3.12/site-packages/airflow/example_dags/example_display_name.py took 0.110 seconds
[2024-05-08T15:03:03.057+0000] {processor.py:161} INFO - Started process (PID=5906) to work on /home/airflow/.local/lib/python3.12/site-packages/airflow/example_dags/example_display_name.py
[2024-05-08T15:03:03.067+0000] {processor.py:830} INFO - Processing file /home/airflow/.local/lib/python3.12/site-packages/airflow/example_dags/example_display_name.py for tasks to queue
[2024-05-08T15:03:03.071+0000] {logging_mixin.py:188} INFO - [2024-05-08T15:03:03.070+0000] {dagbag.py:545} INFO - Filling up the DagBag from /home/airflow/.local/lib/python3.12/site-packages/airflow/example_dags/example_display_name.py
[2024-05-08T15:03:03.087+0000] {processor.py:840} INFO - DAG(s) 'example_display_name' retrieved from /home/airflow/.local/lib/python3.12/site-packages/airflow/example_dags/example_display_name.py
[2024-05-08T15:03:03.153+0000] {logging_mixin.py:188} INFO - [2024-05-08T15:03:03.152+0000] {dag.py:3096} INFO - Sync 1 DAGs
[2024-05-08T15:03:03.190+0000] {logging_mixin.py:188} INFO - [2024-05-08T15:03:03.189+0000] {dag.py:3954} INFO - Setting next_dagrun for example_display_name to None, run_after=None
[2024-05-08T15:03:03.232+0000] {processor.py:183} INFO - Processing /home/airflow/.local/lib/python3.12/site-packages/airflow/example_dags/example_display_name.py took 0.191 seconds
[2024-05-08T15:03:33.658+0000] {processor.py:161} INFO - Started process (PID=6168) to work on /home/airflow/.local/lib/python3.12/site-packages/airflow/example_dags/example_display_name.py
[2024-05-08T15:03:33.661+0000] {processor.py:830} INFO - Processing file /home/airflow/.local/lib/python3.12/site-packages/airflow/example_dags/example_display_name.py for tasks to queue
[2024-05-08T15:03:33.673+0000] {logging_mixin.py:188} INFO - [2024-05-08T15:03:33.672+0000] {dagbag.py:545} INFO - Filling up the DagBag from /home/airflow/.local/lib/python3.12/site-packages/airflow/example_dags/example_display_name.py
[2024-05-08T15:03:33.694+0000] {processor.py:840} INFO - DAG(s) 'example_display_name' retrieved from /home/airflow/.local/lib/python3.12/site-packages/airflow/example_dags/example_display_name.py
[2024-05-08T15:03:33.755+0000] {logging_mixin.py:188} INFO - [2024-05-08T15:03:33.754+0000] {dag.py:3096} INFO - Sync 1 DAGs
[2024-05-08T15:03:33.807+0000] {logging_mixin.py:188} INFO - [2024-05-08T15:03:33.807+0000] {dag.py:3954} INFO - Setting next_dagrun for example_display_name to None, run_after=None
[2024-05-08T15:03:33.842+0000] {processor.py:183} INFO - Processing /home/airflow/.local/lib/python3.12/site-packages/airflow/example_dags/example_display_name.py took 0.200 seconds
[2024-05-08T15:04:04.355+0000] {processor.py:161} INFO - Started process (PID=6430) to work on /home/airflow/.local/lib/python3.12/site-packages/airflow/example_dags/example_display_name.py
[2024-05-08T15:04:04.357+0000] {processor.py:830} INFO - Processing file /home/airflow/.local/lib/python3.12/site-packages/airflow/example_dags/example_display_name.py for tasks to queue
[2024-05-08T15:04:04.360+0000] {logging_mixin.py:188} INFO - [2024-05-08T15:04:04.360+0000] {dagbag.py:545} INFO - Filling up the DagBag from /home/airflow/.local/lib/python3.12/site-packages/airflow/example_dags/example_display_name.py
[2024-05-08T15:04:04.374+0000] {processor.py:840} INFO - DAG(s) 'example_display_name' retrieved from /home/airflow/.local/lib/python3.12/site-packages/airflow/example_dags/example_display_name.py
[2024-05-08T15:04:04.432+0000] {logging_mixin.py:188} INFO - [2024-05-08T15:04:04.432+0000] {dag.py:3096} INFO - Sync 1 DAGs
[2024-05-08T15:04:04.457+0000] {logging_mixin.py:188} INFO - [2024-05-08T15:04:04.456+0000] {dag.py:3954} INFO - Setting next_dagrun for example_display_name to None, run_after=None
[2024-05-08T15:04:04.498+0000] {processor.py:183} INFO - Processing /home/airflow/.local/lib/python3.12/site-packages/airflow/example_dags/example_display_name.py took 0.157 seconds
[2024-05-08T15:04:34.636+0000] {processor.py:161} INFO - Started process (PID=6692) to work on /home/airflow/.local/lib/python3.12/site-packages/airflow/example_dags/example_display_name.py
[2024-05-08T15:04:34.639+0000] {processor.py:830} INFO - Processing file /home/airflow/.local/lib/python3.12/site-packages/airflow/example_dags/example_display_name.py for tasks to queue
[2024-05-08T15:04:34.642+0000] {logging_mixin.py:188} INFO - [2024-05-08T15:04:34.642+0000] {dagbag.py:545} INFO - Filling up the DagBag from /home/airflow/.local/lib/python3.12/site-packages/airflow/example_dags/example_display_name.py
[2024-05-08T15:04:34.651+0000] {processor.py:840} INFO - DAG(s) 'example_display_name' retrieved from /home/airflow/.local/lib/python3.12/site-packages/airflow/example_dags/example_display_name.py
[2024-05-08T15:04:34.685+0000] {logging_mixin.py:188} INFO - [2024-05-08T15:04:34.685+0000] {dag.py:3096} INFO - Sync 1 DAGs
[2024-05-08T15:04:34.706+0000] {logging_mixin.py:188} INFO - [2024-05-08T15:04:34.706+0000] {dag.py:3954} INFO - Setting next_dagrun for example_display_name to None, run_after=None
[2024-05-08T15:04:34.739+0000] {processor.py:183} INFO - Processing /home/airflow/.local/lib/python3.12/site-packages/airflow/example_dags/example_display_name.py took 0.113 seconds
[2024-05-08T15:05:06.333+0000] {processor.py:161} INFO - Started process (PID=6954) to work on /home/airflow/.local/lib/python3.12/site-packages/airflow/example_dags/example_display_name.py
[2024-05-08T15:05:06.347+0000] {processor.py:830} INFO - Processing file /home/airflow/.local/lib/python3.12/site-packages/airflow/example_dags/example_display_name.py for tasks to queue
[2024-05-08T15:05:06.359+0000] {logging_mixin.py:188} INFO - [2024-05-08T15:05:06.358+0000] {dagbag.py:545} INFO - Filling up the DagBag from /home/airflow/.local/lib/python3.12/site-packages/airflow/example_dags/example_display_name.py
[2024-05-08T15:05:06.421+0000] {processor.py:840} INFO - DAG(s) 'example_display_name' retrieved from /home/airflow/.local/lib/python3.12/site-packages/airflow/example_dags/example_display_name.py
[2024-05-08T15:05:06.609+0000] {logging_mixin.py:188} INFO - [2024-05-08T15:05:06.608+0000] {dag.py:3096} INFO - Sync 1 DAGs
[2024-05-08T15:05:06.757+0000] {logging_mixin.py:188} INFO - [2024-05-08T15:05:06.756+0000] {dag.py:3954} INFO - Setting next_dagrun for example_display_name to None, run_after=None
[2024-05-08T15:05:06.858+0000] {processor.py:183} INFO - Processing /home/airflow/.local/lib/python3.12/site-packages/airflow/example_dags/example_display_name.py took 0.549 seconds
[2024-05-08T15:05:37.626+0000] {processor.py:161} INFO - Started process (PID=7216) to work on /home/airflow/.local/lib/python3.12/site-packages/airflow/example_dags/example_display_name.py
[2024-05-08T15:05:37.638+0000] {processor.py:830} INFO - Processing file /home/airflow/.local/lib/python3.12/site-packages/airflow/example_dags/example_display_name.py for tasks to queue
[2024-05-08T15:05:37.945+0000] {logging_mixin.py:188} INFO - [2024-05-08T15:05:37.939+0000] {dagbag.py:545} INFO - Filling up the DagBag from /home/airflow/.local/lib/python3.12/site-packages/airflow/example_dags/example_display_name.py
[2024-05-08T15:05:38.198+0000] {processor.py:840} INFO - DAG(s) 'example_display_name' retrieved from /home/airflow/.local/lib/python3.12/site-packages/airflow/example_dags/example_display_name.py
[2024-05-08T15:05:38.322+0000] {logging_mixin.py:188} INFO - [2024-05-08T15:05:38.321+0000] {dag.py:3096} INFO - Sync 1 DAGs
[2024-05-08T15:05:38.386+0000] {logging_mixin.py:188} INFO - [2024-05-08T15:05:38.386+0000] {dag.py:3954} INFO - Setting next_dagrun for example_display_name to None, run_after=None
[2024-05-08T15:05:38.454+0000] {processor.py:183} INFO - Processing /home/airflow/.local/lib/python3.12/site-packages/airflow/example_dags/example_display_name.py took 0.861 seconds
[2024-05-08T15:06:09.229+0000] {processor.py:161} INFO - Started process (PID=7487) to work on /home/airflow/.local/lib/python3.12/site-packages/airflow/example_dags/example_display_name.py
[2024-05-08T15:06:09.230+0000] {processor.py:830} INFO - Processing file /home/airflow/.local/lib/python3.12/site-packages/airflow/example_dags/example_display_name.py for tasks to queue
[2024-05-08T15:06:09.233+0000] {logging_mixin.py:188} INFO - [2024-05-08T15:06:09.232+0000] {dagbag.py:545} INFO - Filling up the DagBag from /home/airflow/.local/lib/python3.12/site-packages/airflow/example_dags/example_display_name.py
[2024-05-08T15:06:09.241+0000] {processor.py:840} INFO - DAG(s) 'example_display_name' retrieved from /home/airflow/.local/lib/python3.12/site-packages/airflow/example_dags/example_display_name.py
[2024-05-08T15:06:09.274+0000] {logging_mixin.py:188} INFO - [2024-05-08T15:06:09.273+0000] {dag.py:3096} INFO - Sync 1 DAGs
[2024-05-08T15:06:09.294+0000] {logging_mixin.py:188} INFO - [2024-05-08T15:06:09.294+0000] {dag.py:3954} INFO - Setting next_dagrun for example_display_name to None, run_after=None
[2024-05-08T15:06:09.328+0000] {processor.py:183} INFO - Processing /home/airflow/.local/lib/python3.12/site-packages/airflow/example_dags/example_display_name.py took 0.108 seconds
[2024-05-08T15:06:39.811+0000] {processor.py:161} INFO - Started process (PID=7749) to work on /home/airflow/.local/lib/python3.12/site-packages/airflow/example_dags/example_display_name.py
[2024-05-08T15:06:39.813+0000] {processor.py:830} INFO - Processing file /home/airflow/.local/lib/python3.12/site-packages/airflow/example_dags/example_display_name.py for tasks to queue
[2024-05-08T15:06:39.817+0000] {logging_mixin.py:188} INFO - [2024-05-08T15:06:39.816+0000] {dagbag.py:545} INFO - Filling up the DagBag from /home/airflow/.local/lib/python3.12/site-packages/airflow/example_dags/example_display_name.py
[2024-05-08T15:06:39.824+0000] {processor.py:840} INFO - DAG(s) 'example_display_name' retrieved from /home/airflow/.local/lib/python3.12/site-packages/airflow/example_dags/example_display_name.py
[2024-05-08T15:06:39.871+0000] {logging_mixin.py:188} INFO - [2024-05-08T15:06:39.871+0000] {dag.py:3096} INFO - Sync 1 DAGs
[2024-05-08T15:06:39.897+0000] {logging_mixin.py:188} INFO - [2024-05-08T15:06:39.897+0000] {dag.py:3954} INFO - Setting next_dagrun for example_display_name to None, run_after=None
[2024-05-08T15:06:39.941+0000] {processor.py:183} INFO - Processing /home/airflow/.local/lib/python3.12/site-packages/airflow/example_dags/example_display_name.py took 0.141 seconds
[2024-05-08T15:07:10.459+0000] {processor.py:161} INFO - Started process (PID=8010) to work on /home/airflow/.local/lib/python3.12/site-packages/airflow/example_dags/example_display_name.py
[2024-05-08T15:07:10.460+0000] {processor.py:830} INFO - Processing file /home/airflow/.local/lib/python3.12/site-packages/airflow/example_dags/example_display_name.py for tasks to queue
[2024-05-08T15:07:10.463+0000] {logging_mixin.py:188} INFO - [2024-05-08T15:07:10.463+0000] {dagbag.py:545} INFO - Filling up the DagBag from /home/airflow/.local/lib/python3.12/site-packages/airflow/example_dags/example_display_name.py
[2024-05-08T15:07:10.472+0000] {processor.py:840} INFO - DAG(s) 'example_display_name' retrieved from /home/airflow/.local/lib/python3.12/site-packages/airflow/example_dags/example_display_name.py
[2024-05-08T15:07:10.504+0000] {logging_mixin.py:188} INFO - [2024-05-08T15:07:10.504+0000] {dag.py:3096} INFO - Sync 1 DAGs
[2024-05-08T15:07:10.524+0000] {logging_mixin.py:188} INFO - [2024-05-08T15:07:10.524+0000] {dag.py:3954} INFO - Setting next_dagrun for example_display_name to None, run_after=None
[2024-05-08T15:07:10.556+0000] {processor.py:183} INFO - Processing /home/airflow/.local/lib/python3.12/site-packages/airflow/example_dags/example_display_name.py took 0.106 seconds
[2024-05-08T15:07:40.899+0000] {processor.py:161} INFO - Started process (PID=8269) to work on /home/airflow/.local/lib/python3.12/site-packages/airflow/example_dags/example_display_name.py
[2024-05-08T15:07:40.901+0000] {processor.py:830} INFO - Processing file /home/airflow/.local/lib/python3.12/site-packages/airflow/example_dags/example_display_name.py for tasks to queue
[2024-05-08T15:07:40.905+0000] {logging_mixin.py:188} INFO - [2024-05-08T15:07:40.904+0000] {dagbag.py:545} INFO - Filling up the DagBag from /home/airflow/.local/lib/python3.12/site-packages/airflow/example_dags/example_display_name.py
[2024-05-08T15:07:40.913+0000] {processor.py:840} INFO - DAG(s) 'example_display_name' retrieved from /home/airflow/.local/lib/python3.12/site-packages/airflow/example_dags/example_display_name.py
[2024-05-08T15:07:40.944+0000] {logging_mixin.py:188} INFO - [2024-05-08T15:07:40.943+0000] {dag.py:3096} INFO - Sync 1 DAGs
[2024-05-08T15:07:40.966+0000] {logging_mixin.py:188} INFO - [2024-05-08T15:07:40.966+0000] {dag.py:3954} INFO - Setting next_dagrun for example_display_name to None, run_after=None
[2024-05-08T15:07:41.003+0000] {processor.py:183} INFO - Processing /home/airflow/.local/lib/python3.12/site-packages/airflow/example_dags/example_display_name.py took 0.114 seconds
[2024-05-08T15:08:11.156+0000] {processor.py:161} INFO - Started process (PID=8531) to work on /home/airflow/.local/lib/python3.12/site-packages/airflow/example_dags/example_display_name.py
[2024-05-08T15:08:11.160+0000] {processor.py:830} INFO - Processing file /home/airflow/.local/lib/python3.12/site-packages/airflow/example_dags/example_display_name.py for tasks to queue
[2024-05-08T15:08:11.163+0000] {logging_mixin.py:188} INFO - [2024-05-08T15:08:11.162+0000] {dagbag.py:545} INFO - Filling up the DagBag from /home/airflow/.local/lib/python3.12/site-packages/airflow/example_dags/example_display_name.py
[2024-05-08T15:08:11.174+0000] {processor.py:840} INFO - DAG(s) 'example_display_name' retrieved from /home/airflow/.local/lib/python3.12/site-packages/airflow/example_dags/example_display_name.py
[2024-05-08T15:08:11.209+0000] {logging_mixin.py:188} INFO - [2024-05-08T15:08:11.208+0000] {dag.py:3096} INFO - Sync 1 DAGs
[2024-05-08T15:08:11.228+0000] {logging_mixin.py:188} INFO - [2024-05-08T15:08:11.228+0000] {dag.py:3954} INFO - Setting next_dagrun for example_display_name to None, run_after=None
[2024-05-08T15:08:11.256+0000] {processor.py:183} INFO - Processing /home/airflow/.local/lib/python3.12/site-packages/airflow/example_dags/example_display_name.py took 0.110 seconds
[2024-05-08T15:08:43.037+0000] {processor.py:161} INFO - Started process (PID=8793) to work on /home/airflow/.local/lib/python3.12/site-packages/airflow/example_dags/example_display_name.py
[2024-05-08T15:08:43.039+0000] {processor.py:830} INFO - Processing file /home/airflow/.local/lib/python3.12/site-packages/airflow/example_dags/example_display_name.py for tasks to queue
[2024-05-08T15:08:43.068+0000] {logging_mixin.py:188} INFO - [2024-05-08T15:08:43.067+0000] {dagbag.py:545} INFO - Filling up the DagBag from /home/airflow/.local/lib/python3.12/site-packages/airflow/example_dags/example_display_name.py
[2024-05-08T15:08:43.076+0000] {processor.py:840} INFO - DAG(s) 'example_display_name' retrieved from /home/airflow/.local/lib/python3.12/site-packages/airflow/example_dags/example_display_name.py
[2024-05-08T15:08:43.105+0000] {logging_mixin.py:188} INFO - [2024-05-08T15:08:43.105+0000] {dag.py:3096} INFO - Sync 1 DAGs
[2024-05-08T15:08:43.123+0000] {logging_mixin.py:188} INFO - [2024-05-08T15:08:43.123+0000] {dag.py:3954} INFO - Setting next_dagrun for example_display_name to None, run_after=None
[2024-05-08T15:08:43.180+0000] {processor.py:183} INFO - Processing /home/airflow/.local/lib/python3.12/site-packages/airflow/example_dags/example_display_name.py took 0.159 seconds
