[2024-05-08T14:51:48.851+0000] {processor.py:161} INFO - Started process (PID=232) to work on /home/airflow/.local/lib/python3.12/site-packages/airflow/example_dags/example_local_kubernetes_executor.py
[2024-05-08T14:51:48.853+0000] {processor.py:830} INFO - Processing file /home/airflow/.local/lib/python3.12/site-packages/airflow/example_dags/example_local_kubernetes_executor.py for tasks to queue
[2024-05-08T14:51:48.857+0000] {logging_mixin.py:188} INFO - [2024-05-08T14:51:48.857+0000] {dagbag.py:545} INFO - Filling up the DagBag from /home/airflow/.local/lib/python3.12/site-packages/airflow/example_dags/example_local_kubernetes_executor.py
[2024-05-08T14:51:48.880+0000] {processor.py:840} INFO - DAG(s) 'example_local_kubernetes_executor' retrieved from /home/airflow/.local/lib/python3.12/site-packages/airflow/example_dags/example_local_kubernetes_executor.py
[2024-05-08T14:51:49.763+0000] {logging_mixin.py:188} INFO - [2024-05-08T14:51:49.762+0000] {dag.py:3096} INFO - Sync 1 DAGs
[2024-05-08T14:51:49.815+0000] {logging_mixin.py:188} INFO - [2024-05-08T14:51:49.815+0000] {dag.py:3954} INFO - Setting next_dagrun for example_local_kubernetes_executor to None, run_after=None
[2024-05-08T14:51:49.873+0000] {processor.py:183} INFO - Processing /home/airflow/.local/lib/python3.12/site-packages/airflow/example_dags/example_local_kubernetes_executor.py took 1.040 seconds
[2024-05-08T14:52:20.645+0000] {processor.py:161} INFO - Started process (PID=496) to work on /home/airflow/.local/lib/python3.12/site-packages/airflow/example_dags/example_local_kubernetes_executor.py
[2024-05-08T14:52:20.646+0000] {processor.py:830} INFO - Processing file /home/airflow/.local/lib/python3.12/site-packages/airflow/example_dags/example_local_kubernetes_executor.py for tasks to queue
[2024-05-08T14:52:20.649+0000] {logging_mixin.py:188} INFO - [2024-05-08T14:52:20.648+0000] {dagbag.py:545} INFO - Filling up the DagBag from /home/airflow/.local/lib/python3.12/site-packages/airflow/example_dags/example_local_kubernetes_executor.py
[2024-05-08T14:52:20.662+0000] {processor.py:840} INFO - DAG(s) 'example_local_kubernetes_executor' retrieved from /home/airflow/.local/lib/python3.12/site-packages/airflow/example_dags/example_local_kubernetes_executor.py
[2024-05-08T14:52:20.784+0000] {logging_mixin.py:188} INFO - [2024-05-08T14:52:20.783+0000] {dag.py:3096} INFO - Sync 1 DAGs
[2024-05-08T14:52:20.835+0000] {logging_mixin.py:188} INFO - [2024-05-08T14:52:20.835+0000] {dag.py:3954} INFO - Setting next_dagrun for example_local_kubernetes_executor to None, run_after=None
[2024-05-08T14:52:20.905+0000] {processor.py:183} INFO - Processing /home/airflow/.local/lib/python3.12/site-packages/airflow/example_dags/example_local_kubernetes_executor.py took 0.268 seconds
[2024-05-08T14:52:52.827+0000] {processor.py:161} INFO - Started process (PID=756) to work on /home/airflow/.local/lib/python3.12/site-packages/airflow/example_dags/example_local_kubernetes_executor.py
[2024-05-08T14:52:52.851+0000] {processor.py:830} INFO - Processing file /home/airflow/.local/lib/python3.12/site-packages/airflow/example_dags/example_local_kubernetes_executor.py for tasks to queue
[2024-05-08T14:52:52.878+0000] {logging_mixin.py:188} INFO - [2024-05-08T14:52:52.866+0000] {dagbag.py:545} INFO - Filling up the DagBag from /home/airflow/.local/lib/python3.12/site-packages/airflow/example_dags/example_local_kubernetes_executor.py
[2024-05-08T14:52:52.949+0000] {processor.py:840} INFO - DAG(s) 'example_local_kubernetes_executor' retrieved from /home/airflow/.local/lib/python3.12/site-packages/airflow/example_dags/example_local_kubernetes_executor.py
[2024-05-08T14:52:53.787+0000] {logging_mixin.py:188} INFO - [2024-05-08T14:52:53.785+0000] {dag.py:3096} INFO - Sync 1 DAGs
[2024-05-08T14:52:54.304+0000] {logging_mixin.py:188} INFO - [2024-05-08T14:52:54.304+0000] {dag.py:3954} INFO - Setting next_dagrun for example_local_kubernetes_executor to None, run_after=None
[2024-05-08T14:52:54.727+0000] {processor.py:183} INFO - Processing /home/airflow/.local/lib/python3.12/site-packages/airflow/example_dags/example_local_kubernetes_executor.py took 1.936 seconds
[2024-05-08T14:53:25.868+0000] {processor.py:161} INFO - Started process (PID=1020) to work on /home/airflow/.local/lib/python3.12/site-packages/airflow/example_dags/example_local_kubernetes_executor.py
[2024-05-08T14:53:25.876+0000] {processor.py:830} INFO - Processing file /home/airflow/.local/lib/python3.12/site-packages/airflow/example_dags/example_local_kubernetes_executor.py for tasks to queue
[2024-05-08T14:53:25.881+0000] {logging_mixin.py:188} INFO - [2024-05-08T14:53:25.880+0000] {dagbag.py:545} INFO - Filling up the DagBag from /home/airflow/.local/lib/python3.12/site-packages/airflow/example_dags/example_local_kubernetes_executor.py
[2024-05-08T14:53:25.907+0000] {processor.py:840} INFO - DAG(s) 'example_local_kubernetes_executor' retrieved from /home/airflow/.local/lib/python3.12/site-packages/airflow/example_dags/example_local_kubernetes_executor.py
[2024-05-08T14:53:25.999+0000] {logging_mixin.py:188} INFO - [2024-05-08T14:53:25.999+0000] {dag.py:3096} INFO - Sync 1 DAGs
[2024-05-08T14:53:26.034+0000] {logging_mixin.py:188} INFO - [2024-05-08T14:53:26.034+0000] {dag.py:3954} INFO - Setting next_dagrun for example_local_kubernetes_executor to None, run_after=None
[2024-05-08T14:53:26.113+0000] {processor.py:183} INFO - Processing /home/airflow/.local/lib/python3.12/site-packages/airflow/example_dags/example_local_kubernetes_executor.py took 0.261 seconds
[2024-05-08T14:53:56.807+0000] {processor.py:161} INFO - Started process (PID=1282) to work on /home/airflow/.local/lib/python3.12/site-packages/airflow/example_dags/example_local_kubernetes_executor.py
[2024-05-08T14:53:56.810+0000] {processor.py:830} INFO - Processing file /home/airflow/.local/lib/python3.12/site-packages/airflow/example_dags/example_local_kubernetes_executor.py for tasks to queue
[2024-05-08T14:53:56.813+0000] {logging_mixin.py:188} INFO - [2024-05-08T14:53:56.812+0000] {dagbag.py:545} INFO - Filling up the DagBag from /home/airflow/.local/lib/python3.12/site-packages/airflow/example_dags/example_local_kubernetes_executor.py
[2024-05-08T14:53:56.825+0000] {processor.py:840} INFO - DAG(s) 'example_local_kubernetes_executor' retrieved from /home/airflow/.local/lib/python3.12/site-packages/airflow/example_dags/example_local_kubernetes_executor.py
[2024-05-08T14:53:56.881+0000] {logging_mixin.py:188} INFO - [2024-05-08T14:53:56.880+0000] {dag.py:3096} INFO - Sync 1 DAGs
[2024-05-08T14:53:56.902+0000] {logging_mixin.py:188} INFO - [2024-05-08T14:53:56.901+0000] {dag.py:3954} INFO - Setting next_dagrun for example_local_kubernetes_executor to None, run_after=None
[2024-05-08T14:53:56.939+0000] {processor.py:183} INFO - Processing /home/airflow/.local/lib/python3.12/site-packages/airflow/example_dags/example_local_kubernetes_executor.py took 0.141 seconds
[2024-05-08T14:54:27.227+0000] {processor.py:161} INFO - Started process (PID=1549) to work on /home/airflow/.local/lib/python3.12/site-packages/airflow/example_dags/example_local_kubernetes_executor.py
[2024-05-08T14:54:27.232+0000] {processor.py:830} INFO - Processing file /home/airflow/.local/lib/python3.12/site-packages/airflow/example_dags/example_local_kubernetes_executor.py for tasks to queue
[2024-05-08T14:54:27.240+0000] {logging_mixin.py:188} INFO - [2024-05-08T14:54:27.240+0000] {dagbag.py:545} INFO - Filling up the DagBag from /home/airflow/.local/lib/python3.12/site-packages/airflow/example_dags/example_local_kubernetes_executor.py
[2024-05-08T14:54:27.261+0000] {processor.py:840} INFO - DAG(s) 'example_local_kubernetes_executor' retrieved from /home/airflow/.local/lib/python3.12/site-packages/airflow/example_dags/example_local_kubernetes_executor.py
[2024-05-08T14:54:27.391+0000] {logging_mixin.py:188} INFO - [2024-05-08T14:54:27.391+0000] {dag.py:3096} INFO - Sync 1 DAGs
[2024-05-08T14:54:27.445+0000] {logging_mixin.py:188} INFO - [2024-05-08T14:54:27.444+0000] {dag.py:3954} INFO - Setting next_dagrun for example_local_kubernetes_executor to None, run_after=None
[2024-05-08T14:54:27.544+0000] {processor.py:183} INFO - Processing /home/airflow/.local/lib/python3.12/site-packages/airflow/example_dags/example_local_kubernetes_executor.py took 0.333 seconds
[2024-05-08T14:54:57.873+0000] {processor.py:161} INFO - Started process (PID=1811) to work on /home/airflow/.local/lib/python3.12/site-packages/airflow/example_dags/example_local_kubernetes_executor.py
[2024-05-08T14:54:57.874+0000] {processor.py:830} INFO - Processing file /home/airflow/.local/lib/python3.12/site-packages/airflow/example_dags/example_local_kubernetes_executor.py for tasks to queue
[2024-05-08T14:54:57.877+0000] {logging_mixin.py:188} INFO - [2024-05-08T14:54:57.877+0000] {dagbag.py:545} INFO - Filling up the DagBag from /home/airflow/.local/lib/python3.12/site-packages/airflow/example_dags/example_local_kubernetes_executor.py
[2024-05-08T14:54:57.888+0000] {processor.py:840} INFO - DAG(s) 'example_local_kubernetes_executor' retrieved from /home/airflow/.local/lib/python3.12/site-packages/airflow/example_dags/example_local_kubernetes_executor.py
[2024-05-08T14:54:57.940+0000] {logging_mixin.py:188} INFO - [2024-05-08T14:54:57.940+0000] {dag.py:3096} INFO - Sync 1 DAGs
[2024-05-08T14:54:57.961+0000] {logging_mixin.py:188} INFO - [2024-05-08T14:54:57.960+0000] {dag.py:3954} INFO - Setting next_dagrun for example_local_kubernetes_executor to None, run_after=None
[2024-05-08T14:54:57.992+0000] {processor.py:183} INFO - Processing /home/airflow/.local/lib/python3.12/site-packages/airflow/example_dags/example_local_kubernetes_executor.py took 0.131 seconds
[2024-05-08T14:55:28.574+0000] {processor.py:161} INFO - Started process (PID=2073) to work on /home/airflow/.local/lib/python3.12/site-packages/airflow/example_dags/example_local_kubernetes_executor.py
[2024-05-08T14:55:28.576+0000] {processor.py:830} INFO - Processing file /home/airflow/.local/lib/python3.12/site-packages/airflow/example_dags/example_local_kubernetes_executor.py for tasks to queue
[2024-05-08T14:55:28.590+0000] {logging_mixin.py:188} INFO - [2024-05-08T14:55:28.589+0000] {dagbag.py:545} INFO - Filling up the DagBag from /home/airflow/.local/lib/python3.12/site-packages/airflow/example_dags/example_local_kubernetes_executor.py
[2024-05-08T14:55:28.618+0000] {processor.py:840} INFO - DAG(s) 'example_local_kubernetes_executor' retrieved from /home/airflow/.local/lib/python3.12/site-packages/airflow/example_dags/example_local_kubernetes_executor.py
[2024-05-08T14:55:28.686+0000] {logging_mixin.py:188} INFO - [2024-05-08T14:55:28.685+0000] {dag.py:3096} INFO - Sync 1 DAGs
[2024-05-08T14:55:28.708+0000] {logging_mixin.py:188} INFO - [2024-05-08T14:55:28.707+0000] {dag.py:3954} INFO - Setting next_dagrun for example_local_kubernetes_executor to None, run_after=None
[2024-05-08T14:55:28.738+0000] {processor.py:183} INFO - Processing /home/airflow/.local/lib/python3.12/site-packages/airflow/example_dags/example_local_kubernetes_executor.py took 0.187 seconds
[2024-05-08T14:55:58.884+0000] {processor.py:161} INFO - Started process (PID=2334) to work on /home/airflow/.local/lib/python3.12/site-packages/airflow/example_dags/example_local_kubernetes_executor.py
[2024-05-08T14:55:58.889+0000] {processor.py:830} INFO - Processing file /home/airflow/.local/lib/python3.12/site-packages/airflow/example_dags/example_local_kubernetes_executor.py for tasks to queue
[2024-05-08T14:55:58.893+0000] {logging_mixin.py:188} INFO - [2024-05-08T14:55:58.892+0000] {dagbag.py:545} INFO - Filling up the DagBag from /home/airflow/.local/lib/python3.12/site-packages/airflow/example_dags/example_local_kubernetes_executor.py
[2024-05-08T14:55:58.905+0000] {processor.py:840} INFO - DAG(s) 'example_local_kubernetes_executor' retrieved from /home/airflow/.local/lib/python3.12/site-packages/airflow/example_dags/example_local_kubernetes_executor.py
[2024-05-08T14:55:58.977+0000] {logging_mixin.py:188} INFO - [2024-05-08T14:55:58.976+0000] {dag.py:3096} INFO - Sync 1 DAGs
[2024-05-08T14:55:59.006+0000] {logging_mixin.py:188} INFO - [2024-05-08T14:55:59.006+0000] {dag.py:3954} INFO - Setting next_dagrun for example_local_kubernetes_executor to None, run_after=None
[2024-05-08T14:55:59.057+0000] {processor.py:183} INFO - Processing /home/airflow/.local/lib/python3.12/site-packages/airflow/example_dags/example_local_kubernetes_executor.py took 0.185 seconds
[2024-05-08T14:56:29.628+0000] {processor.py:161} INFO - Started process (PID=2596) to work on /home/airflow/.local/lib/python3.12/site-packages/airflow/example_dags/example_local_kubernetes_executor.py
[2024-05-08T14:56:29.629+0000] {processor.py:830} INFO - Processing file /home/airflow/.local/lib/python3.12/site-packages/airflow/example_dags/example_local_kubernetes_executor.py for tasks to queue
[2024-05-08T14:56:29.633+0000] {logging_mixin.py:188} INFO - [2024-05-08T14:56:29.632+0000] {dagbag.py:545} INFO - Filling up the DagBag from /home/airflow/.local/lib/python3.12/site-packages/airflow/example_dags/example_local_kubernetes_executor.py
[2024-05-08T14:56:29.646+0000] {processor.py:840} INFO - DAG(s) 'example_local_kubernetes_executor' retrieved from /home/airflow/.local/lib/python3.12/site-packages/airflow/example_dags/example_local_kubernetes_executor.py
[2024-05-08T14:56:29.711+0000] {logging_mixin.py:188} INFO - [2024-05-08T14:56:29.711+0000] {dag.py:3096} INFO - Sync 1 DAGs
[2024-05-08T14:56:29.743+0000] {logging_mixin.py:188} INFO - [2024-05-08T14:56:29.743+0000] {dag.py:3954} INFO - Setting next_dagrun for example_local_kubernetes_executor to None, run_after=None
[2024-05-08T14:56:29.790+0000] {processor.py:183} INFO - Processing /home/airflow/.local/lib/python3.12/site-packages/airflow/example_dags/example_local_kubernetes_executor.py took 0.172 seconds
[2024-05-08T14:57:00.063+0000] {processor.py:161} INFO - Started process (PID=2858) to work on /home/airflow/.local/lib/python3.12/site-packages/airflow/example_dags/example_local_kubernetes_executor.py
[2024-05-08T14:57:00.066+0000] {processor.py:830} INFO - Processing file /home/airflow/.local/lib/python3.12/site-packages/airflow/example_dags/example_local_kubernetes_executor.py for tasks to queue
[2024-05-08T14:57:00.075+0000] {logging_mixin.py:188} INFO - [2024-05-08T14:57:00.075+0000] {dagbag.py:545} INFO - Filling up the DagBag from /home/airflow/.local/lib/python3.12/site-packages/airflow/example_dags/example_local_kubernetes_executor.py
[2024-05-08T14:57:00.096+0000] {processor.py:840} INFO - DAG(s) 'example_local_kubernetes_executor' retrieved from /home/airflow/.local/lib/python3.12/site-packages/airflow/example_dags/example_local_kubernetes_executor.py
[2024-05-08T14:57:00.167+0000] {logging_mixin.py:188} INFO - [2024-05-08T14:57:00.167+0000] {dag.py:3096} INFO - Sync 1 DAGs
[2024-05-08T14:57:00.232+0000] {logging_mixin.py:188} INFO - [2024-05-08T14:57:00.232+0000] {dag.py:3954} INFO - Setting next_dagrun for example_local_kubernetes_executor to None, run_after=None
[2024-05-08T14:57:00.289+0000] {processor.py:183} INFO - Processing /home/airflow/.local/lib/python3.12/site-packages/airflow/example_dags/example_local_kubernetes_executor.py took 0.243 seconds
[2024-05-08T14:57:30.353+0000] {processor.py:161} INFO - Started process (PID=3121) to work on /home/airflow/.local/lib/python3.12/site-packages/airflow/example_dags/example_local_kubernetes_executor.py
[2024-05-08T14:57:30.355+0000] {processor.py:830} INFO - Processing file /home/airflow/.local/lib/python3.12/site-packages/airflow/example_dags/example_local_kubernetes_executor.py for tasks to queue
[2024-05-08T14:57:30.362+0000] {logging_mixin.py:188} INFO - [2024-05-08T14:57:30.361+0000] {dagbag.py:545} INFO - Filling up the DagBag from /home/airflow/.local/lib/python3.12/site-packages/airflow/example_dags/example_local_kubernetes_executor.py
[2024-05-08T14:57:30.379+0000] {processor.py:840} INFO - DAG(s) 'example_local_kubernetes_executor' retrieved from /home/airflow/.local/lib/python3.12/site-packages/airflow/example_dags/example_local_kubernetes_executor.py
[2024-05-08T14:57:30.437+0000] {logging_mixin.py:188} INFO - [2024-05-08T14:57:30.437+0000] {dag.py:3096} INFO - Sync 1 DAGs
[2024-05-08T14:57:30.460+0000] {logging_mixin.py:188} INFO - [2024-05-08T14:57:30.460+0000] {dag.py:3954} INFO - Setting next_dagrun for example_local_kubernetes_executor to None, run_after=None
[2024-05-08T14:57:30.494+0000] {processor.py:183} INFO - Processing /home/airflow/.local/lib/python3.12/site-packages/airflow/example_dags/example_local_kubernetes_executor.py took 0.154 seconds
[2024-05-08T14:58:00.924+0000] {processor.py:161} INFO - Started process (PID=3383) to work on /home/airflow/.local/lib/python3.12/site-packages/airflow/example_dags/example_local_kubernetes_executor.py
[2024-05-08T14:58:00.925+0000] {processor.py:830} INFO - Processing file /home/airflow/.local/lib/python3.12/site-packages/airflow/example_dags/example_local_kubernetes_executor.py for tasks to queue
[2024-05-08T14:58:00.928+0000] {logging_mixin.py:188} INFO - [2024-05-08T14:58:00.928+0000] {dagbag.py:545} INFO - Filling up the DagBag from /home/airflow/.local/lib/python3.12/site-packages/airflow/example_dags/example_local_kubernetes_executor.py
[2024-05-08T14:58:00.940+0000] {processor.py:840} INFO - DAG(s) 'example_local_kubernetes_executor' retrieved from /home/airflow/.local/lib/python3.12/site-packages/airflow/example_dags/example_local_kubernetes_executor.py
[2024-05-08T14:58:00.992+0000] {logging_mixin.py:188} INFO - [2024-05-08T14:58:00.992+0000] {dag.py:3096} INFO - Sync 1 DAGs
[2024-05-08T14:58:01.011+0000] {logging_mixin.py:188} INFO - [2024-05-08T14:58:01.011+0000] {dag.py:3954} INFO - Setting next_dagrun for example_local_kubernetes_executor to None, run_after=None
[2024-05-08T14:58:01.043+0000] {processor.py:183} INFO - Processing /home/airflow/.local/lib/python3.12/site-packages/airflow/example_dags/example_local_kubernetes_executor.py took 0.128 seconds
[2024-05-08T14:58:31.152+0000] {processor.py:161} INFO - Started process (PID=3639) to work on /home/airflow/.local/lib/python3.12/site-packages/airflow/example_dags/example_local_kubernetes_executor.py
[2024-05-08T14:58:31.158+0000] {processor.py:830} INFO - Processing file /home/airflow/.local/lib/python3.12/site-packages/airflow/example_dags/example_local_kubernetes_executor.py for tasks to queue
[2024-05-08T14:58:31.164+0000] {logging_mixin.py:188} INFO - [2024-05-08T14:58:31.162+0000] {dagbag.py:545} INFO - Filling up the DagBag from /home/airflow/.local/lib/python3.12/site-packages/airflow/example_dags/example_local_kubernetes_executor.py
[2024-05-08T14:58:31.194+0000] {processor.py:840} INFO - DAG(s) 'example_local_kubernetes_executor' retrieved from /home/airflow/.local/lib/python3.12/site-packages/airflow/example_dags/example_local_kubernetes_executor.py
[2024-05-08T14:58:31.301+0000] {logging_mixin.py:188} INFO - [2024-05-08T14:58:31.300+0000] {dag.py:3096} INFO - Sync 1 DAGs
[2024-05-08T14:58:31.344+0000] {logging_mixin.py:188} INFO - [2024-05-08T14:58:31.344+0000] {dag.py:3954} INFO - Setting next_dagrun for example_local_kubernetes_executor to None, run_after=None
[2024-05-08T14:58:31.393+0000] {processor.py:183} INFO - Processing /home/airflow/.local/lib/python3.12/site-packages/airflow/example_dags/example_local_kubernetes_executor.py took 0.259 seconds
[2024-05-08T14:59:01.614+0000] {processor.py:161} INFO - Started process (PID=3901) to work on /home/airflow/.local/lib/python3.12/site-packages/airflow/example_dags/example_local_kubernetes_executor.py
[2024-05-08T14:59:01.616+0000] {processor.py:830} INFO - Processing file /home/airflow/.local/lib/python3.12/site-packages/airflow/example_dags/example_local_kubernetes_executor.py for tasks to queue
[2024-05-08T14:59:01.619+0000] {logging_mixin.py:188} INFO - [2024-05-08T14:59:01.618+0000] {dagbag.py:545} INFO - Filling up the DagBag from /home/airflow/.local/lib/python3.12/site-packages/airflow/example_dags/example_local_kubernetes_executor.py
[2024-05-08T14:59:01.631+0000] {processor.py:840} INFO - DAG(s) 'example_local_kubernetes_executor' retrieved from /home/airflow/.local/lib/python3.12/site-packages/airflow/example_dags/example_local_kubernetes_executor.py
[2024-05-08T14:59:01.687+0000] {logging_mixin.py:188} INFO - [2024-05-08T14:59:01.687+0000] {dag.py:3096} INFO - Sync 1 DAGs
[2024-05-08T14:59:01.711+0000] {logging_mixin.py:188} INFO - [2024-05-08T14:59:01.710+0000] {dag.py:3954} INFO - Setting next_dagrun for example_local_kubernetes_executor to None, run_after=None
[2024-05-08T14:59:01.743+0000] {processor.py:183} INFO - Processing /home/airflow/.local/lib/python3.12/site-packages/airflow/example_dags/example_local_kubernetes_executor.py took 0.138 seconds
[2024-05-08T14:59:32.055+0000] {processor.py:161} INFO - Started process (PID=4163) to work on /home/airflow/.local/lib/python3.12/site-packages/airflow/example_dags/example_local_kubernetes_executor.py
[2024-05-08T14:59:32.058+0000] {processor.py:830} INFO - Processing file /home/airflow/.local/lib/python3.12/site-packages/airflow/example_dags/example_local_kubernetes_executor.py for tasks to queue
[2024-05-08T14:59:32.061+0000] {logging_mixin.py:188} INFO - [2024-05-08T14:59:32.061+0000] {dagbag.py:545} INFO - Filling up the DagBag from /home/airflow/.local/lib/python3.12/site-packages/airflow/example_dags/example_local_kubernetes_executor.py
[2024-05-08T14:59:32.072+0000] {processor.py:840} INFO - DAG(s) 'example_local_kubernetes_executor' retrieved from /home/airflow/.local/lib/python3.12/site-packages/airflow/example_dags/example_local_kubernetes_executor.py
[2024-05-08T14:59:32.129+0000] {logging_mixin.py:188} INFO - [2024-05-08T14:59:32.129+0000] {dag.py:3096} INFO - Sync 1 DAGs
[2024-05-08T14:59:32.152+0000] {logging_mixin.py:188} INFO - [2024-05-08T14:59:32.152+0000] {dag.py:3954} INFO - Setting next_dagrun for example_local_kubernetes_executor to None, run_after=None
[2024-05-08T14:59:32.185+0000] {processor.py:183} INFO - Processing /home/airflow/.local/lib/python3.12/site-packages/airflow/example_dags/example_local_kubernetes_executor.py took 0.139 seconds
[2024-05-08T15:00:02.674+0000] {processor.py:161} INFO - Started process (PID=4424) to work on /home/airflow/.local/lib/python3.12/site-packages/airflow/example_dags/example_local_kubernetes_executor.py
[2024-05-08T15:00:02.676+0000] {processor.py:830} INFO - Processing file /home/airflow/.local/lib/python3.12/site-packages/airflow/example_dags/example_local_kubernetes_executor.py for tasks to queue
[2024-05-08T15:00:02.679+0000] {logging_mixin.py:188} INFO - [2024-05-08T15:00:02.679+0000] {dagbag.py:545} INFO - Filling up the DagBag from /home/airflow/.local/lib/python3.12/site-packages/airflow/example_dags/example_local_kubernetes_executor.py
[2024-05-08T15:00:02.725+0000] {processor.py:840} INFO - DAG(s) 'example_local_kubernetes_executor' retrieved from /home/airflow/.local/lib/python3.12/site-packages/airflow/example_dags/example_local_kubernetes_executor.py
[2024-05-08T15:00:02.859+0000] {logging_mixin.py:188} INFO - [2024-05-08T15:00:02.858+0000] {dag.py:3096} INFO - Sync 1 DAGs
[2024-05-08T15:00:02.944+0000] {logging_mixin.py:188} INFO - [2024-05-08T15:00:02.935+0000] {dag.py:3954} INFO - Setting next_dagrun for example_local_kubernetes_executor to None, run_after=None
[2024-05-08T15:00:03.021+0000] {processor.py:183} INFO - Processing /home/airflow/.local/lib/python3.12/site-packages/airflow/example_dags/example_local_kubernetes_executor.py took 0.356 seconds
[2024-05-08T15:00:33.273+0000] {processor.py:161} INFO - Started process (PID=4686) to work on /home/airflow/.local/lib/python3.12/site-packages/airflow/example_dags/example_local_kubernetes_executor.py
[2024-05-08T15:00:33.275+0000] {processor.py:830} INFO - Processing file /home/airflow/.local/lib/python3.12/site-packages/airflow/example_dags/example_local_kubernetes_executor.py for tasks to queue
[2024-05-08T15:00:33.277+0000] {logging_mixin.py:188} INFO - [2024-05-08T15:00:33.277+0000] {dagbag.py:545} INFO - Filling up the DagBag from /home/airflow/.local/lib/python3.12/site-packages/airflow/example_dags/example_local_kubernetes_executor.py
[2024-05-08T15:00:33.289+0000] {processor.py:840} INFO - DAG(s) 'example_local_kubernetes_executor' retrieved from /home/airflow/.local/lib/python3.12/site-packages/airflow/example_dags/example_local_kubernetes_executor.py
[2024-05-08T15:00:33.345+0000] {logging_mixin.py:188} INFO - [2024-05-08T15:00:33.345+0000] {dag.py:3096} INFO - Sync 1 DAGs
[2024-05-08T15:00:33.366+0000] {logging_mixin.py:188} INFO - [2024-05-08T15:00:33.366+0000] {dag.py:3954} INFO - Setting next_dagrun for example_local_kubernetes_executor to None, run_after=None
[2024-05-08T15:00:33.400+0000] {processor.py:183} INFO - Processing /home/airflow/.local/lib/python3.12/site-packages/airflow/example_dags/example_local_kubernetes_executor.py took 0.136 seconds
[2024-05-08T15:01:03.524+0000] {processor.py:161} INFO - Started process (PID=4947) to work on /home/airflow/.local/lib/python3.12/site-packages/airflow/example_dags/example_local_kubernetes_executor.py
[2024-05-08T15:01:03.566+0000] {processor.py:830} INFO - Processing file /home/airflow/.local/lib/python3.12/site-packages/airflow/example_dags/example_local_kubernetes_executor.py for tasks to queue
[2024-05-08T15:01:03.587+0000] {logging_mixin.py:188} INFO - [2024-05-08T15:01:03.584+0000] {dagbag.py:545} INFO - Filling up the DagBag from /home/airflow/.local/lib/python3.12/site-packages/airflow/example_dags/example_local_kubernetes_executor.py
[2024-05-08T15:01:03.627+0000] {processor.py:840} INFO - DAG(s) 'example_local_kubernetes_executor' retrieved from /home/airflow/.local/lib/python3.12/site-packages/airflow/example_dags/example_local_kubernetes_executor.py
[2024-05-08T15:01:03.814+0000] {logging_mixin.py:188} INFO - [2024-05-08T15:01:03.814+0000] {dag.py:3096} INFO - Sync 1 DAGs
[2024-05-08T15:01:03.861+0000] {logging_mixin.py:188} INFO - [2024-05-08T15:01:03.860+0000] {dag.py:3954} INFO - Setting next_dagrun for example_local_kubernetes_executor to None, run_after=None
[2024-05-08T15:01:03.902+0000] {processor.py:183} INFO - Processing /home/airflow/.local/lib/python3.12/site-packages/airflow/example_dags/example_local_kubernetes_executor.py took 0.426 seconds
[2024-05-08T15:01:34.479+0000] {processor.py:161} INFO - Started process (PID=5208) to work on /home/airflow/.local/lib/python3.12/site-packages/airflow/example_dags/example_local_kubernetes_executor.py
[2024-05-08T15:01:34.482+0000] {processor.py:830} INFO - Processing file /home/airflow/.local/lib/python3.12/site-packages/airflow/example_dags/example_local_kubernetes_executor.py for tasks to queue
[2024-05-08T15:01:34.487+0000] {logging_mixin.py:188} INFO - [2024-05-08T15:01:34.486+0000] {dagbag.py:545} INFO - Filling up the DagBag from /home/airflow/.local/lib/python3.12/site-packages/airflow/example_dags/example_local_kubernetes_executor.py
[2024-05-08T15:01:34.524+0000] {processor.py:840} INFO - DAG(s) 'example_local_kubernetes_executor' retrieved from /home/airflow/.local/lib/python3.12/site-packages/airflow/example_dags/example_local_kubernetes_executor.py
[2024-05-08T15:01:34.694+0000] {logging_mixin.py:188} INFO - [2024-05-08T15:01:34.693+0000] {dag.py:3096} INFO - Sync 1 DAGs
[2024-05-08T15:01:34.738+0000] {logging_mixin.py:188} INFO - [2024-05-08T15:01:34.737+0000] {dag.py:3954} INFO - Setting next_dagrun for example_local_kubernetes_executor to None, run_after=None
[2024-05-08T15:01:34.814+0000] {processor.py:183} INFO - Processing /home/airflow/.local/lib/python3.12/site-packages/airflow/example_dags/example_local_kubernetes_executor.py took 0.359 seconds
[2024-05-08T15:02:06.101+0000] {processor.py:161} INFO - Started process (PID=5470) to work on /home/airflow/.local/lib/python3.12/site-packages/airflow/example_dags/example_local_kubernetes_executor.py
[2024-05-08T15:02:06.102+0000] {processor.py:830} INFO - Processing file /home/airflow/.local/lib/python3.12/site-packages/airflow/example_dags/example_local_kubernetes_executor.py for tasks to queue
[2024-05-08T15:02:06.105+0000] {logging_mixin.py:188} INFO - [2024-05-08T15:02:06.104+0000] {dagbag.py:545} INFO - Filling up the DagBag from /home/airflow/.local/lib/python3.12/site-packages/airflow/example_dags/example_local_kubernetes_executor.py
[2024-05-08T15:02:06.115+0000] {processor.py:840} INFO - DAG(s) 'example_local_kubernetes_executor' retrieved from /home/airflow/.local/lib/python3.12/site-packages/airflow/example_dags/example_local_kubernetes_executor.py
[2024-05-08T15:02:06.164+0000] {logging_mixin.py:188} INFO - [2024-05-08T15:02:06.163+0000] {dag.py:3096} INFO - Sync 1 DAGs
[2024-05-08T15:02:06.183+0000] {logging_mixin.py:188} INFO - [2024-05-08T15:02:06.183+0000] {dag.py:3954} INFO - Setting next_dagrun for example_local_kubernetes_executor to None, run_after=None
[2024-05-08T15:02:06.217+0000] {processor.py:183} INFO - Processing /home/airflow/.local/lib/python3.12/site-packages/airflow/example_dags/example_local_kubernetes_executor.py took 0.126 seconds
[2024-05-08T15:02:36.581+0000] {processor.py:161} INFO - Started process (PID=5727) to work on /home/airflow/.local/lib/python3.12/site-packages/airflow/example_dags/example_local_kubernetes_executor.py
[2024-05-08T15:02:36.582+0000] {processor.py:830} INFO - Processing file /home/airflow/.local/lib/python3.12/site-packages/airflow/example_dags/example_local_kubernetes_executor.py for tasks to queue
[2024-05-08T15:02:36.586+0000] {logging_mixin.py:188} INFO - [2024-05-08T15:02:36.585+0000] {dagbag.py:545} INFO - Filling up the DagBag from /home/airflow/.local/lib/python3.12/site-packages/airflow/example_dags/example_local_kubernetes_executor.py
[2024-05-08T15:02:36.596+0000] {processor.py:840} INFO - DAG(s) 'example_local_kubernetes_executor' retrieved from /home/airflow/.local/lib/python3.12/site-packages/airflow/example_dags/example_local_kubernetes_executor.py
[2024-05-08T15:02:36.651+0000] {logging_mixin.py:188} INFO - [2024-05-08T15:02:36.650+0000] {dag.py:3096} INFO - Sync 1 DAGs
[2024-05-08T15:02:36.669+0000] {logging_mixin.py:188} INFO - [2024-05-08T15:02:36.669+0000] {dag.py:3954} INFO - Setting next_dagrun for example_local_kubernetes_executor to None, run_after=None
[2024-05-08T15:02:36.699+0000] {processor.py:183} INFO - Processing /home/airflow/.local/lib/python3.12/site-packages/airflow/example_dags/example_local_kubernetes_executor.py took 0.127 seconds
[2024-05-08T15:03:06.831+0000] {processor.py:161} INFO - Started process (PID=5987) to work on /home/airflow/.local/lib/python3.12/site-packages/airflow/example_dags/example_local_kubernetes_executor.py
[2024-05-08T15:03:06.833+0000] {processor.py:830} INFO - Processing file /home/airflow/.local/lib/python3.12/site-packages/airflow/example_dags/example_local_kubernetes_executor.py for tasks to queue
[2024-05-08T15:03:06.837+0000] {logging_mixin.py:188} INFO - [2024-05-08T15:03:06.836+0000] {dagbag.py:545} INFO - Filling up the DagBag from /home/airflow/.local/lib/python3.12/site-packages/airflow/example_dags/example_local_kubernetes_executor.py
[2024-05-08T15:03:06.847+0000] {processor.py:840} INFO - DAG(s) 'example_local_kubernetes_executor' retrieved from /home/airflow/.local/lib/python3.12/site-packages/airflow/example_dags/example_local_kubernetes_executor.py
[2024-05-08T15:03:06.897+0000] {logging_mixin.py:188} INFO - [2024-05-08T15:03:06.897+0000] {dag.py:3096} INFO - Sync 1 DAGs
[2024-05-08T15:03:06.915+0000] {logging_mixin.py:188} INFO - [2024-05-08T15:03:06.915+0000] {dag.py:3954} INFO - Setting next_dagrun for example_local_kubernetes_executor to None, run_after=None
[2024-05-08T15:03:06.942+0000] {processor.py:183} INFO - Processing /home/airflow/.local/lib/python3.12/site-packages/airflow/example_dags/example_local_kubernetes_executor.py took 0.122 seconds
[2024-05-08T15:03:37.561+0000] {processor.py:161} INFO - Started process (PID=6250) to work on /home/airflow/.local/lib/python3.12/site-packages/airflow/example_dags/example_local_kubernetes_executor.py
[2024-05-08T15:03:37.563+0000] {processor.py:830} INFO - Processing file /home/airflow/.local/lib/python3.12/site-packages/airflow/example_dags/example_local_kubernetes_executor.py for tasks to queue
[2024-05-08T15:03:37.566+0000] {logging_mixin.py:188} INFO - [2024-05-08T15:03:37.566+0000] {dagbag.py:545} INFO - Filling up the DagBag from /home/airflow/.local/lib/python3.12/site-packages/airflow/example_dags/example_local_kubernetes_executor.py
[2024-05-08T15:03:37.578+0000] {processor.py:840} INFO - DAG(s) 'example_local_kubernetes_executor' retrieved from /home/airflow/.local/lib/python3.12/site-packages/airflow/example_dags/example_local_kubernetes_executor.py
[2024-05-08T15:03:37.649+0000] {logging_mixin.py:188} INFO - [2024-05-08T15:03:37.649+0000] {dag.py:3096} INFO - Sync 1 DAGs
[2024-05-08T15:03:37.668+0000] {logging_mixin.py:188} INFO - [2024-05-08T15:03:37.667+0000] {dag.py:3954} INFO - Setting next_dagrun for example_local_kubernetes_executor to None, run_after=None
[2024-05-08T15:03:37.697+0000] {processor.py:183} INFO - Processing /home/airflow/.local/lib/python3.12/site-packages/airflow/example_dags/example_local_kubernetes_executor.py took 0.145 seconds
[2024-05-08T15:04:10.033+0000] {processor.py:161} INFO - Started process (PID=6512) to work on /home/airflow/.local/lib/python3.12/site-packages/airflow/example_dags/example_local_kubernetes_executor.py
[2024-05-08T15:04:10.044+0000] {processor.py:830} INFO - Processing file /home/airflow/.local/lib/python3.12/site-packages/airflow/example_dags/example_local_kubernetes_executor.py for tasks to queue
[2024-05-08T15:04:10.048+0000] {logging_mixin.py:188} INFO - [2024-05-08T15:04:10.047+0000] {dagbag.py:545} INFO - Filling up the DagBag from /home/airflow/.local/lib/python3.12/site-packages/airflow/example_dags/example_local_kubernetes_executor.py
[2024-05-08T15:04:10.080+0000] {processor.py:840} INFO - DAG(s) 'example_local_kubernetes_executor' retrieved from /home/airflow/.local/lib/python3.12/site-packages/airflow/example_dags/example_local_kubernetes_executor.py
[2024-05-08T15:04:10.198+0000] {logging_mixin.py:188} INFO - [2024-05-08T15:04:10.196+0000] {dag.py:3096} INFO - Sync 1 DAGs
[2024-05-08T15:04:10.247+0000] {logging_mixin.py:188} INFO - [2024-05-08T15:04:10.246+0000] {dag.py:3954} INFO - Setting next_dagrun for example_local_kubernetes_executor to None, run_after=None
[2024-05-08T15:04:10.344+0000] {processor.py:183} INFO - Processing /home/airflow/.local/lib/python3.12/site-packages/airflow/example_dags/example_local_kubernetes_executor.py took 0.338 seconds
[2024-05-08T15:04:41.061+0000] {processor.py:161} INFO - Started process (PID=6774) to work on /home/airflow/.local/lib/python3.12/site-packages/airflow/example_dags/example_local_kubernetes_executor.py
[2024-05-08T15:04:41.063+0000] {processor.py:830} INFO - Processing file /home/airflow/.local/lib/python3.12/site-packages/airflow/example_dags/example_local_kubernetes_executor.py for tasks to queue
[2024-05-08T15:04:41.066+0000] {logging_mixin.py:188} INFO - [2024-05-08T15:04:41.066+0000] {dagbag.py:545} INFO - Filling up the DagBag from /home/airflow/.local/lib/python3.12/site-packages/airflow/example_dags/example_local_kubernetes_executor.py
[2024-05-08T15:04:41.077+0000] {processor.py:840} INFO - DAG(s) 'example_local_kubernetes_executor' retrieved from /home/airflow/.local/lib/python3.12/site-packages/airflow/example_dags/example_local_kubernetes_executor.py
[2024-05-08T15:04:41.130+0000] {logging_mixin.py:188} INFO - [2024-05-08T15:04:41.130+0000] {dag.py:3096} INFO - Sync 1 DAGs
[2024-05-08T15:04:41.149+0000] {logging_mixin.py:188} INFO - [2024-05-08T15:04:41.149+0000] {dag.py:3954} INFO - Setting next_dagrun for example_local_kubernetes_executor to None, run_after=None
[2024-05-08T15:04:41.180+0000] {processor.py:183} INFO - Processing /home/airflow/.local/lib/python3.12/site-packages/airflow/example_dags/example_local_kubernetes_executor.py took 0.130 seconds
[2024-05-08T15:05:12.941+0000] {processor.py:161} INFO - Started process (PID=7014) to work on /home/airflow/.local/lib/python3.12/site-packages/airflow/example_dags/example_local_kubernetes_executor.py
[2024-05-08T15:05:12.948+0000] {processor.py:830} INFO - Processing file /home/airflow/.local/lib/python3.12/site-packages/airflow/example_dags/example_local_kubernetes_executor.py for tasks to queue
[2024-05-08T15:05:12.959+0000] {logging_mixin.py:188} INFO - [2024-05-08T15:05:12.958+0000] {dagbag.py:545} INFO - Filling up the DagBag from /home/airflow/.local/lib/python3.12/site-packages/airflow/example_dags/example_local_kubernetes_executor.py
[2024-05-08T15:05:12.983+0000] {processor.py:840} INFO - DAG(s) 'example_local_kubernetes_executor' retrieved from /home/airflow/.local/lib/python3.12/site-packages/airflow/example_dags/example_local_kubernetes_executor.py
[2024-05-08T15:05:13.177+0000] {logging_mixin.py:188} INFO - [2024-05-08T15:05:13.177+0000] {dag.py:3096} INFO - Sync 1 DAGs
[2024-05-08T15:05:13.250+0000] {logging_mixin.py:188} INFO - [2024-05-08T15:05:13.249+0000] {dag.py:3954} INFO - Setting next_dagrun for example_local_kubernetes_executor to None, run_after=None
[2024-05-08T15:05:13.364+0000] {processor.py:183} INFO - Processing /home/airflow/.local/lib/python3.12/site-packages/airflow/example_dags/example_local_kubernetes_executor.py took 0.457 seconds
[2024-05-08T15:05:44.102+0000] {processor.py:161} INFO - Started process (PID=7276) to work on /home/airflow/.local/lib/python3.12/site-packages/airflow/example_dags/example_local_kubernetes_executor.py
[2024-05-08T15:05:44.103+0000] {processor.py:830} INFO - Processing file /home/airflow/.local/lib/python3.12/site-packages/airflow/example_dags/example_local_kubernetes_executor.py for tasks to queue
[2024-05-08T15:05:44.106+0000] {logging_mixin.py:188} INFO - [2024-05-08T15:05:44.106+0000] {dagbag.py:545} INFO - Filling up the DagBag from /home/airflow/.local/lib/python3.12/site-packages/airflow/example_dags/example_local_kubernetes_executor.py
[2024-05-08T15:05:44.120+0000] {processor.py:840} INFO - DAG(s) 'example_local_kubernetes_executor' retrieved from /home/airflow/.local/lib/python3.12/site-packages/airflow/example_dags/example_local_kubernetes_executor.py
[2024-05-08T15:05:44.192+0000] {logging_mixin.py:188} INFO - [2024-05-08T15:05:44.191+0000] {dag.py:3096} INFO - Sync 1 DAGs
[2024-05-08T15:05:44.225+0000] {logging_mixin.py:188} INFO - [2024-05-08T15:05:44.224+0000] {dag.py:3954} INFO - Setting next_dagrun for example_local_kubernetes_executor to None, run_after=None
[2024-05-08T15:05:44.357+0000] {processor.py:183} INFO - Processing /home/airflow/.local/lib/python3.12/site-packages/airflow/example_dags/example_local_kubernetes_executor.py took 0.268 seconds
[2024-05-08T15:06:15.283+0000] {processor.py:161} INFO - Started process (PID=7543) to work on /home/airflow/.local/lib/python3.12/site-packages/airflow/example_dags/example_local_kubernetes_executor.py
[2024-05-08T15:06:15.286+0000] {processor.py:830} INFO - Processing file /home/airflow/.local/lib/python3.12/site-packages/airflow/example_dags/example_local_kubernetes_executor.py for tasks to queue
[2024-05-08T15:06:15.290+0000] {logging_mixin.py:188} INFO - [2024-05-08T15:06:15.289+0000] {dagbag.py:545} INFO - Filling up the DagBag from /home/airflow/.local/lib/python3.12/site-packages/airflow/example_dags/example_local_kubernetes_executor.py
[2024-05-08T15:06:15.308+0000] {processor.py:840} INFO - DAG(s) 'example_local_kubernetes_executor' retrieved from /home/airflow/.local/lib/python3.12/site-packages/airflow/example_dags/example_local_kubernetes_executor.py
[2024-05-08T15:06:15.368+0000] {logging_mixin.py:188} INFO - [2024-05-08T15:06:15.367+0000] {dag.py:3096} INFO - Sync 1 DAGs
[2024-05-08T15:06:15.387+0000] {logging_mixin.py:188} INFO - [2024-05-08T15:06:15.387+0000] {dag.py:3954} INFO - Setting next_dagrun for example_local_kubernetes_executor to None, run_after=None
[2024-05-08T15:06:15.417+0000] {processor.py:183} INFO - Processing /home/airflow/.local/lib/python3.12/site-packages/airflow/example_dags/example_local_kubernetes_executor.py took 0.149 seconds
[2024-05-08T15:06:45.768+0000] {processor.py:161} INFO - Started process (PID=7804) to work on /home/airflow/.local/lib/python3.12/site-packages/airflow/example_dags/example_local_kubernetes_executor.py
[2024-05-08T15:06:45.770+0000] {processor.py:830} INFO - Processing file /home/airflow/.local/lib/python3.12/site-packages/airflow/example_dags/example_local_kubernetes_executor.py for tasks to queue
[2024-05-08T15:06:45.773+0000] {logging_mixin.py:188} INFO - [2024-05-08T15:06:45.772+0000] {dagbag.py:545} INFO - Filling up the DagBag from /home/airflow/.local/lib/python3.12/site-packages/airflow/example_dags/example_local_kubernetes_executor.py
[2024-05-08T15:06:45.785+0000] {processor.py:840} INFO - DAG(s) 'example_local_kubernetes_executor' retrieved from /home/airflow/.local/lib/python3.12/site-packages/airflow/example_dags/example_local_kubernetes_executor.py
[2024-05-08T15:06:45.837+0000] {logging_mixin.py:188} INFO - [2024-05-08T15:06:45.837+0000] {dag.py:3096} INFO - Sync 1 DAGs
[2024-05-08T15:06:45.856+0000] {logging_mixin.py:188} INFO - [2024-05-08T15:06:45.856+0000] {dag.py:3954} INFO - Setting next_dagrun for example_local_kubernetes_executor to None, run_after=None
[2024-05-08T15:06:45.888+0000] {processor.py:183} INFO - Processing /home/airflow/.local/lib/python3.12/site-packages/airflow/example_dags/example_local_kubernetes_executor.py took 0.129 seconds
[2024-05-08T15:07:16.483+0000] {processor.py:161} INFO - Started process (PID=8066) to work on /home/airflow/.local/lib/python3.12/site-packages/airflow/example_dags/example_local_kubernetes_executor.py
[2024-05-08T15:07:16.484+0000] {processor.py:830} INFO - Processing file /home/airflow/.local/lib/python3.12/site-packages/airflow/example_dags/example_local_kubernetes_executor.py for tasks to queue
[2024-05-08T15:07:16.488+0000] {logging_mixin.py:188} INFO - [2024-05-08T15:07:16.487+0000] {dagbag.py:545} INFO - Filling up the DagBag from /home/airflow/.local/lib/python3.12/site-packages/airflow/example_dags/example_local_kubernetes_executor.py
[2024-05-08T15:07:16.499+0000] {processor.py:840} INFO - DAG(s) 'example_local_kubernetes_executor' retrieved from /home/airflow/.local/lib/python3.12/site-packages/airflow/example_dags/example_local_kubernetes_executor.py
[2024-05-08T15:07:16.554+0000] {logging_mixin.py:188} INFO - [2024-05-08T15:07:16.553+0000] {dag.py:3096} INFO - Sync 1 DAGs
[2024-05-08T15:07:16.575+0000] {logging_mixin.py:188} INFO - [2024-05-08T15:07:16.574+0000] {dag.py:3954} INFO - Setting next_dagrun for example_local_kubernetes_executor to None, run_after=None
[2024-05-08T15:07:16.606+0000] {processor.py:183} INFO - Processing /home/airflow/.local/lib/python3.12/site-packages/airflow/example_dags/example_local_kubernetes_executor.py took 0.134 seconds
[2024-05-08T15:07:46.716+0000] {processor.py:161} INFO - Started process (PID=8328) to work on /home/airflow/.local/lib/python3.12/site-packages/airflow/example_dags/example_local_kubernetes_executor.py
[2024-05-08T15:07:46.718+0000] {processor.py:830} INFO - Processing file /home/airflow/.local/lib/python3.12/site-packages/airflow/example_dags/example_local_kubernetes_executor.py for tasks to queue
[2024-05-08T15:07:46.721+0000] {logging_mixin.py:188} INFO - [2024-05-08T15:07:46.720+0000] {dagbag.py:545} INFO - Filling up the DagBag from /home/airflow/.local/lib/python3.12/site-packages/airflow/example_dags/example_local_kubernetes_executor.py
[2024-05-08T15:07:46.734+0000] {processor.py:840} INFO - DAG(s) 'example_local_kubernetes_executor' retrieved from /home/airflow/.local/lib/python3.12/site-packages/airflow/example_dags/example_local_kubernetes_executor.py
[2024-05-08T15:07:46.794+0000] {logging_mixin.py:188} INFO - [2024-05-08T15:07:46.794+0000] {dag.py:3096} INFO - Sync 1 DAGs
[2024-05-08T15:07:46.824+0000] {logging_mixin.py:188} INFO - [2024-05-08T15:07:46.823+0000] {dag.py:3954} INFO - Setting next_dagrun for example_local_kubernetes_executor to None, run_after=None
[2024-05-08T15:07:46.861+0000] {processor.py:183} INFO - Processing /home/airflow/.local/lib/python3.12/site-packages/airflow/example_dags/example_local_kubernetes_executor.py took 0.156 seconds
[2024-05-08T15:08:16.982+0000] {processor.py:161} INFO - Started process (PID=8590) to work on /home/airflow/.local/lib/python3.12/site-packages/airflow/example_dags/example_local_kubernetes_executor.py
[2024-05-08T15:08:16.983+0000] {processor.py:830} INFO - Processing file /home/airflow/.local/lib/python3.12/site-packages/airflow/example_dags/example_local_kubernetes_executor.py for tasks to queue
[2024-05-08T15:08:16.986+0000] {logging_mixin.py:188} INFO - [2024-05-08T15:08:16.985+0000] {dagbag.py:545} INFO - Filling up the DagBag from /home/airflow/.local/lib/python3.12/site-packages/airflow/example_dags/example_local_kubernetes_executor.py
[2024-05-08T15:08:16.997+0000] {processor.py:840} INFO - DAG(s) 'example_local_kubernetes_executor' retrieved from /home/airflow/.local/lib/python3.12/site-packages/airflow/example_dags/example_local_kubernetes_executor.py
[2024-05-08T15:08:17.053+0000] {logging_mixin.py:188} INFO - [2024-05-08T15:08:17.053+0000] {dag.py:3096} INFO - Sync 1 DAGs
[2024-05-08T15:08:17.073+0000] {logging_mixin.py:188} INFO - [2024-05-08T15:08:17.073+0000] {dag.py:3954} INFO - Setting next_dagrun for example_local_kubernetes_executor to None, run_after=None
[2024-05-08T15:08:17.107+0000] {processor.py:183} INFO - Processing /home/airflow/.local/lib/python3.12/site-packages/airflow/example_dags/example_local_kubernetes_executor.py took 0.134 seconds
