[2024-05-08T14:51:54.149+0000] {processor.py:161} INFO - Started process (PID=327) to work on /home/airflow/.local/lib/python3.12/site-packages/airflow/example_dags/example_branch_python_dop_operator_3.py
[2024-05-08T14:51:54.151+0000] {processor.py:830} INFO - Processing file /home/airflow/.local/lib/python3.12/site-packages/airflow/example_dags/example_branch_python_dop_operator_3.py for tasks to queue
[2024-05-08T14:51:54.155+0000] {logging_mixin.py:188} INFO - [2024-05-08T14:51:54.154+0000] {dagbag.py:545} INFO - Filling up the DagBag from /home/airflow/.local/lib/python3.12/site-packages/airflow/example_dags/example_branch_python_dop_operator_3.py
[2024-05-08T14:51:54.171+0000] {processor.py:840} INFO - DAG(s) 'example_branch_dop_operator_v3' retrieved from /home/airflow/.local/lib/python3.12/site-packages/airflow/example_dags/example_branch_python_dop_operator_3.py
[2024-05-08T14:51:54.417+0000] {logging_mixin.py:188} INFO - [2024-05-08T14:51:54.417+0000] {dag.py:3096} INFO - Sync 1 DAGs
[2024-05-08T14:51:54.466+0000] {logging_mixin.py:188} INFO - [2024-05-08T14:51:54.466+0000] {dag.py:3954} INFO - Setting next_dagrun for example_branch_dop_operator_v3 to 2024-05-08 14:50:00+00:00, run_after=2024-05-08 14:51:00+00:00
[2024-05-08T14:51:54.511+0000] {processor.py:183} INFO - Processing /home/airflow/.local/lib/python3.12/site-packages/airflow/example_dags/example_branch_python_dop_operator_3.py took 0.376 seconds
[2024-05-08T14:52:24.654+0000] {processor.py:161} INFO - Started process (PID=589) to work on /home/airflow/.local/lib/python3.12/site-packages/airflow/example_dags/example_branch_python_dop_operator_3.py
[2024-05-08T14:52:24.655+0000] {processor.py:830} INFO - Processing file /home/airflow/.local/lib/python3.12/site-packages/airflow/example_dags/example_branch_python_dop_operator_3.py for tasks to queue
[2024-05-08T14:52:24.658+0000] {logging_mixin.py:188} INFO - [2024-05-08T14:52:24.658+0000] {dagbag.py:545} INFO - Filling up the DagBag from /home/airflow/.local/lib/python3.12/site-packages/airflow/example_dags/example_branch_python_dop_operator_3.py
[2024-05-08T14:52:24.671+0000] {processor.py:840} INFO - DAG(s) 'example_branch_dop_operator_v3' retrieved from /home/airflow/.local/lib/python3.12/site-packages/airflow/example_dags/example_branch_python_dop_operator_3.py
[2024-05-08T14:52:24.701+0000] {logging_mixin.py:188} INFO - [2024-05-08T14:52:24.701+0000] {dag.py:3096} INFO - Sync 1 DAGs
[2024-05-08T14:52:24.737+0000] {logging_mixin.py:188} INFO - [2024-05-08T14:52:24.737+0000] {dag.py:3954} INFO - Setting next_dagrun for example_branch_dop_operator_v3 to 2024-05-08 14:51:00+00:00, run_after=2024-05-08 14:52:00+00:00
[2024-05-08T14:52:24.767+0000] {processor.py:183} INFO - Processing /home/airflow/.local/lib/python3.12/site-packages/airflow/example_dags/example_branch_python_dop_operator_3.py took 0.121 seconds
[2024-05-08T14:53:00.781+0000] {processor.py:161} INFO - Started process (PID=851) to work on /home/airflow/.local/lib/python3.12/site-packages/airflow/example_dags/example_branch_python_dop_operator_3.py
[2024-05-08T14:53:00.784+0000] {processor.py:830} INFO - Processing file /home/airflow/.local/lib/python3.12/site-packages/airflow/example_dags/example_branch_python_dop_operator_3.py for tasks to queue
[2024-05-08T14:53:00.789+0000] {logging_mixin.py:188} INFO - [2024-05-08T14:53:00.788+0000] {dagbag.py:545} INFO - Filling up the DagBag from /home/airflow/.local/lib/python3.12/site-packages/airflow/example_dags/example_branch_python_dop_operator_3.py
[2024-05-08T14:53:00.811+0000] {processor.py:840} INFO - DAG(s) 'example_branch_dop_operator_v3' retrieved from /home/airflow/.local/lib/python3.12/site-packages/airflow/example_dags/example_branch_python_dop_operator_3.py
[2024-05-08T14:53:00.878+0000] {logging_mixin.py:188} INFO - [2024-05-08T14:53:00.878+0000] {dag.py:3096} INFO - Sync 1 DAGs
[2024-05-08T14:53:00.939+0000] {logging_mixin.py:188} INFO - [2024-05-08T14:53:00.938+0000] {dag.py:3954} INFO - Setting next_dagrun for example_branch_dop_operator_v3 to 2024-05-08 14:52:00+00:00, run_after=2024-05-08 14:53:00+00:00
[2024-05-08T14:53:00.985+0000] {processor.py:183} INFO - Processing /home/airflow/.local/lib/python3.12/site-packages/airflow/example_dags/example_branch_python_dop_operator_3.py took 0.216 seconds
[2024-05-08T14:53:31.449+0000] {processor.py:161} INFO - Started process (PID=1113) to work on /home/airflow/.local/lib/python3.12/site-packages/airflow/example_dags/example_branch_python_dop_operator_3.py
[2024-05-08T14:53:31.451+0000] {processor.py:830} INFO - Processing file /home/airflow/.local/lib/python3.12/site-packages/airflow/example_dags/example_branch_python_dop_operator_3.py for tasks to queue
[2024-05-08T14:53:31.456+0000] {logging_mixin.py:188} INFO - [2024-05-08T14:53:31.455+0000] {dagbag.py:545} INFO - Filling up the DagBag from /home/airflow/.local/lib/python3.12/site-packages/airflow/example_dags/example_branch_python_dop_operator_3.py
[2024-05-08T14:53:31.473+0000] {processor.py:840} INFO - DAG(s) 'example_branch_dop_operator_v3' retrieved from /home/airflow/.local/lib/python3.12/site-packages/airflow/example_dags/example_branch_python_dop_operator_3.py
[2024-05-08T14:53:31.513+0000] {logging_mixin.py:188} INFO - [2024-05-08T14:53:31.512+0000] {dag.py:3096} INFO - Sync 1 DAGs
[2024-05-08T14:53:31.565+0000] {logging_mixin.py:188} INFO - [2024-05-08T14:53:31.565+0000] {dag.py:3954} INFO - Setting next_dagrun for example_branch_dop_operator_v3 to 2024-05-08 14:52:00+00:00, run_after=2024-05-08 14:53:00+00:00
[2024-05-08T14:53:31.614+0000] {processor.py:183} INFO - Processing /home/airflow/.local/lib/python3.12/site-packages/airflow/example_dags/example_branch_python_dop_operator_3.py took 0.178 seconds
[2024-05-08T14:54:07.661+0000] {processor.py:161} INFO - Started process (PID=1377) to work on /home/airflow/.local/lib/python3.12/site-packages/airflow/example_dags/example_branch_python_dop_operator_3.py
[2024-05-08T14:54:07.673+0000] {processor.py:830} INFO - Processing file /home/airflow/.local/lib/python3.12/site-packages/airflow/example_dags/example_branch_python_dop_operator_3.py for tasks to queue
[2024-05-08T14:54:07.679+0000] {logging_mixin.py:188} INFO - [2024-05-08T14:54:07.678+0000] {dagbag.py:545} INFO - Filling up the DagBag from /home/airflow/.local/lib/python3.12/site-packages/airflow/example_dags/example_branch_python_dop_operator_3.py
[2024-05-08T14:54:07.719+0000] {processor.py:840} INFO - DAG(s) 'example_branch_dop_operator_v3' retrieved from /home/airflow/.local/lib/python3.12/site-packages/airflow/example_dags/example_branch_python_dop_operator_3.py
[2024-05-08T14:54:07.934+0000] {logging_mixin.py:188} INFO - [2024-05-08T14:54:07.932+0000] {dag.py:3096} INFO - Sync 1 DAGs
[2024-05-08T14:54:08.467+0000] {logging_mixin.py:188} INFO - [2024-05-08T14:54:08.467+0000] {dag.py:3954} INFO - Setting next_dagrun for example_branch_dop_operator_v3 to 2024-05-08 14:53:00+00:00, run_after=2024-05-08 14:54:00+00:00
[2024-05-08T14:54:08.781+0000] {processor.py:183} INFO - Processing /home/airflow/.local/lib/python3.12/site-packages/airflow/example_dags/example_branch_python_dop_operator_3.py took 1.166 seconds
[2024-05-08T14:54:39.776+0000] {processor.py:161} INFO - Started process (PID=1650) to work on /home/airflow/.local/lib/python3.12/site-packages/airflow/example_dags/example_branch_python_dop_operator_3.py
[2024-05-08T14:54:39.777+0000] {processor.py:830} INFO - Processing file /home/airflow/.local/lib/python3.12/site-packages/airflow/example_dags/example_branch_python_dop_operator_3.py for tasks to queue
[2024-05-08T14:54:39.780+0000] {logging_mixin.py:188} INFO - [2024-05-08T14:54:39.780+0000] {dagbag.py:545} INFO - Filling up the DagBag from /home/airflow/.local/lib/python3.12/site-packages/airflow/example_dags/example_branch_python_dop_operator_3.py
[2024-05-08T14:54:39.798+0000] {processor.py:840} INFO - DAG(s) 'example_branch_dop_operator_v3' retrieved from /home/airflow/.local/lib/python3.12/site-packages/airflow/example_dags/example_branch_python_dop_operator_3.py
[2024-05-08T14:54:39.833+0000] {logging_mixin.py:188} INFO - [2024-05-08T14:54:39.833+0000] {dag.py:3096} INFO - Sync 1 DAGs
[2024-05-08T14:54:39.881+0000] {logging_mixin.py:188} INFO - [2024-05-08T14:54:39.880+0000] {dag.py:3954} INFO - Setting next_dagrun for example_branch_dop_operator_v3 to 2024-05-08 14:53:00+00:00, run_after=2024-05-08 14:54:00+00:00
[2024-05-08T14:54:39.918+0000] {processor.py:183} INFO - Processing /home/airflow/.local/lib/python3.12/site-packages/airflow/example_dags/example_branch_python_dop_operator_3.py took 0.151 seconds
[2024-05-08T14:55:09.970+0000] {processor.py:161} INFO - Started process (PID=1912) to work on /home/airflow/.local/lib/python3.12/site-packages/airflow/example_dags/example_branch_python_dop_operator_3.py
[2024-05-08T14:55:09.971+0000] {processor.py:830} INFO - Processing file /home/airflow/.local/lib/python3.12/site-packages/airflow/example_dags/example_branch_python_dop_operator_3.py for tasks to queue
[2024-05-08T14:55:09.974+0000] {logging_mixin.py:188} INFO - [2024-05-08T14:55:09.974+0000] {dagbag.py:545} INFO - Filling up the DagBag from /home/airflow/.local/lib/python3.12/site-packages/airflow/example_dags/example_branch_python_dop_operator_3.py
[2024-05-08T14:55:09.987+0000] {processor.py:840} INFO - DAG(s) 'example_branch_dop_operator_v3' retrieved from /home/airflow/.local/lib/python3.12/site-packages/airflow/example_dags/example_branch_python_dop_operator_3.py
[2024-05-08T14:55:10.017+0000] {logging_mixin.py:188} INFO - [2024-05-08T14:55:10.017+0000] {dag.py:3096} INFO - Sync 1 DAGs
[2024-05-08T14:55:10.058+0000] {logging_mixin.py:188} INFO - [2024-05-08T14:55:10.058+0000] {dag.py:3954} INFO - Setting next_dagrun for example_branch_dop_operator_v3 to 2024-05-08 14:54:00+00:00, run_after=2024-05-08 14:55:00+00:00
[2024-05-08T14:55:10.086+0000] {processor.py:183} INFO - Processing /home/airflow/.local/lib/python3.12/site-packages/airflow/example_dags/example_branch_python_dop_operator_3.py took 0.126 seconds
[2024-05-08T14:55:40.363+0000] {processor.py:161} INFO - Started process (PID=2171) to work on /home/airflow/.local/lib/python3.12/site-packages/airflow/example_dags/example_branch_python_dop_operator_3.py
[2024-05-08T14:55:40.412+0000] {processor.py:830} INFO - Processing file /home/airflow/.local/lib/python3.12/site-packages/airflow/example_dags/example_branch_python_dop_operator_3.py for tasks to queue
[2024-05-08T14:55:40.528+0000] {logging_mixin.py:188} INFO - [2024-05-08T14:55:40.527+0000] {dagbag.py:545} INFO - Filling up the DagBag from /home/airflow/.local/lib/python3.12/site-packages/airflow/example_dags/example_branch_python_dop_operator_3.py
[2024-05-08T14:55:40.604+0000] {processor.py:840} INFO - DAG(s) 'example_branch_dop_operator_v3' retrieved from /home/airflow/.local/lib/python3.12/site-packages/airflow/example_dags/example_branch_python_dop_operator_3.py
[2024-05-08T14:55:40.912+0000] {logging_mixin.py:188} INFO - [2024-05-08T14:55:40.911+0000] {dag.py:3096} INFO - Sync 1 DAGs
[2024-05-08T14:55:41.035+0000] {logging_mixin.py:188} INFO - [2024-05-08T14:55:41.034+0000] {dag.py:3954} INFO - Setting next_dagrun for example_branch_dop_operator_v3 to 2024-05-08 14:54:00+00:00, run_after=2024-05-08 14:55:00+00:00
[2024-05-08T14:55:41.118+0000] {processor.py:183} INFO - Processing /home/airflow/.local/lib/python3.12/site-packages/airflow/example_dags/example_branch_python_dop_operator_3.py took 0.800 seconds
[2024-05-08T14:56:11.429+0000] {processor.py:161} INFO - Started process (PID=2433) to work on /home/airflow/.local/lib/python3.12/site-packages/airflow/example_dags/example_branch_python_dop_operator_3.py
[2024-05-08T14:56:11.431+0000] {processor.py:830} INFO - Processing file /home/airflow/.local/lib/python3.12/site-packages/airflow/example_dags/example_branch_python_dop_operator_3.py for tasks to queue
[2024-05-08T14:56:11.436+0000] {logging_mixin.py:188} INFO - [2024-05-08T14:56:11.434+0000] {dagbag.py:545} INFO - Filling up the DagBag from /home/airflow/.local/lib/python3.12/site-packages/airflow/example_dags/example_branch_python_dop_operator_3.py
[2024-05-08T14:56:11.456+0000] {processor.py:840} INFO - DAG(s) 'example_branch_dop_operator_v3' retrieved from /home/airflow/.local/lib/python3.12/site-packages/airflow/example_dags/example_branch_python_dop_operator_3.py
[2024-05-08T14:56:11.511+0000] {logging_mixin.py:188} INFO - [2024-05-08T14:56:11.510+0000] {dag.py:3096} INFO - Sync 1 DAGs
[2024-05-08T14:56:11.556+0000] {logging_mixin.py:188} INFO - [2024-05-08T14:56:11.556+0000] {dag.py:3954} INFO - Setting next_dagrun for example_branch_dop_operator_v3 to 2024-05-08 14:55:00+00:00, run_after=2024-05-08 14:56:00+00:00
[2024-05-08T14:56:11.600+0000] {processor.py:183} INFO - Processing /home/airflow/.local/lib/python3.12/site-packages/airflow/example_dags/example_branch_python_dop_operator_3.py took 0.184 seconds
[2024-05-08T14:56:42.090+0000] {processor.py:161} INFO - Started process (PID=2695) to work on /home/airflow/.local/lib/python3.12/site-packages/airflow/example_dags/example_branch_python_dop_operator_3.py
[2024-05-08T14:56:42.103+0000] {processor.py:830} INFO - Processing file /home/airflow/.local/lib/python3.12/site-packages/airflow/example_dags/example_branch_python_dop_operator_3.py for tasks to queue
[2024-05-08T14:56:42.154+0000] {logging_mixin.py:188} INFO - [2024-05-08T14:56:42.153+0000] {dagbag.py:545} INFO - Filling up the DagBag from /home/airflow/.local/lib/python3.12/site-packages/airflow/example_dags/example_branch_python_dop_operator_3.py
[2024-05-08T14:56:42.192+0000] {processor.py:840} INFO - DAG(s) 'example_branch_dop_operator_v3' retrieved from /home/airflow/.local/lib/python3.12/site-packages/airflow/example_dags/example_branch_python_dop_operator_3.py
[2024-05-08T14:56:42.305+0000] {logging_mixin.py:188} INFO - [2024-05-08T14:56:42.304+0000] {dag.py:3096} INFO - Sync 1 DAGs
[2024-05-08T14:56:42.433+0000] {logging_mixin.py:188} INFO - [2024-05-08T14:56:42.433+0000] {dag.py:3954} INFO - Setting next_dagrun for example_branch_dop_operator_v3 to 2024-05-08 14:55:00+00:00, run_after=2024-05-08 14:56:00+00:00
[2024-05-08T14:56:42.537+0000] {processor.py:183} INFO - Processing /home/airflow/.local/lib/python3.12/site-packages/airflow/example_dags/example_branch_python_dop_operator_3.py took 0.486 seconds
[2024-05-08T14:57:12.671+0000] {processor.py:161} INFO - Started process (PID=2960) to work on /home/airflow/.local/lib/python3.12/site-packages/airflow/example_dags/example_branch_python_dop_operator_3.py
[2024-05-08T14:57:12.673+0000] {processor.py:830} INFO - Processing file /home/airflow/.local/lib/python3.12/site-packages/airflow/example_dags/example_branch_python_dop_operator_3.py for tasks to queue
[2024-05-08T14:57:12.677+0000] {logging_mixin.py:188} INFO - [2024-05-08T14:57:12.676+0000] {dagbag.py:545} INFO - Filling up the DagBag from /home/airflow/.local/lib/python3.12/site-packages/airflow/example_dags/example_branch_python_dop_operator_3.py
[2024-05-08T14:57:12.690+0000] {processor.py:840} INFO - DAG(s) 'example_branch_dop_operator_v3' retrieved from /home/airflow/.local/lib/python3.12/site-packages/airflow/example_dags/example_branch_python_dop_operator_3.py
[2024-05-08T14:57:12.718+0000] {logging_mixin.py:188} INFO - [2024-05-08T14:57:12.718+0000] {dag.py:3096} INFO - Sync 1 DAGs
[2024-05-08T14:57:12.754+0000] {logging_mixin.py:188} INFO - [2024-05-08T14:57:12.754+0000] {dag.py:3954} INFO - Setting next_dagrun for example_branch_dop_operator_v3 to 2024-05-08 14:56:00+00:00, run_after=2024-05-08 14:57:00+00:00
[2024-05-08T14:57:12.782+0000] {processor.py:183} INFO - Processing /home/airflow/.local/lib/python3.12/site-packages/airflow/example_dags/example_branch_python_dop_operator_3.py took 0.119 seconds
[2024-05-08T14:57:43.545+0000] {processor.py:161} INFO - Started process (PID=3220) to work on /home/airflow/.local/lib/python3.12/site-packages/airflow/example_dags/example_branch_python_dop_operator_3.py
[2024-05-08T14:57:43.547+0000] {processor.py:830} INFO - Processing file /home/airflow/.local/lib/python3.12/site-packages/airflow/example_dags/example_branch_python_dop_operator_3.py for tasks to queue
[2024-05-08T14:57:43.550+0000] {logging_mixin.py:188} INFO - [2024-05-08T14:57:43.550+0000] {dagbag.py:545} INFO - Filling up the DagBag from /home/airflow/.local/lib/python3.12/site-packages/airflow/example_dags/example_branch_python_dop_operator_3.py
[2024-05-08T14:57:43.569+0000] {processor.py:840} INFO - DAG(s) 'example_branch_dop_operator_v3' retrieved from /home/airflow/.local/lib/python3.12/site-packages/airflow/example_dags/example_branch_python_dop_operator_3.py
[2024-05-08T14:57:43.606+0000] {logging_mixin.py:188} INFO - [2024-05-08T14:57:43.605+0000] {dag.py:3096} INFO - Sync 1 DAGs
[2024-05-08T14:57:43.645+0000] {logging_mixin.py:188} INFO - [2024-05-08T14:57:43.645+0000] {dag.py:3954} INFO - Setting next_dagrun for example_branch_dop_operator_v3 to 2024-05-08 14:56:00+00:00, run_after=2024-05-08 14:57:00+00:00
[2024-05-08T14:57:43.676+0000] {processor.py:183} INFO - Processing /home/airflow/.local/lib/python3.12/site-packages/airflow/example_dags/example_branch_python_dop_operator_3.py took 0.142 seconds
[2024-05-08T14:58:14.295+0000] {processor.py:161} INFO - Started process (PID=3482) to work on /home/airflow/.local/lib/python3.12/site-packages/airflow/example_dags/example_branch_python_dop_operator_3.py
[2024-05-08T14:58:14.298+0000] {processor.py:830} INFO - Processing file /home/airflow/.local/lib/python3.12/site-packages/airflow/example_dags/example_branch_python_dop_operator_3.py for tasks to queue
[2024-05-08T14:58:14.301+0000] {logging_mixin.py:188} INFO - [2024-05-08T14:58:14.301+0000] {dagbag.py:545} INFO - Filling up the DagBag from /home/airflow/.local/lib/python3.12/site-packages/airflow/example_dags/example_branch_python_dop_operator_3.py
[2024-05-08T14:58:14.333+0000] {processor.py:840} INFO - DAG(s) 'example_branch_dop_operator_v3' retrieved from /home/airflow/.local/lib/python3.12/site-packages/airflow/example_dags/example_branch_python_dop_operator_3.py
[2024-05-08T14:58:14.435+0000] {logging_mixin.py:188} INFO - [2024-05-08T14:58:14.435+0000] {dag.py:3096} INFO - Sync 1 DAGs
[2024-05-08T14:58:14.530+0000] {logging_mixin.py:188} INFO - [2024-05-08T14:58:14.529+0000] {dag.py:3954} INFO - Setting next_dagrun for example_branch_dop_operator_v3 to 2024-05-08 14:57:00+00:00, run_after=2024-05-08 14:58:00+00:00
[2024-05-08T14:58:14.618+0000] {processor.py:183} INFO - Processing /home/airflow/.local/lib/python3.12/site-packages/airflow/example_dags/example_branch_python_dop_operator_3.py took 0.337 seconds
[2024-05-08T14:58:44.793+0000] {processor.py:161} INFO - Started process (PID=3744) to work on /home/airflow/.local/lib/python3.12/site-packages/airflow/example_dags/example_branch_python_dop_operator_3.py
[2024-05-08T14:58:44.795+0000] {processor.py:830} INFO - Processing file /home/airflow/.local/lib/python3.12/site-packages/airflow/example_dags/example_branch_python_dop_operator_3.py for tasks to queue
[2024-05-08T14:58:44.798+0000] {logging_mixin.py:188} INFO - [2024-05-08T14:58:44.798+0000] {dagbag.py:545} INFO - Filling up the DagBag from /home/airflow/.local/lib/python3.12/site-packages/airflow/example_dags/example_branch_python_dop_operator_3.py
[2024-05-08T14:58:44.814+0000] {processor.py:840} INFO - DAG(s) 'example_branch_dop_operator_v3' retrieved from /home/airflow/.local/lib/python3.12/site-packages/airflow/example_dags/example_branch_python_dop_operator_3.py
[2024-05-08T14:58:44.844+0000] {logging_mixin.py:188} INFO - [2024-05-08T14:58:44.844+0000] {dag.py:3096} INFO - Sync 1 DAGs
[2024-05-08T14:58:44.884+0000] {logging_mixin.py:188} INFO - [2024-05-08T14:58:44.884+0000] {dag.py:3954} INFO - Setting next_dagrun for example_branch_dop_operator_v3 to 2024-05-08 14:57:00+00:00, run_after=2024-05-08 14:58:00+00:00
[2024-05-08T14:58:44.916+0000] {processor.py:183} INFO - Processing /home/airflow/.local/lib/python3.12/site-packages/airflow/example_dags/example_branch_python_dop_operator_3.py took 0.133 seconds
[2024-05-08T14:59:15.189+0000] {processor.py:161} INFO - Started process (PID=4006) to work on /home/airflow/.local/lib/python3.12/site-packages/airflow/example_dags/example_branch_python_dop_operator_3.py
[2024-05-08T14:59:15.191+0000] {processor.py:830} INFO - Processing file /home/airflow/.local/lib/python3.12/site-packages/airflow/example_dags/example_branch_python_dop_operator_3.py for tasks to queue
[2024-05-08T14:59:15.194+0000] {logging_mixin.py:188} INFO - [2024-05-08T14:59:15.194+0000] {dagbag.py:545} INFO - Filling up the DagBag from /home/airflow/.local/lib/python3.12/site-packages/airflow/example_dags/example_branch_python_dop_operator_3.py
[2024-05-08T14:59:15.209+0000] {processor.py:840} INFO - DAG(s) 'example_branch_dop_operator_v3' retrieved from /home/airflow/.local/lib/python3.12/site-packages/airflow/example_dags/example_branch_python_dop_operator_3.py
[2024-05-08T14:59:15.241+0000] {logging_mixin.py:188} INFO - [2024-05-08T14:59:15.241+0000] {dag.py:3096} INFO - Sync 1 DAGs
[2024-05-08T14:59:15.282+0000] {logging_mixin.py:188} INFO - [2024-05-08T14:59:15.282+0000] {dag.py:3954} INFO - Setting next_dagrun for example_branch_dop_operator_v3 to 2024-05-08 14:58:00+00:00, run_after=2024-05-08 14:59:00+00:00
[2024-05-08T14:59:15.324+0000] {processor.py:183} INFO - Processing /home/airflow/.local/lib/python3.12/site-packages/airflow/example_dags/example_branch_python_dop_operator_3.py took 0.145 seconds
[2024-05-08T14:59:45.585+0000] {processor.py:161} INFO - Started process (PID=4267) to work on /home/airflow/.local/lib/python3.12/site-packages/airflow/example_dags/example_branch_python_dop_operator_3.py
[2024-05-08T14:59:45.587+0000] {processor.py:830} INFO - Processing file /home/airflow/.local/lib/python3.12/site-packages/airflow/example_dags/example_branch_python_dop_operator_3.py for tasks to queue
[2024-05-08T14:59:45.590+0000] {logging_mixin.py:188} INFO - [2024-05-08T14:59:45.590+0000] {dagbag.py:545} INFO - Filling up the DagBag from /home/airflow/.local/lib/python3.12/site-packages/airflow/example_dags/example_branch_python_dop_operator_3.py
[2024-05-08T14:59:45.610+0000] {processor.py:840} INFO - DAG(s) 'example_branch_dop_operator_v3' retrieved from /home/airflow/.local/lib/python3.12/site-packages/airflow/example_dags/example_branch_python_dop_operator_3.py
[2024-05-08T14:59:45.644+0000] {logging_mixin.py:188} INFO - [2024-05-08T14:59:45.644+0000] {dag.py:3096} INFO - Sync 1 DAGs
[2024-05-08T14:59:45.702+0000] {logging_mixin.py:188} INFO - [2024-05-08T14:59:45.702+0000] {dag.py:3954} INFO - Setting next_dagrun for example_branch_dop_operator_v3 to 2024-05-08 14:58:00+00:00, run_after=2024-05-08 14:59:00+00:00
[2024-05-08T14:59:45.735+0000] {processor.py:183} INFO - Processing /home/airflow/.local/lib/python3.12/site-packages/airflow/example_dags/example_branch_python_dop_operator_3.py took 0.161 seconds
[2024-05-08T15:00:16.122+0000] {processor.py:161} INFO - Started process (PID=4529) to work on /home/airflow/.local/lib/python3.12/site-packages/airflow/example_dags/example_branch_python_dop_operator_3.py
[2024-05-08T15:00:16.123+0000] {processor.py:830} INFO - Processing file /home/airflow/.local/lib/python3.12/site-packages/airflow/example_dags/example_branch_python_dop_operator_3.py for tasks to queue
[2024-05-08T15:00:16.127+0000] {logging_mixin.py:188} INFO - [2024-05-08T15:00:16.126+0000] {dagbag.py:545} INFO - Filling up the DagBag from /home/airflow/.local/lib/python3.12/site-packages/airflow/example_dags/example_branch_python_dop_operator_3.py
[2024-05-08T15:00:16.142+0000] {processor.py:840} INFO - DAG(s) 'example_branch_dop_operator_v3' retrieved from /home/airflow/.local/lib/python3.12/site-packages/airflow/example_dags/example_branch_python_dop_operator_3.py
[2024-05-08T15:00:16.172+0000] {logging_mixin.py:188} INFO - [2024-05-08T15:00:16.172+0000] {dag.py:3096} INFO - Sync 1 DAGs
[2024-05-08T15:00:16.211+0000] {logging_mixin.py:188} INFO - [2024-05-08T15:00:16.211+0000] {dag.py:3954} INFO - Setting next_dagrun for example_branch_dop_operator_v3 to 2024-05-08 14:59:00+00:00, run_after=2024-05-08 15:00:00+00:00
[2024-05-08T15:00:16.246+0000] {processor.py:183} INFO - Processing /home/airflow/.local/lib/python3.12/site-packages/airflow/example_dags/example_branch_python_dop_operator_3.py took 0.134 seconds
[2024-05-08T15:00:46.516+0000] {processor.py:161} INFO - Started process (PID=4790) to work on /home/airflow/.local/lib/python3.12/site-packages/airflow/example_dags/example_branch_python_dop_operator_3.py
[2024-05-08T15:00:46.522+0000] {processor.py:830} INFO - Processing file /home/airflow/.local/lib/python3.12/site-packages/airflow/example_dags/example_branch_python_dop_operator_3.py for tasks to queue
[2024-05-08T15:00:46.536+0000] {logging_mixin.py:188} INFO - [2024-05-08T15:00:46.534+0000] {dagbag.py:545} INFO - Filling up the DagBag from /home/airflow/.local/lib/python3.12/site-packages/airflow/example_dags/example_branch_python_dop_operator_3.py
[2024-05-08T15:00:46.611+0000] {processor.py:840} INFO - DAG(s) 'example_branch_dop_operator_v3' retrieved from /home/airflow/.local/lib/python3.12/site-packages/airflow/example_dags/example_branch_python_dop_operator_3.py
[2024-05-08T15:00:46.743+0000] {logging_mixin.py:188} INFO - [2024-05-08T15:00:46.738+0000] {dag.py:3096} INFO - Sync 1 DAGs
[2024-05-08T15:00:46.799+0000] {logging_mixin.py:188} INFO - [2024-05-08T15:00:46.799+0000] {dag.py:3954} INFO - Setting next_dagrun for example_branch_dop_operator_v3 to 2024-05-08 14:59:00+00:00, run_after=2024-05-08 15:00:00+00:00
[2024-05-08T15:00:46.834+0000] {processor.py:183} INFO - Processing /home/airflow/.local/lib/python3.12/site-packages/airflow/example_dags/example_branch_python_dop_operator_3.py took 0.364 seconds
[2024-05-08T15:01:17.521+0000] {processor.py:161} INFO - Started process (PID=5051) to work on /home/airflow/.local/lib/python3.12/site-packages/airflow/example_dags/example_branch_python_dop_operator_3.py
[2024-05-08T15:01:17.525+0000] {processor.py:830} INFO - Processing file /home/airflow/.local/lib/python3.12/site-packages/airflow/example_dags/example_branch_python_dop_operator_3.py for tasks to queue
[2024-05-08T15:01:17.530+0000] {logging_mixin.py:188} INFO - [2024-05-08T15:01:17.530+0000] {dagbag.py:545} INFO - Filling up the DagBag from /home/airflow/.local/lib/python3.12/site-packages/airflow/example_dags/example_branch_python_dop_operator_3.py
[2024-05-08T15:01:17.545+0000] {processor.py:840} INFO - DAG(s) 'example_branch_dop_operator_v3' retrieved from /home/airflow/.local/lib/python3.12/site-packages/airflow/example_dags/example_branch_python_dop_operator_3.py
[2024-05-08T15:01:17.576+0000] {logging_mixin.py:188} INFO - [2024-05-08T15:01:17.575+0000] {dag.py:3096} INFO - Sync 1 DAGs
[2024-05-08T15:01:17.617+0000] {logging_mixin.py:188} INFO - [2024-05-08T15:01:17.617+0000] {dag.py:3954} INFO - Setting next_dagrun for example_branch_dop_operator_v3 to 2024-05-08 15:00:00+00:00, run_after=2024-05-08 15:01:00+00:00
[2024-05-08T15:01:17.799+0000] {processor.py:183} INFO - Processing /home/airflow/.local/lib/python3.12/site-packages/airflow/example_dags/example_branch_python_dop_operator_3.py took 0.288 seconds
[2024-05-08T15:01:49.843+0000] {processor.py:161} INFO - Started process (PID=5313) to work on /home/airflow/.local/lib/python3.12/site-packages/airflow/example_dags/example_branch_python_dop_operator_3.py
[2024-05-08T15:01:49.877+0000] {processor.py:830} INFO - Processing file /home/airflow/.local/lib/python3.12/site-packages/airflow/example_dags/example_branch_python_dop_operator_3.py for tasks to queue
[2024-05-08T15:01:49.882+0000] {logging_mixin.py:188} INFO - [2024-05-08T15:01:49.881+0000] {dagbag.py:545} INFO - Filling up the DagBag from /home/airflow/.local/lib/python3.12/site-packages/airflow/example_dags/example_branch_python_dop_operator_3.py
[2024-05-08T15:01:49.972+0000] {processor.py:840} INFO - DAG(s) 'example_branch_dop_operator_v3' retrieved from /home/airflow/.local/lib/python3.12/site-packages/airflow/example_dags/example_branch_python_dop_operator_3.py
[2024-05-08T15:01:50.249+0000] {logging_mixin.py:188} INFO - [2024-05-08T15:01:50.249+0000] {dag.py:3096} INFO - Sync 1 DAGs
[2024-05-08T15:01:50.584+0000] {logging_mixin.py:188} INFO - [2024-05-08T15:01:50.583+0000] {dag.py:3954} INFO - Setting next_dagrun for example_branch_dop_operator_v3 to 2024-05-08 15:00:00+00:00, run_after=2024-05-08 15:01:00+00:00
[2024-05-08T15:01:50.947+0000] {processor.py:183} INFO - Processing /home/airflow/.local/lib/python3.12/site-packages/airflow/example_dags/example_branch_python_dop_operator_3.py took 1.196 seconds
[2024-05-08T15:02:21.565+0000] {processor.py:161} INFO - Started process (PID=5575) to work on /home/airflow/.local/lib/python3.12/site-packages/airflow/example_dags/example_branch_python_dop_operator_3.py
[2024-05-08T15:02:21.567+0000] {processor.py:830} INFO - Processing file /home/airflow/.local/lib/python3.12/site-packages/airflow/example_dags/example_branch_python_dop_operator_3.py for tasks to queue
[2024-05-08T15:02:21.570+0000] {logging_mixin.py:188} INFO - [2024-05-08T15:02:21.569+0000] {dagbag.py:545} INFO - Filling up the DagBag from /home/airflow/.local/lib/python3.12/site-packages/airflow/example_dags/example_branch_python_dop_operator_3.py
[2024-05-08T15:02:21.585+0000] {processor.py:840} INFO - DAG(s) 'example_branch_dop_operator_v3' retrieved from /home/airflow/.local/lib/python3.12/site-packages/airflow/example_dags/example_branch_python_dop_operator_3.py
[2024-05-08T15:02:21.620+0000] {logging_mixin.py:188} INFO - [2024-05-08T15:02:21.620+0000] {dag.py:3096} INFO - Sync 1 DAGs
[2024-05-08T15:02:21.675+0000] {logging_mixin.py:188} INFO - [2024-05-08T15:02:21.675+0000] {dag.py:3954} INFO - Setting next_dagrun for example_branch_dop_operator_v3 to 2024-05-08 15:01:00+00:00, run_after=2024-05-08 15:02:00+00:00
[2024-05-08T15:02:21.710+0000] {processor.py:183} INFO - Processing /home/airflow/.local/lib/python3.12/site-packages/airflow/example_dags/example_branch_python_dop_operator_3.py took 0.155 seconds
[2024-05-08T15:02:52.150+0000] {processor.py:161} INFO - Started process (PID=5836) to work on /home/airflow/.local/lib/python3.12/site-packages/airflow/example_dags/example_branch_python_dop_operator_3.py
[2024-05-08T15:02:52.152+0000] {processor.py:830} INFO - Processing file /home/airflow/.local/lib/python3.12/site-packages/airflow/example_dags/example_branch_python_dop_operator_3.py for tasks to queue
[2024-05-08T15:02:52.157+0000] {logging_mixin.py:188} INFO - [2024-05-08T15:02:52.155+0000] {dagbag.py:545} INFO - Filling up the DagBag from /home/airflow/.local/lib/python3.12/site-packages/airflow/example_dags/example_branch_python_dop_operator_3.py
[2024-05-08T15:02:52.206+0000] {processor.py:840} INFO - DAG(s) 'example_branch_dop_operator_v3' retrieved from /home/airflow/.local/lib/python3.12/site-packages/airflow/example_dags/example_branch_python_dop_operator_3.py
[2024-05-08T15:02:52.308+0000] {logging_mixin.py:188} INFO - [2024-05-08T15:02:52.306+0000] {dag.py:3096} INFO - Sync 1 DAGs
[2024-05-08T15:02:52.483+0000] {logging_mixin.py:188} INFO - [2024-05-08T15:02:52.476+0000] {dag.py:3954} INFO - Setting next_dagrun for example_branch_dop_operator_v3 to 2024-05-08 15:01:00+00:00, run_after=2024-05-08 15:02:00+00:00
[2024-05-08T15:02:52.572+0000] {processor.py:183} INFO - Processing /home/airflow/.local/lib/python3.12/site-packages/airflow/example_dags/example_branch_python_dop_operator_3.py took 0.449 seconds
[2024-05-08T15:03:23.455+0000] {processor.py:161} INFO - Started process (PID=6098) to work on /home/airflow/.local/lib/python3.12/site-packages/airflow/example_dags/example_branch_python_dop_operator_3.py
[2024-05-08T15:03:23.457+0000] {processor.py:830} INFO - Processing file /home/airflow/.local/lib/python3.12/site-packages/airflow/example_dags/example_branch_python_dop_operator_3.py for tasks to queue
[2024-05-08T15:03:23.460+0000] {logging_mixin.py:188} INFO - [2024-05-08T15:03:23.460+0000] {dagbag.py:545} INFO - Filling up the DagBag from /home/airflow/.local/lib/python3.12/site-packages/airflow/example_dags/example_branch_python_dop_operator_3.py
[2024-05-08T15:03:23.482+0000] {processor.py:840} INFO - DAG(s) 'example_branch_dop_operator_v3' retrieved from /home/airflow/.local/lib/python3.12/site-packages/airflow/example_dags/example_branch_python_dop_operator_3.py
[2024-05-08T15:03:23.520+0000] {logging_mixin.py:188} INFO - [2024-05-08T15:03:23.519+0000] {dag.py:3096} INFO - Sync 1 DAGs
[2024-05-08T15:03:23.575+0000] {logging_mixin.py:188} INFO - [2024-05-08T15:03:23.575+0000] {dag.py:3954} INFO - Setting next_dagrun for example_branch_dop_operator_v3 to 2024-05-08 15:02:00+00:00, run_after=2024-05-08 15:03:00+00:00
[2024-05-08T15:03:23.618+0000] {processor.py:183} INFO - Processing /home/airflow/.local/lib/python3.12/site-packages/airflow/example_dags/example_branch_python_dop_operator_3.py took 0.173 seconds
[2024-05-08T15:03:53.855+0000] {processor.py:161} INFO - Started process (PID=6360) to work on /home/airflow/.local/lib/python3.12/site-packages/airflow/example_dags/example_branch_python_dop_operator_3.py
[2024-05-08T15:03:53.857+0000] {processor.py:830} INFO - Processing file /home/airflow/.local/lib/python3.12/site-packages/airflow/example_dags/example_branch_python_dop_operator_3.py for tasks to queue
[2024-05-08T15:03:53.863+0000] {logging_mixin.py:188} INFO - [2024-05-08T15:03:53.863+0000] {dagbag.py:545} INFO - Filling up the DagBag from /home/airflow/.local/lib/python3.12/site-packages/airflow/example_dags/example_branch_python_dop_operator_3.py
[2024-05-08T15:03:53.884+0000] {processor.py:840} INFO - DAG(s) 'example_branch_dop_operator_v3' retrieved from /home/airflow/.local/lib/python3.12/site-packages/airflow/example_dags/example_branch_python_dop_operator_3.py
[2024-05-08T15:03:53.925+0000] {logging_mixin.py:188} INFO - [2024-05-08T15:03:53.922+0000] {dag.py:3096} INFO - Sync 1 DAGs
[2024-05-08T15:03:53.973+0000] {logging_mixin.py:188} INFO - [2024-05-08T15:03:53.973+0000] {dag.py:3954} INFO - Setting next_dagrun for example_branch_dop_operator_v3 to 2024-05-08 15:02:00+00:00, run_after=2024-05-08 15:03:00+00:00
[2024-05-08T15:03:54.008+0000] {processor.py:183} INFO - Processing /home/airflow/.local/lib/python3.12/site-packages/airflow/example_dags/example_branch_python_dop_operator_3.py took 0.163 seconds
[2024-05-08T15:04:24.461+0000] {processor.py:161} INFO - Started process (PID=6622) to work on /home/airflow/.local/lib/python3.12/site-packages/airflow/example_dags/example_branch_python_dop_operator_3.py
[2024-05-08T15:04:24.467+0000] {processor.py:830} INFO - Processing file /home/airflow/.local/lib/python3.12/site-packages/airflow/example_dags/example_branch_python_dop_operator_3.py for tasks to queue
[2024-05-08T15:04:24.475+0000] {logging_mixin.py:188} INFO - [2024-05-08T15:04:24.475+0000] {dagbag.py:545} INFO - Filling up the DagBag from /home/airflow/.local/lib/python3.12/site-packages/airflow/example_dags/example_branch_python_dop_operator_3.py
[2024-05-08T15:04:24.494+0000] {processor.py:840} INFO - DAG(s) 'example_branch_dop_operator_v3' retrieved from /home/airflow/.local/lib/python3.12/site-packages/airflow/example_dags/example_branch_python_dop_operator_3.py
[2024-05-08T15:04:24.558+0000] {logging_mixin.py:188} INFO - [2024-05-08T15:04:24.557+0000] {dag.py:3096} INFO - Sync 1 DAGs
[2024-05-08T15:04:24.643+0000] {logging_mixin.py:188} INFO - [2024-05-08T15:04:24.642+0000] {dag.py:3954} INFO - Setting next_dagrun for example_branch_dop_operator_v3 to 2024-05-08 15:03:00+00:00, run_after=2024-05-08 15:04:00+00:00
[2024-05-08T15:04:24.691+0000] {processor.py:183} INFO - Processing /home/airflow/.local/lib/python3.12/site-packages/airflow/example_dags/example_branch_python_dop_operator_3.py took 0.242 seconds
[2024-05-08T15:04:55.410+0000] {processor.py:161} INFO - Started process (PID=6884) to work on /home/airflow/.local/lib/python3.12/site-packages/airflow/example_dags/example_branch_python_dop_operator_3.py
[2024-05-08T15:04:55.412+0000] {processor.py:830} INFO - Processing file /home/airflow/.local/lib/python3.12/site-packages/airflow/example_dags/example_branch_python_dop_operator_3.py for tasks to queue
[2024-05-08T15:04:55.419+0000] {logging_mixin.py:188} INFO - [2024-05-08T15:04:55.418+0000] {dagbag.py:545} INFO - Filling up the DagBag from /home/airflow/.local/lib/python3.12/site-packages/airflow/example_dags/example_branch_python_dop_operator_3.py
[2024-05-08T15:04:55.509+0000] {processor.py:840} INFO - DAG(s) 'example_branch_dop_operator_v3' retrieved from /home/airflow/.local/lib/python3.12/site-packages/airflow/example_dags/example_branch_python_dop_operator_3.py
[2024-05-08T15:04:55.621+0000] {logging_mixin.py:188} INFO - [2024-05-08T15:04:55.620+0000] {dag.py:3096} INFO - Sync 1 DAGs
[2024-05-08T15:04:55.777+0000] {logging_mixin.py:188} INFO - [2024-05-08T15:04:55.777+0000] {dag.py:3954} INFO - Setting next_dagrun for example_branch_dop_operator_v3 to 2024-05-08 15:03:00+00:00, run_after=2024-05-08 15:04:00+00:00
[2024-05-08T15:04:55.870+0000] {processor.py:183} INFO - Processing /home/airflow/.local/lib/python3.12/site-packages/airflow/example_dags/example_branch_python_dop_operator_3.py took 0.495 seconds
[2024-05-08T15:05:26.007+0000] {processor.py:161} INFO - Started process (PID=7146) to work on /home/airflow/.local/lib/python3.12/site-packages/airflow/example_dags/example_branch_python_dop_operator_3.py
[2024-05-08T15:05:26.009+0000] {processor.py:830} INFO - Processing file /home/airflow/.local/lib/python3.12/site-packages/airflow/example_dags/example_branch_python_dop_operator_3.py for tasks to queue
[2024-05-08T15:05:26.012+0000] {logging_mixin.py:188} INFO - [2024-05-08T15:05:26.012+0000] {dagbag.py:545} INFO - Filling up the DagBag from /home/airflow/.local/lib/python3.12/site-packages/airflow/example_dags/example_branch_python_dop_operator_3.py
[2024-05-08T15:05:26.025+0000] {processor.py:840} INFO - DAG(s) 'example_branch_dop_operator_v3' retrieved from /home/airflow/.local/lib/python3.12/site-packages/airflow/example_dags/example_branch_python_dop_operator_3.py
[2024-05-08T15:05:26.185+0000] {logging_mixin.py:188} INFO - [2024-05-08T15:05:26.184+0000] {dag.py:3096} INFO - Sync 1 DAGs
[2024-05-08T15:05:26.231+0000] {logging_mixin.py:188} INFO - [2024-05-08T15:05:26.231+0000] {dag.py:3954} INFO - Setting next_dagrun for example_branch_dop_operator_v3 to 2024-05-08 15:04:00+00:00, run_after=2024-05-08 15:05:00+00:00
[2024-05-08T15:05:26.261+0000] {processor.py:183} INFO - Processing /home/airflow/.local/lib/python3.12/site-packages/airflow/example_dags/example_branch_python_dop_operator_3.py took 0.269 seconds
[2024-05-08T15:05:57.146+0000] {processor.py:161} INFO - Started process (PID=7407) to work on /home/airflow/.local/lib/python3.12/site-packages/airflow/example_dags/example_branch_python_dop_operator_3.py
[2024-05-08T15:05:57.149+0000] {processor.py:830} INFO - Processing file /home/airflow/.local/lib/python3.12/site-packages/airflow/example_dags/example_branch_python_dop_operator_3.py for tasks to queue
[2024-05-08T15:05:57.158+0000] {logging_mixin.py:188} INFO - [2024-05-08T15:05:57.156+0000] {dagbag.py:545} INFO - Filling up the DagBag from /home/airflow/.local/lib/python3.12/site-packages/airflow/example_dags/example_branch_python_dop_operator_3.py
[2024-05-08T15:05:57.192+0000] {processor.py:840} INFO - DAG(s) 'example_branch_dop_operator_v3' retrieved from /home/airflow/.local/lib/python3.12/site-packages/airflow/example_dags/example_branch_python_dop_operator_3.py
[2024-05-08T15:05:57.274+0000] {logging_mixin.py:188} INFO - [2024-05-08T15:05:57.274+0000] {dag.py:3096} INFO - Sync 1 DAGs
[2024-05-08T15:05:57.376+0000] {logging_mixin.py:188} INFO - [2024-05-08T15:05:57.375+0000] {dag.py:3954} INFO - Setting next_dagrun for example_branch_dop_operator_v3 to 2024-05-08 15:04:00+00:00, run_after=2024-05-08 15:05:00+00:00
[2024-05-08T15:05:57.450+0000] {processor.py:183} INFO - Processing /home/airflow/.local/lib/python3.12/site-packages/airflow/example_dags/example_branch_python_dop_operator_3.py took 0.341 seconds
[2024-05-08T15:06:27.570+0000] {processor.py:161} INFO - Started process (PID=7671) to work on /home/airflow/.local/lib/python3.12/site-packages/airflow/example_dags/example_branch_python_dop_operator_3.py
[2024-05-08T15:06:27.572+0000] {processor.py:830} INFO - Processing file /home/airflow/.local/lib/python3.12/site-packages/airflow/example_dags/example_branch_python_dop_operator_3.py for tasks to queue
[2024-05-08T15:06:27.575+0000] {logging_mixin.py:188} INFO - [2024-05-08T15:06:27.575+0000] {dagbag.py:545} INFO - Filling up the DagBag from /home/airflow/.local/lib/python3.12/site-packages/airflow/example_dags/example_branch_python_dop_operator_3.py
[2024-05-08T15:06:27.588+0000] {processor.py:840} INFO - DAG(s) 'example_branch_dop_operator_v3' retrieved from /home/airflow/.local/lib/python3.12/site-packages/airflow/example_dags/example_branch_python_dop_operator_3.py
[2024-05-08T15:06:27.617+0000] {logging_mixin.py:188} INFO - [2024-05-08T15:06:27.617+0000] {dag.py:3096} INFO - Sync 1 DAGs
[2024-05-08T15:06:27.652+0000] {logging_mixin.py:188} INFO - [2024-05-08T15:06:27.652+0000] {dag.py:3954} INFO - Setting next_dagrun for example_branch_dop_operator_v3 to 2024-05-08 15:05:00+00:00, run_after=2024-05-08 15:06:00+00:00
[2024-05-08T15:06:27.681+0000] {processor.py:183} INFO - Processing /home/airflow/.local/lib/python3.12/site-packages/airflow/example_dags/example_branch_python_dop_operator_3.py took 0.120 seconds
[2024-05-08T15:06:58.462+0000] {processor.py:161} INFO - Started process (PID=7924) to work on /home/airflow/.local/lib/python3.12/site-packages/airflow/example_dags/example_branch_python_dop_operator_3.py
[2024-05-08T15:06:58.463+0000] {processor.py:830} INFO - Processing file /home/airflow/.local/lib/python3.12/site-packages/airflow/example_dags/example_branch_python_dop_operator_3.py for tasks to queue
[2024-05-08T15:06:58.467+0000] {logging_mixin.py:188} INFO - [2024-05-08T15:06:58.466+0000] {dagbag.py:545} INFO - Filling up the DagBag from /home/airflow/.local/lib/python3.12/site-packages/airflow/example_dags/example_branch_python_dop_operator_3.py
[2024-05-08T15:06:58.487+0000] {processor.py:840} INFO - DAG(s) 'example_branch_dop_operator_v3' retrieved from /home/airflow/.local/lib/python3.12/site-packages/airflow/example_dags/example_branch_python_dop_operator_3.py
[2024-05-08T15:06:58.536+0000] {logging_mixin.py:188} INFO - [2024-05-08T15:06:58.535+0000] {dag.py:3096} INFO - Sync 1 DAGs
[2024-05-08T15:06:58.595+0000] {logging_mixin.py:188} INFO - [2024-05-08T15:06:58.595+0000] {dag.py:3954} INFO - Setting next_dagrun for example_branch_dop_operator_v3 to 2024-05-08 15:05:00+00:00, run_after=2024-05-08 15:06:00+00:00
[2024-05-08T15:06:58.632+0000] {processor.py:183} INFO - Processing /home/airflow/.local/lib/python3.12/site-packages/airflow/example_dags/example_branch_python_dop_operator_3.py took 0.182 seconds
[2024-05-08T15:07:28.765+0000] {processor.py:161} INFO - Started process (PID=8186) to work on /home/airflow/.local/lib/python3.12/site-packages/airflow/example_dags/example_branch_python_dop_operator_3.py
[2024-05-08T15:07:28.766+0000] {processor.py:830} INFO - Processing file /home/airflow/.local/lib/python3.12/site-packages/airflow/example_dags/example_branch_python_dop_operator_3.py for tasks to queue
[2024-05-08T15:07:28.772+0000] {logging_mixin.py:188} INFO - [2024-05-08T15:07:28.771+0000] {dagbag.py:545} INFO - Filling up the DagBag from /home/airflow/.local/lib/python3.12/site-packages/airflow/example_dags/example_branch_python_dop_operator_3.py
[2024-05-08T15:07:28.785+0000] {processor.py:840} INFO - DAG(s) 'example_branch_dop_operator_v3' retrieved from /home/airflow/.local/lib/python3.12/site-packages/airflow/example_dags/example_branch_python_dop_operator_3.py
[2024-05-08T15:07:28.818+0000] {logging_mixin.py:188} INFO - [2024-05-08T15:07:28.818+0000] {dag.py:3096} INFO - Sync 1 DAGs
[2024-05-08T15:07:28.860+0000] {logging_mixin.py:188} INFO - [2024-05-08T15:07:28.860+0000] {dag.py:3954} INFO - Setting next_dagrun for example_branch_dop_operator_v3 to 2024-05-08 15:06:00+00:00, run_after=2024-05-08 15:07:00+00:00
[2024-05-08T15:07:28.889+0000] {processor.py:183} INFO - Processing /home/airflow/.local/lib/python3.12/site-packages/airflow/example_dags/example_branch_python_dop_operator_3.py took 0.136 seconds
[2024-05-08T15:07:59.183+0000] {processor.py:161} INFO - Started process (PID=8448) to work on /home/airflow/.local/lib/python3.12/site-packages/airflow/example_dags/example_branch_python_dop_operator_3.py
[2024-05-08T15:07:59.184+0000] {processor.py:830} INFO - Processing file /home/airflow/.local/lib/python3.12/site-packages/airflow/example_dags/example_branch_python_dop_operator_3.py for tasks to queue
[2024-05-08T15:07:59.187+0000] {logging_mixin.py:188} INFO - [2024-05-08T15:07:59.187+0000] {dagbag.py:545} INFO - Filling up the DagBag from /home/airflow/.local/lib/python3.12/site-packages/airflow/example_dags/example_branch_python_dop_operator_3.py
[2024-05-08T15:07:59.200+0000] {processor.py:840} INFO - DAG(s) 'example_branch_dop_operator_v3' retrieved from /home/airflow/.local/lib/python3.12/site-packages/airflow/example_dags/example_branch_python_dop_operator_3.py
[2024-05-08T15:07:59.234+0000] {logging_mixin.py:188} INFO - [2024-05-08T15:07:59.233+0000] {dag.py:3096} INFO - Sync 1 DAGs
[2024-05-08T15:07:59.276+0000] {logging_mixin.py:188} INFO - [2024-05-08T15:07:59.276+0000] {dag.py:3954} INFO - Setting next_dagrun for example_branch_dop_operator_v3 to 2024-05-08 15:06:00+00:00, run_after=2024-05-08 15:07:00+00:00
[2024-05-08T15:07:59.311+0000] {processor.py:183} INFO - Processing /home/airflow/.local/lib/python3.12/site-packages/airflow/example_dags/example_branch_python_dop_operator_3.py took 0.137 seconds
[2024-05-08T15:08:29.424+0000] {processor.py:161} INFO - Started process (PID=8710) to work on /home/airflow/.local/lib/python3.12/site-packages/airflow/example_dags/example_branch_python_dop_operator_3.py
[2024-05-08T15:08:29.426+0000] {processor.py:830} INFO - Processing file /home/airflow/.local/lib/python3.12/site-packages/airflow/example_dags/example_branch_python_dop_operator_3.py for tasks to queue
[2024-05-08T15:08:29.430+0000] {logging_mixin.py:188} INFO - [2024-05-08T15:08:29.429+0000] {dagbag.py:545} INFO - Filling up the DagBag from /home/airflow/.local/lib/python3.12/site-packages/airflow/example_dags/example_branch_python_dop_operator_3.py
[2024-05-08T15:08:29.443+0000] {processor.py:840} INFO - DAG(s) 'example_branch_dop_operator_v3' retrieved from /home/airflow/.local/lib/python3.12/site-packages/airflow/example_dags/example_branch_python_dop_operator_3.py
[2024-05-08T15:08:29.475+0000] {logging_mixin.py:188} INFO - [2024-05-08T15:08:29.475+0000] {dag.py:3096} INFO - Sync 1 DAGs
[2024-05-08T15:08:29.518+0000] {logging_mixin.py:188} INFO - [2024-05-08T15:08:29.518+0000] {dag.py:3954} INFO - Setting next_dagrun for example_branch_dop_operator_v3 to 2024-05-08 15:07:00+00:00, run_after=2024-05-08 15:08:00+00:00
[2024-05-08T15:08:29.547+0000] {processor.py:183} INFO - Processing /home/airflow/.local/lib/python3.12/site-packages/airflow/example_dags/example_branch_python_dop_operator_3.py took 0.132 seconds
