[2024-05-08T14:51:45.120+0000] {processor.py:161} INFO - Started process (PID=192) to work on /home/airflow/.local/lib/python3.12/site-packages/airflow/example_dags/example_external_task_marker_dag.py
[2024-05-08T14:51:45.130+0000] {processor.py:830} INFO - Processing file /home/airflow/.local/lib/python3.12/site-packages/airflow/example_dags/example_external_task_marker_dag.py for tasks to queue
[2024-05-08T14:51:45.141+0000] {logging_mixin.py:188} INFO - [2024-05-08T14:51:45.140+0000] {dagbag.py:545} INFO - Filling up the DagBag from /home/airflow/.local/lib/python3.12/site-packages/airflow/example_dags/example_external_task_marker_dag.py
[2024-05-08T14:51:45.374+0000] {processor.py:840} INFO - DAG(s) 'example_external_task_marker_parent', 'example_external_task_marker_child' retrieved from /home/airflow/.local/lib/python3.12/site-packages/airflow/example_dags/example_external_task_marker_dag.py
[2024-05-08T14:51:46.176+0000] {logging_mixin.py:188} INFO - [2024-05-08T14:51:46.176+0000] {dag.py:3096} INFO - Sync 2 DAGs
[2024-05-08T14:51:46.225+0000] {logging_mixin.py:188} INFO - [2024-05-08T14:51:46.225+0000] {dag.py:3954} INFO - Setting next_dagrun for example_external_task_marker_child to None, run_after=None
[2024-05-08T14:51:46.233+0000] {logging_mixin.py:188} INFO - [2024-05-08T14:51:46.232+0000] {dag.py:3954} INFO - Setting next_dagrun for example_external_task_marker_parent to None, run_after=None
[2024-05-08T14:51:46.282+0000] {processor.py:183} INFO - Processing /home/airflow/.local/lib/python3.12/site-packages/airflow/example_dags/example_external_task_marker_dag.py took 1.251 seconds
[2024-05-08T14:52:16.537+0000] {processor.py:161} INFO - Started process (PID=456) to work on /home/airflow/.local/lib/python3.12/site-packages/airflow/example_dags/example_external_task_marker_dag.py
[2024-05-08T14:52:16.542+0000] {processor.py:830} INFO - Processing file /home/airflow/.local/lib/python3.12/site-packages/airflow/example_dags/example_external_task_marker_dag.py for tasks to queue
[2024-05-08T14:52:16.546+0000] {logging_mixin.py:188} INFO - [2024-05-08T14:52:16.545+0000] {dagbag.py:545} INFO - Filling up the DagBag from /home/airflow/.local/lib/python3.12/site-packages/airflow/example_dags/example_external_task_marker_dag.py
[2024-05-08T14:52:16.565+0000] {processor.py:840} INFO - DAG(s) 'example_external_task_marker_parent', 'example_external_task_marker_child' retrieved from /home/airflow/.local/lib/python3.12/site-packages/airflow/example_dags/example_external_task_marker_dag.py
[2024-05-08T14:52:16.656+0000] {logging_mixin.py:188} INFO - [2024-05-08T14:52:16.655+0000] {dag.py:3096} INFO - Sync 2 DAGs
[2024-05-08T14:52:16.722+0000] {logging_mixin.py:188} INFO - [2024-05-08T14:52:16.721+0000] {dag.py:3954} INFO - Setting next_dagrun for example_external_task_marker_child to None, run_after=None
[2024-05-08T14:52:16.733+0000] {logging_mixin.py:188} INFO - [2024-05-08T14:52:16.733+0000] {dag.py:3954} INFO - Setting next_dagrun for example_external_task_marker_parent to None, run_after=None
[2024-05-08T14:52:16.821+0000] {processor.py:183} INFO - Processing /home/airflow/.local/lib/python3.12/site-packages/airflow/example_dags/example_external_task_marker_dag.py took 0.294 seconds
[2024-05-08T14:52:47.375+0000] {processor.py:161} INFO - Started process (PID=716) to work on /home/airflow/.local/lib/python3.12/site-packages/airflow/example_dags/example_external_task_marker_dag.py
[2024-05-08T14:52:47.379+0000] {processor.py:830} INFO - Processing file /home/airflow/.local/lib/python3.12/site-packages/airflow/example_dags/example_external_task_marker_dag.py for tasks to queue
[2024-05-08T14:52:47.500+0000] {logging_mixin.py:188} INFO - [2024-05-08T14:52:47.396+0000] {dagbag.py:545} INFO - Filling up the DagBag from /home/airflow/.local/lib/python3.12/site-packages/airflow/example_dags/example_external_task_marker_dag.py
[2024-05-08T14:52:47.581+0000] {processor.py:840} INFO - DAG(s) 'example_external_task_marker_parent', 'example_external_task_marker_child' retrieved from /home/airflow/.local/lib/python3.12/site-packages/airflow/example_dags/example_external_task_marker_dag.py
[2024-05-08T14:52:47.948+0000] {logging_mixin.py:188} INFO - [2024-05-08T14:52:47.947+0000] {dag.py:3096} INFO - Sync 2 DAGs
[2024-05-08T14:52:48.114+0000] {logging_mixin.py:188} INFO - [2024-05-08T14:52:48.110+0000] {dag.py:3954} INFO - Setting next_dagrun for example_external_task_marker_child to None, run_after=None
[2024-05-08T14:52:48.263+0000] {logging_mixin.py:188} INFO - [2024-05-08T14:52:48.262+0000] {dag.py:3954} INFO - Setting next_dagrun for example_external_task_marker_parent to None, run_after=None
[2024-05-08T14:52:48.425+0000] {processor.py:183} INFO - Processing /home/airflow/.local/lib/python3.12/site-packages/airflow/example_dags/example_external_task_marker_dag.py took 1.111 seconds
[2024-05-08T14:53:19.188+0000] {processor.py:161} INFO - Started process (PID=980) to work on /home/airflow/.local/lib/python3.12/site-packages/airflow/example_dags/example_external_task_marker_dag.py
[2024-05-08T14:53:19.189+0000] {processor.py:830} INFO - Processing file /home/airflow/.local/lib/python3.12/site-packages/airflow/example_dags/example_external_task_marker_dag.py for tasks to queue
[2024-05-08T14:53:19.192+0000] {logging_mixin.py:188} INFO - [2024-05-08T14:53:19.191+0000] {dagbag.py:545} INFO - Filling up the DagBag from /home/airflow/.local/lib/python3.12/site-packages/airflow/example_dags/example_external_task_marker_dag.py
[2024-05-08T14:53:19.201+0000] {processor.py:840} INFO - DAG(s) 'example_external_task_marker_child', 'example_external_task_marker_parent' retrieved from /home/airflow/.local/lib/python3.12/site-packages/airflow/example_dags/example_external_task_marker_dag.py
[2024-05-08T14:53:19.238+0000] {logging_mixin.py:188} INFO - [2024-05-08T14:53:19.238+0000] {dag.py:3096} INFO - Sync 2 DAGs
[2024-05-08T14:53:19.262+0000] {logging_mixin.py:188} INFO - [2024-05-08T14:53:19.261+0000] {dag.py:3954} INFO - Setting next_dagrun for example_external_task_marker_child to None, run_after=None
[2024-05-08T14:53:19.268+0000] {logging_mixin.py:188} INFO - [2024-05-08T14:53:19.268+0000] {dag.py:3954} INFO - Setting next_dagrun for example_external_task_marker_parent to None, run_after=None
[2024-05-08T14:53:19.297+0000] {processor.py:183} INFO - Processing /home/airflow/.local/lib/python3.12/site-packages/airflow/example_dags/example_external_task_marker_dag.py took 0.120 seconds
[2024-05-08T14:53:49.551+0000] {processor.py:161} INFO - Started process (PID=1242) to work on /home/airflow/.local/lib/python3.12/site-packages/airflow/example_dags/example_external_task_marker_dag.py
[2024-05-08T14:53:49.557+0000] {processor.py:830} INFO - Processing file /home/airflow/.local/lib/python3.12/site-packages/airflow/example_dags/example_external_task_marker_dag.py for tasks to queue
[2024-05-08T14:53:49.564+0000] {logging_mixin.py:188} INFO - [2024-05-08T14:53:49.563+0000] {dagbag.py:545} INFO - Filling up the DagBag from /home/airflow/.local/lib/python3.12/site-packages/airflow/example_dags/example_external_task_marker_dag.py
[2024-05-08T14:53:49.586+0000] {processor.py:840} INFO - DAG(s) 'example_external_task_marker_parent', 'example_external_task_marker_child' retrieved from /home/airflow/.local/lib/python3.12/site-packages/airflow/example_dags/example_external_task_marker_dag.py
[2024-05-08T14:53:49.655+0000] {logging_mixin.py:188} INFO - [2024-05-08T14:53:49.655+0000] {dag.py:3096} INFO - Sync 2 DAGs
[2024-05-08T14:53:49.688+0000] {logging_mixin.py:188} INFO - [2024-05-08T14:53:49.687+0000] {dag.py:3954} INFO - Setting next_dagrun for example_external_task_marker_child to None, run_after=None
[2024-05-08T14:53:49.697+0000] {logging_mixin.py:188} INFO - [2024-05-08T14:53:49.697+0000] {dag.py:3954} INFO - Setting next_dagrun for example_external_task_marker_parent to None, run_after=None
[2024-05-08T14:53:49.739+0000] {processor.py:183} INFO - Processing /home/airflow/.local/lib/python3.12/site-packages/airflow/example_dags/example_external_task_marker_dag.py took 0.209 seconds
[2024-05-08T14:54:21.744+0000] {processor.py:161} INFO - Started process (PID=1507) to work on /home/airflow/.local/lib/python3.12/site-packages/airflow/example_dags/example_external_task_marker_dag.py
[2024-05-08T14:54:21.745+0000] {processor.py:830} INFO - Processing file /home/airflow/.local/lib/python3.12/site-packages/airflow/example_dags/example_external_task_marker_dag.py for tasks to queue
[2024-05-08T14:54:21.749+0000] {logging_mixin.py:188} INFO - [2024-05-08T14:54:21.748+0000] {dagbag.py:545} INFO - Filling up the DagBag from /home/airflow/.local/lib/python3.12/site-packages/airflow/example_dags/example_external_task_marker_dag.py
[2024-05-08T14:54:21.810+0000] {processor.py:840} INFO - DAG(s) 'example_external_task_marker_child', 'example_external_task_marker_parent' retrieved from /home/airflow/.local/lib/python3.12/site-packages/airflow/example_dags/example_external_task_marker_dag.py
[2024-05-08T14:54:21.873+0000] {logging_mixin.py:188} INFO - [2024-05-08T14:54:21.872+0000] {dag.py:3096} INFO - Sync 2 DAGs
[2024-05-08T14:54:21.899+0000] {logging_mixin.py:188} INFO - [2024-05-08T14:54:21.898+0000] {dag.py:3954} INFO - Setting next_dagrun for example_external_task_marker_child to None, run_after=None
[2024-05-08T14:54:21.905+0000] {logging_mixin.py:188} INFO - [2024-05-08T14:54:21.905+0000] {dag.py:3954} INFO - Setting next_dagrun for example_external_task_marker_parent to None, run_after=None
[2024-05-08T14:54:21.939+0000] {processor.py:183} INFO - Processing /home/airflow/.local/lib/python3.12/site-packages/airflow/example_dags/example_external_task_marker_dag.py took 0.206 seconds
[2024-05-08T14:54:51.990+0000] {processor.py:161} INFO - Started process (PID=1745) to work on /home/airflow/.local/lib/python3.12/site-packages/airflow/example_dags/example_external_task_marker_dag.py
[2024-05-08T14:54:51.991+0000] {processor.py:830} INFO - Processing file /home/airflow/.local/lib/python3.12/site-packages/airflow/example_dags/example_external_task_marker_dag.py for tasks to queue
[2024-05-08T14:54:51.994+0000] {logging_mixin.py:188} INFO - [2024-05-08T14:54:51.994+0000] {dagbag.py:545} INFO - Filling up the DagBag from /home/airflow/.local/lib/python3.12/site-packages/airflow/example_dags/example_external_task_marker_dag.py
[2024-05-08T14:54:52.004+0000] {processor.py:840} INFO - DAG(s) 'example_external_task_marker_parent', 'example_external_task_marker_child' retrieved from /home/airflow/.local/lib/python3.12/site-packages/airflow/example_dags/example_external_task_marker_dag.py
[2024-05-08T14:54:52.043+0000] {logging_mixin.py:188} INFO - [2024-05-08T14:54:52.043+0000] {dag.py:3096} INFO - Sync 2 DAGs
[2024-05-08T14:54:52.064+0000] {logging_mixin.py:188} INFO - [2024-05-08T14:54:52.064+0000] {dag.py:3954} INFO - Setting next_dagrun for example_external_task_marker_child to None, run_after=None
[2024-05-08T14:54:52.072+0000] {logging_mixin.py:188} INFO - [2024-05-08T14:54:52.071+0000] {dag.py:3954} INFO - Setting next_dagrun for example_external_task_marker_parent to None, run_after=None
[2024-05-08T14:54:52.100+0000] {processor.py:183} INFO - Processing /home/airflow/.local/lib/python3.12/site-packages/airflow/example_dags/example_external_task_marker_dag.py took 0.119 seconds
[2024-05-08T14:55:22.869+0000] {processor.py:161} INFO - Started process (PID=2007) to work on /home/airflow/.local/lib/python3.12/site-packages/airflow/example_dags/example_external_task_marker_dag.py
[2024-05-08T14:55:22.871+0000] {processor.py:830} INFO - Processing file /home/airflow/.local/lib/python3.12/site-packages/airflow/example_dags/example_external_task_marker_dag.py for tasks to queue
[2024-05-08T14:55:22.879+0000] {logging_mixin.py:188} INFO - [2024-05-08T14:55:22.878+0000] {dagbag.py:545} INFO - Filling up the DagBag from /home/airflow/.local/lib/python3.12/site-packages/airflow/example_dags/example_external_task_marker_dag.py
[2024-05-08T14:55:22.896+0000] {processor.py:840} INFO - DAG(s) 'example_external_task_marker_parent', 'example_external_task_marker_child' retrieved from /home/airflow/.local/lib/python3.12/site-packages/airflow/example_dags/example_external_task_marker_dag.py
[2024-05-08T14:55:22.952+0000] {logging_mixin.py:188} INFO - [2024-05-08T14:55:22.951+0000] {dag.py:3096} INFO - Sync 2 DAGs
[2024-05-08T14:55:22.975+0000] {logging_mixin.py:188} INFO - [2024-05-08T14:55:22.974+0000] {dag.py:3954} INFO - Setting next_dagrun for example_external_task_marker_child to None, run_after=None
[2024-05-08T14:55:22.981+0000] {logging_mixin.py:188} INFO - [2024-05-08T14:55:22.981+0000] {dag.py:3954} INFO - Setting next_dagrun for example_external_task_marker_parent to None, run_after=None
[2024-05-08T14:55:23.013+0000] {processor.py:183} INFO - Processing /home/airflow/.local/lib/python3.12/site-packages/airflow/example_dags/example_external_task_marker_dag.py took 0.153 seconds
[2024-05-08T14:55:53.261+0000] {processor.py:161} INFO - Started process (PID=2266) to work on /home/airflow/.local/lib/python3.12/site-packages/airflow/example_dags/example_external_task_marker_dag.py
[2024-05-08T14:55:53.303+0000] {processor.py:830} INFO - Processing file /home/airflow/.local/lib/python3.12/site-packages/airflow/example_dags/example_external_task_marker_dag.py for tasks to queue
[2024-05-08T14:55:53.316+0000] {logging_mixin.py:188} INFO - [2024-05-08T14:55:53.311+0000] {dagbag.py:545} INFO - Filling up the DagBag from /home/airflow/.local/lib/python3.12/site-packages/airflow/example_dags/example_external_task_marker_dag.py
[2024-05-08T14:55:53.382+0000] {processor.py:840} INFO - DAG(s) 'example_external_task_marker_child', 'example_external_task_marker_parent' retrieved from /home/airflow/.local/lib/python3.12/site-packages/airflow/example_dags/example_external_task_marker_dag.py
[2024-05-08T14:55:53.512+0000] {logging_mixin.py:188} INFO - [2024-05-08T14:55:53.511+0000] {dag.py:3096} INFO - Sync 2 DAGs
[2024-05-08T14:55:53.558+0000] {logging_mixin.py:188} INFO - [2024-05-08T14:55:53.557+0000] {dag.py:3954} INFO - Setting next_dagrun for example_external_task_marker_child to None, run_after=None
[2024-05-08T14:55:53.568+0000] {logging_mixin.py:188} INFO - [2024-05-08T14:55:53.568+0000] {dag.py:3954} INFO - Setting next_dagrun for example_external_task_marker_parent to None, run_after=None
[2024-05-08T14:55:53.609+0000] {processor.py:183} INFO - Processing /home/airflow/.local/lib/python3.12/site-packages/airflow/example_dags/example_external_task_marker_dag.py took 0.434 seconds
[2024-05-08T14:56:24.232+0000] {processor.py:161} INFO - Started process (PID=2528) to work on /home/airflow/.local/lib/python3.12/site-packages/airflow/example_dags/example_external_task_marker_dag.py
[2024-05-08T14:56:24.234+0000] {processor.py:830} INFO - Processing file /home/airflow/.local/lib/python3.12/site-packages/airflow/example_dags/example_external_task_marker_dag.py for tasks to queue
[2024-05-08T14:56:24.237+0000] {logging_mixin.py:188} INFO - [2024-05-08T14:56:24.237+0000] {dagbag.py:545} INFO - Filling up the DagBag from /home/airflow/.local/lib/python3.12/site-packages/airflow/example_dags/example_external_task_marker_dag.py
[2024-05-08T14:56:24.249+0000] {processor.py:840} INFO - DAG(s) 'example_external_task_marker_parent', 'example_external_task_marker_child' retrieved from /home/airflow/.local/lib/python3.12/site-packages/airflow/example_dags/example_external_task_marker_dag.py
[2024-05-08T14:56:24.288+0000] {logging_mixin.py:188} INFO - [2024-05-08T14:56:24.288+0000] {dag.py:3096} INFO - Sync 2 DAGs
[2024-05-08T14:56:24.311+0000] {logging_mixin.py:188} INFO - [2024-05-08T14:56:24.311+0000] {dag.py:3954} INFO - Setting next_dagrun for example_external_task_marker_child to None, run_after=None
[2024-05-08T14:56:24.317+0000] {logging_mixin.py:188} INFO - [2024-05-08T14:56:24.317+0000] {dag.py:3954} INFO - Setting next_dagrun for example_external_task_marker_parent to None, run_after=None
[2024-05-08T14:56:24.346+0000] {processor.py:183} INFO - Processing /home/airflow/.local/lib/python3.12/site-packages/airflow/example_dags/example_external_task_marker_dag.py took 0.124 seconds
[2024-05-08T14:56:55.079+0000] {processor.py:161} INFO - Started process (PID=2790) to work on /home/airflow/.local/lib/python3.12/site-packages/airflow/example_dags/example_external_task_marker_dag.py
[2024-05-08T14:56:55.083+0000] {processor.py:830} INFO - Processing file /home/airflow/.local/lib/python3.12/site-packages/airflow/example_dags/example_external_task_marker_dag.py for tasks to queue
[2024-05-08T14:56:55.088+0000] {logging_mixin.py:188} INFO - [2024-05-08T14:56:55.087+0000] {dagbag.py:545} INFO - Filling up the DagBag from /home/airflow/.local/lib/python3.12/site-packages/airflow/example_dags/example_external_task_marker_dag.py
[2024-05-08T14:56:55.105+0000] {processor.py:840} INFO - DAG(s) 'example_external_task_marker_parent', 'example_external_task_marker_child' retrieved from /home/airflow/.local/lib/python3.12/site-packages/airflow/example_dags/example_external_task_marker_dag.py
[2024-05-08T14:56:55.160+0000] {logging_mixin.py:188} INFO - [2024-05-08T14:56:55.160+0000] {dag.py:3096} INFO - Sync 2 DAGs
[2024-05-08T14:56:55.195+0000] {logging_mixin.py:188} INFO - [2024-05-08T14:56:55.194+0000] {dag.py:3954} INFO - Setting next_dagrun for example_external_task_marker_child to None, run_after=None
[2024-05-08T14:56:55.210+0000] {logging_mixin.py:188} INFO - [2024-05-08T14:56:55.209+0000] {dag.py:3954} INFO - Setting next_dagrun for example_external_task_marker_parent to None, run_after=None
[2024-05-08T14:56:55.248+0000] {processor.py:183} INFO - Processing /home/airflow/.local/lib/python3.12/site-packages/airflow/example_dags/example_external_task_marker_dag.py took 0.183 seconds
[2024-05-08T14:57:25.374+0000] {processor.py:161} INFO - Started process (PID=3055) to work on /home/airflow/.local/lib/python3.12/site-packages/airflow/example_dags/example_external_task_marker_dag.py
[2024-05-08T14:57:25.375+0000] {processor.py:830} INFO - Processing file /home/airflow/.local/lib/python3.12/site-packages/airflow/example_dags/example_external_task_marker_dag.py for tasks to queue
[2024-05-08T14:57:25.378+0000] {logging_mixin.py:188} INFO - [2024-05-08T14:57:25.378+0000] {dagbag.py:545} INFO - Filling up the DagBag from /home/airflow/.local/lib/python3.12/site-packages/airflow/example_dags/example_external_task_marker_dag.py
[2024-05-08T14:57:25.388+0000] {processor.py:840} INFO - DAG(s) 'example_external_task_marker_parent', 'example_external_task_marker_child' retrieved from /home/airflow/.local/lib/python3.12/site-packages/airflow/example_dags/example_external_task_marker_dag.py
[2024-05-08T14:57:25.428+0000] {logging_mixin.py:188} INFO - [2024-05-08T14:57:25.427+0000] {dag.py:3096} INFO - Sync 2 DAGs
[2024-05-08T14:57:25.448+0000] {logging_mixin.py:188} INFO - [2024-05-08T14:57:25.447+0000] {dag.py:3954} INFO - Setting next_dagrun for example_external_task_marker_child to None, run_after=None
[2024-05-08T14:57:25.454+0000] {logging_mixin.py:188} INFO - [2024-05-08T14:57:25.453+0000] {dag.py:3954} INFO - Setting next_dagrun for example_external_task_marker_parent to None, run_after=None
[2024-05-08T14:57:25.482+0000] {processor.py:183} INFO - Processing /home/airflow/.local/lib/python3.12/site-packages/airflow/example_dags/example_external_task_marker_dag.py took 0.117 seconds
[2024-05-08T14:57:55.861+0000] {processor.py:161} INFO - Started process (PID=3315) to work on /home/airflow/.local/lib/python3.12/site-packages/airflow/example_dags/example_external_task_marker_dag.py
[2024-05-08T14:57:55.863+0000] {processor.py:830} INFO - Processing file /home/airflow/.local/lib/python3.12/site-packages/airflow/example_dags/example_external_task_marker_dag.py for tasks to queue
[2024-05-08T14:57:55.867+0000] {logging_mixin.py:188} INFO - [2024-05-08T14:57:55.867+0000] {dagbag.py:545} INFO - Filling up the DagBag from /home/airflow/.local/lib/python3.12/site-packages/airflow/example_dags/example_external_task_marker_dag.py
[2024-05-08T14:57:55.881+0000] {processor.py:840} INFO - DAG(s) 'example_external_task_marker_child', 'example_external_task_marker_parent' retrieved from /home/airflow/.local/lib/python3.12/site-packages/airflow/example_dags/example_external_task_marker_dag.py
[2024-05-08T14:57:55.945+0000] {logging_mixin.py:188} INFO - [2024-05-08T14:57:55.944+0000] {dag.py:3096} INFO - Sync 2 DAGs
[2024-05-08T14:57:55.969+0000] {logging_mixin.py:188} INFO - [2024-05-08T14:57:55.969+0000] {dag.py:3954} INFO - Setting next_dagrun for example_external_task_marker_child to None, run_after=None
[2024-05-08T14:57:55.975+0000] {logging_mixin.py:188} INFO - [2024-05-08T14:57:55.975+0000] {dag.py:3954} INFO - Setting next_dagrun for example_external_task_marker_parent to None, run_after=None
[2024-05-08T14:57:56.005+0000] {processor.py:183} INFO - Processing /home/airflow/.local/lib/python3.12/site-packages/airflow/example_dags/example_external_task_marker_dag.py took 0.155 seconds
[2024-05-08T14:58:26.326+0000] {processor.py:161} INFO - Started process (PID=3577) to work on /home/airflow/.local/lib/python3.12/site-packages/airflow/example_dags/example_external_task_marker_dag.py
[2024-05-08T14:58:26.331+0000] {processor.py:830} INFO - Processing file /home/airflow/.local/lib/python3.12/site-packages/airflow/example_dags/example_external_task_marker_dag.py for tasks to queue
[2024-05-08T14:58:26.334+0000] {logging_mixin.py:188} INFO - [2024-05-08T14:58:26.334+0000] {dagbag.py:545} INFO - Filling up the DagBag from /home/airflow/.local/lib/python3.12/site-packages/airflow/example_dags/example_external_task_marker_dag.py
[2024-05-08T14:58:26.345+0000] {processor.py:840} INFO - DAG(s) 'example_external_task_marker_parent', 'example_external_task_marker_child' retrieved from /home/airflow/.local/lib/python3.12/site-packages/airflow/example_dags/example_external_task_marker_dag.py
[2024-05-08T14:58:26.382+0000] {logging_mixin.py:188} INFO - [2024-05-08T14:58:26.382+0000] {dag.py:3096} INFO - Sync 2 DAGs
[2024-05-08T14:58:26.404+0000] {logging_mixin.py:188} INFO - [2024-05-08T14:58:26.404+0000] {dag.py:3954} INFO - Setting next_dagrun for example_external_task_marker_child to None, run_after=None
[2024-05-08T14:58:26.411+0000] {logging_mixin.py:188} INFO - [2024-05-08T14:58:26.410+0000] {dag.py:3954} INFO - Setting next_dagrun for example_external_task_marker_parent to None, run_after=None
[2024-05-08T14:58:26.439+0000] {processor.py:183} INFO - Processing /home/airflow/.local/lib/python3.12/site-packages/airflow/example_dags/example_external_task_marker_dag.py took 0.123 seconds
[2024-05-08T14:58:56.633+0000] {processor.py:161} INFO - Started process (PID=3839) to work on /home/airflow/.local/lib/python3.12/site-packages/airflow/example_dags/example_external_task_marker_dag.py
[2024-05-08T14:58:56.638+0000] {processor.py:830} INFO - Processing file /home/airflow/.local/lib/python3.12/site-packages/airflow/example_dags/example_external_task_marker_dag.py for tasks to queue
[2024-05-08T14:58:56.642+0000] {logging_mixin.py:188} INFO - [2024-05-08T14:58:56.642+0000] {dagbag.py:545} INFO - Filling up the DagBag from /home/airflow/.local/lib/python3.12/site-packages/airflow/example_dags/example_external_task_marker_dag.py
[2024-05-08T14:58:56.653+0000] {processor.py:840} INFO - DAG(s) 'example_external_task_marker_parent', 'example_external_task_marker_child' retrieved from /home/airflow/.local/lib/python3.12/site-packages/airflow/example_dags/example_external_task_marker_dag.py
[2024-05-08T14:58:56.695+0000] {logging_mixin.py:188} INFO - [2024-05-08T14:58:56.695+0000] {dag.py:3096} INFO - Sync 2 DAGs
[2024-05-08T14:58:56.719+0000] {logging_mixin.py:188} INFO - [2024-05-08T14:58:56.719+0000] {dag.py:3954} INFO - Setting next_dagrun for example_external_task_marker_child to None, run_after=None
[2024-05-08T14:58:56.726+0000] {logging_mixin.py:188} INFO - [2024-05-08T14:58:56.726+0000] {dag.py:3954} INFO - Setting next_dagrun for example_external_task_marker_parent to None, run_after=None
[2024-05-08T14:58:56.756+0000] {processor.py:183} INFO - Processing /home/airflow/.local/lib/python3.12/site-packages/airflow/example_dags/example_external_task_marker_dag.py took 0.137 seconds
[2024-05-08T14:59:27.255+0000] {processor.py:161} INFO - Started process (PID=4101) to work on /home/airflow/.local/lib/python3.12/site-packages/airflow/example_dags/example_external_task_marker_dag.py
[2024-05-08T14:59:27.256+0000] {processor.py:830} INFO - Processing file /home/airflow/.local/lib/python3.12/site-packages/airflow/example_dags/example_external_task_marker_dag.py for tasks to queue
[2024-05-08T14:59:27.259+0000] {logging_mixin.py:188} INFO - [2024-05-08T14:59:27.259+0000] {dagbag.py:545} INFO - Filling up the DagBag from /home/airflow/.local/lib/python3.12/site-packages/airflow/example_dags/example_external_task_marker_dag.py
[2024-05-08T14:59:27.268+0000] {processor.py:840} INFO - DAG(s) 'example_external_task_marker_parent', 'example_external_task_marker_child' retrieved from /home/airflow/.local/lib/python3.12/site-packages/airflow/example_dags/example_external_task_marker_dag.py
[2024-05-08T14:59:27.307+0000] {logging_mixin.py:188} INFO - [2024-05-08T14:59:27.307+0000] {dag.py:3096} INFO - Sync 2 DAGs
[2024-05-08T14:59:27.330+0000] {logging_mixin.py:188} INFO - [2024-05-08T14:59:27.330+0000] {dag.py:3954} INFO - Setting next_dagrun for example_external_task_marker_child to None, run_after=None
[2024-05-08T14:59:27.336+0000] {logging_mixin.py:188} INFO - [2024-05-08T14:59:27.336+0000] {dag.py:3954} INFO - Setting next_dagrun for example_external_task_marker_parent to None, run_after=None
[2024-05-08T14:59:27.364+0000] {processor.py:183} INFO - Processing /home/airflow/.local/lib/python3.12/site-packages/airflow/example_dags/example_external_task_marker_dag.py took 0.118 seconds
[2024-05-08T14:59:57.604+0000] {processor.py:161} INFO - Started process (PID=4362) to work on /home/airflow/.local/lib/python3.12/site-packages/airflow/example_dags/example_external_task_marker_dag.py
[2024-05-08T14:59:57.606+0000] {processor.py:830} INFO - Processing file /home/airflow/.local/lib/python3.12/site-packages/airflow/example_dags/example_external_task_marker_dag.py for tasks to queue
[2024-05-08T14:59:57.609+0000] {logging_mixin.py:188} INFO - [2024-05-08T14:59:57.609+0000] {dagbag.py:545} INFO - Filling up the DagBag from /home/airflow/.local/lib/python3.12/site-packages/airflow/example_dags/example_external_task_marker_dag.py
[2024-05-08T14:59:57.622+0000] {processor.py:840} INFO - DAG(s) 'example_external_task_marker_parent', 'example_external_task_marker_child' retrieved from /home/airflow/.local/lib/python3.12/site-packages/airflow/example_dags/example_external_task_marker_dag.py
[2024-05-08T14:59:57.659+0000] {logging_mixin.py:188} INFO - [2024-05-08T14:59:57.658+0000] {dag.py:3096} INFO - Sync 2 DAGs
[2024-05-08T14:59:57.681+0000] {logging_mixin.py:188} INFO - [2024-05-08T14:59:57.681+0000] {dag.py:3954} INFO - Setting next_dagrun for example_external_task_marker_child to None, run_after=None
[2024-05-08T14:59:57.688+0000] {logging_mixin.py:188} INFO - [2024-05-08T14:59:57.687+0000] {dag.py:3954} INFO - Setting next_dagrun for example_external_task_marker_parent to None, run_after=None
[2024-05-08T14:59:57.717+0000] {processor.py:183} INFO - Processing /home/airflow/.local/lib/python3.12/site-packages/airflow/example_dags/example_external_task_marker_dag.py took 0.123 seconds
[2024-05-08T15:00:28.693+0000] {processor.py:161} INFO - Started process (PID=4624) to work on /home/airflow/.local/lib/python3.12/site-packages/airflow/example_dags/example_external_task_marker_dag.py
[2024-05-08T15:00:28.697+0000] {processor.py:830} INFO - Processing file /home/airflow/.local/lib/python3.12/site-packages/airflow/example_dags/example_external_task_marker_dag.py for tasks to queue
[2024-05-08T15:00:28.705+0000] {logging_mixin.py:188} INFO - [2024-05-08T15:00:28.704+0000] {dagbag.py:545} INFO - Filling up the DagBag from /home/airflow/.local/lib/python3.12/site-packages/airflow/example_dags/example_external_task_marker_dag.py
[2024-05-08T15:00:28.754+0000] {processor.py:840} INFO - DAG(s) 'example_external_task_marker_child', 'example_external_task_marker_parent' retrieved from /home/airflow/.local/lib/python3.12/site-packages/airflow/example_dags/example_external_task_marker_dag.py
[2024-05-08T15:00:28.830+0000] {logging_mixin.py:188} INFO - [2024-05-08T15:00:28.827+0000] {dag.py:3096} INFO - Sync 2 DAGs
[2024-05-08T15:00:28.881+0000] {logging_mixin.py:188} INFO - [2024-05-08T15:00:28.880+0000] {dag.py:3954} INFO - Setting next_dagrun for example_external_task_marker_child to None, run_after=None
[2024-05-08T15:00:28.898+0000] {logging_mixin.py:188} INFO - [2024-05-08T15:00:28.898+0000] {dag.py:3954} INFO - Setting next_dagrun for example_external_task_marker_parent to None, run_after=None
[2024-05-08T15:00:28.965+0000] {processor.py:183} INFO - Processing /home/airflow/.local/lib/python3.12/site-packages/airflow/example_dags/example_external_task_marker_dag.py took 0.287 seconds
[2024-05-08T15:00:59.235+0000] {processor.py:161} INFO - Started process (PID=4885) to work on /home/airflow/.local/lib/python3.12/site-packages/airflow/example_dags/example_external_task_marker_dag.py
[2024-05-08T15:00:59.237+0000] {processor.py:830} INFO - Processing file /home/airflow/.local/lib/python3.12/site-packages/airflow/example_dags/example_external_task_marker_dag.py for tasks to queue
[2024-05-08T15:00:59.240+0000] {logging_mixin.py:188} INFO - [2024-05-08T15:00:59.239+0000] {dagbag.py:545} INFO - Filling up the DagBag from /home/airflow/.local/lib/python3.12/site-packages/airflow/example_dags/example_external_task_marker_dag.py
[2024-05-08T15:00:59.251+0000] {processor.py:840} INFO - DAG(s) 'example_external_task_marker_parent', 'example_external_task_marker_child' retrieved from /home/airflow/.local/lib/python3.12/site-packages/airflow/example_dags/example_external_task_marker_dag.py
[2024-05-08T15:00:59.290+0000] {logging_mixin.py:188} INFO - [2024-05-08T15:00:59.290+0000] {dag.py:3096} INFO - Sync 2 DAGs
[2024-05-08T15:00:59.311+0000] {logging_mixin.py:188} INFO - [2024-05-08T15:00:59.311+0000] {dag.py:3954} INFO - Setting next_dagrun for example_external_task_marker_child to None, run_after=None
[2024-05-08T15:00:59.320+0000] {logging_mixin.py:188} INFO - [2024-05-08T15:00:59.320+0000] {dag.py:3954} INFO - Setting next_dagrun for example_external_task_marker_parent to None, run_after=None
[2024-05-08T15:00:59.348+0000] {processor.py:183} INFO - Processing /home/airflow/.local/lib/python3.12/site-packages/airflow/example_dags/example_external_task_marker_dag.py took 0.122 seconds
[2024-05-08T15:01:29.411+0000] {processor.py:161} INFO - Started process (PID=5146) to work on /home/airflow/.local/lib/python3.12/site-packages/airflow/example_dags/example_external_task_marker_dag.py
[2024-05-08T15:01:29.415+0000] {processor.py:830} INFO - Processing file /home/airflow/.local/lib/python3.12/site-packages/airflow/example_dags/example_external_task_marker_dag.py for tasks to queue
[2024-05-08T15:01:29.418+0000] {logging_mixin.py:188} INFO - [2024-05-08T15:01:29.417+0000] {dagbag.py:545} INFO - Filling up the DagBag from /home/airflow/.local/lib/python3.12/site-packages/airflow/example_dags/example_external_task_marker_dag.py
[2024-05-08T15:01:29.428+0000] {processor.py:840} INFO - DAG(s) 'example_external_task_marker_parent', 'example_external_task_marker_child' retrieved from /home/airflow/.local/lib/python3.12/site-packages/airflow/example_dags/example_external_task_marker_dag.py
[2024-05-08T15:01:29.468+0000] {logging_mixin.py:188} INFO - [2024-05-08T15:01:29.467+0000] {dag.py:3096} INFO - Sync 2 DAGs
[2024-05-08T15:01:29.496+0000] {logging_mixin.py:188} INFO - [2024-05-08T15:01:29.496+0000] {dag.py:3954} INFO - Setting next_dagrun for example_external_task_marker_child to None, run_after=None
[2024-05-08T15:01:29.504+0000] {logging_mixin.py:188} INFO - [2024-05-08T15:01:29.504+0000] {dag.py:3954} INFO - Setting next_dagrun for example_external_task_marker_parent to None, run_after=None
[2024-05-08T15:01:29.532+0000] {processor.py:183} INFO - Processing /home/airflow/.local/lib/python3.12/site-packages/airflow/example_dags/example_external_task_marker_dag.py took 0.140 seconds
[2024-05-08T15:02:04.131+0000] {processor.py:161} INFO - Started process (PID=5403) to work on /home/airflow/.local/lib/python3.12/site-packages/airflow/example_dags/example_external_task_marker_dag.py
[2024-05-08T15:02:04.133+0000] {processor.py:830} INFO - Processing file /home/airflow/.local/lib/python3.12/site-packages/airflow/example_dags/example_external_task_marker_dag.py for tasks to queue
[2024-05-08T15:02:04.138+0000] {logging_mixin.py:188} INFO - [2024-05-08T15:02:04.137+0000] {dagbag.py:545} INFO - Filling up the DagBag from /home/airflow/.local/lib/python3.12/site-packages/airflow/example_dags/example_external_task_marker_dag.py
[2024-05-08T15:02:04.162+0000] {processor.py:840} INFO - DAG(s) 'example_external_task_marker_child', 'example_external_task_marker_parent' retrieved from /home/airflow/.local/lib/python3.12/site-packages/airflow/example_dags/example_external_task_marker_dag.py
[2024-05-08T15:02:04.207+0000] {logging_mixin.py:188} INFO - [2024-05-08T15:02:04.206+0000] {dag.py:3096} INFO - Sync 2 DAGs
[2024-05-08T15:02:04.238+0000] {logging_mixin.py:188} INFO - [2024-05-08T15:02:04.238+0000] {dag.py:3954} INFO - Setting next_dagrun for example_external_task_marker_child to None, run_after=None
[2024-05-08T15:02:04.246+0000] {logging_mixin.py:188} INFO - [2024-05-08T15:02:04.246+0000] {dag.py:3954} INFO - Setting next_dagrun for example_external_task_marker_parent to None, run_after=None
[2024-05-08T15:02:04.291+0000] {processor.py:183} INFO - Processing /home/airflow/.local/lib/python3.12/site-packages/airflow/example_dags/example_external_task_marker_dag.py took 0.186 seconds
[2024-05-08T15:02:34.394+0000] {processor.py:161} INFO - Started process (PID=5667) to work on /home/airflow/.local/lib/python3.12/site-packages/airflow/example_dags/example_external_task_marker_dag.py
[2024-05-08T15:02:34.397+0000] {processor.py:830} INFO - Processing file /home/airflow/.local/lib/python3.12/site-packages/airflow/example_dags/example_external_task_marker_dag.py for tasks to queue
[2024-05-08T15:02:34.411+0000] {logging_mixin.py:188} INFO - [2024-05-08T15:02:34.410+0000] {dagbag.py:545} INFO - Filling up the DagBag from /home/airflow/.local/lib/python3.12/site-packages/airflow/example_dags/example_external_task_marker_dag.py
[2024-05-08T15:02:34.432+0000] {processor.py:840} INFO - DAG(s) 'example_external_task_marker_parent', 'example_external_task_marker_child' retrieved from /home/airflow/.local/lib/python3.12/site-packages/airflow/example_dags/example_external_task_marker_dag.py
[2024-05-08T15:02:34.481+0000] {logging_mixin.py:188} INFO - [2024-05-08T15:02:34.480+0000] {dag.py:3096} INFO - Sync 2 DAGs
[2024-05-08T15:02:34.511+0000] {logging_mixin.py:188} INFO - [2024-05-08T15:02:34.511+0000] {dag.py:3954} INFO - Setting next_dagrun for example_external_task_marker_child to None, run_after=None
[2024-05-08T15:02:34.520+0000] {logging_mixin.py:188} INFO - [2024-05-08T15:02:34.519+0000] {dag.py:3954} INFO - Setting next_dagrun for example_external_task_marker_parent to None, run_after=None
[2024-05-08T15:02:34.553+0000] {processor.py:183} INFO - Processing /home/airflow/.local/lib/python3.12/site-packages/airflow/example_dags/example_external_task_marker_dag.py took 0.175 seconds
[2024-05-08T15:03:04.639+0000] {processor.py:161} INFO - Started process (PID=5928) to work on /home/airflow/.local/lib/python3.12/site-packages/airflow/example_dags/example_external_task_marker_dag.py
[2024-05-08T15:03:04.644+0000] {processor.py:830} INFO - Processing file /home/airflow/.local/lib/python3.12/site-packages/airflow/example_dags/example_external_task_marker_dag.py for tasks to queue
[2024-05-08T15:03:04.646+0000] {logging_mixin.py:188} INFO - [2024-05-08T15:03:04.646+0000] {dagbag.py:545} INFO - Filling up the DagBag from /home/airflow/.local/lib/python3.12/site-packages/airflow/example_dags/example_external_task_marker_dag.py
[2024-05-08T15:03:04.658+0000] {processor.py:840} INFO - DAG(s) 'example_external_task_marker_parent', 'example_external_task_marker_child' retrieved from /home/airflow/.local/lib/python3.12/site-packages/airflow/example_dags/example_external_task_marker_dag.py
[2024-05-08T15:03:04.706+0000] {logging_mixin.py:188} INFO - [2024-05-08T15:03:04.706+0000] {dag.py:3096} INFO - Sync 2 DAGs
[2024-05-08T15:03:04.732+0000] {logging_mixin.py:188} INFO - [2024-05-08T15:03:04.730+0000] {dag.py:3954} INFO - Setting next_dagrun for example_external_task_marker_child to None, run_after=None
[2024-05-08T15:03:04.741+0000] {logging_mixin.py:188} INFO - [2024-05-08T15:03:04.741+0000] {dag.py:3954} INFO - Setting next_dagrun for example_external_task_marker_parent to None, run_after=None
[2024-05-08T15:03:04.775+0000] {processor.py:183} INFO - Processing /home/airflow/.local/lib/python3.12/site-packages/airflow/example_dags/example_external_task_marker_dag.py took 0.146 seconds
[2024-05-08T15:03:35.399+0000] {processor.py:161} INFO - Started process (PID=6188) to work on /home/airflow/.local/lib/python3.12/site-packages/airflow/example_dags/example_external_task_marker_dag.py
[2024-05-08T15:03:35.401+0000] {processor.py:830} INFO - Processing file /home/airflow/.local/lib/python3.12/site-packages/airflow/example_dags/example_external_task_marker_dag.py for tasks to queue
[2024-05-08T15:03:35.407+0000] {logging_mixin.py:188} INFO - [2024-05-08T15:03:35.406+0000] {dagbag.py:545} INFO - Filling up the DagBag from /home/airflow/.local/lib/python3.12/site-packages/airflow/example_dags/example_external_task_marker_dag.py
[2024-05-08T15:03:35.422+0000] {processor.py:840} INFO - DAG(s) 'example_external_task_marker_child', 'example_external_task_marker_parent' retrieved from /home/airflow/.local/lib/python3.12/site-packages/airflow/example_dags/example_external_task_marker_dag.py
[2024-05-08T15:03:35.499+0000] {logging_mixin.py:188} INFO - [2024-05-08T15:03:35.499+0000] {dag.py:3096} INFO - Sync 2 DAGs
[2024-05-08T15:03:35.550+0000] {logging_mixin.py:188} INFO - [2024-05-08T15:03:35.550+0000] {dag.py:3954} INFO - Setting next_dagrun for example_external_task_marker_child to None, run_after=None
[2024-05-08T15:03:35.563+0000] {logging_mixin.py:188} INFO - [2024-05-08T15:03:35.562+0000] {dag.py:3954} INFO - Setting next_dagrun for example_external_task_marker_parent to None, run_after=None
[2024-05-08T15:03:35.631+0000] {processor.py:183} INFO - Processing /home/airflow/.local/lib/python3.12/site-packages/airflow/example_dags/example_external_task_marker_dag.py took 0.254 seconds
[2024-05-08T15:04:06.022+0000] {processor.py:161} INFO - Started process (PID=6452) to work on /home/airflow/.local/lib/python3.12/site-packages/airflow/example_dags/example_external_task_marker_dag.py
[2024-05-08T15:04:06.025+0000] {processor.py:830} INFO - Processing file /home/airflow/.local/lib/python3.12/site-packages/airflow/example_dags/example_external_task_marker_dag.py for tasks to queue
[2024-05-08T15:04:06.036+0000] {logging_mixin.py:188} INFO - [2024-05-08T15:04:06.034+0000] {dagbag.py:545} INFO - Filling up the DagBag from /home/airflow/.local/lib/python3.12/site-packages/airflow/example_dags/example_external_task_marker_dag.py
[2024-05-08T15:04:06.047+0000] {processor.py:840} INFO - DAG(s) 'example_external_task_marker_child', 'example_external_task_marker_parent' retrieved from /home/airflow/.local/lib/python3.12/site-packages/airflow/example_dags/example_external_task_marker_dag.py
[2024-05-08T15:04:06.154+0000] {logging_mixin.py:188} INFO - [2024-05-08T15:04:06.153+0000] {dag.py:3096} INFO - Sync 2 DAGs
[2024-05-08T15:04:06.278+0000] {logging_mixin.py:188} INFO - [2024-05-08T15:04:06.277+0000] {dag.py:3954} INFO - Setting next_dagrun for example_external_task_marker_child to None, run_after=None
[2024-05-08T15:04:06.332+0000] {logging_mixin.py:188} INFO - [2024-05-08T15:04:06.331+0000] {dag.py:3954} INFO - Setting next_dagrun for example_external_task_marker_parent to None, run_after=None
[2024-05-08T15:04:06.406+0000] {processor.py:183} INFO - Processing /home/airflow/.local/lib/python3.12/site-packages/airflow/example_dags/example_external_task_marker_dag.py took 0.403 seconds
[2024-05-08T15:04:37.164+0000] {processor.py:161} INFO - Started process (PID=6714) to work on /home/airflow/.local/lib/python3.12/site-packages/airflow/example_dags/example_external_task_marker_dag.py
[2024-05-08T15:04:37.166+0000] {processor.py:830} INFO - Processing file /home/airflow/.local/lib/python3.12/site-packages/airflow/example_dags/example_external_task_marker_dag.py for tasks to queue
[2024-05-08T15:04:37.172+0000] {logging_mixin.py:188} INFO - [2024-05-08T15:04:37.171+0000] {dagbag.py:545} INFO - Filling up the DagBag from /home/airflow/.local/lib/python3.12/site-packages/airflow/example_dags/example_external_task_marker_dag.py
[2024-05-08T15:04:37.182+0000] {processor.py:840} INFO - DAG(s) 'example_external_task_marker_child', 'example_external_task_marker_parent' retrieved from /home/airflow/.local/lib/python3.12/site-packages/airflow/example_dags/example_external_task_marker_dag.py
[2024-05-08T15:04:37.220+0000] {logging_mixin.py:188} INFO - [2024-05-08T15:04:37.220+0000] {dag.py:3096} INFO - Sync 2 DAGs
[2024-05-08T15:04:37.252+0000] {logging_mixin.py:188} INFO - [2024-05-08T15:04:37.251+0000] {dag.py:3954} INFO - Setting next_dagrun for example_external_task_marker_child to None, run_after=None
[2024-05-08T15:04:37.260+0000] {logging_mixin.py:188} INFO - [2024-05-08T15:04:37.259+0000] {dag.py:3954} INFO - Setting next_dagrun for example_external_task_marker_parent to None, run_after=None
[2024-05-08T15:04:37.292+0000] {processor.py:183} INFO - Processing /home/airflow/.local/lib/python3.12/site-packages/airflow/example_dags/example_external_task_marker_dag.py took 0.137 seconds
[2024-05-08T15:05:08.592+0000] {processor.py:161} INFO - Started process (PID=6976) to work on /home/airflow/.local/lib/python3.12/site-packages/airflow/example_dags/example_external_task_marker_dag.py
[2024-05-08T15:05:08.606+0000] {processor.py:830} INFO - Processing file /home/airflow/.local/lib/python3.12/site-packages/airflow/example_dags/example_external_task_marker_dag.py for tasks to queue
[2024-05-08T15:05:08.610+0000] {logging_mixin.py:188} INFO - [2024-05-08T15:05:08.609+0000] {dagbag.py:545} INFO - Filling up the DagBag from /home/airflow/.local/lib/python3.12/site-packages/airflow/example_dags/example_external_task_marker_dag.py
[2024-05-08T15:05:08.664+0000] {processor.py:840} INFO - DAG(s) 'example_external_task_marker_parent', 'example_external_task_marker_child' retrieved from /home/airflow/.local/lib/python3.12/site-packages/airflow/example_dags/example_external_task_marker_dag.py
[2024-05-08T15:05:08.791+0000] {logging_mixin.py:188} INFO - [2024-05-08T15:05:08.790+0000] {dag.py:3096} INFO - Sync 2 DAGs
[2024-05-08T15:05:08.842+0000] {logging_mixin.py:188} INFO - [2024-05-08T15:05:08.842+0000] {dag.py:3954} INFO - Setting next_dagrun for example_external_task_marker_child to None, run_after=None
[2024-05-08T15:05:08.860+0000] {logging_mixin.py:188} INFO - [2024-05-08T15:05:08.859+0000] {dag.py:3954} INFO - Setting next_dagrun for example_external_task_marker_parent to None, run_after=None
[2024-05-08T15:05:09.138+0000] {processor.py:183} INFO - Processing /home/airflow/.local/lib/python3.12/site-packages/airflow/example_dags/example_external_task_marker_dag.py took 0.581 seconds
[2024-05-08T15:05:40.035+0000] {processor.py:161} INFO - Started process (PID=7238) to work on /home/airflow/.local/lib/python3.12/site-packages/airflow/example_dags/example_external_task_marker_dag.py
[2024-05-08T15:05:40.036+0000] {processor.py:830} INFO - Processing file /home/airflow/.local/lib/python3.12/site-packages/airflow/example_dags/example_external_task_marker_dag.py for tasks to queue
[2024-05-08T15:05:40.039+0000] {logging_mixin.py:188} INFO - [2024-05-08T15:05:40.039+0000] {dagbag.py:545} INFO - Filling up the DagBag from /home/airflow/.local/lib/python3.12/site-packages/airflow/example_dags/example_external_task_marker_dag.py
[2024-05-08T15:05:40.056+0000] {processor.py:840} INFO - DAG(s) 'example_external_task_marker_child', 'example_external_task_marker_parent' retrieved from /home/airflow/.local/lib/python3.12/site-packages/airflow/example_dags/example_external_task_marker_dag.py
[2024-05-08T15:05:40.130+0000] {logging_mixin.py:188} INFO - [2024-05-08T15:05:40.130+0000] {dag.py:3096} INFO - Sync 2 DAGs
[2024-05-08T15:05:40.168+0000] {logging_mixin.py:188} INFO - [2024-05-08T15:05:40.168+0000] {dag.py:3954} INFO - Setting next_dagrun for example_external_task_marker_child to None, run_after=None
[2024-05-08T15:05:40.182+0000] {logging_mixin.py:188} INFO - [2024-05-08T15:05:40.180+0000] {dag.py:3954} INFO - Setting next_dagrun for example_external_task_marker_parent to None, run_after=None
[2024-05-08T15:05:40.298+0000] {processor.py:183} INFO - Processing /home/airflow/.local/lib/python3.12/site-packages/airflow/example_dags/example_external_task_marker_dag.py took 0.280 seconds
[2024-05-08T15:06:10.454+0000] {processor.py:161} INFO - Started process (PID=7499) to work on /home/airflow/.local/lib/python3.12/site-packages/airflow/example_dags/example_external_task_marker_dag.py
[2024-05-08T15:06:10.455+0000] {processor.py:830} INFO - Processing file /home/airflow/.local/lib/python3.12/site-packages/airflow/example_dags/example_external_task_marker_dag.py for tasks to queue
[2024-05-08T15:06:10.458+0000] {logging_mixin.py:188} INFO - [2024-05-08T15:06:10.458+0000] {dagbag.py:545} INFO - Filling up the DagBag from /home/airflow/.local/lib/python3.12/site-packages/airflow/example_dags/example_external_task_marker_dag.py
[2024-05-08T15:06:10.467+0000] {processor.py:840} INFO - DAG(s) 'example_external_task_marker_child', 'example_external_task_marker_parent' retrieved from /home/airflow/.local/lib/python3.12/site-packages/airflow/example_dags/example_external_task_marker_dag.py
[2024-05-08T15:06:10.501+0000] {logging_mixin.py:188} INFO - [2024-05-08T15:06:10.501+0000] {dag.py:3096} INFO - Sync 2 DAGs
[2024-05-08T15:06:10.520+0000] {logging_mixin.py:188} INFO - [2024-05-08T15:06:10.519+0000] {dag.py:3954} INFO - Setting next_dagrun for example_external_task_marker_child to None, run_after=None
[2024-05-08T15:06:10.525+0000] {logging_mixin.py:188} INFO - [2024-05-08T15:06:10.525+0000] {dag.py:3954} INFO - Setting next_dagrun for example_external_task_marker_parent to None, run_after=None
[2024-05-08T15:06:10.551+0000] {processor.py:183} INFO - Processing /home/airflow/.local/lib/python3.12/site-packages/airflow/example_dags/example_external_task_marker_dag.py took 0.107 seconds
[2024-05-08T15:06:41.100+0000] {processor.py:161} INFO - Started process (PID=7761) to work on /home/airflow/.local/lib/python3.12/site-packages/airflow/example_dags/example_external_task_marker_dag.py
[2024-05-08T15:06:41.102+0000] {processor.py:830} INFO - Processing file /home/airflow/.local/lib/python3.12/site-packages/airflow/example_dags/example_external_task_marker_dag.py for tasks to queue
[2024-05-08T15:06:41.105+0000] {logging_mixin.py:188} INFO - [2024-05-08T15:06:41.104+0000] {dagbag.py:545} INFO - Filling up the DagBag from /home/airflow/.local/lib/python3.12/site-packages/airflow/example_dags/example_external_task_marker_dag.py
[2024-05-08T15:06:41.114+0000] {processor.py:840} INFO - DAG(s) 'example_external_task_marker_child', 'example_external_task_marker_parent' retrieved from /home/airflow/.local/lib/python3.12/site-packages/airflow/example_dags/example_external_task_marker_dag.py
[2024-05-08T15:06:41.147+0000] {logging_mixin.py:188} INFO - [2024-05-08T15:06:41.147+0000] {dag.py:3096} INFO - Sync 2 DAGs
[2024-05-08T15:06:41.165+0000] {logging_mixin.py:188} INFO - [2024-05-08T15:06:41.165+0000] {dag.py:3954} INFO - Setting next_dagrun for example_external_task_marker_child to None, run_after=None
[2024-05-08T15:06:41.171+0000] {logging_mixin.py:188} INFO - [2024-05-08T15:06:41.171+0000] {dag.py:3954} INFO - Setting next_dagrun for example_external_task_marker_parent to None, run_after=None
[2024-05-08T15:06:41.196+0000] {processor.py:183} INFO - Processing /home/airflow/.local/lib/python3.12/site-packages/airflow/example_dags/example_external_task_marker_dag.py took 0.109 seconds
[2024-05-08T15:07:11.697+0000] {processor.py:161} INFO - Started process (PID=8022) to work on /home/airflow/.local/lib/python3.12/site-packages/airflow/example_dags/example_external_task_marker_dag.py
[2024-05-08T15:07:11.698+0000] {processor.py:830} INFO - Processing file /home/airflow/.local/lib/python3.12/site-packages/airflow/example_dags/example_external_task_marker_dag.py for tasks to queue
[2024-05-08T15:07:11.701+0000] {logging_mixin.py:188} INFO - [2024-05-08T15:07:11.701+0000] {dagbag.py:545} INFO - Filling up the DagBag from /home/airflow/.local/lib/python3.12/site-packages/airflow/example_dags/example_external_task_marker_dag.py
[2024-05-08T15:07:11.711+0000] {processor.py:840} INFO - DAG(s) 'example_external_task_marker_child', 'example_external_task_marker_parent' retrieved from /home/airflow/.local/lib/python3.12/site-packages/airflow/example_dags/example_external_task_marker_dag.py
[2024-05-08T15:07:11.757+0000] {logging_mixin.py:188} INFO - [2024-05-08T15:07:11.756+0000] {dag.py:3096} INFO - Sync 2 DAGs
[2024-05-08T15:07:11.780+0000] {logging_mixin.py:188} INFO - [2024-05-08T15:07:11.780+0000] {dag.py:3954} INFO - Setting next_dagrun for example_external_task_marker_child to None, run_after=None
[2024-05-08T15:07:11.787+0000] {logging_mixin.py:188} INFO - [2024-05-08T15:07:11.787+0000] {dag.py:3954} INFO - Setting next_dagrun for example_external_task_marker_parent to None, run_after=None
[2024-05-08T15:07:11.821+0000] {processor.py:183} INFO - Processing /home/airflow/.local/lib/python3.12/site-packages/airflow/example_dags/example_external_task_marker_dag.py took 0.132 seconds
[2024-05-08T15:07:42.048+0000] {processor.py:161} INFO - Started process (PID=8284) to work on /home/airflow/.local/lib/python3.12/site-packages/airflow/example_dags/example_external_task_marker_dag.py
[2024-05-08T15:07:42.050+0000] {processor.py:830} INFO - Processing file /home/airflow/.local/lib/python3.12/site-packages/airflow/example_dags/example_external_task_marker_dag.py for tasks to queue
[2024-05-08T15:07:42.053+0000] {logging_mixin.py:188} INFO - [2024-05-08T15:07:42.052+0000] {dagbag.py:545} INFO - Filling up the DagBag from /home/airflow/.local/lib/python3.12/site-packages/airflow/example_dags/example_external_task_marker_dag.py
[2024-05-08T15:07:42.061+0000] {processor.py:840} INFO - DAG(s) 'example_external_task_marker_parent', 'example_external_task_marker_child' retrieved from /home/airflow/.local/lib/python3.12/site-packages/airflow/example_dags/example_external_task_marker_dag.py
[2024-05-08T15:07:42.095+0000] {logging_mixin.py:188} INFO - [2024-05-08T15:07:42.095+0000] {dag.py:3096} INFO - Sync 2 DAGs
[2024-05-08T15:07:42.114+0000] {logging_mixin.py:188} INFO - [2024-05-08T15:07:42.114+0000] {dag.py:3954} INFO - Setting next_dagrun for example_external_task_marker_child to None, run_after=None
[2024-05-08T15:07:42.120+0000] {logging_mixin.py:188} INFO - [2024-05-08T15:07:42.119+0000] {dag.py:3954} INFO - Setting next_dagrun for example_external_task_marker_parent to None, run_after=None
[2024-05-08T15:07:42.147+0000] {processor.py:183} INFO - Processing /home/airflow/.local/lib/python3.12/site-packages/airflow/example_dags/example_external_task_marker_dag.py took 0.107 seconds
[2024-05-08T15:08:12.316+0000] {processor.py:161} INFO - Started process (PID=8546) to work on /home/airflow/.local/lib/python3.12/site-packages/airflow/example_dags/example_external_task_marker_dag.py
[2024-05-08T15:08:12.317+0000] {processor.py:830} INFO - Processing file /home/airflow/.local/lib/python3.12/site-packages/airflow/example_dags/example_external_task_marker_dag.py for tasks to queue
[2024-05-08T15:08:12.320+0000] {logging_mixin.py:188} INFO - [2024-05-08T15:08:12.320+0000] {dagbag.py:545} INFO - Filling up the DagBag from /home/airflow/.local/lib/python3.12/site-packages/airflow/example_dags/example_external_task_marker_dag.py
[2024-05-08T15:08:12.329+0000] {processor.py:840} INFO - DAG(s) 'example_external_task_marker_child', 'example_external_task_marker_parent' retrieved from /home/airflow/.local/lib/python3.12/site-packages/airflow/example_dags/example_external_task_marker_dag.py
[2024-05-08T15:08:12.369+0000] {logging_mixin.py:188} INFO - [2024-05-08T15:08:12.368+0000] {dag.py:3096} INFO - Sync 2 DAGs
[2024-05-08T15:08:12.390+0000] {logging_mixin.py:188} INFO - [2024-05-08T15:08:12.389+0000] {dag.py:3954} INFO - Setting next_dagrun for example_external_task_marker_child to None, run_after=None
[2024-05-08T15:08:12.396+0000] {logging_mixin.py:188} INFO - [2024-05-08T15:08:12.396+0000] {dag.py:3954} INFO - Setting next_dagrun for example_external_task_marker_parent to None, run_after=None
[2024-05-08T15:08:12.422+0000] {processor.py:183} INFO - Processing /home/airflow/.local/lib/python3.12/site-packages/airflow/example_dags/example_external_task_marker_dag.py took 0.119 seconds
[2024-05-08T15:08:43.340+0000] {processor.py:161} INFO - Started process (PID=8803) to work on /home/airflow/.local/lib/python3.12/site-packages/airflow/example_dags/example_external_task_marker_dag.py
[2024-05-08T15:08:43.341+0000] {processor.py:830} INFO - Processing file /home/airflow/.local/lib/python3.12/site-packages/airflow/example_dags/example_external_task_marker_dag.py for tasks to queue
[2024-05-08T15:08:43.345+0000] {logging_mixin.py:188} INFO - [2024-05-08T15:08:43.344+0000] {dagbag.py:545} INFO - Filling up the DagBag from /home/airflow/.local/lib/python3.12/site-packages/airflow/example_dags/example_external_task_marker_dag.py
[2024-05-08T15:08:43.355+0000] {processor.py:840} INFO - DAG(s) 'example_external_task_marker_parent', 'example_external_task_marker_child' retrieved from /home/airflow/.local/lib/python3.12/site-packages/airflow/example_dags/example_external_task_marker_dag.py
[2024-05-08T15:08:43.413+0000] {logging_mixin.py:188} INFO - [2024-05-08T15:08:43.413+0000] {dag.py:3096} INFO - Sync 2 DAGs
[2024-05-08T15:08:43.441+0000] {logging_mixin.py:188} INFO - [2024-05-08T15:08:43.440+0000] {dag.py:3954} INFO - Setting next_dagrun for example_external_task_marker_child to None, run_after=None
[2024-05-08T15:08:43.449+0000] {logging_mixin.py:188} INFO - [2024-05-08T15:08:43.449+0000] {dag.py:3954} INFO - Setting next_dagrun for example_external_task_marker_parent to None, run_after=None
[2024-05-08T15:08:43.495+0000] {processor.py:183} INFO - Processing /home/airflow/.local/lib/python3.12/site-packages/airflow/example_dags/example_external_task_marker_dag.py took 0.166 seconds
