[2024-05-08T14:51:54.045+0000] {processor.py:161} INFO - Started process (PID=322) to work on /home/airflow/.local/lib/python3.12/site-packages/airflow/example_dags/example_latest_only.py
[2024-05-08T14:51:54.047+0000] {processor.py:830} INFO - Processing file /home/airflow/.local/lib/python3.12/site-packages/airflow/example_dags/example_latest_only.py for tasks to queue
[2024-05-08T14:51:54.050+0000] {logging_mixin.py:188} INFO - [2024-05-08T14:51:54.050+0000] {dagbag.py:545} INFO - Filling up the DagBag from /home/airflow/.local/lib/python3.12/site-packages/airflow/example_dags/example_latest_only.py
[2024-05-08T14:51:54.060+0000] {processor.py:840} INFO - DAG(s) 'latest_only' retrieved from /home/airflow/.local/lib/python3.12/site-packages/airflow/example_dags/example_latest_only.py
[2024-05-08T14:51:54.295+0000] {logging_mixin.py:188} INFO - [2024-05-08T14:51:54.295+0000] {dag.py:3096} INFO - Sync 1 DAGs
[2024-05-08T14:51:54.337+0000] {logging_mixin.py:188} INFO - [2024-05-08T14:51:54.337+0000] {dag.py:3954} INFO - Setting next_dagrun for latest_only to 2024-05-08 08:00:00+00:00, run_after=2024-05-08 12:00:00+00:00
[2024-05-08T14:51:54.386+0000] {processor.py:183} INFO - Processing /home/airflow/.local/lib/python3.12/site-packages/airflow/example_dags/example_latest_only.py took 0.354 seconds
[2024-05-08T14:52:24.496+0000] {processor.py:161} INFO - Started process (PID=584) to work on /home/airflow/.local/lib/python3.12/site-packages/airflow/example_dags/example_latest_only.py
[2024-05-08T14:52:24.498+0000] {processor.py:830} INFO - Processing file /home/airflow/.local/lib/python3.12/site-packages/airflow/example_dags/example_latest_only.py for tasks to queue
[2024-05-08T14:52:24.500+0000] {logging_mixin.py:188} INFO - [2024-05-08T14:52:24.500+0000] {dagbag.py:545} INFO - Filling up the DagBag from /home/airflow/.local/lib/python3.12/site-packages/airflow/example_dags/example_latest_only.py
[2024-05-08T14:52:24.507+0000] {processor.py:840} INFO - DAG(s) 'latest_only' retrieved from /home/airflow/.local/lib/python3.12/site-packages/airflow/example_dags/example_latest_only.py
[2024-05-08T14:52:24.538+0000] {logging_mixin.py:188} INFO - [2024-05-08T14:52:24.538+0000] {dag.py:3096} INFO - Sync 1 DAGs
[2024-05-08T14:52:24.573+0000] {logging_mixin.py:188} INFO - [2024-05-08T14:52:24.572+0000] {dag.py:3954} INFO - Setting next_dagrun for latest_only to 2024-05-08 08:00:00+00:00, run_after=2024-05-08 12:00:00+00:00
[2024-05-08T14:52:24.610+0000] {processor.py:183} INFO - Processing /home/airflow/.local/lib/python3.12/site-packages/airflow/example_dags/example_latest_only.py took 0.122 seconds
[2024-05-08T14:53:00.524+0000] {processor.py:161} INFO - Started process (PID=846) to work on /home/airflow/.local/lib/python3.12/site-packages/airflow/example_dags/example_latest_only.py
[2024-05-08T14:53:00.526+0000] {processor.py:830} INFO - Processing file /home/airflow/.local/lib/python3.12/site-packages/airflow/example_dags/example_latest_only.py for tasks to queue
[2024-05-08T14:53:00.528+0000] {logging_mixin.py:188} INFO - [2024-05-08T14:53:00.528+0000] {dagbag.py:545} INFO - Filling up the DagBag from /home/airflow/.local/lib/python3.12/site-packages/airflow/example_dags/example_latest_only.py
[2024-05-08T14:53:00.568+0000] {processor.py:840} INFO - DAG(s) 'latest_only' retrieved from /home/airflow/.local/lib/python3.12/site-packages/airflow/example_dags/example_latest_only.py
[2024-05-08T14:53:00.660+0000] {logging_mixin.py:188} INFO - [2024-05-08T14:53:00.660+0000] {dag.py:3096} INFO - Sync 1 DAGs
[2024-05-08T14:53:00.724+0000] {logging_mixin.py:188} INFO - [2024-05-08T14:53:00.724+0000] {dag.py:3954} INFO - Setting next_dagrun for latest_only to 2024-05-08 08:00:00+00:00, run_after=2024-05-08 12:00:00+00:00
[2024-05-08T14:53:00.771+0000] {processor.py:183} INFO - Processing /home/airflow/.local/lib/python3.12/site-packages/airflow/example_dags/example_latest_only.py took 0.257 seconds
[2024-05-08T14:53:31.376+0000] {processor.py:161} INFO - Started process (PID=1108) to work on /home/airflow/.local/lib/python3.12/site-packages/airflow/example_dags/example_latest_only.py
[2024-05-08T14:53:31.381+0000] {processor.py:830} INFO - Processing file /home/airflow/.local/lib/python3.12/site-packages/airflow/example_dags/example_latest_only.py for tasks to queue
[2024-05-08T14:53:31.387+0000] {logging_mixin.py:188} INFO - [2024-05-08T14:53:31.386+0000] {dagbag.py:545} INFO - Filling up the DagBag from /home/airflow/.local/lib/python3.12/site-packages/airflow/example_dags/example_latest_only.py
[2024-05-08T14:53:31.402+0000] {processor.py:840} INFO - DAG(s) 'latest_only' retrieved from /home/airflow/.local/lib/python3.12/site-packages/airflow/example_dags/example_latest_only.py
[2024-05-08T14:53:31.461+0000] {logging_mixin.py:188} INFO - [2024-05-08T14:53:31.460+0000] {dag.py:3096} INFO - Sync 1 DAGs
[2024-05-08T14:53:31.510+0000] {logging_mixin.py:188} INFO - [2024-05-08T14:53:31.510+0000] {dag.py:3954} INFO - Setting next_dagrun for latest_only to 2024-05-08 08:00:00+00:00, run_after=2024-05-08 12:00:00+00:00
[2024-05-08T14:53:31.547+0000] {processor.py:183} INFO - Processing /home/airflow/.local/lib/python3.12/site-packages/airflow/example_dags/example_latest_only.py took 0.185 seconds
[2024-05-08T14:54:07.421+0000] {processor.py:161} INFO - Started process (PID=1372) to work on /home/airflow/.local/lib/python3.12/site-packages/airflow/example_dags/example_latest_only.py
[2024-05-08T14:54:07.426+0000] {processor.py:830} INFO - Processing file /home/airflow/.local/lib/python3.12/site-packages/airflow/example_dags/example_latest_only.py for tasks to queue
[2024-05-08T14:54:07.459+0000] {logging_mixin.py:188} INFO - [2024-05-08T14:54:07.457+0000] {dagbag.py:545} INFO - Filling up the DagBag from /home/airflow/.local/lib/python3.12/site-packages/airflow/example_dags/example_latest_only.py
[2024-05-08T14:54:07.512+0000] {processor.py:840} INFO - DAG(s) 'latest_only' retrieved from /home/airflow/.local/lib/python3.12/site-packages/airflow/example_dags/example_latest_only.py
[2024-05-08T14:54:07.657+0000] {logging_mixin.py:188} INFO - [2024-05-08T14:54:07.653+0000] {dag.py:3096} INFO - Sync 1 DAGs
[2024-05-08T14:54:07.774+0000] {logging_mixin.py:188} INFO - [2024-05-08T14:54:07.773+0000] {dag.py:3954} INFO - Setting next_dagrun for latest_only to 2024-05-08 08:00:00+00:00, run_after=2024-05-08 12:00:00+00:00
[2024-05-08T14:54:08.325+0000] {processor.py:183} INFO - Processing /home/airflow/.local/lib/python3.12/site-packages/airflow/example_dags/example_latest_only.py took 0.921 seconds
[2024-05-08T14:54:38.760+0000] {processor.py:161} INFO - Started process (PID=1639) to work on /home/airflow/.local/lib/python3.12/site-packages/airflow/example_dags/example_latest_only.py
[2024-05-08T14:54:38.762+0000] {processor.py:830} INFO - Processing file /home/airflow/.local/lib/python3.12/site-packages/airflow/example_dags/example_latest_only.py for tasks to queue
[2024-05-08T14:54:38.764+0000] {logging_mixin.py:188} INFO - [2024-05-08T14:54:38.764+0000] {dagbag.py:545} INFO - Filling up the DagBag from /home/airflow/.local/lib/python3.12/site-packages/airflow/example_dags/example_latest_only.py
[2024-05-08T14:54:38.770+0000] {processor.py:840} INFO - DAG(s) 'latest_only' retrieved from /home/airflow/.local/lib/python3.12/site-packages/airflow/example_dags/example_latest_only.py
[2024-05-08T14:54:38.806+0000] {logging_mixin.py:188} INFO - [2024-05-08T14:54:38.806+0000] {dag.py:3096} INFO - Sync 1 DAGs
[2024-05-08T14:54:38.838+0000] {logging_mixin.py:188} INFO - [2024-05-08T14:54:38.838+0000] {dag.py:3954} INFO - Setting next_dagrun for latest_only to 2024-05-08 08:00:00+00:00, run_after=2024-05-08 12:00:00+00:00
[2024-05-08T14:54:38.871+0000] {processor.py:183} INFO - Processing /home/airflow/.local/lib/python3.12/site-packages/airflow/example_dags/example_latest_only.py took 0.118 seconds
[2024-05-08T14:55:09.814+0000] {processor.py:161} INFO - Started process (PID=1907) to work on /home/airflow/.local/lib/python3.12/site-packages/airflow/example_dags/example_latest_only.py
[2024-05-08T14:55:09.816+0000] {processor.py:830} INFO - Processing file /home/airflow/.local/lib/python3.12/site-packages/airflow/example_dags/example_latest_only.py for tasks to queue
[2024-05-08T14:55:09.820+0000] {logging_mixin.py:188} INFO - [2024-05-08T14:55:09.819+0000] {dagbag.py:545} INFO - Filling up the DagBag from /home/airflow/.local/lib/python3.12/site-packages/airflow/example_dags/example_latest_only.py
[2024-05-08T14:55:09.827+0000] {processor.py:840} INFO - DAG(s) 'latest_only' retrieved from /home/airflow/.local/lib/python3.12/site-packages/airflow/example_dags/example_latest_only.py
[2024-05-08T14:55:09.867+0000] {logging_mixin.py:188} INFO - [2024-05-08T14:55:09.867+0000] {dag.py:3096} INFO - Sync 1 DAGs
[2024-05-08T14:55:09.901+0000] {logging_mixin.py:188} INFO - [2024-05-08T14:55:09.900+0000] {dag.py:3954} INFO - Setting next_dagrun for latest_only to 2024-05-08 08:00:00+00:00, run_after=2024-05-08 12:00:00+00:00
[2024-05-08T14:55:09.931+0000] {processor.py:183} INFO - Processing /home/airflow/.local/lib/python3.12/site-packages/airflow/example_dags/example_latest_only.py took 0.139 seconds
[2024-05-08T14:55:40.264+0000] {processor.py:161} INFO - Started process (PID=2168) to work on /home/airflow/.local/lib/python3.12/site-packages/airflow/example_dags/example_latest_only.py
[2024-05-08T14:55:40.266+0000] {processor.py:830} INFO - Processing file /home/airflow/.local/lib/python3.12/site-packages/airflow/example_dags/example_latest_only.py for tasks to queue
[2024-05-08T14:55:40.278+0000] {logging_mixin.py:188} INFO - [2024-05-08T14:55:40.277+0000] {dagbag.py:545} INFO - Filling up the DagBag from /home/airflow/.local/lib/python3.12/site-packages/airflow/example_dags/example_latest_only.py
[2024-05-08T14:55:40.294+0000] {processor.py:840} INFO - DAG(s) 'latest_only' retrieved from /home/airflow/.local/lib/python3.12/site-packages/airflow/example_dags/example_latest_only.py
[2024-05-08T14:55:40.540+0000] {logging_mixin.py:188} INFO - [2024-05-08T14:55:40.539+0000] {dag.py:3096} INFO - Sync 1 DAGs
[2024-05-08T14:55:40.907+0000] {logging_mixin.py:188} INFO - [2024-05-08T14:55:40.906+0000] {dag.py:3954} INFO - Setting next_dagrun for latest_only to 2024-05-08 08:00:00+00:00, run_after=2024-05-08 12:00:00+00:00
[2024-05-08T14:55:41.009+0000] {processor.py:183} INFO - Processing /home/airflow/.local/lib/python3.12/site-packages/airflow/example_dags/example_latest_only.py took 0.780 seconds
[2024-05-08T14:56:11.424+0000] {processor.py:161} INFO - Started process (PID=2430) to work on /home/airflow/.local/lib/python3.12/site-packages/airflow/example_dags/example_latest_only.py
[2024-05-08T14:56:11.425+0000] {processor.py:830} INFO - Processing file /home/airflow/.local/lib/python3.12/site-packages/airflow/example_dags/example_latest_only.py for tasks to queue
[2024-05-08T14:56:11.428+0000] {logging_mixin.py:188} INFO - [2024-05-08T14:56:11.428+0000] {dagbag.py:545} INFO - Filling up the DagBag from /home/airflow/.local/lib/python3.12/site-packages/airflow/example_dags/example_latest_only.py
[2024-05-08T14:56:11.442+0000] {processor.py:840} INFO - DAG(s) 'latest_only' retrieved from /home/airflow/.local/lib/python3.12/site-packages/airflow/example_dags/example_latest_only.py
[2024-05-08T14:56:11.499+0000] {logging_mixin.py:188} INFO - [2024-05-08T14:56:11.498+0000] {dag.py:3096} INFO - Sync 1 DAGs
[2024-05-08T14:56:11.540+0000] {logging_mixin.py:188} INFO - [2024-05-08T14:56:11.540+0000] {dag.py:3954} INFO - Setting next_dagrun for latest_only to 2024-05-08 08:00:00+00:00, run_after=2024-05-08 12:00:00+00:00
[2024-05-08T14:56:11.581+0000] {processor.py:183} INFO - Processing /home/airflow/.local/lib/python3.12/site-packages/airflow/example_dags/example_latest_only.py took 0.170 seconds
[2024-05-08T14:56:42.041+0000] {processor.py:161} INFO - Started process (PID=2692) to work on /home/airflow/.local/lib/python3.12/site-packages/airflow/example_dags/example_latest_only.py
[2024-05-08T14:56:42.046+0000] {processor.py:830} INFO - Processing file /home/airflow/.local/lib/python3.12/site-packages/airflow/example_dags/example_latest_only.py for tasks to queue
[2024-05-08T14:56:42.052+0000] {logging_mixin.py:188} INFO - [2024-05-08T14:56:42.051+0000] {dagbag.py:545} INFO - Filling up the DagBag from /home/airflow/.local/lib/python3.12/site-packages/airflow/example_dags/example_latest_only.py
[2024-05-08T14:56:42.085+0000] {processor.py:840} INFO - DAG(s) 'latest_only' retrieved from /home/airflow/.local/lib/python3.12/site-packages/airflow/example_dags/example_latest_only.py
[2024-05-08T14:56:42.200+0000] {logging_mixin.py:188} INFO - [2024-05-08T14:56:42.199+0000] {dag.py:3096} INFO - Sync 1 DAGs
[2024-05-08T14:56:42.309+0000] {logging_mixin.py:188} INFO - [2024-05-08T14:56:42.308+0000] {dag.py:3954} INFO - Setting next_dagrun for latest_only to 2024-05-08 08:00:00+00:00, run_after=2024-05-08 12:00:00+00:00
[2024-05-08T14:56:42.416+0000] {processor.py:183} INFO - Processing /home/airflow/.local/lib/python3.12/site-packages/airflow/example_dags/example_latest_only.py took 0.393 seconds
[2024-05-08T14:57:12.497+0000] {processor.py:161} INFO - Started process (PID=2955) to work on /home/airflow/.local/lib/python3.12/site-packages/airflow/example_dags/example_latest_only.py
[2024-05-08T14:57:12.499+0000] {processor.py:830} INFO - Processing file /home/airflow/.local/lib/python3.12/site-packages/airflow/example_dags/example_latest_only.py for tasks to queue
[2024-05-08T14:57:12.501+0000] {logging_mixin.py:188} INFO - [2024-05-08T14:57:12.501+0000] {dagbag.py:545} INFO - Filling up the DagBag from /home/airflow/.local/lib/python3.12/site-packages/airflow/example_dags/example_latest_only.py
[2024-05-08T14:57:12.509+0000] {processor.py:840} INFO - DAG(s) 'latest_only' retrieved from /home/airflow/.local/lib/python3.12/site-packages/airflow/example_dags/example_latest_only.py
[2024-05-08T14:57:12.544+0000] {logging_mixin.py:188} INFO - [2024-05-08T14:57:12.544+0000] {dag.py:3096} INFO - Sync 1 DAGs
[2024-05-08T14:57:12.582+0000] {logging_mixin.py:188} INFO - [2024-05-08T14:57:12.582+0000] {dag.py:3954} INFO - Setting next_dagrun for latest_only to 2024-05-08 08:00:00+00:00, run_after=2024-05-08 12:00:00+00:00
[2024-05-08T14:57:12.622+0000] {processor.py:183} INFO - Processing /home/airflow/.local/lib/python3.12/site-packages/airflow/example_dags/example_latest_only.py took 0.136 seconds
[2024-05-08T14:57:43.535+0000] {processor.py:161} INFO - Started process (PID=3217) to work on /home/airflow/.local/lib/python3.12/site-packages/airflow/example_dags/example_latest_only.py
[2024-05-08T14:57:43.540+0000] {processor.py:830} INFO - Processing file /home/airflow/.local/lib/python3.12/site-packages/airflow/example_dags/example_latest_only.py for tasks to queue
[2024-05-08T14:57:43.544+0000] {logging_mixin.py:188} INFO - [2024-05-08T14:57:43.543+0000] {dagbag.py:545} INFO - Filling up the DagBag from /home/airflow/.local/lib/python3.12/site-packages/airflow/example_dags/example_latest_only.py
[2024-05-08T14:57:43.553+0000] {processor.py:840} INFO - DAG(s) 'latest_only' retrieved from /home/airflow/.local/lib/python3.12/site-packages/airflow/example_dags/example_latest_only.py
[2024-05-08T14:57:43.594+0000] {logging_mixin.py:188} INFO - [2024-05-08T14:57:43.594+0000] {dag.py:3096} INFO - Sync 1 DAGs
[2024-05-08T14:57:43.634+0000] {logging_mixin.py:188} INFO - [2024-05-08T14:57:43.634+0000] {dag.py:3954} INFO - Setting next_dagrun for latest_only to 2024-05-08 08:00:00+00:00, run_after=2024-05-08 12:00:00+00:00
[2024-05-08T14:57:43.667+0000] {processor.py:183} INFO - Processing /home/airflow/.local/lib/python3.12/site-packages/airflow/example_dags/example_latest_only.py took 0.140 seconds
[2024-05-08T14:58:14.293+0000] {processor.py:161} INFO - Started process (PID=3479) to work on /home/airflow/.local/lib/python3.12/site-packages/airflow/example_dags/example_latest_only.py
[2024-05-08T14:58:14.295+0000] {processor.py:830} INFO - Processing file /home/airflow/.local/lib/python3.12/site-packages/airflow/example_dags/example_latest_only.py for tasks to queue
[2024-05-08T14:58:14.299+0000] {logging_mixin.py:188} INFO - [2024-05-08T14:58:14.298+0000] {dagbag.py:545} INFO - Filling up the DagBag from /home/airflow/.local/lib/python3.12/site-packages/airflow/example_dags/example_latest_only.py
[2024-05-08T14:58:14.313+0000] {processor.py:840} INFO - DAG(s) 'latest_only' retrieved from /home/airflow/.local/lib/python3.12/site-packages/airflow/example_dags/example_latest_only.py
[2024-05-08T14:58:14.435+0000] {logging_mixin.py:188} INFO - [2024-05-08T14:58:14.435+0000] {dag.py:3096} INFO - Sync 1 DAGs
[2024-05-08T14:58:14.525+0000] {logging_mixin.py:188} INFO - [2024-05-08T14:58:14.524+0000] {dag.py:3954} INFO - Setting next_dagrun for latest_only to 2024-05-08 08:00:00+00:00, run_after=2024-05-08 12:00:00+00:00
[2024-05-08T14:58:14.604+0000] {processor.py:183} INFO - Processing /home/airflow/.local/lib/python3.12/site-packages/airflow/example_dags/example_latest_only.py took 0.335 seconds
[2024-05-08T14:58:44.785+0000] {processor.py:161} INFO - Started process (PID=3741) to work on /home/airflow/.local/lib/python3.12/site-packages/airflow/example_dags/example_latest_only.py
[2024-05-08T14:58:44.787+0000] {processor.py:830} INFO - Processing file /home/airflow/.local/lib/python3.12/site-packages/airflow/example_dags/example_latest_only.py for tasks to queue
[2024-05-08T14:58:44.790+0000] {logging_mixin.py:188} INFO - [2024-05-08T14:58:44.790+0000] {dagbag.py:545} INFO - Filling up the DagBag from /home/airflow/.local/lib/python3.12/site-packages/airflow/example_dags/example_latest_only.py
[2024-05-08T14:58:44.797+0000] {processor.py:840} INFO - DAG(s) 'latest_only' retrieved from /home/airflow/.local/lib/python3.12/site-packages/airflow/example_dags/example_latest_only.py
[2024-05-08T14:58:44.831+0000] {logging_mixin.py:188} INFO - [2024-05-08T14:58:44.831+0000] {dag.py:3096} INFO - Sync 1 DAGs
[2024-05-08T14:58:44.864+0000] {logging_mixin.py:188} INFO - [2024-05-08T14:58:44.863+0000] {dag.py:3954} INFO - Setting next_dagrun for latest_only to 2024-05-08 08:00:00+00:00, run_after=2024-05-08 12:00:00+00:00
[2024-05-08T14:58:44.894+0000] {processor.py:183} INFO - Processing /home/airflow/.local/lib/python3.12/site-packages/airflow/example_dags/example_latest_only.py took 0.119 seconds
[2024-05-08T14:59:15.181+0000] {processor.py:161} INFO - Started process (PID=4003) to work on /home/airflow/.local/lib/python3.12/site-packages/airflow/example_dags/example_latest_only.py
[2024-05-08T14:59:15.183+0000] {processor.py:830} INFO - Processing file /home/airflow/.local/lib/python3.12/site-packages/airflow/example_dags/example_latest_only.py for tasks to queue
[2024-05-08T14:59:15.186+0000] {logging_mixin.py:188} INFO - [2024-05-08T14:59:15.185+0000] {dagbag.py:545} INFO - Filling up the DagBag from /home/airflow/.local/lib/python3.12/site-packages/airflow/example_dags/example_latest_only.py
[2024-05-08T14:59:15.194+0000] {processor.py:840} INFO - DAG(s) 'latest_only' retrieved from /home/airflow/.local/lib/python3.12/site-packages/airflow/example_dags/example_latest_only.py
[2024-05-08T14:59:15.228+0000] {logging_mixin.py:188} INFO - [2024-05-08T14:59:15.227+0000] {dag.py:3096} INFO - Sync 1 DAGs
[2024-05-08T14:59:15.262+0000] {logging_mixin.py:188} INFO - [2024-05-08T14:59:15.262+0000] {dag.py:3954} INFO - Setting next_dagrun for latest_only to 2024-05-08 08:00:00+00:00, run_after=2024-05-08 12:00:00+00:00
[2024-05-08T14:59:15.293+0000] {processor.py:183} INFO - Processing /home/airflow/.local/lib/python3.12/site-packages/airflow/example_dags/example_latest_only.py took 0.122 seconds
[2024-05-08T14:59:45.575+0000] {processor.py:161} INFO - Started process (PID=4264) to work on /home/airflow/.local/lib/python3.12/site-packages/airflow/example_dags/example_latest_only.py
[2024-05-08T14:59:45.577+0000] {processor.py:830} INFO - Processing file /home/airflow/.local/lib/python3.12/site-packages/airflow/example_dags/example_latest_only.py for tasks to queue
[2024-05-08T14:59:45.580+0000] {logging_mixin.py:188} INFO - [2024-05-08T14:59:45.579+0000] {dagbag.py:545} INFO - Filling up the DagBag from /home/airflow/.local/lib/python3.12/site-packages/airflow/example_dags/example_latest_only.py
[2024-05-08T14:59:45.587+0000] {processor.py:840} INFO - DAG(s) 'latest_only' retrieved from /home/airflow/.local/lib/python3.12/site-packages/airflow/example_dags/example_latest_only.py
[2024-05-08T14:59:45.625+0000] {logging_mixin.py:188} INFO - [2024-05-08T14:59:45.624+0000] {dag.py:3096} INFO - Sync 1 DAGs
[2024-05-08T14:59:45.670+0000] {logging_mixin.py:188} INFO - [2024-05-08T14:59:45.670+0000] {dag.py:3954} INFO - Setting next_dagrun for latest_only to 2024-05-08 08:00:00+00:00, run_after=2024-05-08 12:00:00+00:00
[2024-05-08T14:59:45.704+0000] {processor.py:183} INFO - Processing /home/airflow/.local/lib/python3.12/site-packages/airflow/example_dags/example_latest_only.py took 0.139 seconds
[2024-05-08T15:00:16.115+0000] {processor.py:161} INFO - Started process (PID=4526) to work on /home/airflow/.local/lib/python3.12/site-packages/airflow/example_dags/example_latest_only.py
[2024-05-08T15:00:16.117+0000] {processor.py:830} INFO - Processing file /home/airflow/.local/lib/python3.12/site-packages/airflow/example_dags/example_latest_only.py for tasks to queue
[2024-05-08T15:00:16.120+0000] {logging_mixin.py:188} INFO - [2024-05-08T15:00:16.119+0000] {dagbag.py:545} INFO - Filling up the DagBag from /home/airflow/.local/lib/python3.12/site-packages/airflow/example_dags/example_latest_only.py
[2024-05-08T15:00:16.127+0000] {processor.py:840} INFO - DAG(s) 'latest_only' retrieved from /home/airflow/.local/lib/python3.12/site-packages/airflow/example_dags/example_latest_only.py
[2024-05-08T15:00:16.162+0000] {logging_mixin.py:188} INFO - [2024-05-08T15:00:16.162+0000] {dag.py:3096} INFO - Sync 1 DAGs
[2024-05-08T15:00:16.198+0000] {logging_mixin.py:188} INFO - [2024-05-08T15:00:16.198+0000] {dag.py:3954} INFO - Setting next_dagrun for latest_only to 2024-05-08 08:00:00+00:00, run_after=2024-05-08 12:00:00+00:00
[2024-05-08T15:00:16.230+0000] {processor.py:183} INFO - Processing /home/airflow/.local/lib/python3.12/site-packages/airflow/example_dags/example_latest_only.py took 0.124 seconds
[2024-05-08T15:00:46.492+0000] {processor.py:161} INFO - Started process (PID=4787) to work on /home/airflow/.local/lib/python3.12/site-packages/airflow/example_dags/example_latest_only.py
[2024-05-08T15:00:46.501+0000] {processor.py:830} INFO - Processing file /home/airflow/.local/lib/python3.12/site-packages/airflow/example_dags/example_latest_only.py for tasks to queue
[2024-05-08T15:00:46.513+0000] {logging_mixin.py:188} INFO - [2024-05-08T15:00:46.513+0000] {dagbag.py:545} INFO - Filling up the DagBag from /home/airflow/.local/lib/python3.12/site-packages/airflow/example_dags/example_latest_only.py
[2024-05-08T15:00:46.538+0000] {processor.py:840} INFO - DAG(s) 'latest_only' retrieved from /home/airflow/.local/lib/python3.12/site-packages/airflow/example_dags/example_latest_only.py
[2024-05-08T15:00:46.653+0000] {logging_mixin.py:188} INFO - [2024-05-08T15:00:46.652+0000] {dag.py:3096} INFO - Sync 1 DAGs
[2024-05-08T15:00:46.762+0000] {logging_mixin.py:188} INFO - [2024-05-08T15:00:46.761+0000] {dag.py:3954} INFO - Setting next_dagrun for latest_only to 2024-05-08 08:00:00+00:00, run_after=2024-05-08 12:00:00+00:00
[2024-05-08T15:00:46.799+0000] {processor.py:183} INFO - Processing /home/airflow/.local/lib/python3.12/site-packages/airflow/example_dags/example_latest_only.py took 0.331 seconds
[2024-05-08T15:01:17.514+0000] {processor.py:161} INFO - Started process (PID=5048) to work on /home/airflow/.local/lib/python3.12/site-packages/airflow/example_dags/example_latest_only.py
[2024-05-08T15:01:17.515+0000] {processor.py:830} INFO - Processing file /home/airflow/.local/lib/python3.12/site-packages/airflow/example_dags/example_latest_only.py for tasks to queue
[2024-05-08T15:01:17.518+0000] {logging_mixin.py:188} INFO - [2024-05-08T15:01:17.517+0000] {dagbag.py:545} INFO - Filling up the DagBag from /home/airflow/.local/lib/python3.12/site-packages/airflow/example_dags/example_latest_only.py
[2024-05-08T15:01:17.526+0000] {processor.py:840} INFO - DAG(s) 'latest_only' retrieved from /home/airflow/.local/lib/python3.12/site-packages/airflow/example_dags/example_latest_only.py
[2024-05-08T15:01:17.561+0000] {logging_mixin.py:188} INFO - [2024-05-08T15:01:17.561+0000] {dag.py:3096} INFO - Sync 1 DAGs
[2024-05-08T15:01:17.596+0000] {logging_mixin.py:188} INFO - [2024-05-08T15:01:17.596+0000] {dag.py:3954} INFO - Setting next_dagrun for latest_only to 2024-05-08 08:00:00+00:00, run_after=2024-05-08 12:00:00+00:00
[2024-05-08T15:01:17.628+0000] {processor.py:183} INFO - Processing /home/airflow/.local/lib/python3.12/site-packages/airflow/example_dags/example_latest_only.py took 0.125 seconds
[2024-05-08T15:01:49.314+0000] {processor.py:161} INFO - Started process (PID=5308) to work on /home/airflow/.local/lib/python3.12/site-packages/airflow/example_dags/example_latest_only.py
[2024-05-08T15:01:49.374+0000] {processor.py:830} INFO - Processing file /home/airflow/.local/lib/python3.12/site-packages/airflow/example_dags/example_latest_only.py for tasks to queue
[2024-05-08T15:01:49.404+0000] {logging_mixin.py:188} INFO - [2024-05-08T15:01:49.398+0000] {dagbag.py:545} INFO - Filling up the DagBag from /home/airflow/.local/lib/python3.12/site-packages/airflow/example_dags/example_latest_only.py
[2024-05-08T15:01:49.429+0000] {processor.py:840} INFO - DAG(s) 'latest_only' retrieved from /home/airflow/.local/lib/python3.12/site-packages/airflow/example_dags/example_latest_only.py
[2024-05-08T15:01:49.790+0000] {logging_mixin.py:188} INFO - [2024-05-08T15:01:49.788+0000] {dag.py:3096} INFO - Sync 1 DAGs
[2024-05-08T15:01:50.181+0000] {logging_mixin.py:188} INFO - [2024-05-08T15:01:50.174+0000] {dag.py:3954} INFO - Setting next_dagrun for latest_only to 2024-05-08 08:00:00+00:00, run_after=2024-05-08 12:00:00+00:00
[2024-05-08T15:01:50.515+0000] {processor.py:183} INFO - Processing /home/airflow/.local/lib/python3.12/site-packages/airflow/example_dags/example_latest_only.py took 1.296 seconds
[2024-05-08T15:02:21.556+0000] {processor.py:161} INFO - Started process (PID=5572) to work on /home/airflow/.local/lib/python3.12/site-packages/airflow/example_dags/example_latest_only.py
[2024-05-08T15:02:21.557+0000] {processor.py:830} INFO - Processing file /home/airflow/.local/lib/python3.12/site-packages/airflow/example_dags/example_latest_only.py for tasks to queue
[2024-05-08T15:02:21.561+0000] {logging_mixin.py:188} INFO - [2024-05-08T15:02:21.560+0000] {dagbag.py:545} INFO - Filling up the DagBag from /home/airflow/.local/lib/python3.12/site-packages/airflow/example_dags/example_latest_only.py
[2024-05-08T15:02:21.568+0000] {processor.py:840} INFO - DAG(s) 'latest_only' retrieved from /home/airflow/.local/lib/python3.12/site-packages/airflow/example_dags/example_latest_only.py
[2024-05-08T15:02:21.605+0000] {logging_mixin.py:188} INFO - [2024-05-08T15:02:21.605+0000] {dag.py:3096} INFO - Sync 1 DAGs
[2024-05-08T15:02:21.653+0000] {logging_mixin.py:188} INFO - [2024-05-08T15:02:21.653+0000] {dag.py:3954} INFO - Setting next_dagrun for latest_only to 2024-05-08 08:00:00+00:00, run_after=2024-05-08 12:00:00+00:00
[2024-05-08T15:02:21.687+0000] {processor.py:183} INFO - Processing /home/airflow/.local/lib/python3.12/site-packages/airflow/example_dags/example_latest_only.py took 0.140 seconds
[2024-05-08T15:02:52.124+0000] {processor.py:161} INFO - Started process (PID=5833) to work on /home/airflow/.local/lib/python3.12/site-packages/airflow/example_dags/example_latest_only.py
[2024-05-08T15:02:52.134+0000] {processor.py:830} INFO - Processing file /home/airflow/.local/lib/python3.12/site-packages/airflow/example_dags/example_latest_only.py for tasks to queue
[2024-05-08T15:02:52.138+0000] {logging_mixin.py:188} INFO - [2024-05-08T15:02:52.137+0000] {dagbag.py:545} INFO - Filling up the DagBag from /home/airflow/.local/lib/python3.12/site-packages/airflow/example_dags/example_latest_only.py
[2024-05-08T15:02:52.156+0000] {processor.py:840} INFO - DAG(s) 'latest_only' retrieved from /home/airflow/.local/lib/python3.12/site-packages/airflow/example_dags/example_latest_only.py
[2024-05-08T15:02:52.255+0000] {logging_mixin.py:188} INFO - [2024-05-08T15:02:52.254+0000] {dag.py:3096} INFO - Sync 1 DAGs
[2024-05-08T15:02:52.401+0000] {logging_mixin.py:188} INFO - [2024-05-08T15:02:52.400+0000] {dag.py:3954} INFO - Setting next_dagrun for latest_only to 2024-05-08 08:00:00+00:00, run_after=2024-05-08 12:00:00+00:00
[2024-05-08T15:02:52.537+0000] {processor.py:183} INFO - Processing /home/airflow/.local/lib/python3.12/site-packages/airflow/example_dags/example_latest_only.py took 0.434 seconds
[2024-05-08T15:03:23.449+0000] {processor.py:161} INFO - Started process (PID=6095) to work on /home/airflow/.local/lib/python3.12/site-packages/airflow/example_dags/example_latest_only.py
[2024-05-08T15:03:23.452+0000] {processor.py:830} INFO - Processing file /home/airflow/.local/lib/python3.12/site-packages/airflow/example_dags/example_latest_only.py for tasks to queue
[2024-05-08T15:03:23.456+0000] {logging_mixin.py:188} INFO - [2024-05-08T15:03:23.455+0000] {dagbag.py:545} INFO - Filling up the DagBag from /home/airflow/.local/lib/python3.12/site-packages/airflow/example_dags/example_latest_only.py
[2024-05-08T15:03:23.466+0000] {processor.py:840} INFO - DAG(s) 'latest_only' retrieved from /home/airflow/.local/lib/python3.12/site-packages/airflow/example_dags/example_latest_only.py
[2024-05-08T15:03:23.512+0000] {logging_mixin.py:188} INFO - [2024-05-08T15:03:23.512+0000] {dag.py:3096} INFO - Sync 1 DAGs
[2024-05-08T15:03:23.564+0000] {logging_mixin.py:188} INFO - [2024-05-08T15:03:23.563+0000] {dag.py:3954} INFO - Setting next_dagrun for latest_only to 2024-05-08 08:00:00+00:00, run_after=2024-05-08 12:00:00+00:00
[2024-05-08T15:03:23.606+0000] {processor.py:183} INFO - Processing /home/airflow/.local/lib/python3.12/site-packages/airflow/example_dags/example_latest_only.py took 0.167 seconds
[2024-05-08T15:03:53.850+0000] {processor.py:161} INFO - Started process (PID=6357) to work on /home/airflow/.local/lib/python3.12/site-packages/airflow/example_dags/example_latest_only.py
[2024-05-08T15:03:53.851+0000] {processor.py:830} INFO - Processing file /home/airflow/.local/lib/python3.12/site-packages/airflow/example_dags/example_latest_only.py for tasks to queue
[2024-05-08T15:03:53.854+0000] {logging_mixin.py:188} INFO - [2024-05-08T15:03:53.854+0000] {dagbag.py:545} INFO - Filling up the DagBag from /home/airflow/.local/lib/python3.12/site-packages/airflow/example_dags/example_latest_only.py
[2024-05-08T15:03:53.868+0000] {processor.py:840} INFO - DAG(s) 'latest_only' retrieved from /home/airflow/.local/lib/python3.12/site-packages/airflow/example_dags/example_latest_only.py
[2024-05-08T15:03:53.905+0000] {logging_mixin.py:188} INFO - [2024-05-08T15:03:53.905+0000] {dag.py:3096} INFO - Sync 1 DAGs
[2024-05-08T15:03:53.955+0000] {logging_mixin.py:188} INFO - [2024-05-08T15:03:53.955+0000] {dag.py:3954} INFO - Setting next_dagrun for latest_only to 2024-05-08 08:00:00+00:00, run_after=2024-05-08 12:00:00+00:00
[2024-05-08T15:03:53.990+0000] {processor.py:183} INFO - Processing /home/airflow/.local/lib/python3.12/site-packages/airflow/example_dags/example_latest_only.py took 0.154 seconds
[2024-05-08T15:04:24.448+0000] {processor.py:161} INFO - Started process (PID=6619) to work on /home/airflow/.local/lib/python3.12/site-packages/airflow/example_dags/example_latest_only.py
[2024-05-08T15:04:24.450+0000] {processor.py:830} INFO - Processing file /home/airflow/.local/lib/python3.12/site-packages/airflow/example_dags/example_latest_only.py for tasks to queue
[2024-05-08T15:04:24.456+0000] {logging_mixin.py:188} INFO - [2024-05-08T15:04:24.456+0000] {dagbag.py:545} INFO - Filling up the DagBag from /home/airflow/.local/lib/python3.12/site-packages/airflow/example_dags/example_latest_only.py
[2024-05-08T15:04:24.469+0000] {processor.py:840} INFO - DAG(s) 'latest_only' retrieved from /home/airflow/.local/lib/python3.12/site-packages/airflow/example_dags/example_latest_only.py
[2024-05-08T15:04:24.525+0000] {logging_mixin.py:188} INFO - [2024-05-08T15:04:24.524+0000] {dag.py:3096} INFO - Sync 1 DAGs
[2024-05-08T15:04:24.591+0000] {logging_mixin.py:188} INFO - [2024-05-08T15:04:24.591+0000] {dag.py:3954} INFO - Setting next_dagrun for latest_only to 2024-05-08 08:00:00+00:00, run_after=2024-05-08 12:00:00+00:00
[2024-05-08T15:04:24.657+0000] {processor.py:183} INFO - Processing /home/airflow/.local/lib/python3.12/site-packages/airflow/example_dags/example_latest_only.py took 0.219 seconds
[2024-05-08T15:04:55.020+0000] {processor.py:161} INFO - Started process (PID=6879) to work on /home/airflow/.local/lib/python3.12/site-packages/airflow/example_dags/example_latest_only.py
[2024-05-08T15:04:55.032+0000] {processor.py:830} INFO - Processing file /home/airflow/.local/lib/python3.12/site-packages/airflow/example_dags/example_latest_only.py for tasks to queue
[2024-05-08T15:04:55.042+0000] {logging_mixin.py:188} INFO - [2024-05-08T15:04:55.041+0000] {dagbag.py:545} INFO - Filling up the DagBag from /home/airflow/.local/lib/python3.12/site-packages/airflow/example_dags/example_latest_only.py
[2024-05-08T15:04:55.069+0000] {processor.py:840} INFO - DAG(s) 'latest_only' retrieved from /home/airflow/.local/lib/python3.12/site-packages/airflow/example_dags/example_latest_only.py
[2024-05-08T15:04:55.210+0000] {logging_mixin.py:188} INFO - [2024-05-08T15:04:55.203+0000] {dag.py:3096} INFO - Sync 1 DAGs
[2024-05-08T15:04:55.352+0000] {logging_mixin.py:188} INFO - [2024-05-08T15:04:55.349+0000] {dag.py:3954} INFO - Setting next_dagrun for latest_only to 2024-05-08 08:00:00+00:00, run_after=2024-05-08 12:00:00+00:00
[2024-05-08T15:04:55.560+0000] {processor.py:183} INFO - Processing /home/airflow/.local/lib/python3.12/site-packages/airflow/example_dags/example_latest_only.py took 0.568 seconds
[2024-05-08T15:05:25.893+0000] {processor.py:161} INFO - Started process (PID=7141) to work on /home/airflow/.local/lib/python3.12/site-packages/airflow/example_dags/example_latest_only.py
[2024-05-08T15:05:25.895+0000] {processor.py:830} INFO - Processing file /home/airflow/.local/lib/python3.12/site-packages/airflow/example_dags/example_latest_only.py for tasks to queue
[2024-05-08T15:05:25.898+0000] {logging_mixin.py:188} INFO - [2024-05-08T15:05:25.897+0000] {dagbag.py:545} INFO - Filling up the DagBag from /home/airflow/.local/lib/python3.12/site-packages/airflow/example_dags/example_latest_only.py
[2024-05-08T15:05:25.905+0000] {processor.py:840} INFO - DAG(s) 'latest_only' retrieved from /home/airflow/.local/lib/python3.12/site-packages/airflow/example_dags/example_latest_only.py
[2024-05-08T15:05:25.953+0000] {logging_mixin.py:188} INFO - [2024-05-08T15:05:25.952+0000] {dag.py:3096} INFO - Sync 1 DAGs
[2024-05-08T15:05:26.022+0000] {logging_mixin.py:188} INFO - [2024-05-08T15:05:26.021+0000] {dag.py:3954} INFO - Setting next_dagrun for latest_only to 2024-05-08 08:00:00+00:00, run_after=2024-05-08 12:00:00+00:00
[2024-05-08T15:05:26.187+0000] {processor.py:183} INFO - Processing /home/airflow/.local/lib/python3.12/site-packages/airflow/example_dags/example_latest_only.py took 0.319 seconds
[2024-05-08T15:05:57.012+0000] {processor.py:161} INFO - Started process (PID=7402) to work on /home/airflow/.local/lib/python3.12/site-packages/airflow/example_dags/example_latest_only.py
[2024-05-08T15:05:57.016+0000] {processor.py:830} INFO - Processing file /home/airflow/.local/lib/python3.12/site-packages/airflow/example_dags/example_latest_only.py for tasks to queue
[2024-05-08T15:05:57.032+0000] {logging_mixin.py:188} INFO - [2024-05-08T15:05:57.032+0000] {dagbag.py:545} INFO - Filling up the DagBag from /home/airflow/.local/lib/python3.12/site-packages/airflow/example_dags/example_latest_only.py
[2024-05-08T15:05:57.055+0000] {processor.py:840} INFO - DAG(s) 'latest_only' retrieved from /home/airflow/.local/lib/python3.12/site-packages/airflow/example_dags/example_latest_only.py
[2024-05-08T15:05:57.161+0000] {logging_mixin.py:188} INFO - [2024-05-08T15:05:57.158+0000] {dag.py:3096} INFO - Sync 1 DAGs
[2024-05-08T15:05:57.246+0000] {logging_mixin.py:188} INFO - [2024-05-08T15:05:57.245+0000] {dag.py:3954} INFO - Setting next_dagrun for latest_only to 2024-05-08 08:00:00+00:00, run_after=2024-05-08 12:00:00+00:00
[2024-05-08T15:05:57.347+0000] {processor.py:183} INFO - Processing /home/airflow/.local/lib/python3.12/site-packages/airflow/example_dags/example_latest_only.py took 0.352 seconds
[2024-05-08T15:06:27.427+0000] {processor.py:161} INFO - Started process (PID=7666) to work on /home/airflow/.local/lib/python3.12/site-packages/airflow/example_dags/example_latest_only.py
[2024-05-08T15:06:27.429+0000] {processor.py:830} INFO - Processing file /home/airflow/.local/lib/python3.12/site-packages/airflow/example_dags/example_latest_only.py for tasks to queue
[2024-05-08T15:06:27.431+0000] {logging_mixin.py:188} INFO - [2024-05-08T15:06:27.431+0000] {dagbag.py:545} INFO - Filling up the DagBag from /home/airflow/.local/lib/python3.12/site-packages/airflow/example_dags/example_latest_only.py
[2024-05-08T15:06:27.437+0000] {processor.py:840} INFO - DAG(s) 'latest_only' retrieved from /home/airflow/.local/lib/python3.12/site-packages/airflow/example_dags/example_latest_only.py
[2024-05-08T15:06:27.466+0000] {logging_mixin.py:188} INFO - [2024-05-08T15:06:27.465+0000] {dag.py:3096} INFO - Sync 1 DAGs
[2024-05-08T15:06:27.496+0000] {logging_mixin.py:188} INFO - [2024-05-08T15:06:27.496+0000] {dag.py:3954} INFO - Setting next_dagrun for latest_only to 2024-05-08 08:00:00+00:00, run_after=2024-05-08 12:00:00+00:00
[2024-05-08T15:06:27.525+0000] {processor.py:183} INFO - Processing /home/airflow/.local/lib/python3.12/site-packages/airflow/example_dags/example_latest_only.py took 0.105 seconds
[2024-05-08T15:06:58.395+0000] {processor.py:161} INFO - Started process (PID=7919) to work on /home/airflow/.local/lib/python3.12/site-packages/airflow/example_dags/example_latest_only.py
[2024-05-08T15:06:58.397+0000] {processor.py:830} INFO - Processing file /home/airflow/.local/lib/python3.12/site-packages/airflow/example_dags/example_latest_only.py for tasks to queue
[2024-05-08T15:06:58.402+0000] {logging_mixin.py:188} INFO - [2024-05-08T15:06:58.401+0000] {dagbag.py:545} INFO - Filling up the DagBag from /home/airflow/.local/lib/python3.12/site-packages/airflow/example_dags/example_latest_only.py
[2024-05-08T15:06:58.412+0000] {processor.py:840} INFO - DAG(s) 'latest_only' retrieved from /home/airflow/.local/lib/python3.12/site-packages/airflow/example_dags/example_latest_only.py
[2024-05-08T15:06:58.462+0000] {logging_mixin.py:188} INFO - [2024-05-08T15:06:58.462+0000] {dag.py:3096} INFO - Sync 1 DAGs
[2024-05-08T15:06:58.516+0000] {logging_mixin.py:188} INFO - [2024-05-08T15:06:58.516+0000] {dag.py:3954} INFO - Setting next_dagrun for latest_only to 2024-05-08 08:00:00+00:00, run_after=2024-05-08 12:00:00+00:00
[2024-05-08T15:06:58.559+0000] {processor.py:183} INFO - Processing /home/airflow/.local/lib/python3.12/site-packages/airflow/example_dags/example_latest_only.py took 0.177 seconds
[2024-05-08T15:07:28.706+0000] {processor.py:161} INFO - Started process (PID=8181) to work on /home/airflow/.local/lib/python3.12/site-packages/airflow/example_dags/example_latest_only.py
[2024-05-08T15:07:28.708+0000] {processor.py:830} INFO - Processing file /home/airflow/.local/lib/python3.12/site-packages/airflow/example_dags/example_latest_only.py for tasks to queue
[2024-05-08T15:07:28.711+0000] {logging_mixin.py:188} INFO - [2024-05-08T15:07:28.710+0000] {dagbag.py:545} INFO - Filling up the DagBag from /home/airflow/.local/lib/python3.12/site-packages/airflow/example_dags/example_latest_only.py
[2024-05-08T15:07:28.719+0000] {processor.py:840} INFO - DAG(s) 'latest_only' retrieved from /home/airflow/.local/lib/python3.12/site-packages/airflow/example_dags/example_latest_only.py
[2024-05-08T15:07:28.759+0000] {logging_mixin.py:188} INFO - [2024-05-08T15:07:28.759+0000] {dag.py:3096} INFO - Sync 1 DAGs
[2024-05-08T15:07:28.799+0000] {logging_mixin.py:188} INFO - [2024-05-08T15:07:28.798+0000] {dag.py:3954} INFO - Setting next_dagrun for latest_only to 2024-05-08 08:00:00+00:00, run_after=2024-05-08 12:00:00+00:00
[2024-05-08T15:07:28.831+0000] {processor.py:183} INFO - Processing /home/airflow/.local/lib/python3.12/site-packages/airflow/example_dags/example_latest_only.py took 0.133 seconds
[2024-05-08T15:07:59.147+0000] {processor.py:161} INFO - Started process (PID=8443) to work on /home/airflow/.local/lib/python3.12/site-packages/airflow/example_dags/example_latest_only.py
[2024-05-08T15:07:59.151+0000] {processor.py:830} INFO - Processing file /home/airflow/.local/lib/python3.12/site-packages/airflow/example_dags/example_latest_only.py for tasks to queue
[2024-05-08T15:07:59.155+0000] {logging_mixin.py:188} INFO - [2024-05-08T15:07:59.154+0000] {dagbag.py:545} INFO - Filling up the DagBag from /home/airflow/.local/lib/python3.12/site-packages/airflow/example_dags/example_latest_only.py
[2024-05-08T15:07:59.162+0000] {processor.py:840} INFO - DAG(s) 'latest_only' retrieved from /home/airflow/.local/lib/python3.12/site-packages/airflow/example_dags/example_latest_only.py
[2024-05-08T15:07:59.194+0000] {logging_mixin.py:188} INFO - [2024-05-08T15:07:59.194+0000] {dag.py:3096} INFO - Sync 1 DAGs
[2024-05-08T15:07:59.232+0000] {logging_mixin.py:188} INFO - [2024-05-08T15:07:59.231+0000] {dag.py:3954} INFO - Setting next_dagrun for latest_only to 2024-05-08 08:00:00+00:00, run_after=2024-05-08 12:00:00+00:00
[2024-05-08T15:07:59.261+0000] {processor.py:183} INFO - Processing /home/airflow/.local/lib/python3.12/site-packages/airflow/example_dags/example_latest_only.py took 0.124 seconds
[2024-05-08T15:08:29.369+0000] {processor.py:161} INFO - Started process (PID=8705) to work on /home/airflow/.local/lib/python3.12/site-packages/airflow/example_dags/example_latest_only.py
[2024-05-08T15:08:29.370+0000] {processor.py:830} INFO - Processing file /home/airflow/.local/lib/python3.12/site-packages/airflow/example_dags/example_latest_only.py for tasks to queue
[2024-05-08T15:08:29.374+0000] {logging_mixin.py:188} INFO - [2024-05-08T15:08:29.373+0000] {dagbag.py:545} INFO - Filling up the DagBag from /home/airflow/.local/lib/python3.12/site-packages/airflow/example_dags/example_latest_only.py
[2024-05-08T15:08:29.381+0000] {processor.py:840} INFO - DAG(s) 'latest_only' retrieved from /home/airflow/.local/lib/python3.12/site-packages/airflow/example_dags/example_latest_only.py
[2024-05-08T15:08:29.417+0000] {logging_mixin.py:188} INFO - [2024-05-08T15:08:29.417+0000] {dag.py:3096} INFO - Sync 1 DAGs
[2024-05-08T15:08:29.453+0000] {logging_mixin.py:188} INFO - [2024-05-08T15:08:29.453+0000] {dag.py:3954} INFO - Setting next_dagrun for latest_only to 2024-05-08 08:00:00+00:00, run_after=2024-05-08 12:00:00+00:00
[2024-05-08T15:08:29.485+0000] {processor.py:183} INFO - Processing /home/airflow/.local/lib/python3.12/site-packages/airflow/example_dags/example_latest_only.py took 0.126 seconds
