[2024-05-08T14:51:46.485+0000] {processor.py:161} INFO - Started process (PID=207) to work on /home/airflow/.local/lib/python3.12/site-packages/airflow/example_dags/example_bash_operator.py
[2024-05-08T14:51:46.487+0000] {processor.py:830} INFO - Processing file /home/airflow/.local/lib/python3.12/site-packages/airflow/example_dags/example_bash_operator.py for tasks to queue
[2024-05-08T14:51:46.491+0000] {logging_mixin.py:188} INFO - [2024-05-08T14:51:46.490+0000] {dagbag.py:545} INFO - Filling up the DagBag from /home/airflow/.local/lib/python3.12/site-packages/airflow/example_dags/example_bash_operator.py
[2024-05-08T14:51:46.524+0000] {processor.py:840} INFO - DAG(s) 'example_bash_operator' retrieved from /home/airflow/.local/lib/python3.12/site-packages/airflow/example_dags/example_bash_operator.py
[2024-05-08T14:51:46.947+0000] {logging_mixin.py:188} INFO - [2024-05-08T14:51:46.946+0000] {dag.py:3096} INFO - Sync 1 DAGs
[2024-05-08T14:51:47.030+0000] {logging_mixin.py:188} INFO - [2024-05-08T14:51:47.030+0000] {dag.py:3954} INFO - Setting next_dagrun for example_bash_operator to 2024-05-07 00:00:00+00:00, run_after=2024-05-08 00:00:00+00:00
[2024-05-08T14:51:47.090+0000] {processor.py:183} INFO - Processing /home/airflow/.local/lib/python3.12/site-packages/airflow/example_dags/example_bash_operator.py took 0.618 seconds
[2024-05-08T14:52:17.945+0000] {processor.py:161} INFO - Started process (PID=469) to work on /home/airflow/.local/lib/python3.12/site-packages/airflow/example_dags/example_bash_operator.py
[2024-05-08T14:52:17.947+0000] {processor.py:830} INFO - Processing file /home/airflow/.local/lib/python3.12/site-packages/airflow/example_dags/example_bash_operator.py for tasks to queue
[2024-05-08T14:52:17.973+0000] {logging_mixin.py:188} INFO - [2024-05-08T14:52:17.972+0000] {dagbag.py:545} INFO - Filling up the DagBag from /home/airflow/.local/lib/python3.12/site-packages/airflow/example_dags/example_bash_operator.py
[2024-05-08T14:52:18.016+0000] {processor.py:840} INFO - DAG(s) 'example_bash_operator' retrieved from /home/airflow/.local/lib/python3.12/site-packages/airflow/example_dags/example_bash_operator.py
[2024-05-08T14:52:18.109+0000] {logging_mixin.py:188} INFO - [2024-05-08T14:52:18.108+0000] {dag.py:3096} INFO - Sync 1 DAGs
[2024-05-08T14:52:18.162+0000] {logging_mixin.py:188} INFO - [2024-05-08T14:52:18.162+0000] {dag.py:3954} INFO - Setting next_dagrun for example_bash_operator to 2024-05-07 00:00:00+00:00, run_after=2024-05-08 00:00:00+00:00
[2024-05-08T14:52:18.208+0000] {processor.py:183} INFO - Processing /home/airflow/.local/lib/python3.12/site-packages/airflow/example_dags/example_bash_operator.py took 0.278 seconds
[2024-05-08T14:52:48.726+0000] {processor.py:161} INFO - Started process (PID=731) to work on /home/airflow/.local/lib/python3.12/site-packages/airflow/example_dags/example_bash_operator.py
[2024-05-08T14:52:48.748+0000] {processor.py:830} INFO - Processing file /home/airflow/.local/lib/python3.12/site-packages/airflow/example_dags/example_bash_operator.py for tasks to queue
[2024-05-08T14:52:48.769+0000] {logging_mixin.py:188} INFO - [2024-05-08T14:52:48.766+0000] {dagbag.py:545} INFO - Filling up the DagBag from /home/airflow/.local/lib/python3.12/site-packages/airflow/example_dags/example_bash_operator.py
[2024-05-08T14:52:48.866+0000] {processor.py:840} INFO - DAG(s) 'example_bash_operator' retrieved from /home/airflow/.local/lib/python3.12/site-packages/airflow/example_dags/example_bash_operator.py
[2024-05-08T14:52:49.046+0000] {logging_mixin.py:188} INFO - [2024-05-08T14:52:49.045+0000] {dag.py:3096} INFO - Sync 1 DAGs
[2024-05-08T14:52:49.140+0000] {logging_mixin.py:188} INFO - [2024-05-08T14:52:49.139+0000] {dag.py:3954} INFO - Setting next_dagrun for example_bash_operator to 2024-05-07 00:00:00+00:00, run_after=2024-05-08 00:00:00+00:00
[2024-05-08T14:52:49.190+0000] {processor.py:183} INFO - Processing /home/airflow/.local/lib/python3.12/site-packages/airflow/example_dags/example_bash_operator.py took 0.493 seconds
[2024-05-08T14:53:19.482+0000] {processor.py:161} INFO - Started process (PID=995) to work on /home/airflow/.local/lib/python3.12/site-packages/airflow/example_dags/example_bash_operator.py
[2024-05-08T14:53:19.484+0000] {processor.py:830} INFO - Processing file /home/airflow/.local/lib/python3.12/site-packages/airflow/example_dags/example_bash_operator.py for tasks to queue
[2024-05-08T14:53:19.487+0000] {logging_mixin.py:188} INFO - [2024-05-08T14:53:19.486+0000] {dagbag.py:545} INFO - Filling up the DagBag from /home/airflow/.local/lib/python3.12/site-packages/airflow/example_dags/example_bash_operator.py
[2024-05-08T14:53:19.504+0000] {processor.py:840} INFO - DAG(s) 'example_bash_operator' retrieved from /home/airflow/.local/lib/python3.12/site-packages/airflow/example_dags/example_bash_operator.py
[2024-05-08T14:53:19.554+0000] {logging_mixin.py:188} INFO - [2024-05-08T14:53:19.554+0000] {dag.py:3096} INFO - Sync 1 DAGs
[2024-05-08T14:53:19.597+0000] {logging_mixin.py:188} INFO - [2024-05-08T14:53:19.597+0000] {dag.py:3954} INFO - Setting next_dagrun for example_bash_operator to 2024-05-07 00:00:00+00:00, run_after=2024-05-08 00:00:00+00:00
[2024-05-08T14:53:19.631+0000] {processor.py:183} INFO - Processing /home/airflow/.local/lib/python3.12/site-packages/airflow/example_dags/example_bash_operator.py took 0.159 seconds
[2024-05-08T14:53:50.065+0000] {processor.py:161} INFO - Started process (PID=1257) to work on /home/airflow/.local/lib/python3.12/site-packages/airflow/example_dags/example_bash_operator.py
[2024-05-08T14:53:50.070+0000] {processor.py:830} INFO - Processing file /home/airflow/.local/lib/python3.12/site-packages/airflow/example_dags/example_bash_operator.py for tasks to queue
[2024-05-08T14:53:50.073+0000] {logging_mixin.py:188} INFO - [2024-05-08T14:53:50.073+0000] {dagbag.py:545} INFO - Filling up the DagBag from /home/airflow/.local/lib/python3.12/site-packages/airflow/example_dags/example_bash_operator.py
[2024-05-08T14:53:50.105+0000] {processor.py:840} INFO - DAG(s) 'example_bash_operator' retrieved from /home/airflow/.local/lib/python3.12/site-packages/airflow/example_dags/example_bash_operator.py
[2024-05-08T14:53:50.176+0000] {logging_mixin.py:188} INFO - [2024-05-08T14:53:50.176+0000] {dag.py:3096} INFO - Sync 1 DAGs
[2024-05-08T14:53:50.237+0000] {logging_mixin.py:188} INFO - [2024-05-08T14:53:50.235+0000] {dag.py:3954} INFO - Setting next_dagrun for example_bash_operator to 2024-05-07 00:00:00+00:00, run_after=2024-05-08 00:00:00+00:00
[2024-05-08T14:53:50.287+0000] {processor.py:183} INFO - Processing /home/airflow/.local/lib/python3.12/site-packages/airflow/example_dags/example_bash_operator.py took 0.235 seconds
[2024-05-08T14:54:22.414+0000] {processor.py:161} INFO - Started process (PID=1522) to work on /home/airflow/.local/lib/python3.12/site-packages/airflow/example_dags/example_bash_operator.py
[2024-05-08T14:54:22.418+0000] {processor.py:830} INFO - Processing file /home/airflow/.local/lib/python3.12/site-packages/airflow/example_dags/example_bash_operator.py for tasks to queue
[2024-05-08T14:54:22.422+0000] {logging_mixin.py:188} INFO - [2024-05-08T14:54:22.422+0000] {dagbag.py:545} INFO - Filling up the DagBag from /home/airflow/.local/lib/python3.12/site-packages/airflow/example_dags/example_bash_operator.py
[2024-05-08T14:54:22.463+0000] {processor.py:840} INFO - DAG(s) 'example_bash_operator' retrieved from /home/airflow/.local/lib/python3.12/site-packages/airflow/example_dags/example_bash_operator.py
[2024-05-08T14:54:22.543+0000] {logging_mixin.py:188} INFO - [2024-05-08T14:54:22.542+0000] {dag.py:3096} INFO - Sync 1 DAGs
[2024-05-08T14:54:22.614+0000] {logging_mixin.py:188} INFO - [2024-05-08T14:54:22.613+0000] {dag.py:3954} INFO - Setting next_dagrun for example_bash_operator to 2024-05-07 00:00:00+00:00, run_after=2024-05-08 00:00:00+00:00
[2024-05-08T14:54:22.661+0000] {processor.py:183} INFO - Processing /home/airflow/.local/lib/python3.12/site-packages/airflow/example_dags/example_bash_operator.py took 0.262 seconds
[2024-05-08T14:54:53.251+0000] {processor.py:161} INFO - Started process (PID=1784) to work on /home/airflow/.local/lib/python3.12/site-packages/airflow/example_dags/example_bash_operator.py
[2024-05-08T14:54:53.253+0000] {processor.py:830} INFO - Processing file /home/airflow/.local/lib/python3.12/site-packages/airflow/example_dags/example_bash_operator.py for tasks to queue
[2024-05-08T14:54:53.256+0000] {logging_mixin.py:188} INFO - [2024-05-08T14:54:53.256+0000] {dagbag.py:545} INFO - Filling up the DagBag from /home/airflow/.local/lib/python3.12/site-packages/airflow/example_dags/example_bash_operator.py
[2024-05-08T14:54:53.273+0000] {processor.py:840} INFO - DAG(s) 'example_bash_operator' retrieved from /home/airflow/.local/lib/python3.12/site-packages/airflow/example_dags/example_bash_operator.py
[2024-05-08T14:54:53.320+0000] {logging_mixin.py:188} INFO - [2024-05-08T14:54:53.320+0000] {dag.py:3096} INFO - Sync 1 DAGs
[2024-05-08T14:54:53.361+0000] {logging_mixin.py:188} INFO - [2024-05-08T14:54:53.361+0000] {dag.py:3954} INFO - Setting next_dagrun for example_bash_operator to 2024-05-07 00:00:00+00:00, run_after=2024-05-08 00:00:00+00:00
[2024-05-08T14:54:53.419+0000] {processor.py:183} INFO - Processing /home/airflow/.local/lib/python3.12/site-packages/airflow/example_dags/example_bash_operator.py took 0.180 seconds
[2024-05-08T14:55:23.561+0000] {processor.py:161} INFO - Started process (PID=2042) to work on /home/airflow/.local/lib/python3.12/site-packages/airflow/example_dags/example_bash_operator.py
[2024-05-08T14:55:23.562+0000] {processor.py:830} INFO - Processing file /home/airflow/.local/lib/python3.12/site-packages/airflow/example_dags/example_bash_operator.py for tasks to queue
[2024-05-08T14:55:23.568+0000] {logging_mixin.py:188} INFO - [2024-05-08T14:55:23.567+0000] {dagbag.py:545} INFO - Filling up the DagBag from /home/airflow/.local/lib/python3.12/site-packages/airflow/example_dags/example_bash_operator.py
[2024-05-08T14:55:23.587+0000] {processor.py:840} INFO - DAG(s) 'example_bash_operator' retrieved from /home/airflow/.local/lib/python3.12/site-packages/airflow/example_dags/example_bash_operator.py
[2024-05-08T14:55:23.646+0000] {logging_mixin.py:188} INFO - [2024-05-08T14:55:23.645+0000] {dag.py:3096} INFO - Sync 1 DAGs
[2024-05-08T14:55:23.692+0000] {logging_mixin.py:188} INFO - [2024-05-08T14:55:23.691+0000] {dag.py:3954} INFO - Setting next_dagrun for example_bash_operator to 2024-05-07 00:00:00+00:00, run_after=2024-05-08 00:00:00+00:00
[2024-05-08T14:55:23.730+0000] {processor.py:183} INFO - Processing /home/airflow/.local/lib/python3.12/site-packages/airflow/example_dags/example_bash_operator.py took 0.179 seconds
[2024-05-08T14:55:54.267+0000] {processor.py:161} INFO - Started process (PID=2301) to work on /home/airflow/.local/lib/python3.12/site-packages/airflow/example_dags/example_bash_operator.py
[2024-05-08T14:55:54.269+0000] {processor.py:830} INFO - Processing file /home/airflow/.local/lib/python3.12/site-packages/airflow/example_dags/example_bash_operator.py for tasks to queue
[2024-05-08T14:55:54.274+0000] {logging_mixin.py:188} INFO - [2024-05-08T14:55:54.274+0000] {dagbag.py:545} INFO - Filling up the DagBag from /home/airflow/.local/lib/python3.12/site-packages/airflow/example_dags/example_bash_operator.py
[2024-05-08T14:55:54.308+0000] {processor.py:840} INFO - DAG(s) 'example_bash_operator' retrieved from /home/airflow/.local/lib/python3.12/site-packages/airflow/example_dags/example_bash_operator.py
[2024-05-08T14:55:54.377+0000] {logging_mixin.py:188} INFO - [2024-05-08T14:55:54.377+0000] {dag.py:3096} INFO - Sync 1 DAGs
[2024-05-08T14:55:54.426+0000] {logging_mixin.py:188} INFO - [2024-05-08T14:55:54.425+0000] {dag.py:3954} INFO - Setting next_dagrun for example_bash_operator to 2024-05-07 00:00:00+00:00, run_after=2024-05-08 00:00:00+00:00
[2024-05-08T14:55:54.474+0000] {processor.py:183} INFO - Processing /home/airflow/.local/lib/python3.12/site-packages/airflow/example_dags/example_bash_operator.py took 0.222 seconds
[2024-05-08T14:56:24.666+0000] {processor.py:161} INFO - Started process (PID=2563) to work on /home/airflow/.local/lib/python3.12/site-packages/airflow/example_dags/example_bash_operator.py
[2024-05-08T14:56:24.668+0000] {processor.py:830} INFO - Processing file /home/airflow/.local/lib/python3.12/site-packages/airflow/example_dags/example_bash_operator.py for tasks to queue
[2024-05-08T14:56:24.671+0000] {logging_mixin.py:188} INFO - [2024-05-08T14:56:24.670+0000] {dagbag.py:545} INFO - Filling up the DagBag from /home/airflow/.local/lib/python3.12/site-packages/airflow/example_dags/example_bash_operator.py
[2024-05-08T14:56:24.691+0000] {processor.py:840} INFO - DAG(s) 'example_bash_operator' retrieved from /home/airflow/.local/lib/python3.12/site-packages/airflow/example_dags/example_bash_operator.py
[2024-05-08T14:56:24.737+0000] {logging_mixin.py:188} INFO - [2024-05-08T14:56:24.736+0000] {dag.py:3096} INFO - Sync 1 DAGs
[2024-05-08T14:56:24.775+0000] {logging_mixin.py:188} INFO - [2024-05-08T14:56:24.775+0000] {dag.py:3954} INFO - Setting next_dagrun for example_bash_operator to 2024-05-07 00:00:00+00:00, run_after=2024-05-08 00:00:00+00:00
[2024-05-08T14:56:24.808+0000] {processor.py:183} INFO - Processing /home/airflow/.local/lib/python3.12/site-packages/airflow/example_dags/example_bash_operator.py took 0.151 seconds
[2024-05-08T14:56:55.610+0000] {processor.py:161} INFO - Started process (PID=2825) to work on /home/airflow/.local/lib/python3.12/site-packages/airflow/example_dags/example_bash_operator.py
[2024-05-08T14:56:55.612+0000] {processor.py:830} INFO - Processing file /home/airflow/.local/lib/python3.12/site-packages/airflow/example_dags/example_bash_operator.py for tasks to queue
[2024-05-08T14:56:55.615+0000] {logging_mixin.py:188} INFO - [2024-05-08T14:56:55.614+0000] {dagbag.py:545} INFO - Filling up the DagBag from /home/airflow/.local/lib/python3.12/site-packages/airflow/example_dags/example_bash_operator.py
[2024-05-08T14:56:55.637+0000] {processor.py:840} INFO - DAG(s) 'example_bash_operator' retrieved from /home/airflow/.local/lib/python3.12/site-packages/airflow/example_dags/example_bash_operator.py
[2024-05-08T14:56:55.688+0000] {logging_mixin.py:188} INFO - [2024-05-08T14:56:55.687+0000] {dag.py:3096} INFO - Sync 1 DAGs
[2024-05-08T14:56:55.732+0000] {logging_mixin.py:188} INFO - [2024-05-08T14:56:55.732+0000] {dag.py:3954} INFO - Setting next_dagrun for example_bash_operator to 2024-05-07 00:00:00+00:00, run_after=2024-05-08 00:00:00+00:00
[2024-05-08T14:56:55.815+0000] {processor.py:183} INFO - Processing /home/airflow/.local/lib/python3.12/site-packages/airflow/example_dags/example_bash_operator.py took 0.215 seconds
[2024-05-08T14:57:26.879+0000] {processor.py:161} INFO - Started process (PID=3090) to work on /home/airflow/.local/lib/python3.12/site-packages/airflow/example_dags/example_bash_operator.py
[2024-05-08T14:57:26.880+0000] {processor.py:830} INFO - Processing file /home/airflow/.local/lib/python3.12/site-packages/airflow/example_dags/example_bash_operator.py for tasks to queue
[2024-05-08T14:57:26.884+0000] {logging_mixin.py:188} INFO - [2024-05-08T14:57:26.883+0000] {dagbag.py:545} INFO - Filling up the DagBag from /home/airflow/.local/lib/python3.12/site-packages/airflow/example_dags/example_bash_operator.py
[2024-05-08T14:57:26.901+0000] {processor.py:840} INFO - DAG(s) 'example_bash_operator' retrieved from /home/airflow/.local/lib/python3.12/site-packages/airflow/example_dags/example_bash_operator.py
[2024-05-08T14:57:27.010+0000] {logging_mixin.py:188} INFO - [2024-05-08T14:57:27.010+0000] {dag.py:3096} INFO - Sync 1 DAGs
[2024-05-08T14:57:27.061+0000] {logging_mixin.py:188} INFO - [2024-05-08T14:57:27.061+0000] {dag.py:3954} INFO - Setting next_dagrun for example_bash_operator to 2024-05-07 00:00:00+00:00, run_after=2024-05-08 00:00:00+00:00
[2024-05-08T14:57:27.092+0000] {processor.py:183} INFO - Processing /home/airflow/.local/lib/python3.12/site-packages/airflow/example_dags/example_bash_operator.py took 0.222 seconds
[2024-05-08T14:57:57.501+0000] {processor.py:161} INFO - Started process (PID=3352) to work on /home/airflow/.local/lib/python3.12/site-packages/airflow/example_dags/example_bash_operator.py
[2024-05-08T14:57:57.502+0000] {processor.py:830} INFO - Processing file /home/airflow/.local/lib/python3.12/site-packages/airflow/example_dags/example_bash_operator.py for tasks to queue
[2024-05-08T14:57:57.506+0000] {logging_mixin.py:188} INFO - [2024-05-08T14:57:57.505+0000] {dagbag.py:545} INFO - Filling up the DagBag from /home/airflow/.local/lib/python3.12/site-packages/airflow/example_dags/example_bash_operator.py
[2024-05-08T14:57:57.523+0000] {processor.py:840} INFO - DAG(s) 'example_bash_operator' retrieved from /home/airflow/.local/lib/python3.12/site-packages/airflow/example_dags/example_bash_operator.py
[2024-05-08T14:57:57.572+0000] {logging_mixin.py:188} INFO - [2024-05-08T14:57:57.571+0000] {dag.py:3096} INFO - Sync 1 DAGs
[2024-05-08T14:57:57.618+0000] {logging_mixin.py:188} INFO - [2024-05-08T14:57:57.618+0000] {dag.py:3954} INFO - Setting next_dagrun for example_bash_operator to 2024-05-07 00:00:00+00:00, run_after=2024-05-08 00:00:00+00:00
[2024-05-08T14:57:57.654+0000] {processor.py:183} INFO - Processing /home/airflow/.local/lib/python3.12/site-packages/airflow/example_dags/example_bash_operator.py took 0.163 seconds
[2024-05-08T14:58:27.764+0000] {processor.py:161} INFO - Started process (PID=3614) to work on /home/airflow/.local/lib/python3.12/site-packages/airflow/example_dags/example_bash_operator.py
[2024-05-08T14:58:27.766+0000] {processor.py:830} INFO - Processing file /home/airflow/.local/lib/python3.12/site-packages/airflow/example_dags/example_bash_operator.py for tasks to queue
[2024-05-08T14:58:27.769+0000] {logging_mixin.py:188} INFO - [2024-05-08T14:58:27.769+0000] {dagbag.py:545} INFO - Filling up the DagBag from /home/airflow/.local/lib/python3.12/site-packages/airflow/example_dags/example_bash_operator.py
[2024-05-08T14:58:27.791+0000] {processor.py:840} INFO - DAG(s) 'example_bash_operator' retrieved from /home/airflow/.local/lib/python3.12/site-packages/airflow/example_dags/example_bash_operator.py
[2024-05-08T14:58:27.836+0000] {logging_mixin.py:188} INFO - [2024-05-08T14:58:27.836+0000] {dag.py:3096} INFO - Sync 1 DAGs
[2024-05-08T14:58:27.872+0000] {logging_mixin.py:188} INFO - [2024-05-08T14:58:27.872+0000] {dag.py:3954} INFO - Setting next_dagrun for example_bash_operator to 2024-05-07 00:00:00+00:00, run_after=2024-05-08 00:00:00+00:00
[2024-05-08T14:58:27.904+0000] {processor.py:183} INFO - Processing /home/airflow/.local/lib/python3.12/site-packages/airflow/example_dags/example_bash_operator.py took 0.151 seconds
[2024-05-08T14:58:58.075+0000] {processor.py:161} INFO - Started process (PID=3876) to work on /home/airflow/.local/lib/python3.12/site-packages/airflow/example_dags/example_bash_operator.py
[2024-05-08T14:58:58.077+0000] {processor.py:830} INFO - Processing file /home/airflow/.local/lib/python3.12/site-packages/airflow/example_dags/example_bash_operator.py for tasks to queue
[2024-05-08T14:58:58.079+0000] {logging_mixin.py:188} INFO - [2024-05-08T14:58:58.079+0000] {dagbag.py:545} INFO - Filling up the DagBag from /home/airflow/.local/lib/python3.12/site-packages/airflow/example_dags/example_bash_operator.py
[2024-05-08T14:58:58.098+0000] {processor.py:840} INFO - DAG(s) 'example_bash_operator' retrieved from /home/airflow/.local/lib/python3.12/site-packages/airflow/example_dags/example_bash_operator.py
[2024-05-08T14:58:58.177+0000] {logging_mixin.py:188} INFO - [2024-05-08T14:58:58.176+0000] {dag.py:3096} INFO - Sync 1 DAGs
[2024-05-08T14:58:58.266+0000] {logging_mixin.py:188} INFO - [2024-05-08T14:58:58.266+0000] {dag.py:3954} INFO - Setting next_dagrun for example_bash_operator to 2024-05-07 00:00:00+00:00, run_after=2024-05-08 00:00:00+00:00
[2024-05-08T14:58:58.300+0000] {processor.py:183} INFO - Processing /home/airflow/.local/lib/python3.12/site-packages/airflow/example_dags/example_bash_operator.py took 0.233 seconds
[2024-05-08T14:59:28.680+0000] {processor.py:161} INFO - Started process (PID=4138) to work on /home/airflow/.local/lib/python3.12/site-packages/airflow/example_dags/example_bash_operator.py
[2024-05-08T14:59:28.684+0000] {processor.py:830} INFO - Processing file /home/airflow/.local/lib/python3.12/site-packages/airflow/example_dags/example_bash_operator.py for tasks to queue
[2024-05-08T14:59:28.688+0000] {logging_mixin.py:188} INFO - [2024-05-08T14:59:28.687+0000] {dagbag.py:545} INFO - Filling up the DagBag from /home/airflow/.local/lib/python3.12/site-packages/airflow/example_dags/example_bash_operator.py
[2024-05-08T14:59:28.709+0000] {processor.py:840} INFO - DAG(s) 'example_bash_operator' retrieved from /home/airflow/.local/lib/python3.12/site-packages/airflow/example_dags/example_bash_operator.py
[2024-05-08T14:59:28.755+0000] {logging_mixin.py:188} INFO - [2024-05-08T14:59:28.755+0000] {dag.py:3096} INFO - Sync 1 DAGs
[2024-05-08T14:59:28.793+0000] {logging_mixin.py:188} INFO - [2024-05-08T14:59:28.793+0000] {dag.py:3954} INFO - Setting next_dagrun for example_bash_operator to 2024-05-07 00:00:00+00:00, run_after=2024-05-08 00:00:00+00:00
[2024-05-08T14:59:28.827+0000] {processor.py:183} INFO - Processing /home/airflow/.local/lib/python3.12/site-packages/airflow/example_dags/example_bash_operator.py took 0.157 seconds
[2024-05-08T14:59:59.036+0000] {processor.py:161} INFO - Started process (PID=4399) to work on /home/airflow/.local/lib/python3.12/site-packages/airflow/example_dags/example_bash_operator.py
[2024-05-08T14:59:59.040+0000] {processor.py:830} INFO - Processing file /home/airflow/.local/lib/python3.12/site-packages/airflow/example_dags/example_bash_operator.py for tasks to queue
[2024-05-08T14:59:59.044+0000] {logging_mixin.py:188} INFO - [2024-05-08T14:59:59.043+0000] {dagbag.py:545} INFO - Filling up the DagBag from /home/airflow/.local/lib/python3.12/site-packages/airflow/example_dags/example_bash_operator.py
[2024-05-08T14:59:59.066+0000] {processor.py:840} INFO - DAG(s) 'example_bash_operator' retrieved from /home/airflow/.local/lib/python3.12/site-packages/airflow/example_dags/example_bash_operator.py
[2024-05-08T14:59:59.113+0000] {logging_mixin.py:188} INFO - [2024-05-08T14:59:59.113+0000] {dag.py:3096} INFO - Sync 1 DAGs
[2024-05-08T14:59:59.149+0000] {logging_mixin.py:188} INFO - [2024-05-08T14:59:59.149+0000] {dag.py:3954} INFO - Setting next_dagrun for example_bash_operator to 2024-05-07 00:00:00+00:00, run_after=2024-05-08 00:00:00+00:00
[2024-05-08T14:59:59.281+0000] {processor.py:183} INFO - Processing /home/airflow/.local/lib/python3.12/site-packages/airflow/example_dags/example_bash_operator.py took 0.256 seconds
[2024-05-08T15:00:29.353+0000] {processor.py:161} INFO - Started process (PID=4659) to work on /home/airflow/.local/lib/python3.12/site-packages/airflow/example_dags/example_bash_operator.py
[2024-05-08T15:00:29.354+0000] {processor.py:830} INFO - Processing file /home/airflow/.local/lib/python3.12/site-packages/airflow/example_dags/example_bash_operator.py for tasks to queue
[2024-05-08T15:00:29.359+0000] {logging_mixin.py:188} INFO - [2024-05-08T15:00:29.358+0000] {dagbag.py:545} INFO - Filling up the DagBag from /home/airflow/.local/lib/python3.12/site-packages/airflow/example_dags/example_bash_operator.py
[2024-05-08T15:00:29.382+0000] {processor.py:840} INFO - DAG(s) 'example_bash_operator' retrieved from /home/airflow/.local/lib/python3.12/site-packages/airflow/example_dags/example_bash_operator.py
[2024-05-08T15:00:29.447+0000] {logging_mixin.py:188} INFO - [2024-05-08T15:00:29.447+0000] {dag.py:3096} INFO - Sync 1 DAGs
[2024-05-08T15:00:29.499+0000] {logging_mixin.py:188} INFO - [2024-05-08T15:00:29.498+0000] {dag.py:3954} INFO - Setting next_dagrun for example_bash_operator to 2024-05-07 00:00:00+00:00, run_after=2024-05-08 00:00:00+00:00
[2024-05-08T15:00:29.538+0000] {processor.py:183} INFO - Processing /home/airflow/.local/lib/python3.12/site-packages/airflow/example_dags/example_bash_operator.py took 0.195 seconds
[2024-05-08T15:00:59.684+0000] {processor.py:161} INFO - Started process (PID=4917) to work on /home/airflow/.local/lib/python3.12/site-packages/airflow/example_dags/example_bash_operator.py
[2024-05-08T15:00:59.689+0000] {processor.py:830} INFO - Processing file /home/airflow/.local/lib/python3.12/site-packages/airflow/example_dags/example_bash_operator.py for tasks to queue
[2024-05-08T15:00:59.692+0000] {logging_mixin.py:188} INFO - [2024-05-08T15:00:59.691+0000] {dagbag.py:545} INFO - Filling up the DagBag from /home/airflow/.local/lib/python3.12/site-packages/airflow/example_dags/example_bash_operator.py
[2024-05-08T15:00:59.708+0000] {processor.py:840} INFO - DAG(s) 'example_bash_operator' retrieved from /home/airflow/.local/lib/python3.12/site-packages/airflow/example_dags/example_bash_operator.py
[2024-05-08T15:00:59.770+0000] {logging_mixin.py:188} INFO - [2024-05-08T15:00:59.770+0000] {dag.py:3096} INFO - Sync 1 DAGs
[2024-05-08T15:00:59.811+0000] {logging_mixin.py:188} INFO - [2024-05-08T15:00:59.810+0000] {dag.py:3954} INFO - Setting next_dagrun for example_bash_operator to 2024-05-07 00:00:00+00:00, run_after=2024-05-08 00:00:00+00:00
[2024-05-08T15:00:59.863+0000] {processor.py:183} INFO - Processing /home/airflow/.local/lib/python3.12/site-packages/airflow/example_dags/example_bash_operator.py took 0.188 seconds
[2024-05-08T15:01:29.935+0000] {processor.py:161} INFO - Started process (PID=5176) to work on /home/airflow/.local/lib/python3.12/site-packages/airflow/example_dags/example_bash_operator.py
[2024-05-08T15:01:29.937+0000] {processor.py:830} INFO - Processing file /home/airflow/.local/lib/python3.12/site-packages/airflow/example_dags/example_bash_operator.py for tasks to queue
[2024-05-08T15:01:29.941+0000] {logging_mixin.py:188} INFO - [2024-05-08T15:01:29.941+0000] {dagbag.py:545} INFO - Filling up the DagBag from /home/airflow/.local/lib/python3.12/site-packages/airflow/example_dags/example_bash_operator.py
[2024-05-08T15:01:29.963+0000] {processor.py:840} INFO - DAG(s) 'example_bash_operator' retrieved from /home/airflow/.local/lib/python3.12/site-packages/airflow/example_dags/example_bash_operator.py
[2024-05-08T15:01:30.006+0000] {logging_mixin.py:188} INFO - [2024-05-08T15:01:30.006+0000] {dag.py:3096} INFO - Sync 1 DAGs
[2024-05-08T15:01:30.041+0000] {logging_mixin.py:188} INFO - [2024-05-08T15:01:30.041+0000] {dag.py:3954} INFO - Setting next_dagrun for example_bash_operator to 2024-05-07 00:00:00+00:00, run_after=2024-05-08 00:00:00+00:00
[2024-05-08T15:01:30.071+0000] {processor.py:183} INFO - Processing /home/airflow/.local/lib/python3.12/site-packages/airflow/example_dags/example_bash_operator.py took 0.145 seconds
[2024-05-08T15:02:04.405+0000] {processor.py:161} INFO - Started process (PID=5418) to work on /home/airflow/.local/lib/python3.12/site-packages/airflow/example_dags/example_bash_operator.py
[2024-05-08T15:02:04.408+0000] {processor.py:830} INFO - Processing file /home/airflow/.local/lib/python3.12/site-packages/airflow/example_dags/example_bash_operator.py for tasks to queue
[2024-05-08T15:02:04.412+0000] {logging_mixin.py:188} INFO - [2024-05-08T15:02:04.411+0000] {dagbag.py:545} INFO - Filling up the DagBag from /home/airflow/.local/lib/python3.12/site-packages/airflow/example_dags/example_bash_operator.py
[2024-05-08T15:02:04.434+0000] {processor.py:840} INFO - DAG(s) 'example_bash_operator' retrieved from /home/airflow/.local/lib/python3.12/site-packages/airflow/example_dags/example_bash_operator.py
[2024-05-08T15:02:04.529+0000] {logging_mixin.py:188} INFO - [2024-05-08T15:02:04.528+0000] {dag.py:3096} INFO - Sync 1 DAGs
[2024-05-08T15:02:04.697+0000] {logging_mixin.py:188} INFO - [2024-05-08T15:02:04.697+0000] {dag.py:3954} INFO - Setting next_dagrun for example_bash_operator to 2024-05-07 00:00:00+00:00, run_after=2024-05-08 00:00:00+00:00
[2024-05-08T15:02:04.797+0000] {processor.py:183} INFO - Processing /home/airflow/.local/lib/python3.12/site-packages/airflow/example_dags/example_bash_operator.py took 0.409 seconds
[2024-05-08T15:02:35.622+0000] {processor.py:161} INFO - Started process (PID=5680) to work on /home/airflow/.local/lib/python3.12/site-packages/airflow/example_dags/example_bash_operator.py
[2024-05-08T15:02:35.626+0000] {processor.py:830} INFO - Processing file /home/airflow/.local/lib/python3.12/site-packages/airflow/example_dags/example_bash_operator.py for tasks to queue
[2024-05-08T15:02:35.649+0000] {logging_mixin.py:188} INFO - [2024-05-08T15:02:35.646+0000] {dagbag.py:545} INFO - Filling up the DagBag from /home/airflow/.local/lib/python3.12/site-packages/airflow/example_dags/example_bash_operator.py
[2024-05-08T15:02:35.692+0000] {processor.py:840} INFO - DAG(s) 'example_bash_operator' retrieved from /home/airflow/.local/lib/python3.12/site-packages/airflow/example_dags/example_bash_operator.py
[2024-05-08T15:02:35.741+0000] {logging_mixin.py:188} INFO - [2024-05-08T15:02:35.741+0000] {dag.py:3096} INFO - Sync 1 DAGs
[2024-05-08T15:02:35.783+0000] {logging_mixin.py:188} INFO - [2024-05-08T15:02:35.783+0000] {dag.py:3954} INFO - Setting next_dagrun for example_bash_operator to 2024-05-07 00:00:00+00:00, run_after=2024-05-08 00:00:00+00:00
[2024-05-08T15:02:35.843+0000] {processor.py:183} INFO - Processing /home/airflow/.local/lib/python3.12/site-packages/airflow/example_dags/example_bash_operator.py took 0.231 seconds
[2024-05-08T15:03:06.054+0000] {processor.py:161} INFO - Started process (PID=5943) to work on /home/airflow/.local/lib/python3.12/site-packages/airflow/example_dags/example_bash_operator.py
[2024-05-08T15:03:06.055+0000] {processor.py:830} INFO - Processing file /home/airflow/.local/lib/python3.12/site-packages/airflow/example_dags/example_bash_operator.py for tasks to queue
[2024-05-08T15:03:06.058+0000] {logging_mixin.py:188} INFO - [2024-05-08T15:03:06.057+0000] {dagbag.py:545} INFO - Filling up the DagBag from /home/airflow/.local/lib/python3.12/site-packages/airflow/example_dags/example_bash_operator.py
[2024-05-08T15:03:06.074+0000] {processor.py:840} INFO - DAG(s) 'example_bash_operator' retrieved from /home/airflow/.local/lib/python3.12/site-packages/airflow/example_dags/example_bash_operator.py
[2024-05-08T15:03:06.114+0000] {logging_mixin.py:188} INFO - [2024-05-08T15:03:06.114+0000] {dag.py:3096} INFO - Sync 1 DAGs
[2024-05-08T15:03:06.146+0000] {logging_mixin.py:188} INFO - [2024-05-08T15:03:06.145+0000] {dag.py:3954} INFO - Setting next_dagrun for example_bash_operator to 2024-05-07 00:00:00+00:00, run_after=2024-05-08 00:00:00+00:00
[2024-05-08T15:03:06.174+0000] {processor.py:183} INFO - Processing /home/airflow/.local/lib/python3.12/site-packages/airflow/example_dags/example_bash_operator.py took 0.129 seconds
[2024-05-08T15:03:36.775+0000] {processor.py:161} INFO - Started process (PID=6203) to work on /home/airflow/.local/lib/python3.12/site-packages/airflow/example_dags/example_bash_operator.py
[2024-05-08T15:03:36.782+0000] {processor.py:830} INFO - Processing file /home/airflow/.local/lib/python3.12/site-packages/airflow/example_dags/example_bash_operator.py for tasks to queue
[2024-05-08T15:03:36.786+0000] {logging_mixin.py:188} INFO - [2024-05-08T15:03:36.785+0000] {dagbag.py:545} INFO - Filling up the DagBag from /home/airflow/.local/lib/python3.12/site-packages/airflow/example_dags/example_bash_operator.py
[2024-05-08T15:03:36.811+0000] {processor.py:840} INFO - DAG(s) 'example_bash_operator' retrieved from /home/airflow/.local/lib/python3.12/site-packages/airflow/example_dags/example_bash_operator.py
[2024-05-08T15:03:36.869+0000] {logging_mixin.py:188} INFO - [2024-05-08T15:03:36.868+0000] {dag.py:3096} INFO - Sync 1 DAGs
[2024-05-08T15:03:36.907+0000] {logging_mixin.py:188} INFO - [2024-05-08T15:03:36.907+0000] {dag.py:3954} INFO - Setting next_dagrun for example_bash_operator to 2024-05-07 00:00:00+00:00, run_after=2024-05-08 00:00:00+00:00
[2024-05-08T15:03:36.945+0000] {processor.py:183} INFO - Processing /home/airflow/.local/lib/python3.12/site-packages/airflow/example_dags/example_bash_operator.py took 0.185 seconds
[2024-05-08T15:04:07.547+0000] {processor.py:161} INFO - Started process (PID=6463) to work on /home/airflow/.local/lib/python3.12/site-packages/airflow/example_dags/example_bash_operator.py
[2024-05-08T15:04:07.554+0000] {processor.py:830} INFO - Processing file /home/airflow/.local/lib/python3.12/site-packages/airflow/example_dags/example_bash_operator.py for tasks to queue
[2024-05-08T15:04:07.560+0000] {logging_mixin.py:188} INFO - [2024-05-08T15:04:07.559+0000] {dagbag.py:545} INFO - Filling up the DagBag from /home/airflow/.local/lib/python3.12/site-packages/airflow/example_dags/example_bash_operator.py
[2024-05-08T15:04:07.612+0000] {processor.py:840} INFO - DAG(s) 'example_bash_operator' retrieved from /home/airflow/.local/lib/python3.12/site-packages/airflow/example_dags/example_bash_operator.py
[2024-05-08T15:04:07.768+0000] {logging_mixin.py:188} INFO - [2024-05-08T15:04:07.763+0000] {dag.py:3096} INFO - Sync 1 DAGs
[2024-05-08T15:04:07.857+0000] {logging_mixin.py:188} INFO - [2024-05-08T15:04:07.857+0000] {dag.py:3954} INFO - Setting next_dagrun for example_bash_operator to 2024-05-07 00:00:00+00:00, run_after=2024-05-08 00:00:00+00:00
[2024-05-08T15:04:08.013+0000] {processor.py:183} INFO - Processing /home/airflow/.local/lib/python3.12/site-packages/airflow/example_dags/example_bash_operator.py took 0.503 seconds
[2024-05-08T15:04:38.351+0000] {processor.py:161} INFO - Started process (PID=6727) to work on /home/airflow/.local/lib/python3.12/site-packages/airflow/example_dags/example_bash_operator.py
[2024-05-08T15:04:38.353+0000] {processor.py:830} INFO - Processing file /home/airflow/.local/lib/python3.12/site-packages/airflow/example_dags/example_bash_operator.py for tasks to queue
[2024-05-08T15:04:38.356+0000] {logging_mixin.py:188} INFO - [2024-05-08T15:04:38.355+0000] {dagbag.py:545} INFO - Filling up the DagBag from /home/airflow/.local/lib/python3.12/site-packages/airflow/example_dags/example_bash_operator.py
[2024-05-08T15:04:38.374+0000] {processor.py:840} INFO - DAG(s) 'example_bash_operator' retrieved from /home/airflow/.local/lib/python3.12/site-packages/airflow/example_dags/example_bash_operator.py
[2024-05-08T15:04:38.418+0000] {logging_mixin.py:188} INFO - [2024-05-08T15:04:38.417+0000] {dag.py:3096} INFO - Sync 1 DAGs
[2024-05-08T15:04:38.456+0000] {logging_mixin.py:188} INFO - [2024-05-08T15:04:38.456+0000] {dag.py:3954} INFO - Setting next_dagrun for example_bash_operator to 2024-05-07 00:00:00+00:00, run_after=2024-05-08 00:00:00+00:00
[2024-05-08T15:04:38.492+0000] {processor.py:183} INFO - Processing /home/airflow/.local/lib/python3.12/site-packages/airflow/example_dags/example_bash_operator.py took 0.152 seconds
[2024-05-08T15:05:11.186+0000] {processor.py:161} INFO - Started process (PID=6991) to work on /home/airflow/.local/lib/python3.12/site-packages/airflow/example_dags/example_bash_operator.py
[2024-05-08T15:05:11.199+0000] {processor.py:830} INFO - Processing file /home/airflow/.local/lib/python3.12/site-packages/airflow/example_dags/example_bash_operator.py for tasks to queue
[2024-05-08T15:05:11.218+0000] {logging_mixin.py:188} INFO - [2024-05-08T15:05:11.210+0000] {dagbag.py:545} INFO - Filling up the DagBag from /home/airflow/.local/lib/python3.12/site-packages/airflow/example_dags/example_bash_operator.py
[2024-05-08T15:05:11.278+0000] {processor.py:840} INFO - DAG(s) 'example_bash_operator' retrieved from /home/airflow/.local/lib/python3.12/site-packages/airflow/example_dags/example_bash_operator.py
[2024-05-08T15:05:11.599+0000] {logging_mixin.py:188} INFO - [2024-05-08T15:05:11.598+0000] {dag.py:3096} INFO - Sync 1 DAGs
[2024-05-08T15:05:11.716+0000] {logging_mixin.py:188} INFO - [2024-05-08T15:05:11.716+0000] {dag.py:3954} INFO - Setting next_dagrun for example_bash_operator to 2024-05-07 00:00:00+00:00, run_after=2024-05-08 00:00:00+00:00
[2024-05-08T15:05:11.836+0000] {processor.py:183} INFO - Processing /home/airflow/.local/lib/python3.12/site-packages/airflow/example_dags/example_bash_operator.py took 0.694 seconds
[2024-05-08T15:05:42.409+0000] {processor.py:161} INFO - Started process (PID=7253) to work on /home/airflow/.local/lib/python3.12/site-packages/airflow/example_dags/example_bash_operator.py
[2024-05-08T15:05:42.425+0000] {processor.py:830} INFO - Processing file /home/airflow/.local/lib/python3.12/site-packages/airflow/example_dags/example_bash_operator.py for tasks to queue
[2024-05-08T15:05:42.440+0000] {logging_mixin.py:188} INFO - [2024-05-08T15:05:42.439+0000] {dagbag.py:545} INFO - Filling up the DagBag from /home/airflow/.local/lib/python3.12/site-packages/airflow/example_dags/example_bash_operator.py
[2024-05-08T15:05:42.487+0000] {processor.py:840} INFO - DAG(s) 'example_bash_operator' retrieved from /home/airflow/.local/lib/python3.12/site-packages/airflow/example_dags/example_bash_operator.py
[2024-05-08T15:05:42.574+0000] {logging_mixin.py:188} INFO - [2024-05-08T15:05:42.573+0000] {dag.py:3096} INFO - Sync 1 DAGs
[2024-05-08T15:05:42.675+0000] {logging_mixin.py:188} INFO - [2024-05-08T15:05:42.675+0000] {dag.py:3954} INFO - Setting next_dagrun for example_bash_operator to 2024-05-07 00:00:00+00:00, run_after=2024-05-08 00:00:00+00:00
[2024-05-08T15:05:42.728+0000] {processor.py:183} INFO - Processing /home/airflow/.local/lib/python3.12/site-packages/airflow/example_dags/example_bash_operator.py took 0.338 seconds
[2024-05-08T15:06:12.790+0000] {processor.py:161} INFO - Started process (PID=7514) to work on /home/airflow/.local/lib/python3.12/site-packages/airflow/example_dags/example_bash_operator.py
[2024-05-08T15:06:12.791+0000] {processor.py:830} INFO - Processing file /home/airflow/.local/lib/python3.12/site-packages/airflow/example_dags/example_bash_operator.py for tasks to queue
[2024-05-08T15:06:12.794+0000] {logging_mixin.py:188} INFO - [2024-05-08T15:06:12.794+0000] {dagbag.py:545} INFO - Filling up the DagBag from /home/airflow/.local/lib/python3.12/site-packages/airflow/example_dags/example_bash_operator.py
[2024-05-08T15:06:12.809+0000] {processor.py:840} INFO - DAG(s) 'example_bash_operator' retrieved from /home/airflow/.local/lib/python3.12/site-packages/airflow/example_dags/example_bash_operator.py
[2024-05-08T15:06:12.848+0000] {logging_mixin.py:188} INFO - [2024-05-08T15:06:12.848+0000] {dag.py:3096} INFO - Sync 1 DAGs
[2024-05-08T15:06:12.879+0000] {logging_mixin.py:188} INFO - [2024-05-08T15:06:12.879+0000] {dag.py:3954} INFO - Setting next_dagrun for example_bash_operator to 2024-05-07 00:00:00+00:00, run_after=2024-05-08 00:00:00+00:00
[2024-05-08T15:06:12.907+0000] {processor.py:183} INFO - Processing /home/airflow/.local/lib/python3.12/site-packages/airflow/example_dags/example_bash_operator.py took 0.125 seconds
[2024-05-08T15:06:43.384+0000] {processor.py:161} INFO - Started process (PID=7776) to work on /home/airflow/.local/lib/python3.12/site-packages/airflow/example_dags/example_bash_operator.py
[2024-05-08T15:06:43.386+0000] {processor.py:830} INFO - Processing file /home/airflow/.local/lib/python3.12/site-packages/airflow/example_dags/example_bash_operator.py for tasks to queue
[2024-05-08T15:06:43.388+0000] {logging_mixin.py:188} INFO - [2024-05-08T15:06:43.388+0000] {dagbag.py:545} INFO - Filling up the DagBag from /home/airflow/.local/lib/python3.12/site-packages/airflow/example_dags/example_bash_operator.py
[2024-05-08T15:06:43.406+0000] {processor.py:840} INFO - DAG(s) 'example_bash_operator' retrieved from /home/airflow/.local/lib/python3.12/site-packages/airflow/example_dags/example_bash_operator.py
[2024-05-08T15:06:43.452+0000] {logging_mixin.py:188} INFO - [2024-05-08T15:06:43.451+0000] {dag.py:3096} INFO - Sync 1 DAGs
[2024-05-08T15:06:43.492+0000] {logging_mixin.py:188} INFO - [2024-05-08T15:06:43.491+0000] {dag.py:3954} INFO - Setting next_dagrun for example_bash_operator to 2024-05-07 00:00:00+00:00, run_after=2024-05-08 00:00:00+00:00
[2024-05-08T15:06:43.526+0000] {processor.py:183} INFO - Processing /home/airflow/.local/lib/python3.12/site-packages/airflow/example_dags/example_bash_operator.py took 0.152 seconds
[2024-05-08T15:07:14.050+0000] {processor.py:161} INFO - Started process (PID=8037) to work on /home/airflow/.local/lib/python3.12/site-packages/airflow/example_dags/example_bash_operator.py
[2024-05-08T15:07:14.051+0000] {processor.py:830} INFO - Processing file /home/airflow/.local/lib/python3.12/site-packages/airflow/example_dags/example_bash_operator.py for tasks to queue
[2024-05-08T15:07:14.055+0000] {logging_mixin.py:188} INFO - [2024-05-08T15:07:14.054+0000] {dagbag.py:545} INFO - Filling up the DagBag from /home/airflow/.local/lib/python3.12/site-packages/airflow/example_dags/example_bash_operator.py
[2024-05-08T15:07:14.075+0000] {processor.py:840} INFO - DAG(s) 'example_bash_operator' retrieved from /home/airflow/.local/lib/python3.12/site-packages/airflow/example_dags/example_bash_operator.py
[2024-05-08T15:07:14.133+0000] {logging_mixin.py:188} INFO - [2024-05-08T15:07:14.133+0000] {dag.py:3096} INFO - Sync 1 DAGs
[2024-05-08T15:07:14.184+0000] {logging_mixin.py:188} INFO - [2024-05-08T15:07:14.183+0000] {dag.py:3954} INFO - Setting next_dagrun for example_bash_operator to 2024-05-07 00:00:00+00:00, run_after=2024-05-08 00:00:00+00:00
[2024-05-08T15:07:14.224+0000] {processor.py:183} INFO - Processing /home/airflow/.local/lib/python3.12/site-packages/airflow/example_dags/example_bash_operator.py took 0.184 seconds
[2024-05-08T15:07:44.350+0000] {processor.py:161} INFO - Started process (PID=8299) to work on /home/airflow/.local/lib/python3.12/site-packages/airflow/example_dags/example_bash_operator.py
[2024-05-08T15:07:44.352+0000] {processor.py:830} INFO - Processing file /home/airflow/.local/lib/python3.12/site-packages/airflow/example_dags/example_bash_operator.py for tasks to queue
[2024-05-08T15:07:44.355+0000] {logging_mixin.py:188} INFO - [2024-05-08T15:07:44.354+0000] {dagbag.py:545} INFO - Filling up the DagBag from /home/airflow/.local/lib/python3.12/site-packages/airflow/example_dags/example_bash_operator.py
[2024-05-08T15:07:44.374+0000] {processor.py:840} INFO - DAG(s) 'example_bash_operator' retrieved from /home/airflow/.local/lib/python3.12/site-packages/airflow/example_dags/example_bash_operator.py
[2024-05-08T15:07:44.426+0000] {logging_mixin.py:188} INFO - [2024-05-08T15:07:44.425+0000] {dag.py:3096} INFO - Sync 1 DAGs
[2024-05-08T15:07:44.466+0000] {logging_mixin.py:188} INFO - [2024-05-08T15:07:44.466+0000] {dag.py:3954} INFO - Setting next_dagrun for example_bash_operator to 2024-05-07 00:00:00+00:00, run_after=2024-05-08 00:00:00+00:00
[2024-05-08T15:07:44.505+0000] {processor.py:183} INFO - Processing /home/airflow/.local/lib/python3.12/site-packages/airflow/example_dags/example_bash_operator.py took 0.168 seconds
[2024-05-08T15:08:14.591+0000] {processor.py:161} INFO - Started process (PID=8561) to work on /home/airflow/.local/lib/python3.12/site-packages/airflow/example_dags/example_bash_operator.py
[2024-05-08T15:08:14.593+0000] {processor.py:830} INFO - Processing file /home/airflow/.local/lib/python3.12/site-packages/airflow/example_dags/example_bash_operator.py for tasks to queue
[2024-05-08T15:08:14.596+0000] {logging_mixin.py:188} INFO - [2024-05-08T15:08:14.595+0000] {dagbag.py:545} INFO - Filling up the DagBag from /home/airflow/.local/lib/python3.12/site-packages/airflow/example_dags/example_bash_operator.py
[2024-05-08T15:08:14.613+0000] {processor.py:840} INFO - DAG(s) 'example_bash_operator' retrieved from /home/airflow/.local/lib/python3.12/site-packages/airflow/example_dags/example_bash_operator.py
[2024-05-08T15:08:14.658+0000] {logging_mixin.py:188} INFO - [2024-05-08T15:08:14.658+0000] {dag.py:3096} INFO - Sync 1 DAGs
[2024-05-08T15:08:14.723+0000] {logging_mixin.py:188} INFO - [2024-05-08T15:08:14.723+0000] {dag.py:3954} INFO - Setting next_dagrun for example_bash_operator to 2024-05-07 00:00:00+00:00, run_after=2024-05-08 00:00:00+00:00
[2024-05-08T15:08:14.757+0000] {processor.py:183} INFO - Processing /home/airflow/.local/lib/python3.12/site-packages/airflow/example_dags/example_bash_operator.py took 0.175 seconds
[2024-05-08T15:08:45.036+0000] {processor.py:161} INFO - Started process (PID=8823) to work on /home/airflow/.local/lib/python3.12/site-packages/airflow/example_dags/example_bash_operator.py
[2024-05-08T15:08:45.038+0000] {processor.py:830} INFO - Processing file /home/airflow/.local/lib/python3.12/site-packages/airflow/example_dags/example_bash_operator.py for tasks to queue
[2024-05-08T15:08:45.041+0000] {logging_mixin.py:188} INFO - [2024-05-08T15:08:45.040+0000] {dagbag.py:545} INFO - Filling up the DagBag from /home/airflow/.local/lib/python3.12/site-packages/airflow/example_dags/example_bash_operator.py
[2024-05-08T15:08:45.069+0000] {processor.py:840} INFO - DAG(s) 'example_bash_operator' retrieved from /home/airflow/.local/lib/python3.12/site-packages/airflow/example_dags/example_bash_operator.py
[2024-05-08T15:08:45.156+0000] {logging_mixin.py:188} INFO - [2024-05-08T15:08:45.156+0000] {dag.py:3096} INFO - Sync 1 DAGs
[2024-05-08T15:08:45.230+0000] {logging_mixin.py:188} INFO - [2024-05-08T15:08:45.230+0000] {dag.py:3954} INFO - Setting next_dagrun for example_bash_operator to 2024-05-07 00:00:00+00:00, run_after=2024-05-08 00:00:00+00:00
[2024-05-08T15:08:45.265+0000] {processor.py:183} INFO - Processing /home/airflow/.local/lib/python3.12/site-packages/airflow/example_dags/example_bash_operator.py took 0.242 seconds
