[2024-05-08T14:51:53.217+0000] {processor.py:161} INFO - Started process (PID=307) to work on /home/airflow/.local/lib/python3.12/site-packages/airflow/example_dags/example_task_group.py
[2024-05-08T14:51:53.219+0000] {processor.py:830} INFO - Processing file /home/airflow/.local/lib/python3.12/site-packages/airflow/example_dags/example_task_group.py for tasks to queue
[2024-05-08T14:51:53.223+0000] {logging_mixin.py:188} INFO - [2024-05-08T14:51:53.222+0000] {dagbag.py:545} INFO - Filling up the DagBag from /home/airflow/.local/lib/python3.12/site-packages/airflow/example_dags/example_task_group.py
[2024-05-08T14:51:53.239+0000] {processor.py:840} INFO - DAG(s) 'example_task_group' retrieved from /home/airflow/.local/lib/python3.12/site-packages/airflow/example_dags/example_task_group.py
[2024-05-08T14:51:53.462+0000] {logging_mixin.py:188} INFO - [2024-05-08T14:51:53.462+0000] {dag.py:3096} INFO - Sync 1 DAGs
[2024-05-08T14:51:53.510+0000] {logging_mixin.py:188} INFO - [2024-05-08T14:51:53.510+0000] {dag.py:3954} INFO - Setting next_dagrun for example_task_group to 2024-05-07 00:00:00+00:00, run_after=2024-05-08 00:00:00+00:00
[2024-05-08T14:51:53.569+0000] {processor.py:183} INFO - Processing /home/airflow/.local/lib/python3.12/site-packages/airflow/example_dags/example_task_group.py took 0.364 seconds
[2024-05-08T14:52:24.108+0000] {processor.py:161} INFO - Started process (PID=566) to work on /home/airflow/.local/lib/python3.12/site-packages/airflow/example_dags/example_task_group.py
[2024-05-08T14:52:24.109+0000] {processor.py:830} INFO - Processing file /home/airflow/.local/lib/python3.12/site-packages/airflow/example_dags/example_task_group.py for tasks to queue
[2024-05-08T14:52:24.112+0000] {logging_mixin.py:188} INFO - [2024-05-08T14:52:24.111+0000] {dagbag.py:545} INFO - Filling up the DagBag from /home/airflow/.local/lib/python3.12/site-packages/airflow/example_dags/example_task_group.py
[2024-05-08T14:52:24.123+0000] {processor.py:840} INFO - DAG(s) 'example_task_group' retrieved from /home/airflow/.local/lib/python3.12/site-packages/airflow/example_dags/example_task_group.py
[2024-05-08T14:52:24.160+0000] {logging_mixin.py:188} INFO - [2024-05-08T14:52:24.160+0000] {dag.py:3096} INFO - Sync 1 DAGs
[2024-05-08T14:52:24.201+0000] {logging_mixin.py:188} INFO - [2024-05-08T14:52:24.201+0000] {dag.py:3954} INFO - Setting next_dagrun for example_task_group to 2024-05-07 00:00:00+00:00, run_after=2024-05-08 00:00:00+00:00
[2024-05-08T14:52:24.233+0000] {processor.py:183} INFO - Processing /home/airflow/.local/lib/python3.12/site-packages/airflow/example_dags/example_task_group.py took 0.134 seconds
[2024-05-08T14:53:00.161+0000] {processor.py:161} INFO - Started process (PID=831) to work on /home/airflow/.local/lib/python3.12/site-packages/airflow/example_dags/example_task_group.py
[2024-05-08T14:53:00.163+0000] {processor.py:830} INFO - Processing file /home/airflow/.local/lib/python3.12/site-packages/airflow/example_dags/example_task_group.py for tasks to queue
[2024-05-08T14:53:00.168+0000] {logging_mixin.py:188} INFO - [2024-05-08T14:53:00.167+0000] {dagbag.py:545} INFO - Filling up the DagBag from /home/airflow/.local/lib/python3.12/site-packages/airflow/example_dags/example_task_group.py
[2024-05-08T14:53:00.185+0000] {processor.py:840} INFO - DAG(s) 'example_task_group' retrieved from /home/airflow/.local/lib/python3.12/site-packages/airflow/example_dags/example_task_group.py
[2024-05-08T14:53:00.234+0000] {logging_mixin.py:188} INFO - [2024-05-08T14:53:00.234+0000] {dag.py:3096} INFO - Sync 1 DAGs
[2024-05-08T14:53:00.278+0000] {logging_mixin.py:188} INFO - [2024-05-08T14:53:00.278+0000] {dag.py:3954} INFO - Setting next_dagrun for example_task_group to 2024-05-07 00:00:00+00:00, run_after=2024-05-08 00:00:00+00:00
[2024-05-08T14:53:00.321+0000] {processor.py:183} INFO - Processing /home/airflow/.local/lib/python3.12/site-packages/airflow/example_dags/example_task_group.py took 0.171 seconds
[2024-05-08T14:53:30.874+0000] {processor.py:161} INFO - Started process (PID=1093) to work on /home/airflow/.local/lib/python3.12/site-packages/airflow/example_dags/example_task_group.py
[2024-05-08T14:53:30.876+0000] {processor.py:830} INFO - Processing file /home/airflow/.local/lib/python3.12/site-packages/airflow/example_dags/example_task_group.py for tasks to queue
[2024-05-08T14:53:30.878+0000] {logging_mixin.py:188} INFO - [2024-05-08T14:53:30.878+0000] {dagbag.py:545} INFO - Filling up the DagBag from /home/airflow/.local/lib/python3.12/site-packages/airflow/example_dags/example_task_group.py
[2024-05-08T14:53:30.900+0000] {processor.py:840} INFO - DAG(s) 'example_task_group' retrieved from /home/airflow/.local/lib/python3.12/site-packages/airflow/example_dags/example_task_group.py
[2024-05-08T14:53:30.949+0000] {logging_mixin.py:188} INFO - [2024-05-08T14:53:30.949+0000] {dag.py:3096} INFO - Sync 1 DAGs
[2024-05-08T14:53:31.011+0000] {logging_mixin.py:188} INFO - [2024-05-08T14:53:31.010+0000] {dag.py:3954} INFO - Setting next_dagrun for example_task_group to 2024-05-07 00:00:00+00:00, run_after=2024-05-08 00:00:00+00:00
[2024-05-08T14:53:31.070+0000] {processor.py:183} INFO - Processing /home/airflow/.local/lib/python3.12/site-packages/airflow/example_dags/example_task_group.py took 0.205 seconds
[2024-05-08T14:54:06.490+0000] {processor.py:161} INFO - Started process (PID=1358) to work on /home/airflow/.local/lib/python3.12/site-packages/airflow/example_dags/example_task_group.py
[2024-05-08T14:54:06.496+0000] {processor.py:830} INFO - Processing file /home/airflow/.local/lib/python3.12/site-packages/airflow/example_dags/example_task_group.py for tasks to queue
[2024-05-08T14:54:06.505+0000] {logging_mixin.py:188} INFO - [2024-05-08T14:54:06.503+0000] {dagbag.py:545} INFO - Filling up the DagBag from /home/airflow/.local/lib/python3.12/site-packages/airflow/example_dags/example_task_group.py
[2024-05-08T14:54:06.599+0000] {processor.py:840} INFO - DAG(s) 'example_task_group' retrieved from /home/airflow/.local/lib/python3.12/site-packages/airflow/example_dags/example_task_group.py
[2024-05-08T14:54:06.677+0000] {logging_mixin.py:188} INFO - [2024-05-08T14:54:06.674+0000] {dag.py:3096} INFO - Sync 1 DAGs
[2024-05-08T14:54:06.779+0000] {logging_mixin.py:188} INFO - [2024-05-08T14:54:06.779+0000] {dag.py:3954} INFO - Setting next_dagrun for example_task_group to 2024-05-07 00:00:00+00:00, run_after=2024-05-08 00:00:00+00:00
[2024-05-08T14:54:06.848+0000] {processor.py:183} INFO - Processing /home/airflow/.local/lib/python3.12/site-packages/airflow/example_dags/example_task_group.py took 0.383 seconds
[2024-05-08T14:54:37.541+0000] {processor.py:161} INFO - Started process (PID=1624) to work on /home/airflow/.local/lib/python3.12/site-packages/airflow/example_dags/example_task_group.py
[2024-05-08T14:54:37.552+0000] {processor.py:830} INFO - Processing file /home/airflow/.local/lib/python3.12/site-packages/airflow/example_dags/example_task_group.py for tasks to queue
[2024-05-08T14:54:37.564+0000] {logging_mixin.py:188} INFO - [2024-05-08T14:54:37.561+0000] {dagbag.py:545} INFO - Filling up the DagBag from /home/airflow/.local/lib/python3.12/site-packages/airflow/example_dags/example_task_group.py
[2024-05-08T14:54:37.585+0000] {processor.py:840} INFO - DAG(s) 'example_task_group' retrieved from /home/airflow/.local/lib/python3.12/site-packages/airflow/example_dags/example_task_group.py
[2024-05-08T14:54:37.623+0000] {logging_mixin.py:188} INFO - [2024-05-08T14:54:37.622+0000] {dag.py:3096} INFO - Sync 1 DAGs
[2024-05-08T14:54:37.659+0000] {logging_mixin.py:188} INFO - [2024-05-08T14:54:37.659+0000] {dag.py:3954} INFO - Setting next_dagrun for example_task_group to 2024-05-07 00:00:00+00:00, run_after=2024-05-08 00:00:00+00:00
[2024-05-08T14:54:37.694+0000] {processor.py:183} INFO - Processing /home/airflow/.local/lib/python3.12/site-packages/airflow/example_dags/example_task_group.py took 0.165 seconds
[2024-05-08T14:55:08.174+0000] {processor.py:161} INFO - Started process (PID=1886) to work on /home/airflow/.local/lib/python3.12/site-packages/airflow/example_dags/example_task_group.py
[2024-05-08T14:55:08.177+0000] {processor.py:830} INFO - Processing file /home/airflow/.local/lib/python3.12/site-packages/airflow/example_dags/example_task_group.py for tasks to queue
[2024-05-08T14:55:08.193+0000] {logging_mixin.py:188} INFO - [2024-05-08T14:55:08.192+0000] {dagbag.py:545} INFO - Filling up the DagBag from /home/airflow/.local/lib/python3.12/site-packages/airflow/example_dags/example_task_group.py
[2024-05-08T14:55:08.273+0000] {processor.py:840} INFO - DAG(s) 'example_task_group' retrieved from /home/airflow/.local/lib/python3.12/site-packages/airflow/example_dags/example_task_group.py
[2024-05-08T14:55:08.332+0000] {logging_mixin.py:188} INFO - [2024-05-08T14:55:08.332+0000] {dag.py:3096} INFO - Sync 1 DAGs
[2024-05-08T14:55:08.376+0000] {logging_mixin.py:188} INFO - [2024-05-08T14:55:08.376+0000] {dag.py:3954} INFO - Setting next_dagrun for example_task_group to 2024-05-07 00:00:00+00:00, run_after=2024-05-08 00:00:00+00:00
[2024-05-08T14:55:08.412+0000] {processor.py:183} INFO - Processing /home/airflow/.local/lib/python3.12/site-packages/airflow/example_dags/example_task_group.py took 0.264 seconds
[2024-05-08T14:55:38.661+0000] {processor.py:161} INFO - Started process (PID=2148) to work on /home/airflow/.local/lib/python3.12/site-packages/airflow/example_dags/example_task_group.py
[2024-05-08T14:55:38.662+0000] {processor.py:830} INFO - Processing file /home/airflow/.local/lib/python3.12/site-packages/airflow/example_dags/example_task_group.py for tasks to queue
[2024-05-08T14:55:38.666+0000] {logging_mixin.py:188} INFO - [2024-05-08T14:55:38.666+0000] {dagbag.py:545} INFO - Filling up the DagBag from /home/airflow/.local/lib/python3.12/site-packages/airflow/example_dags/example_task_group.py
[2024-05-08T14:55:38.684+0000] {processor.py:840} INFO - DAG(s) 'example_task_group' retrieved from /home/airflow/.local/lib/python3.12/site-packages/airflow/example_dags/example_task_group.py
[2024-05-08T14:55:38.752+0000] {logging_mixin.py:188} INFO - [2024-05-08T14:55:38.750+0000] {dag.py:3096} INFO - Sync 1 DAGs
[2024-05-08T14:55:38.824+0000] {logging_mixin.py:188} INFO - [2024-05-08T14:55:38.824+0000] {dag.py:3954} INFO - Setting next_dagrun for example_task_group to 2024-05-07 00:00:00+00:00, run_after=2024-05-08 00:00:00+00:00
[2024-05-08T14:55:38.903+0000] {processor.py:183} INFO - Processing /home/airflow/.local/lib/python3.12/site-packages/airflow/example_dags/example_task_group.py took 0.255 seconds
[2024-05-08T14:56:08.984+0000] {processor.py:161} INFO - Started process (PID=2409) to work on /home/airflow/.local/lib/python3.12/site-packages/airflow/example_dags/example_task_group.py
[2024-05-08T14:56:08.985+0000] {processor.py:830} INFO - Processing file /home/airflow/.local/lib/python3.12/site-packages/airflow/example_dags/example_task_group.py for tasks to queue
[2024-05-08T14:56:08.989+0000] {logging_mixin.py:188} INFO - [2024-05-08T14:56:08.988+0000] {dagbag.py:545} INFO - Filling up the DagBag from /home/airflow/.local/lib/python3.12/site-packages/airflow/example_dags/example_task_group.py
[2024-05-08T14:56:09.007+0000] {processor.py:840} INFO - DAG(s) 'example_task_group' retrieved from /home/airflow/.local/lib/python3.12/site-packages/airflow/example_dags/example_task_group.py
[2024-05-08T14:56:09.053+0000] {logging_mixin.py:188} INFO - [2024-05-08T14:56:09.053+0000] {dag.py:3096} INFO - Sync 1 DAGs
[2024-05-08T14:56:09.098+0000] {logging_mixin.py:188} INFO - [2024-05-08T14:56:09.097+0000] {dag.py:3954} INFO - Setting next_dagrun for example_task_group to 2024-05-07 00:00:00+00:00, run_after=2024-05-08 00:00:00+00:00
[2024-05-08T14:56:09.143+0000] {processor.py:183} INFO - Processing /home/airflow/.local/lib/python3.12/site-packages/airflow/example_dags/example_task_group.py took 0.172 seconds
[2024-05-08T14:56:39.249+0000] {processor.py:161} INFO - Started process (PID=2669) to work on /home/airflow/.local/lib/python3.12/site-packages/airflow/example_dags/example_task_group.py
[2024-05-08T14:56:39.251+0000] {processor.py:830} INFO - Processing file /home/airflow/.local/lib/python3.12/site-packages/airflow/example_dags/example_task_group.py for tasks to queue
[2024-05-08T14:56:39.254+0000] {logging_mixin.py:188} INFO - [2024-05-08T14:56:39.254+0000] {dagbag.py:545} INFO - Filling up the DagBag from /home/airflow/.local/lib/python3.12/site-packages/airflow/example_dags/example_task_group.py
[2024-05-08T14:56:39.307+0000] {processor.py:840} INFO - DAG(s) 'example_task_group' retrieved from /home/airflow/.local/lib/python3.12/site-packages/airflow/example_dags/example_task_group.py
[2024-05-08T14:56:39.366+0000] {logging_mixin.py:188} INFO - [2024-05-08T14:56:39.365+0000] {dag.py:3096} INFO - Sync 1 DAGs
[2024-05-08T14:56:39.430+0000] {logging_mixin.py:188} INFO - [2024-05-08T14:56:39.430+0000] {dag.py:3954} INFO - Setting next_dagrun for example_task_group to 2024-05-07 00:00:00+00:00, run_after=2024-05-08 00:00:00+00:00
[2024-05-08T14:56:39.482+0000] {processor.py:183} INFO - Processing /home/airflow/.local/lib/python3.12/site-packages/airflow/example_dags/example_task_group.py took 0.240 seconds
[2024-05-08T14:57:09.633+0000] {processor.py:161} INFO - Started process (PID=2926) to work on /home/airflow/.local/lib/python3.12/site-packages/airflow/example_dags/example_task_group.py
[2024-05-08T14:57:09.635+0000] {processor.py:830} INFO - Processing file /home/airflow/.local/lib/python3.12/site-packages/airflow/example_dags/example_task_group.py for tasks to queue
[2024-05-08T14:57:09.640+0000] {logging_mixin.py:188} INFO - [2024-05-08T14:57:09.639+0000] {dagbag.py:545} INFO - Filling up the DagBag from /home/airflow/.local/lib/python3.12/site-packages/airflow/example_dags/example_task_group.py
[2024-05-08T14:57:09.655+0000] {processor.py:840} INFO - DAG(s) 'example_task_group' retrieved from /home/airflow/.local/lib/python3.12/site-packages/airflow/example_dags/example_task_group.py
[2024-05-08T14:57:09.695+0000] {logging_mixin.py:188} INFO - [2024-05-08T14:57:09.695+0000] {dag.py:3096} INFO - Sync 1 DAGs
[2024-05-08T14:57:09.741+0000] {logging_mixin.py:188} INFO - [2024-05-08T14:57:09.741+0000] {dag.py:3954} INFO - Setting next_dagrun for example_task_group to 2024-05-07 00:00:00+00:00, run_after=2024-05-08 00:00:00+00:00
[2024-05-08T14:57:09.774+0000] {processor.py:183} INFO - Processing /home/airflow/.local/lib/python3.12/site-packages/airflow/example_dags/example_task_group.py took 0.154 seconds
[2024-05-08T14:57:40.185+0000] {processor.py:161} INFO - Started process (PID=3194) to work on /home/airflow/.local/lib/python3.12/site-packages/airflow/example_dags/example_task_group.py
[2024-05-08T14:57:40.186+0000] {processor.py:830} INFO - Processing file /home/airflow/.local/lib/python3.12/site-packages/airflow/example_dags/example_task_group.py for tasks to queue
[2024-05-08T14:57:40.189+0000] {logging_mixin.py:188} INFO - [2024-05-08T14:57:40.189+0000] {dagbag.py:545} INFO - Filling up the DagBag from /home/airflow/.local/lib/python3.12/site-packages/airflow/example_dags/example_task_group.py
[2024-05-08T14:57:40.200+0000] {processor.py:840} INFO - DAG(s) 'example_task_group' retrieved from /home/airflow/.local/lib/python3.12/site-packages/airflow/example_dags/example_task_group.py
[2024-05-08T14:57:40.237+0000] {logging_mixin.py:188} INFO - [2024-05-08T14:57:40.237+0000] {dag.py:3096} INFO - Sync 1 DAGs
[2024-05-08T14:57:40.272+0000] {logging_mixin.py:188} INFO - [2024-05-08T14:57:40.271+0000] {dag.py:3954} INFO - Setting next_dagrun for example_task_group to 2024-05-07 00:00:00+00:00, run_after=2024-05-08 00:00:00+00:00
[2024-05-08T14:57:40.305+0000] {processor.py:183} INFO - Processing /home/airflow/.local/lib/python3.12/site-packages/airflow/example_dags/example_task_group.py took 0.129 seconds
[2024-05-08T14:58:10.788+0000] {processor.py:161} INFO - Started process (PID=3462) to work on /home/airflow/.local/lib/python3.12/site-packages/airflow/example_dags/example_task_group.py
[2024-05-08T14:58:10.790+0000] {processor.py:830} INFO - Processing file /home/airflow/.local/lib/python3.12/site-packages/airflow/example_dags/example_task_group.py for tasks to queue
[2024-05-08T14:58:10.796+0000] {logging_mixin.py:188} INFO - [2024-05-08T14:58:10.796+0000] {dagbag.py:545} INFO - Filling up the DagBag from /home/airflow/.local/lib/python3.12/site-packages/airflow/example_dags/example_task_group.py
[2024-05-08T14:58:10.816+0000] {processor.py:840} INFO - DAG(s) 'example_task_group' retrieved from /home/airflow/.local/lib/python3.12/site-packages/airflow/example_dags/example_task_group.py
[2024-05-08T14:58:10.860+0000] {logging_mixin.py:188} INFO - [2024-05-08T14:58:10.860+0000] {dag.py:3096} INFO - Sync 1 DAGs
[2024-05-08T14:58:10.911+0000] {logging_mixin.py:188} INFO - [2024-05-08T14:58:10.911+0000] {dag.py:3954} INFO - Setting next_dagrun for example_task_group to 2024-05-07 00:00:00+00:00, run_after=2024-05-08 00:00:00+00:00
[2024-05-08T14:58:10.950+0000] {processor.py:183} INFO - Processing /home/airflow/.local/lib/python3.12/site-packages/airflow/example_dags/example_task_group.py took 0.174 seconds
[2024-05-08T14:58:41.580+0000] {processor.py:161} INFO - Started process (PID=3724) to work on /home/airflow/.local/lib/python3.12/site-packages/airflow/example_dags/example_task_group.py
[2024-05-08T14:58:41.582+0000] {processor.py:830} INFO - Processing file /home/airflow/.local/lib/python3.12/site-packages/airflow/example_dags/example_task_group.py for tasks to queue
[2024-05-08T14:58:41.585+0000] {logging_mixin.py:188} INFO - [2024-05-08T14:58:41.584+0000] {dagbag.py:545} INFO - Filling up the DagBag from /home/airflow/.local/lib/python3.12/site-packages/airflow/example_dags/example_task_group.py
[2024-05-08T14:58:41.596+0000] {processor.py:840} INFO - DAG(s) 'example_task_group' retrieved from /home/airflow/.local/lib/python3.12/site-packages/airflow/example_dags/example_task_group.py
[2024-05-08T14:58:41.632+0000] {logging_mixin.py:188} INFO - [2024-05-08T14:58:41.632+0000] {dag.py:3096} INFO - Sync 1 DAGs
[2024-05-08T14:58:41.672+0000] {logging_mixin.py:188} INFO - [2024-05-08T14:58:41.672+0000] {dag.py:3954} INFO - Setting next_dagrun for example_task_group to 2024-05-07 00:00:00+00:00, run_after=2024-05-08 00:00:00+00:00
[2024-05-08T14:58:41.705+0000] {processor.py:183} INFO - Processing /home/airflow/.local/lib/python3.12/site-packages/airflow/example_dags/example_task_group.py took 0.134 seconds
[2024-05-08T14:59:11.989+0000] {processor.py:161} INFO - Started process (PID=3986) to work on /home/airflow/.local/lib/python3.12/site-packages/airflow/example_dags/example_task_group.py
[2024-05-08T14:59:11.990+0000] {processor.py:830} INFO - Processing file /home/airflow/.local/lib/python3.12/site-packages/airflow/example_dags/example_task_group.py for tasks to queue
[2024-05-08T14:59:11.993+0000] {logging_mixin.py:188} INFO - [2024-05-08T14:59:11.993+0000] {dagbag.py:545} INFO - Filling up the DagBag from /home/airflow/.local/lib/python3.12/site-packages/airflow/example_dags/example_task_group.py
[2024-05-08T14:59:12.004+0000] {processor.py:840} INFO - DAG(s) 'example_task_group' retrieved from /home/airflow/.local/lib/python3.12/site-packages/airflow/example_dags/example_task_group.py
[2024-05-08T14:59:12.039+0000] {logging_mixin.py:188} INFO - [2024-05-08T14:59:12.039+0000] {dag.py:3096} INFO - Sync 1 DAGs
[2024-05-08T14:59:12.074+0000] {logging_mixin.py:188} INFO - [2024-05-08T14:59:12.074+0000] {dag.py:3954} INFO - Setting next_dagrun for example_task_group to 2024-05-07 00:00:00+00:00, run_after=2024-05-08 00:00:00+00:00
[2024-05-08T14:59:12.106+0000] {processor.py:183} INFO - Processing /home/airflow/.local/lib/python3.12/site-packages/airflow/example_dags/example_task_group.py took 0.127 seconds
[2024-05-08T14:59:42.378+0000] {processor.py:161} INFO - Started process (PID=4249) to work on /home/airflow/.local/lib/python3.12/site-packages/airflow/example_dags/example_task_group.py
[2024-05-08T14:59:42.379+0000] {processor.py:830} INFO - Processing file /home/airflow/.local/lib/python3.12/site-packages/airflow/example_dags/example_task_group.py for tasks to queue
[2024-05-08T14:59:42.382+0000] {logging_mixin.py:188} INFO - [2024-05-08T14:59:42.381+0000] {dagbag.py:545} INFO - Filling up the DagBag from /home/airflow/.local/lib/python3.12/site-packages/airflow/example_dags/example_task_group.py
[2024-05-08T14:59:42.391+0000] {processor.py:840} INFO - DAG(s) 'example_task_group' retrieved from /home/airflow/.local/lib/python3.12/site-packages/airflow/example_dags/example_task_group.py
[2024-05-08T14:59:42.425+0000] {logging_mixin.py:188} INFO - [2024-05-08T14:59:42.424+0000] {dag.py:3096} INFO - Sync 1 DAGs
[2024-05-08T14:59:42.457+0000] {logging_mixin.py:188} INFO - [2024-05-08T14:59:42.456+0000] {dag.py:3954} INFO - Setting next_dagrun for example_task_group to 2024-05-07 00:00:00+00:00, run_after=2024-05-08 00:00:00+00:00
[2024-05-08T14:59:42.485+0000] {processor.py:183} INFO - Processing /home/airflow/.local/lib/python3.12/site-packages/airflow/example_dags/example_task_group.py took 0.116 seconds
[2024-05-08T15:00:12.665+0000] {processor.py:161} INFO - Started process (PID=4509) to work on /home/airflow/.local/lib/python3.12/site-packages/airflow/example_dags/example_task_group.py
[2024-05-08T15:00:12.666+0000] {processor.py:830} INFO - Processing file /home/airflow/.local/lib/python3.12/site-packages/airflow/example_dags/example_task_group.py for tasks to queue
[2024-05-08T15:00:12.669+0000] {logging_mixin.py:188} INFO - [2024-05-08T15:00:12.668+0000] {dagbag.py:545} INFO - Filling up the DagBag from /home/airflow/.local/lib/python3.12/site-packages/airflow/example_dags/example_task_group.py
[2024-05-08T15:00:12.681+0000] {processor.py:840} INFO - DAG(s) 'example_task_group' retrieved from /home/airflow/.local/lib/python3.12/site-packages/airflow/example_dags/example_task_group.py
[2024-05-08T15:00:12.735+0000] {logging_mixin.py:188} INFO - [2024-05-08T15:00:12.734+0000] {dag.py:3096} INFO - Sync 1 DAGs
[2024-05-08T15:00:12.794+0000] {logging_mixin.py:188} INFO - [2024-05-08T15:00:12.794+0000] {dag.py:3954} INFO - Setting next_dagrun for example_task_group to 2024-05-07 00:00:00+00:00, run_after=2024-05-08 00:00:00+00:00
[2024-05-08T15:00:12.836+0000] {processor.py:183} INFO - Processing /home/airflow/.local/lib/python3.12/site-packages/airflow/example_dags/example_task_group.py took 0.183 seconds
[2024-05-08T15:00:43.206+0000] {processor.py:161} INFO - Started process (PID=4772) to work on /home/airflow/.local/lib/python3.12/site-packages/airflow/example_dags/example_task_group.py
[2024-05-08T15:00:43.207+0000] {processor.py:830} INFO - Processing file /home/airflow/.local/lib/python3.12/site-packages/airflow/example_dags/example_task_group.py for tasks to queue
[2024-05-08T15:00:43.211+0000] {logging_mixin.py:188} INFO - [2024-05-08T15:00:43.210+0000] {dagbag.py:545} INFO - Filling up the DagBag from /home/airflow/.local/lib/python3.12/site-packages/airflow/example_dags/example_task_group.py
[2024-05-08T15:00:43.223+0000] {processor.py:840} INFO - DAG(s) 'example_task_group' retrieved from /home/airflow/.local/lib/python3.12/site-packages/airflow/example_dags/example_task_group.py
[2024-05-08T15:00:43.266+0000] {logging_mixin.py:188} INFO - [2024-05-08T15:00:43.265+0000] {dag.py:3096} INFO - Sync 1 DAGs
[2024-05-08T15:00:43.324+0000] {logging_mixin.py:188} INFO - [2024-05-08T15:00:43.323+0000] {dag.py:3954} INFO - Setting next_dagrun for example_task_group to 2024-05-07 00:00:00+00:00, run_after=2024-05-08 00:00:00+00:00
[2024-05-08T15:00:43.352+0000] {processor.py:183} INFO - Processing /home/airflow/.local/lib/python3.12/site-packages/airflow/example_dags/example_task_group.py took 0.157 seconds
[2024-05-08T15:01:13.800+0000] {processor.py:161} INFO - Started process (PID=5033) to work on /home/airflow/.local/lib/python3.12/site-packages/airflow/example_dags/example_task_group.py
[2024-05-08T15:01:13.801+0000] {processor.py:830} INFO - Processing file /home/airflow/.local/lib/python3.12/site-packages/airflow/example_dags/example_task_group.py for tasks to queue
[2024-05-08T15:01:13.804+0000] {logging_mixin.py:188} INFO - [2024-05-08T15:01:13.804+0000] {dagbag.py:545} INFO - Filling up the DagBag from /home/airflow/.local/lib/python3.12/site-packages/airflow/example_dags/example_task_group.py
[2024-05-08T15:01:13.814+0000] {processor.py:840} INFO - DAG(s) 'example_task_group' retrieved from /home/airflow/.local/lib/python3.12/site-packages/airflow/example_dags/example_task_group.py
[2024-05-08T15:01:13.847+0000] {logging_mixin.py:188} INFO - [2024-05-08T15:01:13.847+0000] {dag.py:3096} INFO - Sync 1 DAGs
[2024-05-08T15:01:13.882+0000] {logging_mixin.py:188} INFO - [2024-05-08T15:01:13.882+0000] {dag.py:3954} INFO - Setting next_dagrun for example_task_group to 2024-05-07 00:00:00+00:00, run_after=2024-05-08 00:00:00+00:00
[2024-05-08T15:01:13.915+0000] {processor.py:183} INFO - Processing /home/airflow/.local/lib/python3.12/site-packages/airflow/example_dags/example_task_group.py took 0.130 seconds
[2024-05-08T15:01:45.611+0000] {processor.py:161} INFO - Started process (PID=5293) to work on /home/airflow/.local/lib/python3.12/site-packages/airflow/example_dags/example_task_group.py
[2024-05-08T15:01:45.613+0000] {processor.py:830} INFO - Processing file /home/airflow/.local/lib/python3.12/site-packages/airflow/example_dags/example_task_group.py for tasks to queue
[2024-05-08T15:01:45.617+0000] {logging_mixin.py:188} INFO - [2024-05-08T15:01:45.616+0000] {dagbag.py:545} INFO - Filling up the DagBag from /home/airflow/.local/lib/python3.12/site-packages/airflow/example_dags/example_task_group.py
[2024-05-08T15:01:45.720+0000] {processor.py:840} INFO - DAG(s) 'example_task_group' retrieved from /home/airflow/.local/lib/python3.12/site-packages/airflow/example_dags/example_task_group.py
[2024-05-08T15:01:45.794+0000] {logging_mixin.py:188} INFO - [2024-05-08T15:01:45.793+0000] {dag.py:3096} INFO - Sync 1 DAGs
[2024-05-08T15:01:45.828+0000] {logging_mixin.py:188} INFO - [2024-05-08T15:01:45.827+0000] {dag.py:3954} INFO - Setting next_dagrun for example_task_group to 2024-05-07 00:00:00+00:00, run_after=2024-05-08 00:00:00+00:00
[2024-05-08T15:01:45.862+0000] {processor.py:183} INFO - Processing /home/airflow/.local/lib/python3.12/site-packages/airflow/example_dags/example_task_group.py took 0.261 seconds
[2024-05-08T15:02:16.015+0000] {processor.py:161} INFO - Started process (PID=5555) to work on /home/airflow/.local/lib/python3.12/site-packages/airflow/example_dags/example_task_group.py
[2024-05-08T15:02:16.017+0000] {processor.py:830} INFO - Processing file /home/airflow/.local/lib/python3.12/site-packages/airflow/example_dags/example_task_group.py for tasks to queue
[2024-05-08T15:02:16.026+0000] {logging_mixin.py:188} INFO - [2024-05-08T15:02:16.022+0000] {dagbag.py:545} INFO - Filling up the DagBag from /home/airflow/.local/lib/python3.12/site-packages/airflow/example_dags/example_task_group.py
[2024-05-08T15:02:16.038+0000] {processor.py:840} INFO - DAG(s) 'example_task_group' retrieved from /home/airflow/.local/lib/python3.12/site-packages/airflow/example_dags/example_task_group.py
[2024-05-08T15:02:16.109+0000] {logging_mixin.py:188} INFO - [2024-05-08T15:02:16.108+0000] {dag.py:3096} INFO - Sync 1 DAGs
[2024-05-08T15:02:16.220+0000] {logging_mixin.py:188} INFO - [2024-05-08T15:02:16.219+0000] {dag.py:3954} INFO - Setting next_dagrun for example_task_group to 2024-05-07 00:00:00+00:00, run_after=2024-05-08 00:00:00+00:00
[2024-05-08T15:02:16.285+0000] {processor.py:183} INFO - Processing /home/airflow/.local/lib/python3.12/site-packages/airflow/example_dags/example_task_group.py took 0.282 seconds
[2024-05-08T15:02:46.771+0000] {processor.py:161} INFO - Started process (PID=5816) to work on /home/airflow/.local/lib/python3.12/site-packages/airflow/example_dags/example_task_group.py
[2024-05-08T15:02:46.772+0000] {processor.py:830} INFO - Processing file /home/airflow/.local/lib/python3.12/site-packages/airflow/example_dags/example_task_group.py for tasks to queue
[2024-05-08T15:02:46.776+0000] {logging_mixin.py:188} INFO - [2024-05-08T15:02:46.776+0000] {dagbag.py:545} INFO - Filling up the DagBag from /home/airflow/.local/lib/python3.12/site-packages/airflow/example_dags/example_task_group.py
[2024-05-08T15:02:46.788+0000] {processor.py:840} INFO - DAG(s) 'example_task_group' retrieved from /home/airflow/.local/lib/python3.12/site-packages/airflow/example_dags/example_task_group.py
[2024-05-08T15:02:46.829+0000] {logging_mixin.py:188} INFO - [2024-05-08T15:02:46.829+0000] {dag.py:3096} INFO - Sync 1 DAGs
[2024-05-08T15:02:46.863+0000] {logging_mixin.py:188} INFO - [2024-05-08T15:02:46.863+0000] {dag.py:3954} INFO - Setting next_dagrun for example_task_group to 2024-05-07 00:00:00+00:00, run_after=2024-05-08 00:00:00+00:00
[2024-05-08T15:02:46.894+0000] {processor.py:183} INFO - Processing /home/airflow/.local/lib/python3.12/site-packages/airflow/example_dags/example_task_group.py took 0.133 seconds
[2024-05-08T15:03:17.019+0000] {processor.py:161} INFO - Started process (PID=6078) to work on /home/airflow/.local/lib/python3.12/site-packages/airflow/example_dags/example_task_group.py
[2024-05-08T15:03:17.020+0000] {processor.py:830} INFO - Processing file /home/airflow/.local/lib/python3.12/site-packages/airflow/example_dags/example_task_group.py for tasks to queue
[2024-05-08T15:03:17.024+0000] {logging_mixin.py:188} INFO - [2024-05-08T15:03:17.024+0000] {dagbag.py:545} INFO - Filling up the DagBag from /home/airflow/.local/lib/python3.12/site-packages/airflow/example_dags/example_task_group.py
[2024-05-08T15:03:17.034+0000] {processor.py:840} INFO - DAG(s) 'example_task_group' retrieved from /home/airflow/.local/lib/python3.12/site-packages/airflow/example_dags/example_task_group.py
[2024-05-08T15:03:17.070+0000] {logging_mixin.py:188} INFO - [2024-05-08T15:03:17.070+0000] {dag.py:3096} INFO - Sync 1 DAGs
[2024-05-08T15:03:17.105+0000] {logging_mixin.py:188} INFO - [2024-05-08T15:03:17.105+0000] {dag.py:3954} INFO - Setting next_dagrun for example_task_group to 2024-05-07 00:00:00+00:00, run_after=2024-05-08 00:00:00+00:00
[2024-05-08T15:03:17.138+0000] {processor.py:183} INFO - Processing /home/airflow/.local/lib/python3.12/site-packages/airflow/example_dags/example_task_group.py took 0.128 seconds
[2024-05-08T15:03:47.481+0000] {processor.py:161} INFO - Started process (PID=6337) to work on /home/airflow/.local/lib/python3.12/site-packages/airflow/example_dags/example_task_group.py
[2024-05-08T15:03:47.482+0000] {processor.py:830} INFO - Processing file /home/airflow/.local/lib/python3.12/site-packages/airflow/example_dags/example_task_group.py for tasks to queue
[2024-05-08T15:03:47.485+0000] {logging_mixin.py:188} INFO - [2024-05-08T15:03:47.485+0000] {dagbag.py:545} INFO - Filling up the DagBag from /home/airflow/.local/lib/python3.12/site-packages/airflow/example_dags/example_task_group.py
[2024-05-08T15:03:47.495+0000] {processor.py:840} INFO - DAG(s) 'example_task_group' retrieved from /home/airflow/.local/lib/python3.12/site-packages/airflow/example_dags/example_task_group.py
[2024-05-08T15:03:47.526+0000] {logging_mixin.py:188} INFO - [2024-05-08T15:03:47.525+0000] {dag.py:3096} INFO - Sync 1 DAGs
[2024-05-08T15:03:47.557+0000] {logging_mixin.py:188} INFO - [2024-05-08T15:03:47.556+0000] {dag.py:3954} INFO - Setting next_dagrun for example_task_group to 2024-05-07 00:00:00+00:00, run_after=2024-05-08 00:00:00+00:00
[2024-05-08T15:03:47.584+0000] {processor.py:183} INFO - Processing /home/airflow/.local/lib/python3.12/site-packages/airflow/example_dags/example_task_group.py took 0.111 seconds
[2024-05-08T15:04:17.973+0000] {processor.py:161} INFO - Started process (PID=6601) to work on /home/airflow/.local/lib/python3.12/site-packages/airflow/example_dags/example_task_group.py
[2024-05-08T15:04:17.975+0000] {processor.py:830} INFO - Processing file /home/airflow/.local/lib/python3.12/site-packages/airflow/example_dags/example_task_group.py for tasks to queue
[2024-05-08T15:04:17.982+0000] {logging_mixin.py:188} INFO - [2024-05-08T15:04:17.981+0000] {dagbag.py:545} INFO - Filling up the DagBag from /home/airflow/.local/lib/python3.12/site-packages/airflow/example_dags/example_task_group.py
[2024-05-08T15:04:18.006+0000] {processor.py:840} INFO - DAG(s) 'example_task_group' retrieved from /home/airflow/.local/lib/python3.12/site-packages/airflow/example_dags/example_task_group.py
[2024-05-08T15:04:18.073+0000] {logging_mixin.py:188} INFO - [2024-05-08T15:04:18.072+0000] {dag.py:3096} INFO - Sync 1 DAGs
[2024-05-08T15:04:18.138+0000] {logging_mixin.py:188} INFO - [2024-05-08T15:04:18.138+0000] {dag.py:3954} INFO - Setting next_dagrun for example_task_group to 2024-05-07 00:00:00+00:00, run_after=2024-05-08 00:00:00+00:00
[2024-05-08T15:04:18.196+0000] {processor.py:183} INFO - Processing /home/airflow/.local/lib/python3.12/site-packages/airflow/example_dags/example_task_group.py took 0.240 seconds
[2024-05-08T15:04:53.608+0000] {processor.py:161} INFO - Started process (PID=6864) to work on /home/airflow/.local/lib/python3.12/site-packages/airflow/example_dags/example_task_group.py
[2024-05-08T15:04:53.618+0000] {processor.py:830} INFO - Processing file /home/airflow/.local/lib/python3.12/site-packages/airflow/example_dags/example_task_group.py for tasks to queue
[2024-05-08T15:04:53.631+0000] {logging_mixin.py:188} INFO - [2024-05-08T15:04:53.628+0000] {dagbag.py:545} INFO - Filling up the DagBag from /home/airflow/.local/lib/python3.12/site-packages/airflow/example_dags/example_task_group.py
[2024-05-08T15:04:53.701+0000] {processor.py:840} INFO - DAG(s) 'example_task_group' retrieved from /home/airflow/.local/lib/python3.12/site-packages/airflow/example_dags/example_task_group.py
[2024-05-08T15:04:53.840+0000] {logging_mixin.py:188} INFO - [2024-05-08T15:04:53.840+0000] {dag.py:3096} INFO - Sync 1 DAGs
[2024-05-08T15:04:53.978+0000] {logging_mixin.py:188} INFO - [2024-05-08T15:04:53.978+0000] {dag.py:3954} INFO - Setting next_dagrun for example_task_group to 2024-05-07 00:00:00+00:00, run_after=2024-05-08 00:00:00+00:00
[2024-05-08T15:04:54.268+0000] {processor.py:183} INFO - Processing /home/airflow/.local/lib/python3.12/site-packages/airflow/example_dags/example_task_group.py took 0.694 seconds
[2024-05-08T15:05:24.517+0000] {processor.py:161} INFO - Started process (PID=7126) to work on /home/airflow/.local/lib/python3.12/site-packages/airflow/example_dags/example_task_group.py
[2024-05-08T15:05:24.519+0000] {processor.py:830} INFO - Processing file /home/airflow/.local/lib/python3.12/site-packages/airflow/example_dags/example_task_group.py for tasks to queue
[2024-05-08T15:05:24.522+0000] {logging_mixin.py:188} INFO - [2024-05-08T15:05:24.521+0000] {dagbag.py:545} INFO - Filling up the DagBag from /home/airflow/.local/lib/python3.12/site-packages/airflow/example_dags/example_task_group.py
[2024-05-08T15:05:24.535+0000] {processor.py:840} INFO - DAG(s) 'example_task_group' retrieved from /home/airflow/.local/lib/python3.12/site-packages/airflow/example_dags/example_task_group.py
[2024-05-08T15:05:24.572+0000] {logging_mixin.py:188} INFO - [2024-05-08T15:05:24.571+0000] {dag.py:3096} INFO - Sync 1 DAGs
[2024-05-08T15:05:24.610+0000] {logging_mixin.py:188} INFO - [2024-05-08T15:05:24.610+0000] {dag.py:3954} INFO - Setting next_dagrun for example_task_group to 2024-05-07 00:00:00+00:00, run_after=2024-05-08 00:00:00+00:00
[2024-05-08T15:05:24.692+0000] {processor.py:183} INFO - Processing /home/airflow/.local/lib/python3.12/site-packages/airflow/example_dags/example_task_group.py took 0.183 seconds
[2024-05-08T15:05:54.971+0000] {processor.py:161} INFO - Started process (PID=7381) to work on /home/airflow/.local/lib/python3.12/site-packages/airflow/example_dags/example_task_group.py
[2024-05-08T15:05:54.975+0000] {processor.py:830} INFO - Processing file /home/airflow/.local/lib/python3.12/site-packages/airflow/example_dags/example_task_group.py for tasks to queue
[2024-05-08T15:05:54.978+0000] {logging_mixin.py:188} INFO - [2024-05-08T15:05:54.977+0000] {dagbag.py:545} INFO - Filling up the DagBag from /home/airflow/.local/lib/python3.12/site-packages/airflow/example_dags/example_task_group.py
[2024-05-08T15:05:54.988+0000] {processor.py:840} INFO - DAG(s) 'example_task_group' retrieved from /home/airflow/.local/lib/python3.12/site-packages/airflow/example_dags/example_task_group.py
[2024-05-08T15:05:55.023+0000] {logging_mixin.py:188} INFO - [2024-05-08T15:05:55.022+0000] {dag.py:3096} INFO - Sync 1 DAGs
[2024-05-08T15:05:55.066+0000] {logging_mixin.py:188} INFO - [2024-05-08T15:05:55.065+0000] {dag.py:3954} INFO - Setting next_dagrun for example_task_group to 2024-05-07 00:00:00+00:00, run_after=2024-05-08 00:00:00+00:00
[2024-05-08T15:05:55.097+0000] {processor.py:183} INFO - Processing /home/airflow/.local/lib/python3.12/site-packages/airflow/example_dags/example_task_group.py took 0.135 seconds
[2024-05-08T15:06:25.445+0000] {processor.py:161} INFO - Started process (PID=7643) to work on /home/airflow/.local/lib/python3.12/site-packages/airflow/example_dags/example_task_group.py
[2024-05-08T15:06:25.447+0000] {processor.py:830} INFO - Processing file /home/airflow/.local/lib/python3.12/site-packages/airflow/example_dags/example_task_group.py for tasks to queue
[2024-05-08T15:06:25.450+0000] {logging_mixin.py:188} INFO - [2024-05-08T15:06:25.449+0000] {dagbag.py:545} INFO - Filling up the DagBag from /home/airflow/.local/lib/python3.12/site-packages/airflow/example_dags/example_task_group.py
[2024-05-08T15:06:25.460+0000] {processor.py:840} INFO - DAG(s) 'example_task_group' retrieved from /home/airflow/.local/lib/python3.12/site-packages/airflow/example_dags/example_task_group.py
[2024-05-08T15:06:25.496+0000] {logging_mixin.py:188} INFO - [2024-05-08T15:06:25.495+0000] {dag.py:3096} INFO - Sync 1 DAGs
[2024-05-08T15:06:25.530+0000] {logging_mixin.py:188} INFO - [2024-05-08T15:06:25.530+0000] {dag.py:3954} INFO - Setting next_dagrun for example_task_group to 2024-05-07 00:00:00+00:00, run_after=2024-05-08 00:00:00+00:00
[2024-05-08T15:06:25.565+0000] {processor.py:183} INFO - Processing /home/airflow/.local/lib/python3.12/site-packages/airflow/example_dags/example_task_group.py took 0.128 seconds
[2024-05-08T15:06:55.990+0000] {processor.py:161} INFO - Started process (PID=7904) to work on /home/airflow/.local/lib/python3.12/site-packages/airflow/example_dags/example_task_group.py
[2024-05-08T15:06:55.992+0000] {processor.py:830} INFO - Processing file /home/airflow/.local/lib/python3.12/site-packages/airflow/example_dags/example_task_group.py for tasks to queue
[2024-05-08T15:06:55.995+0000] {logging_mixin.py:188} INFO - [2024-05-08T15:06:55.995+0000] {dagbag.py:545} INFO - Filling up the DagBag from /home/airflow/.local/lib/python3.12/site-packages/airflow/example_dags/example_task_group.py
[2024-05-08T15:06:56.006+0000] {processor.py:840} INFO - DAG(s) 'example_task_group' retrieved from /home/airflow/.local/lib/python3.12/site-packages/airflow/example_dags/example_task_group.py
[2024-05-08T15:06:56.041+0000] {logging_mixin.py:188} INFO - [2024-05-08T15:06:56.040+0000] {dag.py:3096} INFO - Sync 1 DAGs
[2024-05-08T15:06:56.075+0000] {logging_mixin.py:188} INFO - [2024-05-08T15:06:56.075+0000] {dag.py:3954} INFO - Setting next_dagrun for example_task_group to 2024-05-07 00:00:00+00:00, run_after=2024-05-08 00:00:00+00:00
[2024-05-08T15:06:56.106+0000] {processor.py:183} INFO - Processing /home/airflow/.local/lib/python3.12/site-packages/airflow/example_dags/example_task_group.py took 0.125 seconds
[2024-05-08T15:07:26.302+0000] {processor.py:161} INFO - Started process (PID=8166) to work on /home/airflow/.local/lib/python3.12/site-packages/airflow/example_dags/example_task_group.py
[2024-05-08T15:07:26.304+0000] {processor.py:830} INFO - Processing file /home/airflow/.local/lib/python3.12/site-packages/airflow/example_dags/example_task_group.py for tasks to queue
[2024-05-08T15:07:26.307+0000] {logging_mixin.py:188} INFO - [2024-05-08T15:07:26.306+0000] {dagbag.py:545} INFO - Filling up the DagBag from /home/airflow/.local/lib/python3.12/site-packages/airflow/example_dags/example_task_group.py
[2024-05-08T15:07:26.317+0000] {processor.py:840} INFO - DAG(s) 'example_task_group' retrieved from /home/airflow/.local/lib/python3.12/site-packages/airflow/example_dags/example_task_group.py
[2024-05-08T15:07:26.396+0000] {logging_mixin.py:188} INFO - [2024-05-08T15:07:26.396+0000] {dag.py:3096} INFO - Sync 1 DAGs
[2024-05-08T15:07:26.431+0000] {logging_mixin.py:188} INFO - [2024-05-08T15:07:26.430+0000] {dag.py:3954} INFO - Setting next_dagrun for example_task_group to 2024-05-07 00:00:00+00:00, run_after=2024-05-08 00:00:00+00:00
[2024-05-08T15:07:26.468+0000] {processor.py:183} INFO - Processing /home/airflow/.local/lib/python3.12/site-packages/airflow/example_dags/example_task_group.py took 0.174 seconds
[2024-05-08T15:07:56.783+0000] {processor.py:161} INFO - Started process (PID=8428) to work on /home/airflow/.local/lib/python3.12/site-packages/airflow/example_dags/example_task_group.py
[2024-05-08T15:07:56.785+0000] {processor.py:830} INFO - Processing file /home/airflow/.local/lib/python3.12/site-packages/airflow/example_dags/example_task_group.py for tasks to queue
[2024-05-08T15:07:56.790+0000] {logging_mixin.py:188} INFO - [2024-05-08T15:07:56.789+0000] {dagbag.py:545} INFO - Filling up the DagBag from /home/airflow/.local/lib/python3.12/site-packages/airflow/example_dags/example_task_group.py
[2024-05-08T15:07:56.803+0000] {processor.py:840} INFO - DAG(s) 'example_task_group' retrieved from /home/airflow/.local/lib/python3.12/site-packages/airflow/example_dags/example_task_group.py
[2024-05-08T15:07:56.840+0000] {logging_mixin.py:188} INFO - [2024-05-08T15:07:56.840+0000] {dag.py:3096} INFO - Sync 1 DAGs
[2024-05-08T15:07:56.881+0000] {logging_mixin.py:188} INFO - [2024-05-08T15:07:56.881+0000] {dag.py:3954} INFO - Setting next_dagrun for example_task_group to 2024-05-07 00:00:00+00:00, run_after=2024-05-08 00:00:00+00:00
[2024-05-08T15:07:56.912+0000] {processor.py:183} INFO - Processing /home/airflow/.local/lib/python3.12/site-packages/airflow/example_dags/example_task_group.py took 0.141 seconds
[2024-05-08T15:08:27.008+0000] {processor.py:161} INFO - Started process (PID=8690) to work on /home/airflow/.local/lib/python3.12/site-packages/airflow/example_dags/example_task_group.py
[2024-05-08T15:08:27.010+0000] {processor.py:830} INFO - Processing file /home/airflow/.local/lib/python3.12/site-packages/airflow/example_dags/example_task_group.py for tasks to queue
[2024-05-08T15:08:27.013+0000] {logging_mixin.py:188} INFO - [2024-05-08T15:08:27.012+0000] {dagbag.py:545} INFO - Filling up the DagBag from /home/airflow/.local/lib/python3.12/site-packages/airflow/example_dags/example_task_group.py
[2024-05-08T15:08:27.028+0000] {processor.py:840} INFO - DAG(s) 'example_task_group' retrieved from /home/airflow/.local/lib/python3.12/site-packages/airflow/example_dags/example_task_group.py
[2024-05-08T15:08:27.065+0000] {logging_mixin.py:188} INFO - [2024-05-08T15:08:27.065+0000] {dag.py:3096} INFO - Sync 1 DAGs
[2024-05-08T15:08:27.101+0000] {logging_mixin.py:188} INFO - [2024-05-08T15:08:27.101+0000] {dag.py:3954} INFO - Setting next_dagrun for example_task_group to 2024-05-07 00:00:00+00:00, run_after=2024-05-08 00:00:00+00:00
[2024-05-08T15:08:27.133+0000] {processor.py:183} INFO - Processing /home/airflow/.local/lib/python3.12/site-packages/airflow/example_dags/example_task_group.py took 0.135 seconds
