[2024-05-08T14:51:52.814+0000] {processor.py:161} INFO - Started process (PID=297) to work on /home/airflow/.local/lib/python3.12/site-packages/airflow/example_dags/example_trigger_target_dag.py
[2024-05-08T14:51:52.821+0000] {processor.py:830} INFO - Processing file /home/airflow/.local/lib/python3.12/site-packages/airflow/example_dags/example_trigger_target_dag.py for tasks to queue
[2024-05-08T14:51:52.825+0000] {logging_mixin.py:188} INFO - [2024-05-08T14:51:52.824+0000] {dagbag.py:545} INFO - Filling up the DagBag from /home/airflow/.local/lib/python3.12/site-packages/airflow/example_dags/example_trigger_target_dag.py
[2024-05-08T14:51:52.840+0000] {processor.py:840} INFO - DAG(s) 'example_trigger_target_dag' retrieved from /home/airflow/.local/lib/python3.12/site-packages/airflow/example_dags/example_trigger_target_dag.py
[2024-05-08T14:51:53.075+0000] {logging_mixin.py:188} INFO - [2024-05-08T14:51:53.074+0000] {dag.py:3096} INFO - Sync 1 DAGs
[2024-05-08T14:51:53.103+0000] {logging_mixin.py:188} INFO - [2024-05-08T14:51:53.103+0000] {dag.py:3954} INFO - Setting next_dagrun for example_trigger_target_dag to None, run_after=None
[2024-05-08T14:51:53.158+0000] {processor.py:183} INFO - Processing /home/airflow/.local/lib/python3.12/site-packages/airflow/example_dags/example_trigger_target_dag.py took 0.359 seconds
[2024-05-08T14:52:23.907+0000] {processor.py:161} INFO - Started process (PID=559) to work on /home/airflow/.local/lib/python3.12/site-packages/airflow/example_dags/example_trigger_target_dag.py
[2024-05-08T14:52:23.909+0000] {processor.py:830} INFO - Processing file /home/airflow/.local/lib/python3.12/site-packages/airflow/example_dags/example_trigger_target_dag.py for tasks to queue
[2024-05-08T14:52:23.912+0000] {logging_mixin.py:188} INFO - [2024-05-08T14:52:23.912+0000] {dagbag.py:545} INFO - Filling up the DagBag from /home/airflow/.local/lib/python3.12/site-packages/airflow/example_dags/example_trigger_target_dag.py
[2024-05-08T14:52:23.922+0000] {processor.py:840} INFO - DAG(s) 'example_trigger_target_dag' retrieved from /home/airflow/.local/lib/python3.12/site-packages/airflow/example_dags/example_trigger_target_dag.py
[2024-05-08T14:52:23.970+0000] {logging_mixin.py:188} INFO - [2024-05-08T14:52:23.969+0000] {dag.py:3096} INFO - Sync 1 DAGs
[2024-05-08T14:52:24.008+0000] {logging_mixin.py:188} INFO - [2024-05-08T14:52:24.008+0000] {dag.py:3954} INFO - Setting next_dagrun for example_trigger_target_dag to None, run_after=None
[2024-05-08T14:52:24.056+0000] {processor.py:183} INFO - Processing /home/airflow/.local/lib/python3.12/site-packages/airflow/example_dags/example_trigger_target_dag.py took 0.161 seconds
[2024-05-08T14:52:59.810+0000] {processor.py:161} INFO - Started process (PID=823) to work on /home/airflow/.local/lib/python3.12/site-packages/airflow/example_dags/example_trigger_target_dag.py
[2024-05-08T14:52:59.812+0000] {processor.py:830} INFO - Processing file /home/airflow/.local/lib/python3.12/site-packages/airflow/example_dags/example_trigger_target_dag.py for tasks to queue
[2024-05-08T14:52:59.815+0000] {logging_mixin.py:188} INFO - [2024-05-08T14:52:59.814+0000] {dagbag.py:545} INFO - Filling up the DagBag from /home/airflow/.local/lib/python3.12/site-packages/airflow/example_dags/example_trigger_target_dag.py
[2024-05-08T14:52:59.827+0000] {processor.py:840} INFO - DAG(s) 'example_trigger_target_dag' retrieved from /home/airflow/.local/lib/python3.12/site-packages/airflow/example_dags/example_trigger_target_dag.py
[2024-05-08T14:52:59.913+0000] {logging_mixin.py:188} INFO - [2024-05-08T14:52:59.913+0000] {dag.py:3096} INFO - Sync 1 DAGs
[2024-05-08T14:52:59.985+0000] {logging_mixin.py:188} INFO - [2024-05-08T14:52:59.985+0000] {dag.py:3954} INFO - Setting next_dagrun for example_trigger_target_dag to None, run_after=None
[2024-05-08T14:53:00.031+0000] {processor.py:183} INFO - Processing /home/airflow/.local/lib/python3.12/site-packages/airflow/example_dags/example_trigger_target_dag.py took 0.232 seconds
[2024-05-08T14:53:30.704+0000] {processor.py:161} INFO - Started process (PID=1083) to work on /home/airflow/.local/lib/python3.12/site-packages/airflow/example_dags/example_trigger_target_dag.py
[2024-05-08T14:53:30.706+0000] {processor.py:830} INFO - Processing file /home/airflow/.local/lib/python3.12/site-packages/airflow/example_dags/example_trigger_target_dag.py for tasks to queue
[2024-05-08T14:53:30.709+0000] {logging_mixin.py:188} INFO - [2024-05-08T14:53:30.708+0000] {dagbag.py:545} INFO - Filling up the DagBag from /home/airflow/.local/lib/python3.12/site-packages/airflow/example_dags/example_trigger_target_dag.py
[2024-05-08T14:53:30.718+0000] {processor.py:840} INFO - DAG(s) 'example_trigger_target_dag' retrieved from /home/airflow/.local/lib/python3.12/site-packages/airflow/example_dags/example_trigger_target_dag.py
[2024-05-08T14:53:30.756+0000] {logging_mixin.py:188} INFO - [2024-05-08T14:53:30.755+0000] {dag.py:3096} INFO - Sync 1 DAGs
[2024-05-08T14:53:30.777+0000] {logging_mixin.py:188} INFO - [2024-05-08T14:53:30.776+0000] {dag.py:3954} INFO - Setting next_dagrun for example_trigger_target_dag to None, run_after=None
[2024-05-08T14:53:30.818+0000] {processor.py:183} INFO - Processing /home/airflow/.local/lib/python3.12/site-packages/airflow/example_dags/example_trigger_target_dag.py took 0.123 seconds
[2024-05-08T14:54:04.876+0000] {processor.py:161} INFO - Started process (PID=1346) to work on /home/airflow/.local/lib/python3.12/site-packages/airflow/example_dags/example_trigger_target_dag.py
[2024-05-08T14:54:04.906+0000] {processor.py:830} INFO - Processing file /home/airflow/.local/lib/python3.12/site-packages/airflow/example_dags/example_trigger_target_dag.py for tasks to queue
[2024-05-08T14:54:04.910+0000] {logging_mixin.py:188} INFO - [2024-05-08T14:54:04.909+0000] {dagbag.py:545} INFO - Filling up the DagBag from /home/airflow/.local/lib/python3.12/site-packages/airflow/example_dags/example_trigger_target_dag.py
[2024-05-08T14:54:04.930+0000] {processor.py:840} INFO - DAG(s) 'example_trigger_target_dag' retrieved from /home/airflow/.local/lib/python3.12/site-packages/airflow/example_dags/example_trigger_target_dag.py
[2024-05-08T14:54:05.332+0000] {logging_mixin.py:188} INFO - [2024-05-08T14:54:05.332+0000] {dag.py:3096} INFO - Sync 1 DAGs
[2024-05-08T14:54:05.450+0000] {logging_mixin.py:188} INFO - [2024-05-08T14:54:05.449+0000] {dag.py:3954} INFO - Setting next_dagrun for example_trigger_target_dag to None, run_after=None
[2024-05-08T14:54:05.603+0000] {processor.py:183} INFO - Processing /home/airflow/.local/lib/python3.12/site-packages/airflow/example_dags/example_trigger_target_dag.py took 0.747 seconds
[2024-05-08T14:54:36.318+0000] {processor.py:161} INFO - Started process (PID=1612) to work on /home/airflow/.local/lib/python3.12/site-packages/airflow/example_dags/example_trigger_target_dag.py
[2024-05-08T14:54:36.324+0000] {processor.py:830} INFO - Processing file /home/airflow/.local/lib/python3.12/site-packages/airflow/example_dags/example_trigger_target_dag.py for tasks to queue
[2024-05-08T14:54:36.329+0000] {logging_mixin.py:188} INFO - [2024-05-08T14:54:36.328+0000] {dagbag.py:545} INFO - Filling up the DagBag from /home/airflow/.local/lib/python3.12/site-packages/airflow/example_dags/example_trigger_target_dag.py
[2024-05-08T14:54:36.350+0000] {processor.py:840} INFO - DAG(s) 'example_trigger_target_dag' retrieved from /home/airflow/.local/lib/python3.12/site-packages/airflow/example_dags/example_trigger_target_dag.py
[2024-05-08T14:54:36.384+0000] {logging_mixin.py:188} INFO - [2024-05-08T14:54:36.384+0000] {dag.py:3096} INFO - Sync 1 DAGs
[2024-05-08T14:54:36.404+0000] {logging_mixin.py:188} INFO - [2024-05-08T14:54:36.404+0000] {dag.py:3954} INFO - Setting next_dagrun for example_trigger_target_dag to None, run_after=None
[2024-05-08T14:54:36.439+0000] {processor.py:183} INFO - Processing /home/airflow/.local/lib/python3.12/site-packages/airflow/example_dags/example_trigger_target_dag.py took 0.132 seconds
[2024-05-08T14:55:06.815+0000] {processor.py:161} INFO - Started process (PID=1874) to work on /home/airflow/.local/lib/python3.12/site-packages/airflow/example_dags/example_trigger_target_dag.py
[2024-05-08T14:55:06.817+0000] {processor.py:830} INFO - Processing file /home/airflow/.local/lib/python3.12/site-packages/airflow/example_dags/example_trigger_target_dag.py for tasks to queue
[2024-05-08T14:55:06.820+0000] {logging_mixin.py:188} INFO - [2024-05-08T14:55:06.820+0000] {dagbag.py:545} INFO - Filling up the DagBag from /home/airflow/.local/lib/python3.12/site-packages/airflow/example_dags/example_trigger_target_dag.py
[2024-05-08T14:55:06.830+0000] {processor.py:840} INFO - DAG(s) 'example_trigger_target_dag' retrieved from /home/airflow/.local/lib/python3.12/site-packages/airflow/example_dags/example_trigger_target_dag.py
[2024-05-08T14:55:06.883+0000] {logging_mixin.py:188} INFO - [2024-05-08T14:55:06.882+0000] {dag.py:3096} INFO - Sync 1 DAGs
[2024-05-08T14:55:06.918+0000] {logging_mixin.py:188} INFO - [2024-05-08T14:55:06.918+0000] {dag.py:3954} INFO - Setting next_dagrun for example_trigger_target_dag to None, run_after=None
[2024-05-08T14:55:06.985+0000] {processor.py:183} INFO - Processing /home/airflow/.local/lib/python3.12/site-packages/airflow/example_dags/example_trigger_target_dag.py took 0.178 seconds
[2024-05-08T14:55:37.123+0000] {processor.py:161} INFO - Started process (PID=2136) to work on /home/airflow/.local/lib/python3.12/site-packages/airflow/example_dags/example_trigger_target_dag.py
[2024-05-08T14:55:37.125+0000] {processor.py:830} INFO - Processing file /home/airflow/.local/lib/python3.12/site-packages/airflow/example_dags/example_trigger_target_dag.py for tasks to queue
[2024-05-08T14:55:37.129+0000] {logging_mixin.py:188} INFO - [2024-05-08T14:55:37.128+0000] {dagbag.py:545} INFO - Filling up the DagBag from /home/airflow/.local/lib/python3.12/site-packages/airflow/example_dags/example_trigger_target_dag.py
[2024-05-08T14:55:37.142+0000] {processor.py:840} INFO - DAG(s) 'example_trigger_target_dag' retrieved from /home/airflow/.local/lib/python3.12/site-packages/airflow/example_dags/example_trigger_target_dag.py
[2024-05-08T14:55:37.185+0000] {logging_mixin.py:188} INFO - [2024-05-08T14:55:37.184+0000] {dag.py:3096} INFO - Sync 1 DAGs
[2024-05-08T14:55:37.214+0000] {logging_mixin.py:188} INFO - [2024-05-08T14:55:37.214+0000] {dag.py:3954} INFO - Setting next_dagrun for example_trigger_target_dag to None, run_after=None
[2024-05-08T14:55:37.260+0000] {processor.py:183} INFO - Processing /home/airflow/.local/lib/python3.12/site-packages/airflow/example_dags/example_trigger_target_dag.py took 0.148 seconds
[2024-05-08T14:56:07.709+0000] {processor.py:161} INFO - Started process (PID=2397) to work on /home/airflow/.local/lib/python3.12/site-packages/airflow/example_dags/example_trigger_target_dag.py
[2024-05-08T14:56:07.712+0000] {processor.py:830} INFO - Processing file /home/airflow/.local/lib/python3.12/site-packages/airflow/example_dags/example_trigger_target_dag.py for tasks to queue
[2024-05-08T14:56:07.717+0000] {logging_mixin.py:188} INFO - [2024-05-08T14:56:07.716+0000] {dagbag.py:545} INFO - Filling up the DagBag from /home/airflow/.local/lib/python3.12/site-packages/airflow/example_dags/example_trigger_target_dag.py
[2024-05-08T14:56:07.742+0000] {processor.py:840} INFO - DAG(s) 'example_trigger_target_dag' retrieved from /home/airflow/.local/lib/python3.12/site-packages/airflow/example_dags/example_trigger_target_dag.py
[2024-05-08T14:56:07.836+0000] {logging_mixin.py:188} INFO - [2024-05-08T14:56:07.835+0000] {dag.py:3096} INFO - Sync 1 DAGs
[2024-05-08T14:56:07.878+0000] {logging_mixin.py:188} INFO - [2024-05-08T14:56:07.878+0000] {dag.py:3954} INFO - Setting next_dagrun for example_trigger_target_dag to None, run_after=None
[2024-05-08T14:56:08.018+0000] {processor.py:183} INFO - Processing /home/airflow/.local/lib/python3.12/site-packages/airflow/example_dags/example_trigger_target_dag.py took 0.327 seconds
[2024-05-08T14:56:39.053+0000] {processor.py:161} INFO - Started process (PID=2659) to work on /home/airflow/.local/lib/python3.12/site-packages/airflow/example_dags/example_trigger_target_dag.py
[2024-05-08T14:56:39.054+0000] {processor.py:830} INFO - Processing file /home/airflow/.local/lib/python3.12/site-packages/airflow/example_dags/example_trigger_target_dag.py for tasks to queue
[2024-05-08T14:56:39.057+0000] {logging_mixin.py:188} INFO - [2024-05-08T14:56:39.057+0000] {dagbag.py:545} INFO - Filling up the DagBag from /home/airflow/.local/lib/python3.12/site-packages/airflow/example_dags/example_trigger_target_dag.py
[2024-05-08T14:56:39.066+0000] {processor.py:840} INFO - DAG(s) 'example_trigger_target_dag' retrieved from /home/airflow/.local/lib/python3.12/site-packages/airflow/example_dags/example_trigger_target_dag.py
[2024-05-08T14:56:39.096+0000] {logging_mixin.py:188} INFO - [2024-05-08T14:56:39.095+0000] {dag.py:3096} INFO - Sync 1 DAGs
[2024-05-08T14:56:39.115+0000] {logging_mixin.py:188} INFO - [2024-05-08T14:56:39.115+0000] {dag.py:3954} INFO - Setting next_dagrun for example_trigger_target_dag to None, run_after=None
[2024-05-08T14:56:39.148+0000] {processor.py:183} INFO - Processing /home/airflow/.local/lib/python3.12/site-packages/airflow/example_dags/example_trigger_target_dag.py took 0.103 seconds
[2024-05-08T14:57:09.306+0000] {processor.py:161} INFO - Started process (PID=2921) to work on /home/airflow/.local/lib/python3.12/site-packages/airflow/example_dags/example_trigger_target_dag.py
[2024-05-08T14:57:09.307+0000] {processor.py:830} INFO - Processing file /home/airflow/.local/lib/python3.12/site-packages/airflow/example_dags/example_trigger_target_dag.py for tasks to queue
[2024-05-08T14:57:09.310+0000] {logging_mixin.py:188} INFO - [2024-05-08T14:57:09.309+0000] {dagbag.py:545} INFO - Filling up the DagBag from /home/airflow/.local/lib/python3.12/site-packages/airflow/example_dags/example_trigger_target_dag.py
[2024-05-08T14:57:09.340+0000] {processor.py:840} INFO - DAG(s) 'example_trigger_target_dag' retrieved from /home/airflow/.local/lib/python3.12/site-packages/airflow/example_dags/example_trigger_target_dag.py
[2024-05-08T14:57:09.410+0000] {logging_mixin.py:188} INFO - [2024-05-08T14:57:09.409+0000] {dag.py:3096} INFO - Sync 1 DAGs
[2024-05-08T14:57:09.475+0000] {logging_mixin.py:188} INFO - [2024-05-08T14:57:09.474+0000] {dag.py:3954} INFO - Setting next_dagrun for example_trigger_target_dag to None, run_after=None
[2024-05-08T14:57:09.556+0000] {processor.py:183} INFO - Processing /home/airflow/.local/lib/python3.12/site-packages/airflow/example_dags/example_trigger_target_dag.py took 0.276 seconds
[2024-05-08T14:57:40.026+0000] {processor.py:161} INFO - Started process (PID=3184) to work on /home/airflow/.local/lib/python3.12/site-packages/airflow/example_dags/example_trigger_target_dag.py
[2024-05-08T14:57:40.030+0000] {processor.py:830} INFO - Processing file /home/airflow/.local/lib/python3.12/site-packages/airflow/example_dags/example_trigger_target_dag.py for tasks to queue
[2024-05-08T14:57:40.033+0000] {logging_mixin.py:188} INFO - [2024-05-08T14:57:40.032+0000] {dagbag.py:545} INFO - Filling up the DagBag from /home/airflow/.local/lib/python3.12/site-packages/airflow/example_dags/example_trigger_target_dag.py
[2024-05-08T14:57:40.043+0000] {processor.py:840} INFO - DAG(s) 'example_trigger_target_dag' retrieved from /home/airflow/.local/lib/python3.12/site-packages/airflow/example_dags/example_trigger_target_dag.py
[2024-05-08T14:57:40.073+0000] {logging_mixin.py:188} INFO - [2024-05-08T14:57:40.073+0000] {dag.py:3096} INFO - Sync 1 DAGs
[2024-05-08T14:57:40.095+0000] {logging_mixin.py:188} INFO - [2024-05-08T14:57:40.095+0000] {dag.py:3954} INFO - Setting next_dagrun for example_trigger_target_dag to None, run_after=None
[2024-05-08T14:57:40.127+0000] {processor.py:183} INFO - Processing /home/airflow/.local/lib/python3.12/site-packages/airflow/example_dags/example_trigger_target_dag.py took 0.110 seconds
[2024-05-08T14:58:10.412+0000] {processor.py:161} INFO - Started process (PID=3446) to work on /home/airflow/.local/lib/python3.12/site-packages/airflow/example_dags/example_trigger_target_dag.py
[2024-05-08T14:58:10.414+0000] {processor.py:830} INFO - Processing file /home/airflow/.local/lib/python3.12/site-packages/airflow/example_dags/example_trigger_target_dag.py for tasks to queue
[2024-05-08T14:58:10.419+0000] {logging_mixin.py:188} INFO - [2024-05-08T14:58:10.418+0000] {dagbag.py:545} INFO - Filling up the DagBag from /home/airflow/.local/lib/python3.12/site-packages/airflow/example_dags/example_trigger_target_dag.py
[2024-05-08T14:58:10.430+0000] {processor.py:840} INFO - DAG(s) 'example_trigger_target_dag' retrieved from /home/airflow/.local/lib/python3.12/site-packages/airflow/example_dags/example_trigger_target_dag.py
[2024-05-08T14:58:10.509+0000] {logging_mixin.py:188} INFO - [2024-05-08T14:58:10.509+0000] {dag.py:3096} INFO - Sync 1 DAGs
[2024-05-08T14:58:10.539+0000] {logging_mixin.py:188} INFO - [2024-05-08T14:58:10.538+0000] {dag.py:3954} INFO - Setting next_dagrun for example_trigger_target_dag to None, run_after=None
[2024-05-08T14:58:10.600+0000] {processor.py:183} INFO - Processing /home/airflow/.local/lib/python3.12/site-packages/airflow/example_dags/example_trigger_target_dag.py took 0.200 seconds
[2024-05-08T14:58:41.412+0000] {processor.py:161} INFO - Started process (PID=3714) to work on /home/airflow/.local/lib/python3.12/site-packages/airflow/example_dags/example_trigger_target_dag.py
[2024-05-08T14:58:41.414+0000] {processor.py:830} INFO - Processing file /home/airflow/.local/lib/python3.12/site-packages/airflow/example_dags/example_trigger_target_dag.py for tasks to queue
[2024-05-08T14:58:41.417+0000] {logging_mixin.py:188} INFO - [2024-05-08T14:58:41.417+0000] {dagbag.py:545} INFO - Filling up the DagBag from /home/airflow/.local/lib/python3.12/site-packages/airflow/example_dags/example_trigger_target_dag.py
[2024-05-08T14:58:41.426+0000] {processor.py:840} INFO - DAG(s) 'example_trigger_target_dag' retrieved from /home/airflow/.local/lib/python3.12/site-packages/airflow/example_dags/example_trigger_target_dag.py
[2024-05-08T14:58:41.460+0000] {logging_mixin.py:188} INFO - [2024-05-08T14:58:41.460+0000] {dag.py:3096} INFO - Sync 1 DAGs
[2024-05-08T14:58:41.483+0000] {logging_mixin.py:188} INFO - [2024-05-08T14:58:41.482+0000] {dag.py:3954} INFO - Setting next_dagrun for example_trigger_target_dag to None, run_after=None
[2024-05-08T14:58:41.514+0000] {processor.py:183} INFO - Processing /home/airflow/.local/lib/python3.12/site-packages/airflow/example_dags/example_trigger_target_dag.py took 0.110 seconds
[2024-05-08T14:59:11.825+0000] {processor.py:161} INFO - Started process (PID=3976) to work on /home/airflow/.local/lib/python3.12/site-packages/airflow/example_dags/example_trigger_target_dag.py
[2024-05-08T14:59:11.827+0000] {processor.py:830} INFO - Processing file /home/airflow/.local/lib/python3.12/site-packages/airflow/example_dags/example_trigger_target_dag.py for tasks to queue
[2024-05-08T14:59:11.829+0000] {logging_mixin.py:188} INFO - [2024-05-08T14:59:11.829+0000] {dagbag.py:545} INFO - Filling up the DagBag from /home/airflow/.local/lib/python3.12/site-packages/airflow/example_dags/example_trigger_target_dag.py
[2024-05-08T14:59:11.839+0000] {processor.py:840} INFO - DAG(s) 'example_trigger_target_dag' retrieved from /home/airflow/.local/lib/python3.12/site-packages/airflow/example_dags/example_trigger_target_dag.py
[2024-05-08T14:59:11.869+0000] {logging_mixin.py:188} INFO - [2024-05-08T14:59:11.869+0000] {dag.py:3096} INFO - Sync 1 DAGs
[2024-05-08T14:59:11.890+0000] {logging_mixin.py:188} INFO - [2024-05-08T14:59:11.889+0000] {dag.py:3954} INFO - Setting next_dagrun for example_trigger_target_dag to None, run_after=None
[2024-05-08T14:59:11.924+0000] {processor.py:183} INFO - Processing /home/airflow/.local/lib/python3.12/site-packages/airflow/example_dags/example_trigger_target_dag.py took 0.108 seconds
[2024-05-08T14:59:42.041+0000] {processor.py:161} INFO - Started process (PID=4237) to work on /home/airflow/.local/lib/python3.12/site-packages/airflow/example_dags/example_trigger_target_dag.py
[2024-05-08T14:59:42.045+0000] {processor.py:830} INFO - Processing file /home/airflow/.local/lib/python3.12/site-packages/airflow/example_dags/example_trigger_target_dag.py for tasks to queue
[2024-05-08T14:59:42.048+0000] {logging_mixin.py:188} INFO - [2024-05-08T14:59:42.048+0000] {dagbag.py:545} INFO - Filling up the DagBag from /home/airflow/.local/lib/python3.12/site-packages/airflow/example_dags/example_trigger_target_dag.py
[2024-05-08T14:59:42.058+0000] {processor.py:840} INFO - DAG(s) 'example_trigger_target_dag' retrieved from /home/airflow/.local/lib/python3.12/site-packages/airflow/example_dags/example_trigger_target_dag.py
[2024-05-08T14:59:42.090+0000] {logging_mixin.py:188} INFO - [2024-05-08T14:59:42.089+0000] {dag.py:3096} INFO - Sync 1 DAGs
[2024-05-08T14:59:42.109+0000] {logging_mixin.py:188} INFO - [2024-05-08T14:59:42.109+0000] {dag.py:3954} INFO - Setting next_dagrun for example_trigger_target_dag to None, run_after=None
[2024-05-08T14:59:42.142+0000] {processor.py:183} INFO - Processing /home/airflow/.local/lib/python3.12/site-packages/airflow/example_dags/example_trigger_target_dag.py took 0.109 seconds
[2024-05-08T15:00:12.451+0000] {processor.py:161} INFO - Started process (PID=4499) to work on /home/airflow/.local/lib/python3.12/site-packages/airflow/example_dags/example_trigger_target_dag.py
[2024-05-08T15:00:12.453+0000] {processor.py:830} INFO - Processing file /home/airflow/.local/lib/python3.12/site-packages/airflow/example_dags/example_trigger_target_dag.py for tasks to queue
[2024-05-08T15:00:12.456+0000] {logging_mixin.py:188} INFO - [2024-05-08T15:00:12.456+0000] {dagbag.py:545} INFO - Filling up the DagBag from /home/airflow/.local/lib/python3.12/site-packages/airflow/example_dags/example_trigger_target_dag.py
[2024-05-08T15:00:12.468+0000] {processor.py:840} INFO - DAG(s) 'example_trigger_target_dag' retrieved from /home/airflow/.local/lib/python3.12/site-packages/airflow/example_dags/example_trigger_target_dag.py
[2024-05-08T15:00:12.510+0000] {logging_mixin.py:188} INFO - [2024-05-08T15:00:12.510+0000] {dag.py:3096} INFO - Sync 1 DAGs
[2024-05-08T15:00:12.530+0000] {logging_mixin.py:188} INFO - [2024-05-08T15:00:12.530+0000] {dag.py:3954} INFO - Setting next_dagrun for example_trigger_target_dag to None, run_after=None
[2024-05-08T15:00:12.575+0000] {processor.py:183} INFO - Processing /home/airflow/.local/lib/python3.12/site-packages/airflow/example_dags/example_trigger_target_dag.py took 0.138 seconds
[2024-05-08T15:00:42.861+0000] {processor.py:161} INFO - Started process (PID=4760) to work on /home/airflow/.local/lib/python3.12/site-packages/airflow/example_dags/example_trigger_target_dag.py
[2024-05-08T15:00:42.863+0000] {processor.py:830} INFO - Processing file /home/airflow/.local/lib/python3.12/site-packages/airflow/example_dags/example_trigger_target_dag.py for tasks to queue
[2024-05-08T15:00:42.877+0000] {logging_mixin.py:188} INFO - [2024-05-08T15:00:42.876+0000] {dagbag.py:545} INFO - Filling up the DagBag from /home/airflow/.local/lib/python3.12/site-packages/airflow/example_dags/example_trigger_target_dag.py
[2024-05-08T15:00:42.904+0000] {processor.py:840} INFO - DAG(s) 'example_trigger_target_dag' retrieved from /home/airflow/.local/lib/python3.12/site-packages/airflow/example_dags/example_trigger_target_dag.py
[2024-05-08T15:00:42.940+0000] {logging_mixin.py:188} INFO - [2024-05-08T15:00:42.940+0000] {dag.py:3096} INFO - Sync 1 DAGs
[2024-05-08T15:00:42.962+0000] {logging_mixin.py:188} INFO - [2024-05-08T15:00:42.962+0000] {dag.py:3954} INFO - Setting next_dagrun for example_trigger_target_dag to None, run_after=None
[2024-05-08T15:00:42.994+0000] {processor.py:183} INFO - Processing /home/airflow/.local/lib/python3.12/site-packages/airflow/example_dags/example_trigger_target_dag.py took 0.165 seconds
[2024-05-08T15:01:13.446+0000] {processor.py:161} INFO - Started process (PID=5021) to work on /home/airflow/.local/lib/python3.12/site-packages/airflow/example_dags/example_trigger_target_dag.py
[2024-05-08T15:01:13.450+0000] {processor.py:830} INFO - Processing file /home/airflow/.local/lib/python3.12/site-packages/airflow/example_dags/example_trigger_target_dag.py for tasks to queue
[2024-05-08T15:01:13.453+0000] {logging_mixin.py:188} INFO - [2024-05-08T15:01:13.452+0000] {dagbag.py:545} INFO - Filling up the DagBag from /home/airflow/.local/lib/python3.12/site-packages/airflow/example_dags/example_trigger_target_dag.py
[2024-05-08T15:01:13.465+0000] {processor.py:840} INFO - DAG(s) 'example_trigger_target_dag' retrieved from /home/airflow/.local/lib/python3.12/site-packages/airflow/example_dags/example_trigger_target_dag.py
[2024-05-08T15:01:13.495+0000] {logging_mixin.py:188} INFO - [2024-05-08T15:01:13.494+0000] {dag.py:3096} INFO - Sync 1 DAGs
[2024-05-08T15:01:13.515+0000] {logging_mixin.py:188} INFO - [2024-05-08T15:01:13.514+0000] {dag.py:3954} INFO - Setting next_dagrun for example_trigger_target_dag to None, run_after=None
[2024-05-08T15:01:13.550+0000] {processor.py:183} INFO - Processing /home/airflow/.local/lib/python3.12/site-packages/airflow/example_dags/example_trigger_target_dag.py took 0.114 seconds
[2024-05-08T15:01:45.333+0000] {processor.py:161} INFO - Started process (PID=5283) to work on /home/airflow/.local/lib/python3.12/site-packages/airflow/example_dags/example_trigger_target_dag.py
[2024-05-08T15:01:45.338+0000] {processor.py:830} INFO - Processing file /home/airflow/.local/lib/python3.12/site-packages/airflow/example_dags/example_trigger_target_dag.py for tasks to queue
[2024-05-08T15:01:45.357+0000] {logging_mixin.py:188} INFO - [2024-05-08T15:01:45.354+0000] {dagbag.py:545} INFO - Filling up the DagBag from /home/airflow/.local/lib/python3.12/site-packages/airflow/example_dags/example_trigger_target_dag.py
[2024-05-08T15:01:45.391+0000] {processor.py:840} INFO - DAG(s) 'example_trigger_target_dag' retrieved from /home/airflow/.local/lib/python3.12/site-packages/airflow/example_dags/example_trigger_target_dag.py
[2024-05-08T15:01:45.449+0000] {logging_mixin.py:188} INFO - [2024-05-08T15:01:45.448+0000] {dag.py:3096} INFO - Sync 1 DAGs
[2024-05-08T15:01:45.497+0000] {logging_mixin.py:188} INFO - [2024-05-08T15:01:45.496+0000] {dag.py:3954} INFO - Setting next_dagrun for example_trigger_target_dag to None, run_after=None
[2024-05-08T15:01:45.549+0000] {processor.py:183} INFO - Processing /home/airflow/.local/lib/python3.12/site-packages/airflow/example_dags/example_trigger_target_dag.py took 0.231 seconds
[2024-05-08T15:02:15.817+0000] {processor.py:161} INFO - Started process (PID=5547) to work on /home/airflow/.local/lib/python3.12/site-packages/airflow/example_dags/example_trigger_target_dag.py
[2024-05-08T15:02:15.819+0000] {processor.py:830} INFO - Processing file /home/airflow/.local/lib/python3.12/site-packages/airflow/example_dags/example_trigger_target_dag.py for tasks to queue
[2024-05-08T15:02:15.821+0000] {logging_mixin.py:188} INFO - [2024-05-08T15:02:15.821+0000] {dagbag.py:545} INFO - Filling up the DagBag from /home/airflow/.local/lib/python3.12/site-packages/airflow/example_dags/example_trigger_target_dag.py
[2024-05-08T15:02:15.830+0000] {processor.py:840} INFO - DAG(s) 'example_trigger_target_dag' retrieved from /home/airflow/.local/lib/python3.12/site-packages/airflow/example_dags/example_trigger_target_dag.py
[2024-05-08T15:02:15.861+0000] {logging_mixin.py:188} INFO - [2024-05-08T15:02:15.861+0000] {dag.py:3096} INFO - Sync 1 DAGs
[2024-05-08T15:02:15.884+0000] {logging_mixin.py:188} INFO - [2024-05-08T15:02:15.884+0000] {dag.py:3954} INFO - Setting next_dagrun for example_trigger_target_dag to None, run_after=None
[2024-05-08T15:02:15.927+0000] {processor.py:183} INFO - Processing /home/airflow/.local/lib/python3.12/site-packages/airflow/example_dags/example_trigger_target_dag.py took 0.119 seconds
[2024-05-08T15:02:46.595+0000] {processor.py:161} INFO - Started process (PID=5808) to work on /home/airflow/.local/lib/python3.12/site-packages/airflow/example_dags/example_trigger_target_dag.py
[2024-05-08T15:02:46.597+0000] {processor.py:830} INFO - Processing file /home/airflow/.local/lib/python3.12/site-packages/airflow/example_dags/example_trigger_target_dag.py for tasks to queue
[2024-05-08T15:02:46.601+0000] {logging_mixin.py:188} INFO - [2024-05-08T15:02:46.600+0000] {dagbag.py:545} INFO - Filling up the DagBag from /home/airflow/.local/lib/python3.12/site-packages/airflow/example_dags/example_trigger_target_dag.py
[2024-05-08T15:02:46.614+0000] {processor.py:840} INFO - DAG(s) 'example_trigger_target_dag' retrieved from /home/airflow/.local/lib/python3.12/site-packages/airflow/example_dags/example_trigger_target_dag.py
[2024-05-08T15:02:46.669+0000] {logging_mixin.py:188} INFO - [2024-05-08T15:02:46.668+0000] {dag.py:3096} INFO - Sync 1 DAGs
[2024-05-08T15:02:46.693+0000] {logging_mixin.py:188} INFO - [2024-05-08T15:02:46.693+0000] {dag.py:3954} INFO - Setting next_dagrun for example_trigger_target_dag to None, run_after=None
[2024-05-08T15:02:46.726+0000] {processor.py:183} INFO - Processing /home/airflow/.local/lib/python3.12/site-packages/airflow/example_dags/example_trigger_target_dag.py took 0.144 seconds
[2024-05-08T15:03:16.873+0000] {processor.py:161} INFO - Started process (PID=6070) to work on /home/airflow/.local/lib/python3.12/site-packages/airflow/example_dags/example_trigger_target_dag.py
[2024-05-08T15:03:16.874+0000] {processor.py:830} INFO - Processing file /home/airflow/.local/lib/python3.12/site-packages/airflow/example_dags/example_trigger_target_dag.py for tasks to queue
[2024-05-08T15:03:16.879+0000] {logging_mixin.py:188} INFO - [2024-05-08T15:03:16.878+0000] {dagbag.py:545} INFO - Filling up the DagBag from /home/airflow/.local/lib/python3.12/site-packages/airflow/example_dags/example_trigger_target_dag.py
[2024-05-08T15:03:16.891+0000] {processor.py:840} INFO - DAG(s) 'example_trigger_target_dag' retrieved from /home/airflow/.local/lib/python3.12/site-packages/airflow/example_dags/example_trigger_target_dag.py
[2024-05-08T15:03:16.920+0000] {logging_mixin.py:188} INFO - [2024-05-08T15:03:16.919+0000] {dag.py:3096} INFO - Sync 1 DAGs
[2024-05-08T15:03:16.939+0000] {logging_mixin.py:188} INFO - [2024-05-08T15:03:16.939+0000] {dag.py:3954} INFO - Setting next_dagrun for example_trigger_target_dag to None, run_after=None
[2024-05-08T15:03:16.969+0000] {processor.py:183} INFO - Processing /home/airflow/.local/lib/python3.12/site-packages/airflow/example_dags/example_trigger_target_dag.py took 0.107 seconds
[2024-05-08T15:03:47.356+0000] {processor.py:161} INFO - Started process (PID=6332) to work on /home/airflow/.local/lib/python3.12/site-packages/airflow/example_dags/example_trigger_target_dag.py
[2024-05-08T15:03:47.359+0000] {processor.py:830} INFO - Processing file /home/airflow/.local/lib/python3.12/site-packages/airflow/example_dags/example_trigger_target_dag.py for tasks to queue
[2024-05-08T15:03:47.361+0000] {logging_mixin.py:188} INFO - [2024-05-08T15:03:47.361+0000] {dagbag.py:545} INFO - Filling up the DagBag from /home/airflow/.local/lib/python3.12/site-packages/airflow/example_dags/example_trigger_target_dag.py
[2024-05-08T15:03:47.370+0000] {processor.py:840} INFO - DAG(s) 'example_trigger_target_dag' retrieved from /home/airflow/.local/lib/python3.12/site-packages/airflow/example_dags/example_trigger_target_dag.py
[2024-05-08T15:03:47.397+0000] {logging_mixin.py:188} INFO - [2024-05-08T15:03:47.397+0000] {dag.py:3096} INFO - Sync 1 DAGs
[2024-05-08T15:03:47.415+0000] {logging_mixin.py:188} INFO - [2024-05-08T15:03:47.414+0000] {dag.py:3954} INFO - Setting next_dagrun for example_trigger_target_dag to None, run_after=None
[2024-05-08T15:03:47.445+0000] {processor.py:183} INFO - Processing /home/airflow/.local/lib/python3.12/site-packages/airflow/example_dags/example_trigger_target_dag.py took 0.097 seconds
[2024-05-08T15:04:17.763+0000] {processor.py:161} INFO - Started process (PID=6594) to work on /home/airflow/.local/lib/python3.12/site-packages/airflow/example_dags/example_trigger_target_dag.py
[2024-05-08T15:04:17.765+0000] {processor.py:830} INFO - Processing file /home/airflow/.local/lib/python3.12/site-packages/airflow/example_dags/example_trigger_target_dag.py for tasks to queue
[2024-05-08T15:04:17.769+0000] {logging_mixin.py:188} INFO - [2024-05-08T15:04:17.768+0000] {dagbag.py:545} INFO - Filling up the DagBag from /home/airflow/.local/lib/python3.12/site-packages/airflow/example_dags/example_trigger_target_dag.py
[2024-05-08T15:04:17.785+0000] {processor.py:840} INFO - DAG(s) 'example_trigger_target_dag' retrieved from /home/airflow/.local/lib/python3.12/site-packages/airflow/example_dags/example_trigger_target_dag.py
[2024-05-08T15:04:17.835+0000] {logging_mixin.py:188} INFO - [2024-05-08T15:04:17.835+0000] {dag.py:3096} INFO - Sync 1 DAGs
[2024-05-08T15:04:17.863+0000] {logging_mixin.py:188} INFO - [2024-05-08T15:04:17.862+0000] {dag.py:3954} INFO - Setting next_dagrun for example_trigger_target_dag to None, run_after=None
[2024-05-08T15:04:17.897+0000] {processor.py:183} INFO - Processing /home/airflow/.local/lib/python3.12/site-packages/airflow/example_dags/example_trigger_target_dag.py took 0.147 seconds
[2024-05-08T15:04:51.729+0000] {processor.py:161} INFO - Started process (PID=6854) to work on /home/airflow/.local/lib/python3.12/site-packages/airflow/example_dags/example_trigger_target_dag.py
[2024-05-08T15:04:51.742+0000] {processor.py:830} INFO - Processing file /home/airflow/.local/lib/python3.12/site-packages/airflow/example_dags/example_trigger_target_dag.py for tasks to queue
[2024-05-08T15:04:51.767+0000] {logging_mixin.py:188} INFO - [2024-05-08T15:04:51.766+0000] {dagbag.py:545} INFO - Filling up the DagBag from /home/airflow/.local/lib/python3.12/site-packages/airflow/example_dags/example_trigger_target_dag.py
[2024-05-08T15:04:51.795+0000] {processor.py:840} INFO - DAG(s) 'example_trigger_target_dag' retrieved from /home/airflow/.local/lib/python3.12/site-packages/airflow/example_dags/example_trigger_target_dag.py
[2024-05-08T15:04:52.000+0000] {logging_mixin.py:188} INFO - [2024-05-08T15:04:51.999+0000] {dag.py:3096} INFO - Sync 1 DAGs
[2024-05-08T15:04:52.308+0000] {logging_mixin.py:188} INFO - [2024-05-08T15:04:52.251+0000] {dag.py:3954} INFO - Setting next_dagrun for example_trigger_target_dag to None, run_after=None
[2024-05-08T15:04:52.457+0000] {processor.py:183} INFO - Processing /home/airflow/.local/lib/python3.12/site-packages/airflow/example_dags/example_trigger_target_dag.py took 0.743 seconds
[2024-05-08T15:05:22.907+0000] {processor.py:161} INFO - Started process (PID=7112) to work on /home/airflow/.local/lib/python3.12/site-packages/airflow/example_dags/example_trigger_target_dag.py
[2024-05-08T15:05:22.910+0000] {processor.py:830} INFO - Processing file /home/airflow/.local/lib/python3.12/site-packages/airflow/example_dags/example_trigger_target_dag.py for tasks to queue
[2024-05-08T15:05:22.922+0000] {logging_mixin.py:188} INFO - [2024-05-08T15:05:22.921+0000] {dagbag.py:545} INFO - Filling up the DagBag from /home/airflow/.local/lib/python3.12/site-packages/airflow/example_dags/example_trigger_target_dag.py
[2024-05-08T15:05:22.939+0000] {processor.py:840} INFO - DAG(s) 'example_trigger_target_dag' retrieved from /home/airflow/.local/lib/python3.12/site-packages/airflow/example_dags/example_trigger_target_dag.py
[2024-05-08T15:05:23.081+0000] {logging_mixin.py:188} INFO - [2024-05-08T15:05:23.080+0000] {dag.py:3096} INFO - Sync 1 DAGs
[2024-05-08T15:05:23.139+0000] {logging_mixin.py:188} INFO - [2024-05-08T15:05:23.139+0000] {dag.py:3954} INFO - Setting next_dagrun for example_trigger_target_dag to None, run_after=None
[2024-05-08T15:05:23.187+0000] {processor.py:183} INFO - Processing /home/airflow/.local/lib/python3.12/site-packages/airflow/example_dags/example_trigger_target_dag.py took 0.294 seconds
[2024-05-08T15:05:53.945+0000] {processor.py:161} INFO - Started process (PID=7373) to work on /home/airflow/.local/lib/python3.12/site-packages/airflow/example_dags/example_trigger_target_dag.py
[2024-05-08T15:05:53.947+0000] {processor.py:830} INFO - Processing file /home/airflow/.local/lib/python3.12/site-packages/airflow/example_dags/example_trigger_target_dag.py for tasks to queue
[2024-05-08T15:05:53.950+0000] {logging_mixin.py:188} INFO - [2024-05-08T15:05:53.949+0000] {dagbag.py:545} INFO - Filling up the DagBag from /home/airflow/.local/lib/python3.12/site-packages/airflow/example_dags/example_trigger_target_dag.py
[2024-05-08T15:05:53.958+0000] {processor.py:840} INFO - DAG(s) 'example_trigger_target_dag' retrieved from /home/airflow/.local/lib/python3.12/site-packages/airflow/example_dags/example_trigger_target_dag.py
[2024-05-08T15:05:53.985+0000] {logging_mixin.py:188} INFO - [2024-05-08T15:05:53.985+0000] {dag.py:3096} INFO - Sync 1 DAGs
[2024-05-08T15:05:54.005+0000] {logging_mixin.py:188} INFO - [2024-05-08T15:05:54.005+0000] {dag.py:3954} INFO - Setting next_dagrun for example_trigger_target_dag to None, run_after=None
[2024-05-08T15:05:54.037+0000] {processor.py:183} INFO - Processing /home/airflow/.local/lib/python3.12/site-packages/airflow/example_dags/example_trigger_target_dag.py took 0.099 seconds
[2024-05-08T15:06:24.423+0000] {processor.py:161} INFO - Started process (PID=7635) to work on /home/airflow/.local/lib/python3.12/site-packages/airflow/example_dags/example_trigger_target_dag.py
[2024-05-08T15:06:24.425+0000] {processor.py:830} INFO - Processing file /home/airflow/.local/lib/python3.12/site-packages/airflow/example_dags/example_trigger_target_dag.py for tasks to queue
[2024-05-08T15:06:24.428+0000] {logging_mixin.py:188} INFO - [2024-05-08T15:06:24.428+0000] {dagbag.py:545} INFO - Filling up the DagBag from /home/airflow/.local/lib/python3.12/site-packages/airflow/example_dags/example_trigger_target_dag.py
[2024-05-08T15:06:24.436+0000] {processor.py:840} INFO - DAG(s) 'example_trigger_target_dag' retrieved from /home/airflow/.local/lib/python3.12/site-packages/airflow/example_dags/example_trigger_target_dag.py
[2024-05-08T15:06:24.463+0000] {logging_mixin.py:188} INFO - [2024-05-08T15:06:24.462+0000] {dag.py:3096} INFO - Sync 1 DAGs
[2024-05-08T15:06:24.480+0000] {logging_mixin.py:188} INFO - [2024-05-08T15:06:24.480+0000] {dag.py:3954} INFO - Setting next_dagrun for example_trigger_target_dag to None, run_after=None
[2024-05-08T15:06:24.508+0000] {processor.py:183} INFO - Processing /home/airflow/.local/lib/python3.12/site-packages/airflow/example_dags/example_trigger_target_dag.py took 0.093 seconds
[2024-05-08T15:06:54.967+0000] {processor.py:161} INFO - Started process (PID=7896) to work on /home/airflow/.local/lib/python3.12/site-packages/airflow/example_dags/example_trigger_target_dag.py
[2024-05-08T15:06:54.968+0000] {processor.py:830} INFO - Processing file /home/airflow/.local/lib/python3.12/site-packages/airflow/example_dags/example_trigger_target_dag.py for tasks to queue
[2024-05-08T15:06:54.971+0000] {logging_mixin.py:188} INFO - [2024-05-08T15:06:54.971+0000] {dagbag.py:545} INFO - Filling up the DagBag from /home/airflow/.local/lib/python3.12/site-packages/airflow/example_dags/example_trigger_target_dag.py
[2024-05-08T15:06:54.979+0000] {processor.py:840} INFO - DAG(s) 'example_trigger_target_dag' retrieved from /home/airflow/.local/lib/python3.12/site-packages/airflow/example_dags/example_trigger_target_dag.py
[2024-05-08T15:06:55.006+0000] {logging_mixin.py:188} INFO - [2024-05-08T15:06:55.006+0000] {dag.py:3096} INFO - Sync 1 DAGs
[2024-05-08T15:06:55.024+0000] {logging_mixin.py:188} INFO - [2024-05-08T15:06:55.023+0000] {dag.py:3954} INFO - Setting next_dagrun for example_trigger_target_dag to None, run_after=None
[2024-05-08T15:06:55.052+0000] {processor.py:183} INFO - Processing /home/airflow/.local/lib/python3.12/site-packages/airflow/example_dags/example_trigger_target_dag.py took 0.093 seconds
[2024-05-08T15:07:25.281+0000] {processor.py:161} INFO - Started process (PID=8158) to work on /home/airflow/.local/lib/python3.12/site-packages/airflow/example_dags/example_trigger_target_dag.py
[2024-05-08T15:07:25.282+0000] {processor.py:830} INFO - Processing file /home/airflow/.local/lib/python3.12/site-packages/airflow/example_dags/example_trigger_target_dag.py for tasks to queue
[2024-05-08T15:07:25.285+0000] {logging_mixin.py:188} INFO - [2024-05-08T15:07:25.285+0000] {dagbag.py:545} INFO - Filling up the DagBag from /home/airflow/.local/lib/python3.12/site-packages/airflow/example_dags/example_trigger_target_dag.py
[2024-05-08T15:07:25.293+0000] {processor.py:840} INFO - DAG(s) 'example_trigger_target_dag' retrieved from /home/airflow/.local/lib/python3.12/site-packages/airflow/example_dags/example_trigger_target_dag.py
[2024-05-08T15:07:25.320+0000] {logging_mixin.py:188} INFO - [2024-05-08T15:07:25.319+0000] {dag.py:3096} INFO - Sync 1 DAGs
[2024-05-08T15:07:25.338+0000] {logging_mixin.py:188} INFO - [2024-05-08T15:07:25.338+0000] {dag.py:3954} INFO - Setting next_dagrun for example_trigger_target_dag to None, run_after=None
[2024-05-08T15:07:25.366+0000] {processor.py:183} INFO - Processing /home/airflow/.local/lib/python3.12/site-packages/airflow/example_dags/example_trigger_target_dag.py took 0.094 seconds
[2024-05-08T15:07:55.676+0000] {processor.py:161} INFO - Started process (PID=8420) to work on /home/airflow/.local/lib/python3.12/site-packages/airflow/example_dags/example_trigger_target_dag.py
[2024-05-08T15:07:55.678+0000] {processor.py:830} INFO - Processing file /home/airflow/.local/lib/python3.12/site-packages/airflow/example_dags/example_trigger_target_dag.py for tasks to queue
[2024-05-08T15:07:55.681+0000] {logging_mixin.py:188} INFO - [2024-05-08T15:07:55.681+0000] {dagbag.py:545} INFO - Filling up the DagBag from /home/airflow/.local/lib/python3.12/site-packages/airflow/example_dags/example_trigger_target_dag.py
[2024-05-08T15:07:55.688+0000] {processor.py:840} INFO - DAG(s) 'example_trigger_target_dag' retrieved from /home/airflow/.local/lib/python3.12/site-packages/airflow/example_dags/example_trigger_target_dag.py
[2024-05-08T15:07:55.719+0000] {logging_mixin.py:188} INFO - [2024-05-08T15:07:55.718+0000] {dag.py:3096} INFO - Sync 1 DAGs
[2024-05-08T15:07:55.740+0000] {logging_mixin.py:188} INFO - [2024-05-08T15:07:55.739+0000] {dag.py:3954} INFO - Setting next_dagrun for example_trigger_target_dag to None, run_after=None
[2024-05-08T15:07:55.769+0000] {processor.py:183} INFO - Processing /home/airflow/.local/lib/python3.12/site-packages/airflow/example_dags/example_trigger_target_dag.py took 0.100 seconds
[2024-05-08T15:08:25.983+0000] {processor.py:161} INFO - Started process (PID=8682) to work on /home/airflow/.local/lib/python3.12/site-packages/airflow/example_dags/example_trigger_target_dag.py
[2024-05-08T15:08:25.984+0000] {processor.py:830} INFO - Processing file /home/airflow/.local/lib/python3.12/site-packages/airflow/example_dags/example_trigger_target_dag.py for tasks to queue
[2024-05-08T15:08:25.988+0000] {logging_mixin.py:188} INFO - [2024-05-08T15:08:25.987+0000] {dagbag.py:545} INFO - Filling up the DagBag from /home/airflow/.local/lib/python3.12/site-packages/airflow/example_dags/example_trigger_target_dag.py
[2024-05-08T15:08:25.995+0000] {processor.py:840} INFO - DAG(s) 'example_trigger_target_dag' retrieved from /home/airflow/.local/lib/python3.12/site-packages/airflow/example_dags/example_trigger_target_dag.py
[2024-05-08T15:08:26.023+0000] {logging_mixin.py:188} INFO - [2024-05-08T15:08:26.023+0000] {dag.py:3096} INFO - Sync 1 DAGs
[2024-05-08T15:08:26.041+0000] {logging_mixin.py:188} INFO - [2024-05-08T15:08:26.040+0000] {dag.py:3954} INFO - Setting next_dagrun for example_trigger_target_dag to None, run_after=None
[2024-05-08T15:08:26.069+0000] {processor.py:183} INFO - Processing /home/airflow/.local/lib/python3.12/site-packages/airflow/example_dags/example_trigger_target_dag.py took 0.094 seconds
