[2024-05-08T14:51:53.193+0000] {processor.py:161} INFO - Started process (PID=304) to work on /home/airflow/.local/lib/python3.12/site-packages/airflow/example_dags/example_branch_operator.py
[2024-05-08T14:51:53.195+0000] {processor.py:830} INFO - Processing file /home/airflow/.local/lib/python3.12/site-packages/airflow/example_dags/example_branch_operator.py for tasks to queue
[2024-05-08T14:51:53.199+0000] {logging_mixin.py:188} INFO - [2024-05-08T14:51:53.198+0000] {dagbag.py:545} INFO - Filling up the DagBag from /home/airflow/.local/lib/python3.12/site-packages/airflow/example_dags/example_branch_operator.py
[2024-05-08T14:51:53.240+0000] {processor.py:840} INFO - DAG(s) 'example_branch_operator' retrieved from /home/airflow/.local/lib/python3.12/site-packages/airflow/example_dags/example_branch_operator.py
[2024-05-08T14:51:53.486+0000] {logging_mixin.py:188} INFO - [2024-05-08T14:51:53.485+0000] {dag.py:3096} INFO - Sync 1 DAGs
[2024-05-08T14:51:53.547+0000] {logging_mixin.py:188} INFO - [2024-05-08T14:51:53.547+0000] {dag.py:3954} INFO - Setting next_dagrun for example_branch_operator to 2024-05-07 00:00:00+00:00, run_after=2024-05-08 00:00:00+00:00
[2024-05-08T14:51:53.600+0000] {processor.py:183} INFO - Processing /home/airflow/.local/lib/python3.12/site-packages/airflow/example_dags/example_branch_operator.py took 0.417 seconds
[2024-05-08T14:52:24.278+0000] {processor.py:161} INFO - Started process (PID=571) to work on /home/airflow/.local/lib/python3.12/site-packages/airflow/example_dags/example_branch_operator.py
[2024-05-08T14:52:24.280+0000] {processor.py:830} INFO - Processing file /home/airflow/.local/lib/python3.12/site-packages/airflow/example_dags/example_branch_operator.py for tasks to queue
[2024-05-08T14:52:24.284+0000] {logging_mixin.py:188} INFO - [2024-05-08T14:52:24.283+0000] {dagbag.py:545} INFO - Filling up the DagBag from /home/airflow/.local/lib/python3.12/site-packages/airflow/example_dags/example_branch_operator.py
[2024-05-08T14:52:24.311+0000] {processor.py:840} INFO - DAG(s) 'example_branch_operator' retrieved from /home/airflow/.local/lib/python3.12/site-packages/airflow/example_dags/example_branch_operator.py
[2024-05-08T14:52:24.357+0000] {logging_mixin.py:188} INFO - [2024-05-08T14:52:24.356+0000] {dag.py:3096} INFO - Sync 1 DAGs
[2024-05-08T14:52:24.411+0000] {logging_mixin.py:188} INFO - [2024-05-08T14:52:24.411+0000] {dag.py:3954} INFO - Setting next_dagrun for example_branch_operator to 2024-05-07 00:00:00+00:00, run_after=2024-05-08 00:00:00+00:00
[2024-05-08T14:52:24.450+0000] {processor.py:183} INFO - Processing /home/airflow/.local/lib/python3.12/site-packages/airflow/example_dags/example_branch_operator.py took 0.181 seconds
[2024-05-08T14:52:59.840+0000] {processor.py:161} INFO - Started process (PID=826) to work on /home/airflow/.local/lib/python3.12/site-packages/airflow/example_dags/example_branch_operator.py
[2024-05-08T14:52:59.845+0000] {processor.py:830} INFO - Processing file /home/airflow/.local/lib/python3.12/site-packages/airflow/example_dags/example_branch_operator.py for tasks to queue
[2024-05-08T14:52:59.856+0000] {logging_mixin.py:188} INFO - [2024-05-08T14:52:59.854+0000] {dagbag.py:545} INFO - Filling up the DagBag from /home/airflow/.local/lib/python3.12/site-packages/airflow/example_dags/example_branch_operator.py
[2024-05-08T14:52:59.914+0000] {processor.py:840} INFO - DAG(s) 'example_branch_operator' retrieved from /home/airflow/.local/lib/python3.12/site-packages/airflow/example_dags/example_branch_operator.py
[2024-05-08T14:53:00.040+0000] {logging_mixin.py:188} INFO - [2024-05-08T14:53:00.039+0000] {dag.py:3096} INFO - Sync 1 DAGs
[2024-05-08T14:53:00.151+0000] {logging_mixin.py:188} INFO - [2024-05-08T14:53:00.151+0000] {dag.py:3954} INFO - Setting next_dagrun for example_branch_operator to 2024-05-07 00:00:00+00:00, run_after=2024-05-08 00:00:00+00:00
[2024-05-08T14:53:00.195+0000] {processor.py:183} INFO - Processing /home/airflow/.local/lib/python3.12/site-packages/airflow/example_dags/example_branch_operator.py took 0.372 seconds
[2024-05-08T14:53:30.828+0000] {processor.py:161} INFO - Started process (PID=1088) to work on /home/airflow/.local/lib/python3.12/site-packages/airflow/example_dags/example_branch_operator.py
[2024-05-08T14:53:30.830+0000] {processor.py:830} INFO - Processing file /home/airflow/.local/lib/python3.12/site-packages/airflow/example_dags/example_branch_operator.py for tasks to queue
[2024-05-08T14:53:30.850+0000] {logging_mixin.py:188} INFO - [2024-05-08T14:53:30.849+0000] {dagbag.py:545} INFO - Filling up the DagBag from /home/airflow/.local/lib/python3.12/site-packages/airflow/example_dags/example_branch_operator.py
[2024-05-08T14:53:30.877+0000] {processor.py:840} INFO - DAG(s) 'example_branch_operator' retrieved from /home/airflow/.local/lib/python3.12/site-packages/airflow/example_dags/example_branch_operator.py
[2024-05-08T14:53:30.956+0000] {logging_mixin.py:188} INFO - [2024-05-08T14:53:30.956+0000] {dag.py:3096} INFO - Sync 1 DAGs
[2024-05-08T14:53:31.020+0000] {logging_mixin.py:188} INFO - [2024-05-08T14:53:31.019+0000] {dag.py:3954} INFO - Setting next_dagrun for example_branch_operator to 2024-05-07 00:00:00+00:00, run_after=2024-05-08 00:00:00+00:00
[2024-05-08T14:53:31.078+0000] {processor.py:183} INFO - Processing /home/airflow/.local/lib/python3.12/site-packages/airflow/example_dags/example_branch_operator.py took 0.260 seconds
[2024-05-08T14:54:05.918+0000] {processor.py:161} INFO - Started process (PID=1353) to work on /home/airflow/.local/lib/python3.12/site-packages/airflow/example_dags/example_branch_operator.py
[2024-05-08T14:54:05.921+0000] {processor.py:830} INFO - Processing file /home/airflow/.local/lib/python3.12/site-packages/airflow/example_dags/example_branch_operator.py for tasks to queue
[2024-05-08T14:54:05.926+0000] {logging_mixin.py:188} INFO - [2024-05-08T14:54:05.925+0000] {dagbag.py:545} INFO - Filling up the DagBag from /home/airflow/.local/lib/python3.12/site-packages/airflow/example_dags/example_branch_operator.py
[2024-05-08T14:54:06.003+0000] {processor.py:840} INFO - DAG(s) 'example_branch_operator' retrieved from /home/airflow/.local/lib/python3.12/site-packages/airflow/example_dags/example_branch_operator.py
[2024-05-08T14:54:06.143+0000] {logging_mixin.py:188} INFO - [2024-05-08T14:54:06.142+0000] {dag.py:3096} INFO - Sync 1 DAGs
[2024-05-08T14:54:06.210+0000] {logging_mixin.py:188} INFO - [2024-05-08T14:54:06.210+0000] {dag.py:3954} INFO - Setting next_dagrun for example_branch_operator to 2024-05-07 00:00:00+00:00, run_after=2024-05-08 00:00:00+00:00
[2024-05-08T14:54:06.304+0000] {processor.py:183} INFO - Processing /home/airflow/.local/lib/python3.12/site-packages/airflow/example_dags/example_branch_operator.py took 0.399 seconds
[2024-05-08T14:54:36.505+0000] {processor.py:161} INFO - Started process (PID=1619) to work on /home/airflow/.local/lib/python3.12/site-packages/airflow/example_dags/example_branch_operator.py
[2024-05-08T14:54:36.507+0000] {processor.py:830} INFO - Processing file /home/airflow/.local/lib/python3.12/site-packages/airflow/example_dags/example_branch_operator.py for tasks to queue
[2024-05-08T14:54:36.512+0000] {logging_mixin.py:188} INFO - [2024-05-08T14:54:36.511+0000] {dagbag.py:545} INFO - Filling up the DagBag from /home/airflow/.local/lib/python3.12/site-packages/airflow/example_dags/example_branch_operator.py
[2024-05-08T14:54:36.543+0000] {processor.py:840} INFO - DAG(s) 'example_branch_operator' retrieved from /home/airflow/.local/lib/python3.12/site-packages/airflow/example_dags/example_branch_operator.py
[2024-05-08T14:54:36.594+0000] {logging_mixin.py:188} INFO - [2024-05-08T14:54:36.594+0000] {dag.py:3096} INFO - Sync 1 DAGs
[2024-05-08T14:54:36.627+0000] {logging_mixin.py:188} INFO - [2024-05-08T14:54:36.627+0000] {dag.py:3954} INFO - Setting next_dagrun for example_branch_operator to 2024-05-07 00:00:00+00:00, run_after=2024-05-08 00:00:00+00:00
[2024-05-08T14:54:36.655+0000] {processor.py:183} INFO - Processing /home/airflow/.local/lib/python3.12/site-packages/airflow/example_dags/example_branch_operator.py took 0.161 seconds
[2024-05-08T14:55:07.059+0000] {processor.py:161} INFO - Started process (PID=1881) to work on /home/airflow/.local/lib/python3.12/site-packages/airflow/example_dags/example_branch_operator.py
[2024-05-08T14:55:07.061+0000] {processor.py:830} INFO - Processing file /home/airflow/.local/lib/python3.12/site-packages/airflow/example_dags/example_branch_operator.py for tasks to queue
[2024-05-08T14:55:07.064+0000] {logging_mixin.py:188} INFO - [2024-05-08T14:55:07.063+0000] {dagbag.py:545} INFO - Filling up the DagBag from /home/airflow/.local/lib/python3.12/site-packages/airflow/example_dags/example_branch_operator.py
[2024-05-08T14:55:07.112+0000] {processor.py:840} INFO - DAG(s) 'example_branch_operator' retrieved from /home/airflow/.local/lib/python3.12/site-packages/airflow/example_dags/example_branch_operator.py
[2024-05-08T14:55:07.184+0000] {logging_mixin.py:188} INFO - [2024-05-08T14:55:07.184+0000] {dag.py:3096} INFO - Sync 1 DAGs
[2024-05-08T14:55:07.233+0000] {logging_mixin.py:188} INFO - [2024-05-08T14:55:07.233+0000] {dag.py:3954} INFO - Setting next_dagrun for example_branch_operator to 2024-05-07 00:00:00+00:00, run_after=2024-05-08 00:00:00+00:00
[2024-05-08T14:55:07.262+0000] {processor.py:183} INFO - Processing /home/airflow/.local/lib/python3.12/site-packages/airflow/example_dags/example_branch_operator.py took 0.215 seconds
[2024-05-08T14:55:37.317+0000] {processor.py:161} INFO - Started process (PID=2143) to work on /home/airflow/.local/lib/python3.12/site-packages/airflow/example_dags/example_branch_operator.py
[2024-05-08T14:55:37.318+0000] {processor.py:830} INFO - Processing file /home/airflow/.local/lib/python3.12/site-packages/airflow/example_dags/example_branch_operator.py for tasks to queue
[2024-05-08T14:55:37.321+0000] {logging_mixin.py:188} INFO - [2024-05-08T14:55:37.320+0000] {dagbag.py:545} INFO - Filling up the DagBag from /home/airflow/.local/lib/python3.12/site-packages/airflow/example_dags/example_branch_operator.py
[2024-05-08T14:55:37.347+0000] {processor.py:840} INFO - DAG(s) 'example_branch_operator' retrieved from /home/airflow/.local/lib/python3.12/site-packages/airflow/example_dags/example_branch_operator.py
[2024-05-08T14:55:37.396+0000] {logging_mixin.py:188} INFO - [2024-05-08T14:55:37.396+0000] {dag.py:3096} INFO - Sync 1 DAGs
[2024-05-08T14:55:37.436+0000] {logging_mixin.py:188} INFO - [2024-05-08T14:55:37.436+0000] {dag.py:3954} INFO - Setting next_dagrun for example_branch_operator to 2024-05-07 00:00:00+00:00, run_after=2024-05-08 00:00:00+00:00
[2024-05-08T14:55:37.550+0000] {processor.py:183} INFO - Processing /home/airflow/.local/lib/python3.12/site-packages/airflow/example_dags/example_branch_operator.py took 0.245 seconds
[2024-05-08T14:56:08.124+0000] {processor.py:161} INFO - Started process (PID=2402) to work on /home/airflow/.local/lib/python3.12/site-packages/airflow/example_dags/example_branch_operator.py
[2024-05-08T14:56:08.128+0000] {processor.py:830} INFO - Processing file /home/airflow/.local/lib/python3.12/site-packages/airflow/example_dags/example_branch_operator.py for tasks to queue
[2024-05-08T14:56:08.151+0000] {logging_mixin.py:188} INFO - [2024-05-08T14:56:08.150+0000] {dagbag.py:545} INFO - Filling up the DagBag from /home/airflow/.local/lib/python3.12/site-packages/airflow/example_dags/example_branch_operator.py
[2024-05-08T14:56:08.212+0000] {processor.py:840} INFO - DAG(s) 'example_branch_operator' retrieved from /home/airflow/.local/lib/python3.12/site-packages/airflow/example_dags/example_branch_operator.py
[2024-05-08T14:56:08.305+0000] {logging_mixin.py:188} INFO - [2024-05-08T14:56:08.305+0000] {dag.py:3096} INFO - Sync 1 DAGs
[2024-05-08T14:56:08.567+0000] {logging_mixin.py:188} INFO - [2024-05-08T14:56:08.567+0000] {dag.py:3954} INFO - Setting next_dagrun for example_branch_operator to 2024-05-07 00:00:00+00:00, run_after=2024-05-08 00:00:00+00:00
[2024-05-08T14:56:08.783+0000] {processor.py:183} INFO - Processing /home/airflow/.local/lib/python3.12/site-packages/airflow/example_dags/example_branch_operator.py took 0.674 seconds
[2024-05-08T14:56:39.236+0000] {processor.py:161} INFO - Started process (PID=2665) to work on /home/airflow/.local/lib/python3.12/site-packages/airflow/example_dags/example_branch_operator.py
[2024-05-08T14:56:39.239+0000] {processor.py:830} INFO - Processing file /home/airflow/.local/lib/python3.12/site-packages/airflow/example_dags/example_branch_operator.py for tasks to queue
[2024-05-08T14:56:39.244+0000] {logging_mixin.py:188} INFO - [2024-05-08T14:56:39.244+0000] {dagbag.py:545} INFO - Filling up the DagBag from /home/airflow/.local/lib/python3.12/site-packages/airflow/example_dags/example_branch_operator.py
[2024-05-08T14:56:39.319+0000] {processor.py:840} INFO - DAG(s) 'example_branch_operator' retrieved from /home/airflow/.local/lib/python3.12/site-packages/airflow/example_dags/example_branch_operator.py
[2024-05-08T14:56:39.415+0000] {logging_mixin.py:188} INFO - [2024-05-08T14:56:39.415+0000] {dag.py:3096} INFO - Sync 1 DAGs
[2024-05-08T14:56:39.467+0000] {logging_mixin.py:188} INFO - [2024-05-08T14:56:39.466+0000] {dag.py:3954} INFO - Setting next_dagrun for example_branch_operator to 2024-05-07 00:00:00+00:00, run_after=2024-05-08 00:00:00+00:00
[2024-05-08T14:56:39.558+0000] {processor.py:183} INFO - Processing /home/airflow/.local/lib/python3.12/site-packages/airflow/example_dags/example_branch_operator.py took 0.333 seconds
[2024-05-08T14:57:09.670+0000] {processor.py:161} INFO - Started process (PID=2931) to work on /home/airflow/.local/lib/python3.12/site-packages/airflow/example_dags/example_branch_operator.py
[2024-05-08T14:57:09.672+0000] {processor.py:830} INFO - Processing file /home/airflow/.local/lib/python3.12/site-packages/airflow/example_dags/example_branch_operator.py for tasks to queue
[2024-05-08T14:57:09.676+0000] {logging_mixin.py:188} INFO - [2024-05-08T14:57:09.675+0000] {dagbag.py:545} INFO - Filling up the DagBag from /home/airflow/.local/lib/python3.12/site-packages/airflow/example_dags/example_branch_operator.py
[2024-05-08T14:57:09.708+0000] {processor.py:840} INFO - DAG(s) 'example_branch_operator' retrieved from /home/airflow/.local/lib/python3.12/site-packages/airflow/example_dags/example_branch_operator.py
[2024-05-08T14:57:09.760+0000] {logging_mixin.py:188} INFO - [2024-05-08T14:57:09.760+0000] {dag.py:3096} INFO - Sync 1 DAGs
[2024-05-08T14:57:09.802+0000] {logging_mixin.py:188} INFO - [2024-05-08T14:57:09.802+0000] {dag.py:3954} INFO - Setting next_dagrun for example_branch_operator to 2024-05-07 00:00:00+00:00, run_after=2024-05-08 00:00:00+00:00
[2024-05-08T14:57:09.831+0000] {processor.py:183} INFO - Processing /home/airflow/.local/lib/python3.12/site-packages/airflow/example_dags/example_branch_operator.py took 0.173 seconds
[2024-05-08T14:57:40.171+0000] {processor.py:161} INFO - Started process (PID=3191) to work on /home/airflow/.local/lib/python3.12/site-packages/airflow/example_dags/example_branch_operator.py
[2024-05-08T14:57:40.173+0000] {processor.py:830} INFO - Processing file /home/airflow/.local/lib/python3.12/site-packages/airflow/example_dags/example_branch_operator.py for tasks to queue
[2024-05-08T14:57:40.176+0000] {logging_mixin.py:188} INFO - [2024-05-08T14:57:40.175+0000] {dagbag.py:545} INFO - Filling up the DagBag from /home/airflow/.local/lib/python3.12/site-packages/airflow/example_dags/example_branch_operator.py
[2024-05-08T14:57:40.206+0000] {processor.py:840} INFO - DAG(s) 'example_branch_operator' retrieved from /home/airflow/.local/lib/python3.12/site-packages/airflow/example_dags/example_branch_operator.py
[2024-05-08T14:57:40.251+0000] {logging_mixin.py:188} INFO - [2024-05-08T14:57:40.251+0000] {dag.py:3096} INFO - Sync 1 DAGs
[2024-05-08T14:57:40.287+0000] {logging_mixin.py:188} INFO - [2024-05-08T14:57:40.286+0000] {dag.py:3954} INFO - Setting next_dagrun for example_branch_operator to 2024-05-07 00:00:00+00:00, run_after=2024-05-08 00:00:00+00:00
[2024-05-08T14:57:40.321+0000] {processor.py:183} INFO - Processing /home/airflow/.local/lib/python3.12/site-packages/airflow/example_dags/example_branch_operator.py took 0.160 seconds
[2024-05-08T14:58:10.691+0000] {processor.py:161} INFO - Started process (PID=3457) to work on /home/airflow/.local/lib/python3.12/site-packages/airflow/example_dags/example_branch_operator.py
[2024-05-08T14:58:10.695+0000] {processor.py:830} INFO - Processing file /home/airflow/.local/lib/python3.12/site-packages/airflow/example_dags/example_branch_operator.py for tasks to queue
[2024-05-08T14:58:10.727+0000] {logging_mixin.py:188} INFO - [2024-05-08T14:58:10.726+0000] {dagbag.py:545} INFO - Filling up the DagBag from /home/airflow/.local/lib/python3.12/site-packages/airflow/example_dags/example_branch_operator.py
[2024-05-08T14:58:10.776+0000] {processor.py:840} INFO - DAG(s) 'example_branch_operator' retrieved from /home/airflow/.local/lib/python3.12/site-packages/airflow/example_dags/example_branch_operator.py
[2024-05-08T14:58:10.834+0000] {logging_mixin.py:188} INFO - [2024-05-08T14:58:10.833+0000] {dag.py:3096} INFO - Sync 1 DAGs
[2024-05-08T14:58:10.874+0000] {logging_mixin.py:188} INFO - [2024-05-08T14:58:10.874+0000] {dag.py:3954} INFO - Setting next_dagrun for example_branch_operator to 2024-05-07 00:00:00+00:00, run_after=2024-05-08 00:00:00+00:00
[2024-05-08T14:58:10.912+0000] {processor.py:183} INFO - Processing /home/airflow/.local/lib/python3.12/site-packages/airflow/example_dags/example_branch_operator.py took 0.234 seconds
[2024-05-08T14:58:41.561+0000] {processor.py:161} INFO - Started process (PID=3721) to work on /home/airflow/.local/lib/python3.12/site-packages/airflow/example_dags/example_branch_operator.py
[2024-05-08T14:58:41.563+0000] {processor.py:830} INFO - Processing file /home/airflow/.local/lib/python3.12/site-packages/airflow/example_dags/example_branch_operator.py for tasks to queue
[2024-05-08T14:58:41.566+0000] {logging_mixin.py:188} INFO - [2024-05-08T14:58:41.566+0000] {dagbag.py:545} INFO - Filling up the DagBag from /home/airflow/.local/lib/python3.12/site-packages/airflow/example_dags/example_branch_operator.py
[2024-05-08T14:58:41.592+0000] {processor.py:840} INFO - DAG(s) 'example_branch_operator' retrieved from /home/airflow/.local/lib/python3.12/site-packages/airflow/example_dags/example_branch_operator.py
[2024-05-08T14:58:41.639+0000] {logging_mixin.py:188} INFO - [2024-05-08T14:58:41.639+0000] {dag.py:3096} INFO - Sync 1 DAGs
[2024-05-08T14:58:41.677+0000] {logging_mixin.py:188} INFO - [2024-05-08T14:58:41.677+0000] {dag.py:3954} INFO - Setting next_dagrun for example_branch_operator to 2024-05-07 00:00:00+00:00, run_after=2024-05-08 00:00:00+00:00
[2024-05-08T14:58:41.709+0000] {processor.py:183} INFO - Processing /home/airflow/.local/lib/python3.12/site-packages/airflow/example_dags/example_branch_operator.py took 0.158 seconds
[2024-05-08T14:59:11.969+0000] {processor.py:161} INFO - Started process (PID=3983) to work on /home/airflow/.local/lib/python3.12/site-packages/airflow/example_dags/example_branch_operator.py
[2024-05-08T14:59:11.970+0000] {processor.py:830} INFO - Processing file /home/airflow/.local/lib/python3.12/site-packages/airflow/example_dags/example_branch_operator.py for tasks to queue
[2024-05-08T14:59:11.973+0000] {logging_mixin.py:188} INFO - [2024-05-08T14:59:11.973+0000] {dagbag.py:545} INFO - Filling up the DagBag from /home/airflow/.local/lib/python3.12/site-packages/airflow/example_dags/example_branch_operator.py
[2024-05-08T14:59:12.001+0000] {processor.py:840} INFO - DAG(s) 'example_branch_operator' retrieved from /home/airflow/.local/lib/python3.12/site-packages/airflow/example_dags/example_branch_operator.py
[2024-05-08T14:59:12.045+0000] {logging_mixin.py:188} INFO - [2024-05-08T14:59:12.045+0000] {dag.py:3096} INFO - Sync 1 DAGs
[2024-05-08T14:59:12.080+0000] {logging_mixin.py:188} INFO - [2024-05-08T14:59:12.080+0000] {dag.py:3954} INFO - Setting next_dagrun for example_branch_operator to 2024-05-07 00:00:00+00:00, run_after=2024-05-08 00:00:00+00:00
[2024-05-08T14:59:12.116+0000] {processor.py:183} INFO - Processing /home/airflow/.local/lib/python3.12/site-packages/airflow/example_dags/example_branch_operator.py took 0.157 seconds
[2024-05-08T14:59:42.187+0000] {processor.py:161} INFO - Started process (PID=4244) to work on /home/airflow/.local/lib/python3.12/site-packages/airflow/example_dags/example_branch_operator.py
[2024-05-08T14:59:42.189+0000] {processor.py:830} INFO - Processing file /home/airflow/.local/lib/python3.12/site-packages/airflow/example_dags/example_branch_operator.py for tasks to queue
[2024-05-08T14:59:42.191+0000] {logging_mixin.py:188} INFO - [2024-05-08T14:59:42.191+0000] {dagbag.py:545} INFO - Filling up the DagBag from /home/airflow/.local/lib/python3.12/site-packages/airflow/example_dags/example_branch_operator.py
[2024-05-08T14:59:42.214+0000] {processor.py:840} INFO - DAG(s) 'example_branch_operator' retrieved from /home/airflow/.local/lib/python3.12/site-packages/airflow/example_dags/example_branch_operator.py
[2024-05-08T14:59:42.268+0000] {logging_mixin.py:188} INFO - [2024-05-08T14:59:42.268+0000] {dag.py:3096} INFO - Sync 1 DAGs
[2024-05-08T14:59:42.301+0000] {logging_mixin.py:188} INFO - [2024-05-08T14:59:42.301+0000] {dag.py:3954} INFO - Setting next_dagrun for example_branch_operator to 2024-05-07 00:00:00+00:00, run_after=2024-05-08 00:00:00+00:00
[2024-05-08T14:59:42.333+0000] {processor.py:183} INFO - Processing /home/airflow/.local/lib/python3.12/site-packages/airflow/example_dags/example_branch_operator.py took 0.154 seconds
[2024-05-08T15:00:12.633+0000] {processor.py:161} INFO - Started process (PID=4504) to work on /home/airflow/.local/lib/python3.12/site-packages/airflow/example_dags/example_branch_operator.py
[2024-05-08T15:00:12.635+0000] {processor.py:830} INFO - Processing file /home/airflow/.local/lib/python3.12/site-packages/airflow/example_dags/example_branch_operator.py for tasks to queue
[2024-05-08T15:00:12.640+0000] {logging_mixin.py:188} INFO - [2024-05-08T15:00:12.639+0000] {dagbag.py:545} INFO - Filling up the DagBag from /home/airflow/.local/lib/python3.12/site-packages/airflow/example_dags/example_branch_operator.py
[2024-05-08T15:00:12.671+0000] {processor.py:840} INFO - DAG(s) 'example_branch_operator' retrieved from /home/airflow/.local/lib/python3.12/site-packages/airflow/example_dags/example_branch_operator.py
[2024-05-08T15:00:12.736+0000] {logging_mixin.py:188} INFO - [2024-05-08T15:00:12.735+0000] {dag.py:3096} INFO - Sync 1 DAGs
[2024-05-08T15:00:12.798+0000] {logging_mixin.py:188} INFO - [2024-05-08T15:00:12.798+0000] {dag.py:3954} INFO - Setting next_dagrun for example_branch_operator to 2024-05-07 00:00:00+00:00, run_after=2024-05-08 00:00:00+00:00
[2024-05-08T15:00:12.850+0000] {processor.py:183} INFO - Processing /home/airflow/.local/lib/python3.12/site-packages/airflow/example_dags/example_branch_operator.py took 0.230 seconds
[2024-05-08T15:00:43.033+0000] {processor.py:161} INFO - Started process (PID=4767) to work on /home/airflow/.local/lib/python3.12/site-packages/airflow/example_dags/example_branch_operator.py
[2024-05-08T15:00:43.034+0000] {processor.py:830} INFO - Processing file /home/airflow/.local/lib/python3.12/site-packages/airflow/example_dags/example_branch_operator.py for tasks to queue
[2024-05-08T15:00:43.037+0000] {logging_mixin.py:188} INFO - [2024-05-08T15:00:43.036+0000] {dagbag.py:545} INFO - Filling up the DagBag from /home/airflow/.local/lib/python3.12/site-packages/airflow/example_dags/example_branch_operator.py
[2024-05-08T15:00:43.059+0000] {processor.py:840} INFO - DAG(s) 'example_branch_operator' retrieved from /home/airflow/.local/lib/python3.12/site-packages/airflow/example_dags/example_branch_operator.py
[2024-05-08T15:00:43.105+0000] {logging_mixin.py:188} INFO - [2024-05-08T15:00:43.104+0000] {dag.py:3096} INFO - Sync 1 DAGs
[2024-05-08T15:00:43.139+0000] {logging_mixin.py:188} INFO - [2024-05-08T15:00:43.138+0000] {dag.py:3954} INFO - Setting next_dagrun for example_branch_operator to 2024-05-07 00:00:00+00:00, run_after=2024-05-08 00:00:00+00:00
[2024-05-08T15:00:43.166+0000] {processor.py:183} INFO - Processing /home/airflow/.local/lib/python3.12/site-packages/airflow/example_dags/example_branch_operator.py took 0.142 seconds
[2024-05-08T15:01:13.597+0000] {processor.py:161} INFO - Started process (PID=5028) to work on /home/airflow/.local/lib/python3.12/site-packages/airflow/example_dags/example_branch_operator.py
[2024-05-08T15:01:13.599+0000] {processor.py:830} INFO - Processing file /home/airflow/.local/lib/python3.12/site-packages/airflow/example_dags/example_branch_operator.py for tasks to queue
[2024-05-08T15:01:13.601+0000] {logging_mixin.py:188} INFO - [2024-05-08T15:01:13.601+0000] {dagbag.py:545} INFO - Filling up the DagBag from /home/airflow/.local/lib/python3.12/site-packages/airflow/example_dags/example_branch_operator.py
[2024-05-08T15:01:13.625+0000] {processor.py:840} INFO - DAG(s) 'example_branch_operator' retrieved from /home/airflow/.local/lib/python3.12/site-packages/airflow/example_dags/example_branch_operator.py
[2024-05-08T15:01:13.666+0000] {logging_mixin.py:188} INFO - [2024-05-08T15:01:13.666+0000] {dag.py:3096} INFO - Sync 1 DAGs
[2024-05-08T15:01:13.700+0000] {logging_mixin.py:188} INFO - [2024-05-08T15:01:13.700+0000] {dag.py:3954} INFO - Setting next_dagrun for example_branch_operator to 2024-05-07 00:00:00+00:00, run_after=2024-05-08 00:00:00+00:00
[2024-05-08T15:01:13.738+0000] {processor.py:183} INFO - Processing /home/airflow/.local/lib/python3.12/site-packages/airflow/example_dags/example_branch_operator.py took 0.151 seconds
[2024-05-08T15:01:45.420+0000] {processor.py:161} INFO - Started process (PID=5288) to work on /home/airflow/.local/lib/python3.12/site-packages/airflow/example_dags/example_branch_operator.py
[2024-05-08T15:01:45.425+0000] {processor.py:830} INFO - Processing file /home/airflow/.local/lib/python3.12/site-packages/airflow/example_dags/example_branch_operator.py for tasks to queue
[2024-05-08T15:01:45.432+0000] {logging_mixin.py:188} INFO - [2024-05-08T15:01:45.431+0000] {dagbag.py:545} INFO - Filling up the DagBag from /home/airflow/.local/lib/python3.12/site-packages/airflow/example_dags/example_branch_operator.py
[2024-05-08T15:01:45.483+0000] {processor.py:840} INFO - DAG(s) 'example_branch_operator' retrieved from /home/airflow/.local/lib/python3.12/site-packages/airflow/example_dags/example_branch_operator.py
[2024-05-08T15:01:45.570+0000] {logging_mixin.py:188} INFO - [2024-05-08T15:01:45.570+0000] {dag.py:3096} INFO - Sync 1 DAGs
[2024-05-08T15:01:45.644+0000] {logging_mixin.py:188} INFO - [2024-05-08T15:01:45.643+0000] {dag.py:3954} INFO - Setting next_dagrun for example_branch_operator to 2024-05-07 00:00:00+00:00, run_after=2024-05-08 00:00:00+00:00
[2024-05-08T15:01:45.769+0000] {processor.py:183} INFO - Processing /home/airflow/.local/lib/python3.12/site-packages/airflow/example_dags/example_branch_operator.py took 0.364 seconds
[2024-05-08T15:02:16.011+0000] {processor.py:161} INFO - Started process (PID=5552) to work on /home/airflow/.local/lib/python3.12/site-packages/airflow/example_dags/example_branch_operator.py
[2024-05-08T15:02:16.015+0000] {processor.py:830} INFO - Processing file /home/airflow/.local/lib/python3.12/site-packages/airflow/example_dags/example_branch_operator.py for tasks to queue
[2024-05-08T15:02:16.018+0000] {logging_mixin.py:188} INFO - [2024-05-08T15:02:16.017+0000] {dagbag.py:545} INFO - Filling up the DagBag from /home/airflow/.local/lib/python3.12/site-packages/airflow/example_dags/example_branch_operator.py
[2024-05-08T15:02:16.062+0000] {processor.py:840} INFO - DAG(s) 'example_branch_operator' retrieved from /home/airflow/.local/lib/python3.12/site-packages/airflow/example_dags/example_branch_operator.py
[2024-05-08T15:02:16.181+0000] {logging_mixin.py:188} INFO - [2024-05-08T15:02:16.170+0000] {dag.py:3096} INFO - Sync 1 DAGs
[2024-05-08T15:02:16.261+0000] {logging_mixin.py:188} INFO - [2024-05-08T15:02:16.260+0000] {dag.py:3954} INFO - Setting next_dagrun for example_branch_operator to 2024-05-07 00:00:00+00:00, run_after=2024-05-08 00:00:00+00:00
[2024-05-08T15:02:16.317+0000] {processor.py:183} INFO - Processing /home/airflow/.local/lib/python3.12/site-packages/airflow/example_dags/example_branch_operator.py took 0.321 seconds
[2024-05-08T15:02:46.620+0000] {processor.py:161} INFO - Started process (PID=5811) to work on /home/airflow/.local/lib/python3.12/site-packages/airflow/example_dags/example_branch_operator.py
[2024-05-08T15:02:46.622+0000] {processor.py:830} INFO - Processing file /home/airflow/.local/lib/python3.12/site-packages/airflow/example_dags/example_branch_operator.py for tasks to queue
[2024-05-08T15:02:46.629+0000] {logging_mixin.py:188} INFO - [2024-05-08T15:02:46.628+0000] {dagbag.py:545} INFO - Filling up the DagBag from /home/airflow/.local/lib/python3.12/site-packages/airflow/example_dags/example_branch_operator.py
[2024-05-08T15:02:46.664+0000] {processor.py:840} INFO - DAG(s) 'example_branch_operator' retrieved from /home/airflow/.local/lib/python3.12/site-packages/airflow/example_dags/example_branch_operator.py
[2024-05-08T15:02:46.716+0000] {logging_mixin.py:188} INFO - [2024-05-08T15:02:46.716+0000] {dag.py:3096} INFO - Sync 1 DAGs
[2024-05-08T15:02:46.765+0000] {logging_mixin.py:188} INFO - [2024-05-08T15:02:46.765+0000] {dag.py:3954} INFO - Setting next_dagrun for example_branch_operator to 2024-05-07 00:00:00+00:00, run_after=2024-05-08 00:00:00+00:00
[2024-05-08T15:02:46.800+0000] {processor.py:183} INFO - Processing /home/airflow/.local/lib/python3.12/site-packages/airflow/example_dags/example_branch_operator.py took 0.192 seconds
[2024-05-08T15:03:17.012+0000] {processor.py:161} INFO - Started process (PID=6075) to work on /home/airflow/.local/lib/python3.12/site-packages/airflow/example_dags/example_branch_operator.py
[2024-05-08T15:03:17.014+0000] {processor.py:830} INFO - Processing file /home/airflow/.local/lib/python3.12/site-packages/airflow/example_dags/example_branch_operator.py for tasks to queue
[2024-05-08T15:03:17.017+0000] {logging_mixin.py:188} INFO - [2024-05-08T15:03:17.016+0000] {dagbag.py:545} INFO - Filling up the DagBag from /home/airflow/.local/lib/python3.12/site-packages/airflow/example_dags/example_branch_operator.py
[2024-05-08T15:03:17.044+0000] {processor.py:840} INFO - DAG(s) 'example_branch_operator' retrieved from /home/airflow/.local/lib/python3.12/site-packages/airflow/example_dags/example_branch_operator.py
[2024-05-08T15:03:17.091+0000] {logging_mixin.py:188} INFO - [2024-05-08T15:03:17.091+0000] {dag.py:3096} INFO - Sync 1 DAGs
[2024-05-08T15:03:17.129+0000] {logging_mixin.py:188} INFO - [2024-05-08T15:03:17.128+0000] {dag.py:3954} INFO - Setting next_dagrun for example_branch_operator to 2024-05-07 00:00:00+00:00, run_after=2024-05-08 00:00:00+00:00
[2024-05-08T15:03:17.166+0000] {processor.py:183} INFO - Processing /home/airflow/.local/lib/python3.12/site-packages/airflow/example_dags/example_branch_operator.py took 0.163 seconds
[2024-05-08T15:03:47.624+0000] {processor.py:161} INFO - Started process (PID=6342) to work on /home/airflow/.local/lib/python3.12/site-packages/airflow/example_dags/example_branch_operator.py
[2024-05-08T15:03:47.626+0000] {processor.py:830} INFO - Processing file /home/airflow/.local/lib/python3.12/site-packages/airflow/example_dags/example_branch_operator.py for tasks to queue
[2024-05-08T15:03:47.628+0000] {logging_mixin.py:188} INFO - [2024-05-08T15:03:47.628+0000] {dagbag.py:545} INFO - Filling up the DagBag from /home/airflow/.local/lib/python3.12/site-packages/airflow/example_dags/example_branch_operator.py
[2024-05-08T15:03:47.660+0000] {processor.py:840} INFO - DAG(s) 'example_branch_operator' retrieved from /home/airflow/.local/lib/python3.12/site-packages/airflow/example_dags/example_branch_operator.py
[2024-05-08T15:03:47.704+0000] {logging_mixin.py:188} INFO - [2024-05-08T15:03:47.703+0000] {dag.py:3096} INFO - Sync 1 DAGs
[2024-05-08T15:03:47.741+0000] {logging_mixin.py:188} INFO - [2024-05-08T15:03:47.741+0000] {dag.py:3954} INFO - Setting next_dagrun for example_branch_operator to 2024-05-07 00:00:00+00:00, run_after=2024-05-08 00:00:00+00:00
[2024-05-08T15:03:47.769+0000] {processor.py:183} INFO - Processing /home/airflow/.local/lib/python3.12/site-packages/airflow/example_dags/example_branch_operator.py took 0.154 seconds
[2024-05-08T15:04:17.962+0000] {processor.py:161} INFO - Started process (PID=6599) to work on /home/airflow/.local/lib/python3.12/site-packages/airflow/example_dags/example_branch_operator.py
[2024-05-08T15:04:17.973+0000] {processor.py:830} INFO - Processing file /home/airflow/.local/lib/python3.12/site-packages/airflow/example_dags/example_branch_operator.py for tasks to queue
[2024-05-08T15:04:17.976+0000] {logging_mixin.py:188} INFO - [2024-05-08T15:04:17.975+0000] {dagbag.py:545} INFO - Filling up the DagBag from /home/airflow/.local/lib/python3.12/site-packages/airflow/example_dags/example_branch_operator.py
[2024-05-08T15:04:18.047+0000] {processor.py:840} INFO - DAG(s) 'example_branch_operator' retrieved from /home/airflow/.local/lib/python3.12/site-packages/airflow/example_dags/example_branch_operator.py
[2024-05-08T15:04:18.158+0000] {logging_mixin.py:188} INFO - [2024-05-08T15:04:18.158+0000] {dag.py:3096} INFO - Sync 1 DAGs
[2024-05-08T15:04:18.230+0000] {logging_mixin.py:188} INFO - [2024-05-08T15:04:18.230+0000] {dag.py:3954} INFO - Setting next_dagrun for example_branch_operator to 2024-05-07 00:00:00+00:00, run_after=2024-05-08 00:00:00+00:00
[2024-05-08T15:04:18.267+0000] {processor.py:183} INFO - Processing /home/airflow/.local/lib/python3.12/site-packages/airflow/example_dags/example_branch_operator.py took 0.318 seconds
[2024-05-08T15:04:52.799+0000] {processor.py:161} INFO - Started process (PID=6859) to work on /home/airflow/.local/lib/python3.12/site-packages/airflow/example_dags/example_branch_operator.py
[2024-05-08T15:04:52.801+0000] {processor.py:830} INFO - Processing file /home/airflow/.local/lib/python3.12/site-packages/airflow/example_dags/example_branch_operator.py for tasks to queue
[2024-05-08T15:04:52.805+0000] {logging_mixin.py:188} INFO - [2024-05-08T15:04:52.803+0000] {dagbag.py:545} INFO - Filling up the DagBag from /home/airflow/.local/lib/python3.12/site-packages/airflow/example_dags/example_branch_operator.py
[2024-05-08T15:04:52.896+0000] {processor.py:840} INFO - DAG(s) 'example_branch_operator' retrieved from /home/airflow/.local/lib/python3.12/site-packages/airflow/example_dags/example_branch_operator.py
[2024-05-08T15:04:53.618+0000] {logging_mixin.py:188} INFO - [2024-05-08T15:04:53.608+0000] {dag.py:3096} INFO - Sync 1 DAGs
[2024-05-08T15:04:53.753+0000] {logging_mixin.py:188} INFO - [2024-05-08T15:04:53.752+0000] {dag.py:3954} INFO - Setting next_dagrun for example_branch_operator to 2024-05-07 00:00:00+00:00, run_after=2024-05-08 00:00:00+00:00
[2024-05-08T15:04:53.845+0000] {processor.py:183} INFO - Processing /home/airflow/.local/lib/python3.12/site-packages/airflow/example_dags/example_branch_operator.py took 1.066 seconds
[2024-05-08T15:05:24.272+0000] {processor.py:161} INFO - Started process (PID=7121) to work on /home/airflow/.local/lib/python3.12/site-packages/airflow/example_dags/example_branch_operator.py
[2024-05-08T15:05:24.273+0000] {processor.py:830} INFO - Processing file /home/airflow/.local/lib/python3.12/site-packages/airflow/example_dags/example_branch_operator.py for tasks to queue
[2024-05-08T15:05:24.277+0000] {logging_mixin.py:188} INFO - [2024-05-08T15:05:24.276+0000] {dagbag.py:545} INFO - Filling up the DagBag from /home/airflow/.local/lib/python3.12/site-packages/airflow/example_dags/example_branch_operator.py
[2024-05-08T15:05:24.307+0000] {processor.py:840} INFO - DAG(s) 'example_branch_operator' retrieved from /home/airflow/.local/lib/python3.12/site-packages/airflow/example_dags/example_branch_operator.py
[2024-05-08T15:05:24.393+0000] {logging_mixin.py:188} INFO - [2024-05-08T15:05:24.393+0000] {dag.py:3096} INFO - Sync 1 DAGs
[2024-05-08T15:05:24.430+0000] {logging_mixin.py:188} INFO - [2024-05-08T15:05:24.429+0000] {dag.py:3954} INFO - Setting next_dagrun for example_branch_operator to 2024-05-07 00:00:00+00:00, run_after=2024-05-08 00:00:00+00:00
[2024-05-08T15:05:24.474+0000] {processor.py:183} INFO - Processing /home/airflow/.local/lib/python3.12/site-packages/airflow/example_dags/example_branch_operator.py took 0.215 seconds
[2024-05-08T15:05:54.961+0000] {processor.py:161} INFO - Started process (PID=7378) to work on /home/airflow/.local/lib/python3.12/site-packages/airflow/example_dags/example_branch_operator.py
[2024-05-08T15:05:54.963+0000] {processor.py:830} INFO - Processing file /home/airflow/.local/lib/python3.12/site-packages/airflow/example_dags/example_branch_operator.py for tasks to queue
[2024-05-08T15:05:54.965+0000] {logging_mixin.py:188} INFO - [2024-05-08T15:05:54.965+0000] {dagbag.py:545} INFO - Filling up the DagBag from /home/airflow/.local/lib/python3.12/site-packages/airflow/example_dags/example_branch_operator.py
[2024-05-08T15:05:54.991+0000] {processor.py:840} INFO - DAG(s) 'example_branch_operator' retrieved from /home/airflow/.local/lib/python3.12/site-packages/airflow/example_dags/example_branch_operator.py
[2024-05-08T15:05:55.037+0000] {logging_mixin.py:188} INFO - [2024-05-08T15:05:55.037+0000] {dag.py:3096} INFO - Sync 1 DAGs
[2024-05-08T15:05:55.074+0000] {logging_mixin.py:188} INFO - [2024-05-08T15:05:55.074+0000] {dag.py:3954} INFO - Setting next_dagrun for example_branch_operator to 2024-05-07 00:00:00+00:00, run_after=2024-05-08 00:00:00+00:00
[2024-05-08T15:05:55.107+0000] {processor.py:183} INFO - Processing /home/airflow/.local/lib/python3.12/site-packages/airflow/example_dags/example_branch_operator.py took 0.155 seconds
[2024-05-08T15:06:25.440+0000] {processor.py:161} INFO - Started process (PID=7640) to work on /home/airflow/.local/lib/python3.12/site-packages/airflow/example_dags/example_branch_operator.py
[2024-05-08T15:06:25.444+0000] {processor.py:830} INFO - Processing file /home/airflow/.local/lib/python3.12/site-packages/airflow/example_dags/example_branch_operator.py for tasks to queue
[2024-05-08T15:06:25.447+0000] {logging_mixin.py:188} INFO - [2024-05-08T15:06:25.447+0000] {dagbag.py:545} INFO - Filling up the DagBag from /home/airflow/.local/lib/python3.12/site-packages/airflow/example_dags/example_branch_operator.py
[2024-05-08T15:06:25.474+0000] {processor.py:840} INFO - DAG(s) 'example_branch_operator' retrieved from /home/airflow/.local/lib/python3.12/site-packages/airflow/example_dags/example_branch_operator.py
[2024-05-08T15:06:25.520+0000] {logging_mixin.py:188} INFO - [2024-05-08T15:06:25.519+0000] {dag.py:3096} INFO - Sync 1 DAGs
[2024-05-08T15:06:25.557+0000] {logging_mixin.py:188} INFO - [2024-05-08T15:06:25.557+0000] {dag.py:3954} INFO - Setting next_dagrun for example_branch_operator to 2024-05-07 00:00:00+00:00, run_after=2024-05-08 00:00:00+00:00
[2024-05-08T15:06:25.590+0000] {processor.py:183} INFO - Processing /home/airflow/.local/lib/python3.12/site-packages/airflow/example_dags/example_branch_operator.py took 0.159 seconds
[2024-05-08T15:06:55.984+0000] {processor.py:161} INFO - Started process (PID=7901) to work on /home/airflow/.local/lib/python3.12/site-packages/airflow/example_dags/example_branch_operator.py
[2024-05-08T15:06:55.986+0000] {processor.py:830} INFO - Processing file /home/airflow/.local/lib/python3.12/site-packages/airflow/example_dags/example_branch_operator.py for tasks to queue
[2024-05-08T15:06:55.989+0000] {logging_mixin.py:188} INFO - [2024-05-08T15:06:55.989+0000] {dagbag.py:545} INFO - Filling up the DagBag from /home/airflow/.local/lib/python3.12/site-packages/airflow/example_dags/example_branch_operator.py
[2024-05-08T15:06:56.016+0000] {processor.py:840} INFO - DAG(s) 'example_branch_operator' retrieved from /home/airflow/.local/lib/python3.12/site-packages/airflow/example_dags/example_branch_operator.py
[2024-05-08T15:06:56.061+0000] {logging_mixin.py:188} INFO - [2024-05-08T15:06:56.060+0000] {dag.py:3096} INFO - Sync 1 DAGs
[2024-05-08T15:06:56.097+0000] {logging_mixin.py:188} INFO - [2024-05-08T15:06:56.097+0000] {dag.py:3954} INFO - Setting next_dagrun for example_branch_operator to 2024-05-07 00:00:00+00:00, run_after=2024-05-08 00:00:00+00:00
[2024-05-08T15:06:56.130+0000] {processor.py:183} INFO - Processing /home/airflow/.local/lib/python3.12/site-packages/airflow/example_dags/example_branch_operator.py took 0.154 seconds
[2024-05-08T15:07:26.297+0000] {processor.py:161} INFO - Started process (PID=8163) to work on /home/airflow/.local/lib/python3.12/site-packages/airflow/example_dags/example_branch_operator.py
[2024-05-08T15:07:26.299+0000] {processor.py:830} INFO - Processing file /home/airflow/.local/lib/python3.12/site-packages/airflow/example_dags/example_branch_operator.py for tasks to queue
[2024-05-08T15:07:26.302+0000] {logging_mixin.py:188} INFO - [2024-05-08T15:07:26.301+0000] {dagbag.py:545} INFO - Filling up the DagBag from /home/airflow/.local/lib/python3.12/site-packages/airflow/example_dags/example_branch_operator.py
[2024-05-08T15:07:26.328+0000] {processor.py:840} INFO - DAG(s) 'example_branch_operator' retrieved from /home/airflow/.local/lib/python3.12/site-packages/airflow/example_dags/example_branch_operator.py
[2024-05-08T15:07:26.424+0000] {logging_mixin.py:188} INFO - [2024-05-08T15:07:26.423+0000] {dag.py:3096} INFO - Sync 1 DAGs
[2024-05-08T15:07:26.468+0000] {logging_mixin.py:188} INFO - [2024-05-08T15:07:26.468+0000] {dag.py:3954} INFO - Setting next_dagrun for example_branch_operator to 2024-05-07 00:00:00+00:00, run_after=2024-05-08 00:00:00+00:00
[2024-05-08T15:07:26.506+0000] {processor.py:183} INFO - Processing /home/airflow/.local/lib/python3.12/site-packages/airflow/example_dags/example_branch_operator.py took 0.218 seconds
[2024-05-08T15:07:56.775+0000] {processor.py:161} INFO - Started process (PID=8425) to work on /home/airflow/.local/lib/python3.12/site-packages/airflow/example_dags/example_branch_operator.py
[2024-05-08T15:07:56.777+0000] {processor.py:830} INFO - Processing file /home/airflow/.local/lib/python3.12/site-packages/airflow/example_dags/example_branch_operator.py for tasks to queue
[2024-05-08T15:07:56.780+0000] {logging_mixin.py:188} INFO - [2024-05-08T15:07:56.780+0000] {dagbag.py:545} INFO - Filling up the DagBag from /home/airflow/.local/lib/python3.12/site-packages/airflow/example_dags/example_branch_operator.py
[2024-05-08T15:07:56.816+0000] {processor.py:840} INFO - DAG(s) 'example_branch_operator' retrieved from /home/airflow/.local/lib/python3.12/site-packages/airflow/example_dags/example_branch_operator.py
[2024-05-08T15:07:56.870+0000] {logging_mixin.py:188} INFO - [2024-05-08T15:07:56.869+0000] {dag.py:3096} INFO - Sync 1 DAGs
[2024-05-08T15:07:56.905+0000] {logging_mixin.py:188} INFO - [2024-05-08T15:07:56.905+0000] {dag.py:3954} INFO - Setting next_dagrun for example_branch_operator to 2024-05-07 00:00:00+00:00, run_after=2024-05-08 00:00:00+00:00
[2024-05-08T15:07:56.938+0000] {processor.py:183} INFO - Processing /home/airflow/.local/lib/python3.12/site-packages/airflow/example_dags/example_branch_operator.py took 0.173 seconds
[2024-05-08T15:08:27.002+0000] {processor.py:161} INFO - Started process (PID=8687) to work on /home/airflow/.local/lib/python3.12/site-packages/airflow/example_dags/example_branch_operator.py
[2024-05-08T15:08:27.006+0000] {processor.py:830} INFO - Processing file /home/airflow/.local/lib/python3.12/site-packages/airflow/example_dags/example_branch_operator.py for tasks to queue
[2024-05-08T15:08:27.010+0000] {logging_mixin.py:188} INFO - [2024-05-08T15:08:27.009+0000] {dagbag.py:545} INFO - Filling up the DagBag from /home/airflow/.local/lib/python3.12/site-packages/airflow/example_dags/example_branch_operator.py
[2024-05-08T15:08:27.040+0000] {processor.py:840} INFO - DAG(s) 'example_branch_operator' retrieved from /home/airflow/.local/lib/python3.12/site-packages/airflow/example_dags/example_branch_operator.py
[2024-05-08T15:08:27.087+0000] {logging_mixin.py:188} INFO - [2024-05-08T15:08:27.086+0000] {dag.py:3096} INFO - Sync 1 DAGs
[2024-05-08T15:08:27.128+0000] {logging_mixin.py:188} INFO - [2024-05-08T15:08:27.128+0000] {dag.py:3954} INFO - Setting next_dagrun for example_branch_operator to 2024-05-07 00:00:00+00:00, run_after=2024-05-08 00:00:00+00:00
[2024-05-08T15:08:27.163+0000] {processor.py:183} INFO - Processing /home/airflow/.local/lib/python3.12/site-packages/airflow/example_dags/example_branch_operator.py took 0.171 seconds
