[2024-05-08T14:51:49.295+0000] {processor.py:161} INFO - Started process (PID=237) to work on /home/airflow/.local/lib/python3.12/site-packages/airflow/example_dags/example_skip_dag.py
[2024-05-08T14:51:49.297+0000] {processor.py:830} INFO - Processing file /home/airflow/.local/lib/python3.12/site-packages/airflow/example_dags/example_skip_dag.py for tasks to queue
[2024-05-08T14:51:49.308+0000] {logging_mixin.py:188} INFO - [2024-05-08T14:51:49.307+0000] {dagbag.py:545} INFO - Filling up the DagBag from /home/airflow/.local/lib/python3.12/site-packages/airflow/example_dags/example_skip_dag.py
[2024-05-08T14:51:49.382+0000] {processor.py:840} INFO - DAG(s) 'example_skip_dag' retrieved from /home/airflow/.local/lib/python3.12/site-packages/airflow/example_dags/example_skip_dag.py
[2024-05-08T14:51:49.910+0000] {logging_mixin.py:188} INFO - [2024-05-08T14:51:49.909+0000] {dag.py:3096} INFO - Sync 1 DAGs
[2024-05-08T14:51:50.023+0000] {logging_mixin.py:188} INFO - [2024-05-08T14:51:50.022+0000] {dag.py:3954} INFO - Setting next_dagrun for example_skip_dag to 2024-05-07 00:00:00+00:00, run_after=2024-05-08 00:00:00+00:00
[2024-05-08T14:51:50.067+0000] {processor.py:183} INFO - Processing /home/airflow/.local/lib/python3.12/site-packages/airflow/example_dags/example_skip_dag.py took 0.878 seconds
[2024-05-08T14:52:20.653+0000] {processor.py:161} INFO - Started process (PID=499) to work on /home/airflow/.local/lib/python3.12/site-packages/airflow/example_dags/example_skip_dag.py
[2024-05-08T14:52:20.656+0000] {processor.py:830} INFO - Processing file /home/airflow/.local/lib/python3.12/site-packages/airflow/example_dags/example_skip_dag.py for tasks to queue
[2024-05-08T14:52:20.659+0000] {logging_mixin.py:188} INFO - [2024-05-08T14:52:20.658+0000] {dagbag.py:545} INFO - Filling up the DagBag from /home/airflow/.local/lib/python3.12/site-packages/airflow/example_dags/example_skip_dag.py
[2024-05-08T14:52:20.674+0000] {processor.py:840} INFO - DAG(s) 'example_skip_dag' retrieved from /home/airflow/.local/lib/python3.12/site-packages/airflow/example_dags/example_skip_dag.py
[2024-05-08T14:52:20.744+0000] {logging_mixin.py:188} INFO - [2024-05-08T14:52:20.743+0000] {dag.py:3096} INFO - Sync 1 DAGs
[2024-05-08T14:52:20.845+0000] {logging_mixin.py:188} INFO - [2024-05-08T14:52:20.844+0000] {dag.py:3954} INFO - Setting next_dagrun for example_skip_dag to 2024-05-07 00:00:00+00:00, run_after=2024-05-08 00:00:00+00:00
[2024-05-08T14:52:20.915+0000] {processor.py:183} INFO - Processing /home/airflow/.local/lib/python3.12/site-packages/airflow/example_dags/example_skip_dag.py took 0.270 seconds
[2024-05-08T14:52:53.524+0000] {processor.py:161} INFO - Started process (PID=761) to work on /home/airflow/.local/lib/python3.12/site-packages/airflow/example_dags/example_skip_dag.py
[2024-05-08T14:52:53.665+0000] {processor.py:830} INFO - Processing file /home/airflow/.local/lib/python3.12/site-packages/airflow/example_dags/example_skip_dag.py for tasks to queue
[2024-05-08T14:52:53.713+0000] {logging_mixin.py:188} INFO - [2024-05-08T14:52:53.702+0000] {dagbag.py:545} INFO - Filling up the DagBag from /home/airflow/.local/lib/python3.12/site-packages/airflow/example_dags/example_skip_dag.py
[2024-05-08T14:52:54.030+0000] {processor.py:840} INFO - DAG(s) 'example_skip_dag' retrieved from /home/airflow/.local/lib/python3.12/site-packages/airflow/example_dags/example_skip_dag.py
[2024-05-08T14:52:54.383+0000] {logging_mixin.py:188} INFO - [2024-05-08T14:52:54.382+0000] {dag.py:3096} INFO - Sync 1 DAGs
[2024-05-08T14:52:54.767+0000] {logging_mixin.py:188} INFO - [2024-05-08T14:52:54.766+0000] {dag.py:3954} INFO - Setting next_dagrun for example_skip_dag to 2024-05-07 00:00:00+00:00, run_after=2024-05-08 00:00:00+00:00
[2024-05-08T14:52:54.999+0000] {processor.py:183} INFO - Processing /home/airflow/.local/lib/python3.12/site-packages/airflow/example_dags/example_skip_dag.py took 1.625 seconds
[2024-05-08T14:53:25.880+0000] {processor.py:161} INFO - Started process (PID=1023) to work on /home/airflow/.local/lib/python3.12/site-packages/airflow/example_dags/example_skip_dag.py
[2024-05-08T14:53:25.882+0000] {processor.py:830} INFO - Processing file /home/airflow/.local/lib/python3.12/site-packages/airflow/example_dags/example_skip_dag.py for tasks to queue
[2024-05-08T14:53:25.885+0000] {logging_mixin.py:188} INFO - [2024-05-08T14:53:25.885+0000] {dagbag.py:545} INFO - Filling up the DagBag from /home/airflow/.local/lib/python3.12/site-packages/airflow/example_dags/example_skip_dag.py
[2024-05-08T14:53:25.914+0000] {processor.py:840} INFO - DAG(s) 'example_skip_dag' retrieved from /home/airflow/.local/lib/python3.12/site-packages/airflow/example_dags/example_skip_dag.py
[2024-05-08T14:53:25.972+0000] {logging_mixin.py:188} INFO - [2024-05-08T14:53:25.972+0000] {dag.py:3096} INFO - Sync 1 DAGs
[2024-05-08T14:53:26.047+0000] {logging_mixin.py:188} INFO - [2024-05-08T14:53:26.047+0000] {dag.py:3954} INFO - Setting next_dagrun for example_skip_dag to 2024-05-07 00:00:00+00:00, run_after=2024-05-08 00:00:00+00:00
[2024-05-08T14:53:26.132+0000] {processor.py:183} INFO - Processing /home/airflow/.local/lib/python3.12/site-packages/airflow/example_dags/example_skip_dag.py took 0.269 seconds
[2024-05-08T14:53:56.813+0000] {processor.py:161} INFO - Started process (PID=1285) to work on /home/airflow/.local/lib/python3.12/site-packages/airflow/example_dags/example_skip_dag.py
[2024-05-08T14:53:56.815+0000] {processor.py:830} INFO - Processing file /home/airflow/.local/lib/python3.12/site-packages/airflow/example_dags/example_skip_dag.py for tasks to queue
[2024-05-08T14:53:56.818+0000] {logging_mixin.py:188} INFO - [2024-05-08T14:53:56.818+0000] {dagbag.py:545} INFO - Filling up the DagBag from /home/airflow/.local/lib/python3.12/site-packages/airflow/example_dags/example_skip_dag.py
[2024-05-08T14:53:56.828+0000] {processor.py:840} INFO - DAG(s) 'example_skip_dag' retrieved from /home/airflow/.local/lib/python3.12/site-packages/airflow/example_dags/example_skip_dag.py
[2024-05-08T14:53:56.863+0000] {logging_mixin.py:188} INFO - [2024-05-08T14:53:56.863+0000] {dag.py:3096} INFO - Sync 1 DAGs
[2024-05-08T14:53:56.899+0000] {logging_mixin.py:188} INFO - [2024-05-08T14:53:56.898+0000] {dag.py:3954} INFO - Setting next_dagrun for example_skip_dag to 2024-05-07 00:00:00+00:00, run_after=2024-05-08 00:00:00+00:00
[2024-05-08T14:53:56.932+0000] {processor.py:183} INFO - Processing /home/airflow/.local/lib/python3.12/site-packages/airflow/example_dags/example_skip_dag.py took 0.128 seconds
[2024-05-08T14:54:27.245+0000] {processor.py:161} INFO - Started process (PID=1552) to work on /home/airflow/.local/lib/python3.12/site-packages/airflow/example_dags/example_skip_dag.py
[2024-05-08T14:54:27.250+0000] {processor.py:830} INFO - Processing file /home/airflow/.local/lib/python3.12/site-packages/airflow/example_dags/example_skip_dag.py for tasks to queue
[2024-05-08T14:54:27.258+0000] {logging_mixin.py:188} INFO - [2024-05-08T14:54:27.257+0000] {dagbag.py:545} INFO - Filling up the DagBag from /home/airflow/.local/lib/python3.12/site-packages/airflow/example_dags/example_skip_dag.py
[2024-05-08T14:54:27.279+0000] {processor.py:840} INFO - DAG(s) 'example_skip_dag' retrieved from /home/airflow/.local/lib/python3.12/site-packages/airflow/example_dags/example_skip_dag.py
[2024-05-08T14:54:27.376+0000] {logging_mixin.py:188} INFO - [2024-05-08T14:54:27.375+0000] {dag.py:3096} INFO - Sync 1 DAGs
[2024-05-08T14:54:27.484+0000] {logging_mixin.py:188} INFO - [2024-05-08T14:54:27.482+0000] {dag.py:3954} INFO - Setting next_dagrun for example_skip_dag to 2024-05-07 00:00:00+00:00, run_after=2024-05-08 00:00:00+00:00
[2024-05-08T14:54:27.605+0000] {processor.py:183} INFO - Processing /home/airflow/.local/lib/python3.12/site-packages/airflow/example_dags/example_skip_dag.py took 0.377 seconds
[2024-05-08T14:54:57.876+0000] {processor.py:161} INFO - Started process (PID=1814) to work on /home/airflow/.local/lib/python3.12/site-packages/airflow/example_dags/example_skip_dag.py
[2024-05-08T14:54:57.878+0000] {processor.py:830} INFO - Processing file /home/airflow/.local/lib/python3.12/site-packages/airflow/example_dags/example_skip_dag.py for tasks to queue
[2024-05-08T14:54:57.882+0000] {logging_mixin.py:188} INFO - [2024-05-08T14:54:57.881+0000] {dagbag.py:545} INFO - Filling up the DagBag from /home/airflow/.local/lib/python3.12/site-packages/airflow/example_dags/example_skip_dag.py
[2024-05-08T14:54:57.892+0000] {processor.py:840} INFO - DAG(s) 'example_skip_dag' retrieved from /home/airflow/.local/lib/python3.12/site-packages/airflow/example_dags/example_skip_dag.py
[2024-05-08T14:54:57.926+0000] {logging_mixin.py:188} INFO - [2024-05-08T14:54:57.925+0000] {dag.py:3096} INFO - Sync 1 DAGs
[2024-05-08T14:54:57.960+0000] {logging_mixin.py:188} INFO - [2024-05-08T14:54:57.960+0000] {dag.py:3954} INFO - Setting next_dagrun for example_skip_dag to 2024-05-07 00:00:00+00:00, run_after=2024-05-08 00:00:00+00:00
[2024-05-08T14:54:57.992+0000] {processor.py:183} INFO - Processing /home/airflow/.local/lib/python3.12/site-packages/airflow/example_dags/example_skip_dag.py took 0.125 seconds
[2024-05-08T14:55:28.570+0000] {processor.py:161} INFO - Started process (PID=2076) to work on /home/airflow/.local/lib/python3.12/site-packages/airflow/example_dags/example_skip_dag.py
[2024-05-08T14:55:28.573+0000] {processor.py:830} INFO - Processing file /home/airflow/.local/lib/python3.12/site-packages/airflow/example_dags/example_skip_dag.py for tasks to queue
[2024-05-08T14:55:28.580+0000] {logging_mixin.py:188} INFO - [2024-05-08T14:55:28.576+0000] {dagbag.py:545} INFO - Filling up the DagBag from /home/airflow/.local/lib/python3.12/site-packages/airflow/example_dags/example_skip_dag.py
[2024-05-08T14:55:28.606+0000] {processor.py:840} INFO - DAG(s) 'example_skip_dag' retrieved from /home/airflow/.local/lib/python3.12/site-packages/airflow/example_dags/example_skip_dag.py
[2024-05-08T14:55:28.659+0000] {logging_mixin.py:188} INFO - [2024-05-08T14:55:28.659+0000] {dag.py:3096} INFO - Sync 1 DAGs
[2024-05-08T14:55:28.701+0000] {logging_mixin.py:188} INFO - [2024-05-08T14:55:28.701+0000] {dag.py:3954} INFO - Setting next_dagrun for example_skip_dag to 2024-05-07 00:00:00+00:00, run_after=2024-05-08 00:00:00+00:00
[2024-05-08T14:55:28.734+0000] {processor.py:183} INFO - Processing /home/airflow/.local/lib/python3.12/site-packages/airflow/example_dags/example_skip_dag.py took 0.177 seconds
[2024-05-08T14:55:58.889+0000] {processor.py:161} INFO - Started process (PID=2337) to work on /home/airflow/.local/lib/python3.12/site-packages/airflow/example_dags/example_skip_dag.py
[2024-05-08T14:55:58.890+0000] {processor.py:830} INFO - Processing file /home/airflow/.local/lib/python3.12/site-packages/airflow/example_dags/example_skip_dag.py for tasks to queue
[2024-05-08T14:55:58.893+0000] {logging_mixin.py:188} INFO - [2024-05-08T14:55:58.892+0000] {dagbag.py:545} INFO - Filling up the DagBag from /home/airflow/.local/lib/python3.12/site-packages/airflow/example_dags/example_skip_dag.py
[2024-05-08T14:55:58.904+0000] {processor.py:840} INFO - DAG(s) 'example_skip_dag' retrieved from /home/airflow/.local/lib/python3.12/site-packages/airflow/example_dags/example_skip_dag.py
[2024-05-08T14:55:58.947+0000] {logging_mixin.py:188} INFO - [2024-05-08T14:55:58.946+0000] {dag.py:3096} INFO - Sync 1 DAGs
[2024-05-08T14:55:59.002+0000] {logging_mixin.py:188} INFO - [2024-05-08T14:55:59.001+0000] {dag.py:3954} INFO - Setting next_dagrun for example_skip_dag to 2024-05-07 00:00:00+00:00, run_after=2024-05-08 00:00:00+00:00
[2024-05-08T14:55:59.056+0000] {processor.py:183} INFO - Processing /home/airflow/.local/lib/python3.12/site-packages/airflow/example_dags/example_skip_dag.py took 0.179 seconds
[2024-05-08T14:56:29.637+0000] {processor.py:161} INFO - Started process (PID=2599) to work on /home/airflow/.local/lib/python3.12/site-packages/airflow/example_dags/example_skip_dag.py
[2024-05-08T14:56:29.639+0000] {processor.py:830} INFO - Processing file /home/airflow/.local/lib/python3.12/site-packages/airflow/example_dags/example_skip_dag.py for tasks to queue
[2024-05-08T14:56:29.643+0000] {logging_mixin.py:188} INFO - [2024-05-08T14:56:29.643+0000] {dagbag.py:545} INFO - Filling up the DagBag from /home/airflow/.local/lib/python3.12/site-packages/airflow/example_dags/example_skip_dag.py
[2024-05-08T14:56:29.659+0000] {processor.py:840} INFO - DAG(s) 'example_skip_dag' retrieved from /home/airflow/.local/lib/python3.12/site-packages/airflow/example_dags/example_skip_dag.py
[2024-05-08T14:56:29.695+0000] {logging_mixin.py:188} INFO - [2024-05-08T14:56:29.694+0000] {dag.py:3096} INFO - Sync 1 DAGs
[2024-05-08T14:56:29.738+0000] {logging_mixin.py:188} INFO - [2024-05-08T14:56:29.737+0000] {dag.py:3954} INFO - Setting next_dagrun for example_skip_dag to 2024-05-07 00:00:00+00:00, run_after=2024-05-08 00:00:00+00:00
[2024-05-08T14:56:29.783+0000] {processor.py:183} INFO - Processing /home/airflow/.local/lib/python3.12/site-packages/airflow/example_dags/example_skip_dag.py took 0.157 seconds
[2024-05-08T14:57:00.076+0000] {processor.py:161} INFO - Started process (PID=2860) to work on /home/airflow/.local/lib/python3.12/site-packages/airflow/example_dags/example_skip_dag.py
[2024-05-08T14:57:00.079+0000] {processor.py:830} INFO - Processing file /home/airflow/.local/lib/python3.12/site-packages/airflow/example_dags/example_skip_dag.py for tasks to queue
[2024-05-08T14:57:00.086+0000] {logging_mixin.py:188} INFO - [2024-05-08T14:57:00.085+0000] {dagbag.py:545} INFO - Filling up the DagBag from /home/airflow/.local/lib/python3.12/site-packages/airflow/example_dags/example_skip_dag.py
[2024-05-08T14:57:00.102+0000] {processor.py:840} INFO - DAG(s) 'example_skip_dag' retrieved from /home/airflow/.local/lib/python3.12/site-packages/airflow/example_dags/example_skip_dag.py
[2024-05-08T14:57:00.154+0000] {logging_mixin.py:188} INFO - [2024-05-08T14:57:00.153+0000] {dag.py:3096} INFO - Sync 1 DAGs
[2024-05-08T14:57:00.266+0000] {logging_mixin.py:188} INFO - [2024-05-08T14:57:00.265+0000] {dag.py:3954} INFO - Setting next_dagrun for example_skip_dag to 2024-05-07 00:00:00+00:00, run_after=2024-05-08 00:00:00+00:00
[2024-05-08T14:57:00.318+0000] {processor.py:183} INFO - Processing /home/airflow/.local/lib/python3.12/site-packages/airflow/example_dags/example_skip_dag.py took 0.259 seconds
[2024-05-08T14:57:30.544+0000] {processor.py:161} INFO - Started process (PID=3126) to work on /home/airflow/.local/lib/python3.12/site-packages/airflow/example_dags/example_skip_dag.py
[2024-05-08T14:57:30.547+0000] {processor.py:830} INFO - Processing file /home/airflow/.local/lib/python3.12/site-packages/airflow/example_dags/example_skip_dag.py for tasks to queue
[2024-05-08T14:57:30.550+0000] {logging_mixin.py:188} INFO - [2024-05-08T14:57:30.550+0000] {dagbag.py:545} INFO - Filling up the DagBag from /home/airflow/.local/lib/python3.12/site-packages/airflow/example_dags/example_skip_dag.py
[2024-05-08T14:57:30.561+0000] {processor.py:840} INFO - DAG(s) 'example_skip_dag' retrieved from /home/airflow/.local/lib/python3.12/site-packages/airflow/example_dags/example_skip_dag.py
[2024-05-08T14:57:30.601+0000] {logging_mixin.py:188} INFO - [2024-05-08T14:57:30.601+0000] {dag.py:3096} INFO - Sync 1 DAGs
[2024-05-08T14:57:30.642+0000] {logging_mixin.py:188} INFO - [2024-05-08T14:57:30.642+0000] {dag.py:3954} INFO - Setting next_dagrun for example_skip_dag to 2024-05-07 00:00:00+00:00, run_after=2024-05-08 00:00:00+00:00
[2024-05-08T14:57:30.674+0000] {processor.py:183} INFO - Processing /home/airflow/.local/lib/python3.12/site-packages/airflow/example_dags/example_skip_dag.py took 0.141 seconds
[2024-05-08T14:58:00.929+0000] {processor.py:161} INFO - Started process (PID=3386) to work on /home/airflow/.local/lib/python3.12/site-packages/airflow/example_dags/example_skip_dag.py
[2024-05-08T14:58:00.931+0000] {processor.py:830} INFO - Processing file /home/airflow/.local/lib/python3.12/site-packages/airflow/example_dags/example_skip_dag.py for tasks to queue
[2024-05-08T14:58:00.934+0000] {logging_mixin.py:188} INFO - [2024-05-08T14:58:00.933+0000] {dagbag.py:545} INFO - Filling up the DagBag from /home/airflow/.local/lib/python3.12/site-packages/airflow/example_dags/example_skip_dag.py
[2024-05-08T14:58:00.944+0000] {processor.py:840} INFO - DAG(s) 'example_skip_dag' retrieved from /home/airflow/.local/lib/python3.12/site-packages/airflow/example_dags/example_skip_dag.py
[2024-05-08T14:58:00.980+0000] {logging_mixin.py:188} INFO - [2024-05-08T14:58:00.979+0000] {dag.py:3096} INFO - Sync 1 DAGs
[2024-05-08T14:58:01.014+0000] {logging_mixin.py:188} INFO - [2024-05-08T14:58:01.013+0000] {dag.py:3954} INFO - Setting next_dagrun for example_skip_dag to 2024-05-07 00:00:00+00:00, run_after=2024-05-08 00:00:00+00:00
[2024-05-08T14:58:01.046+0000] {processor.py:183} INFO - Processing /home/airflow/.local/lib/python3.12/site-packages/airflow/example_dags/example_skip_dag.py took 0.125 seconds
[2024-05-08T14:58:31.167+0000] {processor.py:161} INFO - Started process (PID=3642) to work on /home/airflow/.local/lib/python3.12/site-packages/airflow/example_dags/example_skip_dag.py
[2024-05-08T14:58:31.176+0000] {processor.py:830} INFO - Processing file /home/airflow/.local/lib/python3.12/site-packages/airflow/example_dags/example_skip_dag.py for tasks to queue
[2024-05-08T14:58:31.182+0000] {logging_mixin.py:188} INFO - [2024-05-08T14:58:31.181+0000] {dagbag.py:545} INFO - Filling up the DagBag from /home/airflow/.local/lib/python3.12/site-packages/airflow/example_dags/example_skip_dag.py
[2024-05-08T14:58:31.208+0000] {processor.py:840} INFO - DAG(s) 'example_skip_dag' retrieved from /home/airflow/.local/lib/python3.12/site-packages/airflow/example_dags/example_skip_dag.py
[2024-05-08T14:58:31.277+0000] {logging_mixin.py:188} INFO - [2024-05-08T14:58:31.276+0000] {dag.py:3096} INFO - Sync 1 DAGs
[2024-05-08T14:58:31.343+0000] {logging_mixin.py:188} INFO - [2024-05-08T14:58:31.343+0000] {dag.py:3954} INFO - Setting next_dagrun for example_skip_dag to 2024-05-07 00:00:00+00:00, run_after=2024-05-08 00:00:00+00:00
[2024-05-08T14:58:31.390+0000] {processor.py:183} INFO - Processing /home/airflow/.local/lib/python3.12/site-packages/airflow/example_dags/example_skip_dag.py took 0.242 seconds
[2024-05-08T14:59:01.619+0000] {processor.py:161} INFO - Started process (PID=3904) to work on /home/airflow/.local/lib/python3.12/site-packages/airflow/example_dags/example_skip_dag.py
[2024-05-08T14:59:01.621+0000] {processor.py:830} INFO - Processing file /home/airflow/.local/lib/python3.12/site-packages/airflow/example_dags/example_skip_dag.py for tasks to queue
[2024-05-08T14:59:01.624+0000] {logging_mixin.py:188} INFO - [2024-05-08T14:59:01.623+0000] {dagbag.py:545} INFO - Filling up the DagBag from /home/airflow/.local/lib/python3.12/site-packages/airflow/example_dags/example_skip_dag.py
[2024-05-08T14:59:01.634+0000] {processor.py:840} INFO - DAG(s) 'example_skip_dag' retrieved from /home/airflow/.local/lib/python3.12/site-packages/airflow/example_dags/example_skip_dag.py
[2024-05-08T14:59:01.670+0000] {logging_mixin.py:188} INFO - [2024-05-08T14:59:01.670+0000] {dag.py:3096} INFO - Sync 1 DAGs
[2024-05-08T14:59:01.710+0000] {logging_mixin.py:188} INFO - [2024-05-08T14:59:01.710+0000] {dag.py:3954} INFO - Setting next_dagrun for example_skip_dag to 2024-05-07 00:00:00+00:00, run_after=2024-05-08 00:00:00+00:00
[2024-05-08T14:59:01.743+0000] {processor.py:183} INFO - Processing /home/airflow/.local/lib/python3.12/site-packages/airflow/example_dags/example_skip_dag.py took 0.134 seconds
[2024-05-08T14:59:32.062+0000] {processor.py:161} INFO - Started process (PID=4166) to work on /home/airflow/.local/lib/python3.12/site-packages/airflow/example_dags/example_skip_dag.py
[2024-05-08T14:59:32.064+0000] {processor.py:830} INFO - Processing file /home/airflow/.local/lib/python3.12/site-packages/airflow/example_dags/example_skip_dag.py for tasks to queue
[2024-05-08T14:59:32.067+0000] {logging_mixin.py:188} INFO - [2024-05-08T14:59:32.066+0000] {dagbag.py:545} INFO - Filling up the DagBag from /home/airflow/.local/lib/python3.12/site-packages/airflow/example_dags/example_skip_dag.py
[2024-05-08T14:59:32.077+0000] {processor.py:840} INFO - DAG(s) 'example_skip_dag' retrieved from /home/airflow/.local/lib/python3.12/site-packages/airflow/example_dags/example_skip_dag.py
[2024-05-08T14:59:32.113+0000] {logging_mixin.py:188} INFO - [2024-05-08T14:59:32.113+0000] {dag.py:3096} INFO - Sync 1 DAGs
[2024-05-08T14:59:32.148+0000] {logging_mixin.py:188} INFO - [2024-05-08T14:59:32.148+0000] {dag.py:3954} INFO - Setting next_dagrun for example_skip_dag to 2024-05-07 00:00:00+00:00, run_after=2024-05-08 00:00:00+00:00
[2024-05-08T14:59:32.184+0000] {processor.py:183} INFO - Processing /home/airflow/.local/lib/python3.12/site-packages/airflow/example_dags/example_skip_dag.py took 0.132 seconds
[2024-05-08T15:00:02.679+0000] {processor.py:161} INFO - Started process (PID=4427) to work on /home/airflow/.local/lib/python3.12/site-packages/airflow/example_dags/example_skip_dag.py
[2024-05-08T15:00:02.681+0000] {processor.py:830} INFO - Processing file /home/airflow/.local/lib/python3.12/site-packages/airflow/example_dags/example_skip_dag.py for tasks to queue
[2024-05-08T15:00:02.707+0000] {logging_mixin.py:188} INFO - [2024-05-08T15:00:02.704+0000] {dagbag.py:545} INFO - Filling up the DagBag from /home/airflow/.local/lib/python3.12/site-packages/airflow/example_dags/example_skip_dag.py
[2024-05-08T15:00:02.728+0000] {processor.py:840} INFO - DAG(s) 'example_skip_dag' retrieved from /home/airflow/.local/lib/python3.12/site-packages/airflow/example_dags/example_skip_dag.py
[2024-05-08T15:00:02.833+0000] {logging_mixin.py:188} INFO - [2024-05-08T15:00:02.832+0000] {dag.py:3096} INFO - Sync 1 DAGs
[2024-05-08T15:00:02.941+0000] {logging_mixin.py:188} INFO - [2024-05-08T15:00:02.941+0000] {dag.py:3954} INFO - Setting next_dagrun for example_skip_dag to 2024-05-07 00:00:00+00:00, run_after=2024-05-08 00:00:00+00:00
[2024-05-08T15:00:03.017+0000] {processor.py:183} INFO - Processing /home/airflow/.local/lib/python3.12/site-packages/airflow/example_dags/example_skip_dag.py took 0.348 seconds
[2024-05-08T15:00:33.283+0000] {processor.py:161} INFO - Started process (PID=4689) to work on /home/airflow/.local/lib/python3.12/site-packages/airflow/example_dags/example_skip_dag.py
[2024-05-08T15:00:33.288+0000] {processor.py:830} INFO - Processing file /home/airflow/.local/lib/python3.12/site-packages/airflow/example_dags/example_skip_dag.py for tasks to queue
[2024-05-08T15:00:33.294+0000] {logging_mixin.py:188} INFO - [2024-05-08T15:00:33.293+0000] {dagbag.py:545} INFO - Filling up the DagBag from /home/airflow/.local/lib/python3.12/site-packages/airflow/example_dags/example_skip_dag.py
[2024-05-08T15:00:33.306+0000] {processor.py:840} INFO - DAG(s) 'example_skip_dag' retrieved from /home/airflow/.local/lib/python3.12/site-packages/airflow/example_dags/example_skip_dag.py
[2024-05-08T15:00:33.341+0000] {logging_mixin.py:188} INFO - [2024-05-08T15:00:33.341+0000] {dag.py:3096} INFO - Sync 1 DAGs
[2024-05-08T15:00:33.376+0000] {logging_mixin.py:188} INFO - [2024-05-08T15:00:33.376+0000] {dag.py:3954} INFO - Setting next_dagrun for example_skip_dag to 2024-05-07 00:00:00+00:00, run_after=2024-05-08 00:00:00+00:00
[2024-05-08T15:00:33.411+0000] {processor.py:183} INFO - Processing /home/airflow/.local/lib/python3.12/site-packages/airflow/example_dags/example_skip_dag.py took 0.137 seconds
[2024-05-08T15:01:03.567+0000] {processor.py:161} INFO - Started process (PID=4950) to work on /home/airflow/.local/lib/python3.12/site-packages/airflow/example_dags/example_skip_dag.py
[2024-05-08T15:01:03.571+0000] {processor.py:830} INFO - Processing file /home/airflow/.local/lib/python3.12/site-packages/airflow/example_dags/example_skip_dag.py for tasks to queue
[2024-05-08T15:01:03.594+0000] {logging_mixin.py:188} INFO - [2024-05-08T15:01:03.590+0000] {dagbag.py:545} INFO - Filling up the DagBag from /home/airflow/.local/lib/python3.12/site-packages/airflow/example_dags/example_skip_dag.py
[2024-05-08T15:01:03.670+0000] {processor.py:840} INFO - DAG(s) 'example_skip_dag' retrieved from /home/airflow/.local/lib/python3.12/site-packages/airflow/example_dags/example_skip_dag.py
[2024-05-08T15:01:03.774+0000] {logging_mixin.py:188} INFO - [2024-05-08T15:01:03.774+0000] {dag.py:3096} INFO - Sync 1 DAGs
[2024-05-08T15:01:03.843+0000] {logging_mixin.py:188} INFO - [2024-05-08T15:01:03.842+0000] {dag.py:3954} INFO - Setting next_dagrun for example_skip_dag to 2024-05-07 00:00:00+00:00, run_after=2024-05-08 00:00:00+00:00
[2024-05-08T15:01:03.888+0000] {processor.py:183} INFO - Processing /home/airflow/.local/lib/python3.12/site-packages/airflow/example_dags/example_skip_dag.py took 0.380 seconds
[2024-05-08T15:01:34.486+0000] {processor.py:161} INFO - Started process (PID=5211) to work on /home/airflow/.local/lib/python3.12/site-packages/airflow/example_dags/example_skip_dag.py
[2024-05-08T15:01:34.496+0000] {processor.py:830} INFO - Processing file /home/airflow/.local/lib/python3.12/site-packages/airflow/example_dags/example_skip_dag.py for tasks to queue
[2024-05-08T15:01:34.506+0000] {logging_mixin.py:188} INFO - [2024-05-08T15:01:34.506+0000] {dagbag.py:545} INFO - Filling up the DagBag from /home/airflow/.local/lib/python3.12/site-packages/airflow/example_dags/example_skip_dag.py
[2024-05-08T15:01:34.541+0000] {processor.py:840} INFO - DAG(s) 'example_skip_dag' retrieved from /home/airflow/.local/lib/python3.12/site-packages/airflow/example_dags/example_skip_dag.py
[2024-05-08T15:01:34.649+0000] {logging_mixin.py:188} INFO - [2024-05-08T15:01:34.648+0000] {dag.py:3096} INFO - Sync 1 DAGs
[2024-05-08T15:01:34.751+0000] {logging_mixin.py:188} INFO - [2024-05-08T15:01:34.751+0000] {dag.py:3954} INFO - Setting next_dagrun for example_skip_dag to 2024-05-07 00:00:00+00:00, run_after=2024-05-08 00:00:00+00:00
[2024-05-08T15:01:34.844+0000] {processor.py:183} INFO - Processing /home/airflow/.local/lib/python3.12/site-packages/airflow/example_dags/example_skip_dag.py took 0.377 seconds
[2024-05-08T15:02:06.263+0000] {processor.py:161} INFO - Started process (PID=5475) to work on /home/airflow/.local/lib/python3.12/site-packages/airflow/example_dags/example_skip_dag.py
[2024-05-08T15:02:06.265+0000] {processor.py:830} INFO - Processing file /home/airflow/.local/lib/python3.12/site-packages/airflow/example_dags/example_skip_dag.py for tasks to queue
[2024-05-08T15:02:06.267+0000] {logging_mixin.py:188} INFO - [2024-05-08T15:02:06.267+0000] {dagbag.py:545} INFO - Filling up the DagBag from /home/airflow/.local/lib/python3.12/site-packages/airflow/example_dags/example_skip_dag.py
[2024-05-08T15:02:06.278+0000] {processor.py:840} INFO - DAG(s) 'example_skip_dag' retrieved from /home/airflow/.local/lib/python3.12/site-packages/airflow/example_dags/example_skip_dag.py
[2024-05-08T15:02:06.316+0000] {logging_mixin.py:188} INFO - [2024-05-08T15:02:06.316+0000] {dag.py:3096} INFO - Sync 1 DAGs
[2024-05-08T15:02:06.348+0000] {logging_mixin.py:188} INFO - [2024-05-08T15:02:06.348+0000] {dag.py:3954} INFO - Setting next_dagrun for example_skip_dag to 2024-05-07 00:00:00+00:00, run_after=2024-05-08 00:00:00+00:00
[2024-05-08T15:02:06.382+0000] {processor.py:183} INFO - Processing /home/airflow/.local/lib/python3.12/site-packages/airflow/example_dags/example_skip_dag.py took 0.131 seconds
[2024-05-08T15:02:37.137+0000] {processor.py:161} INFO - Started process (PID=5737) to work on /home/airflow/.local/lib/python3.12/site-packages/airflow/example_dags/example_skip_dag.py
[2024-05-08T15:02:37.139+0000] {processor.py:830} INFO - Processing file /home/airflow/.local/lib/python3.12/site-packages/airflow/example_dags/example_skip_dag.py for tasks to queue
[2024-05-08T15:02:37.142+0000] {logging_mixin.py:188} INFO - [2024-05-08T15:02:37.141+0000] {dagbag.py:545} INFO - Filling up the DagBag from /home/airflow/.local/lib/python3.12/site-packages/airflow/example_dags/example_skip_dag.py
[2024-05-08T15:02:37.151+0000] {processor.py:840} INFO - DAG(s) 'example_skip_dag' retrieved from /home/airflow/.local/lib/python3.12/site-packages/airflow/example_dags/example_skip_dag.py
[2024-05-08T15:02:37.184+0000] {logging_mixin.py:188} INFO - [2024-05-08T15:02:37.184+0000] {dag.py:3096} INFO - Sync 1 DAGs
[2024-05-08T15:02:37.217+0000] {logging_mixin.py:188} INFO - [2024-05-08T15:02:37.217+0000] {dag.py:3954} INFO - Setting next_dagrun for example_skip_dag to 2024-05-07 00:00:00+00:00, run_after=2024-05-08 00:00:00+00:00
[2024-05-08T15:02:37.252+0000] {processor.py:183} INFO - Processing /home/airflow/.local/lib/python3.12/site-packages/airflow/example_dags/example_skip_dag.py took 0.124 seconds
[2024-05-08T15:03:07.856+0000] {processor.py:161} INFO - Started process (PID=5993) to work on /home/airflow/.local/lib/python3.12/site-packages/airflow/example_dags/example_skip_dag.py
[2024-05-08T15:03:07.858+0000] {processor.py:830} INFO - Processing file /home/airflow/.local/lib/python3.12/site-packages/airflow/example_dags/example_skip_dag.py for tasks to queue
[2024-05-08T15:03:07.861+0000] {logging_mixin.py:188} INFO - [2024-05-08T15:03:07.860+0000] {dagbag.py:545} INFO - Filling up the DagBag from /home/airflow/.local/lib/python3.12/site-packages/airflow/example_dags/example_skip_dag.py
[2024-05-08T15:03:07.882+0000] {processor.py:840} INFO - DAG(s) 'example_skip_dag' retrieved from /home/airflow/.local/lib/python3.12/site-packages/airflow/example_dags/example_skip_dag.py
[2024-05-08T15:03:07.946+0000] {logging_mixin.py:188} INFO - [2024-05-08T15:03:07.945+0000] {dag.py:3096} INFO - Sync 1 DAGs
[2024-05-08T15:03:08.015+0000] {logging_mixin.py:188} INFO - [2024-05-08T15:03:08.015+0000] {dag.py:3954} INFO - Setting next_dagrun for example_skip_dag to 2024-05-07 00:00:00+00:00, run_after=2024-05-08 00:00:00+00:00
[2024-05-08T15:03:08.067+0000] {processor.py:183} INFO - Processing /home/airflow/.local/lib/python3.12/site-packages/airflow/example_dags/example_skip_dag.py took 0.220 seconds
[2024-05-08T15:03:38.586+0000] {processor.py:161} INFO - Started process (PID=6255) to work on /home/airflow/.local/lib/python3.12/site-packages/airflow/example_dags/example_skip_dag.py
[2024-05-08T15:03:38.589+0000] {processor.py:830} INFO - Processing file /home/airflow/.local/lib/python3.12/site-packages/airflow/example_dags/example_skip_dag.py for tasks to queue
[2024-05-08T15:03:38.591+0000] {logging_mixin.py:188} INFO - [2024-05-08T15:03:38.591+0000] {dagbag.py:545} INFO - Filling up the DagBag from /home/airflow/.local/lib/python3.12/site-packages/airflow/example_dags/example_skip_dag.py
[2024-05-08T15:03:38.603+0000] {processor.py:840} INFO - DAG(s) 'example_skip_dag' retrieved from /home/airflow/.local/lib/python3.12/site-packages/airflow/example_dags/example_skip_dag.py
[2024-05-08T15:03:38.638+0000] {logging_mixin.py:188} INFO - [2024-05-08T15:03:38.637+0000] {dag.py:3096} INFO - Sync 1 DAGs
[2024-05-08T15:03:38.670+0000] {logging_mixin.py:188} INFO - [2024-05-08T15:03:38.670+0000] {dag.py:3954} INFO - Setting next_dagrun for example_skip_dag to 2024-05-07 00:00:00+00:00, run_after=2024-05-08 00:00:00+00:00
[2024-05-08T15:03:38.701+0000] {processor.py:183} INFO - Processing /home/airflow/.local/lib/python3.12/site-packages/airflow/example_dags/example_skip_dag.py took 0.130 seconds
[2024-05-08T15:04:10.102+0000] {processor.py:161} INFO - Started process (PID=6515) to work on /home/airflow/.local/lib/python3.12/site-packages/airflow/example_dags/example_skip_dag.py
[2024-05-08T15:04:10.107+0000] {processor.py:830} INFO - Processing file /home/airflow/.local/lib/python3.12/site-packages/airflow/example_dags/example_skip_dag.py for tasks to queue
[2024-05-08T15:04:10.110+0000] {logging_mixin.py:188} INFO - [2024-05-08T15:04:10.110+0000] {dagbag.py:545} INFO - Filling up the DagBag from /home/airflow/.local/lib/python3.12/site-packages/airflow/example_dags/example_skip_dag.py
[2024-05-08T15:04:10.130+0000] {processor.py:840} INFO - DAG(s) 'example_skip_dag' retrieved from /home/airflow/.local/lib/python3.12/site-packages/airflow/example_dags/example_skip_dag.py
[2024-05-08T15:04:10.197+0000] {logging_mixin.py:188} INFO - [2024-05-08T15:04:10.196+0000] {dag.py:3096} INFO - Sync 1 DAGs
[2024-05-08T15:04:10.286+0000] {logging_mixin.py:188} INFO - [2024-05-08T15:04:10.285+0000] {dag.py:3954} INFO - Setting next_dagrun for example_skip_dag to 2024-05-07 00:00:00+00:00, run_after=2024-05-08 00:00:00+00:00
[2024-05-08T15:04:10.419+0000] {processor.py:183} INFO - Processing /home/airflow/.local/lib/python3.12/site-packages/airflow/example_dags/example_skip_dag.py took 0.331 seconds
[2024-05-08T15:04:41.081+0000] {processor.py:161} INFO - Started process (PID=6777) to work on /home/airflow/.local/lib/python3.12/site-packages/airflow/example_dags/example_skip_dag.py
[2024-05-08T15:04:41.084+0000] {processor.py:830} INFO - Processing file /home/airflow/.local/lib/python3.12/site-packages/airflow/example_dags/example_skip_dag.py for tasks to queue
[2024-05-08T15:04:41.087+0000] {logging_mixin.py:188} INFO - [2024-05-08T15:04:41.086+0000] {dagbag.py:545} INFO - Filling up the DagBag from /home/airflow/.local/lib/python3.12/site-packages/airflow/example_dags/example_skip_dag.py
[2024-05-08T15:04:41.098+0000] {processor.py:840} INFO - DAG(s) 'example_skip_dag' retrieved from /home/airflow/.local/lib/python3.12/site-packages/airflow/example_dags/example_skip_dag.py
[2024-05-08T15:04:41.131+0000] {logging_mixin.py:188} INFO - [2024-05-08T15:04:41.131+0000] {dag.py:3096} INFO - Sync 1 DAGs
[2024-05-08T15:04:41.164+0000] {logging_mixin.py:188} INFO - [2024-05-08T15:04:41.164+0000] {dag.py:3954} INFO - Setting next_dagrun for example_skip_dag to 2024-05-07 00:00:00+00:00, run_after=2024-05-08 00:00:00+00:00
[2024-05-08T15:04:41.197+0000] {processor.py:183} INFO - Processing /home/airflow/.local/lib/python3.12/site-packages/airflow/example_dags/example_skip_dag.py took 0.124 seconds
[2024-05-08T15:05:13.480+0000] {processor.py:161} INFO - Started process (PID=7019) to work on /home/airflow/.local/lib/python3.12/site-packages/airflow/example_dags/example_skip_dag.py
[2024-05-08T15:05:13.500+0000] {processor.py:830} INFO - Processing file /home/airflow/.local/lib/python3.12/site-packages/airflow/example_dags/example_skip_dag.py for tasks to queue
[2024-05-08T15:05:13.514+0000] {logging_mixin.py:188} INFO - [2024-05-08T15:05:13.514+0000] {dagbag.py:545} INFO - Filling up the DagBag from /home/airflow/.local/lib/python3.12/site-packages/airflow/example_dags/example_skip_dag.py
[2024-05-08T15:05:13.557+0000] {processor.py:840} INFO - DAG(s) 'example_skip_dag' retrieved from /home/airflow/.local/lib/python3.12/site-packages/airflow/example_dags/example_skip_dag.py
[2024-05-08T15:05:13.872+0000] {logging_mixin.py:188} INFO - [2024-05-08T15:05:13.870+0000] {dag.py:3096} INFO - Sync 1 DAGs
[2024-05-08T15:05:14.433+0000] {logging_mixin.py:188} INFO - [2024-05-08T15:05:14.433+0000] {dag.py:3954} INFO - Setting next_dagrun for example_skip_dag to 2024-05-07 00:00:00+00:00, run_after=2024-05-08 00:00:00+00:00
[2024-05-08T15:05:14.684+0000] {processor.py:183} INFO - Processing /home/airflow/.local/lib/python3.12/site-packages/airflow/example_dags/example_skip_dag.py took 1.244 seconds
[2024-05-08T15:05:45.067+0000] {processor.py:161} INFO - Started process (PID=7288) to work on /home/airflow/.local/lib/python3.12/site-packages/airflow/example_dags/example_skip_dag.py
[2024-05-08T15:05:45.083+0000] {processor.py:830} INFO - Processing file /home/airflow/.local/lib/python3.12/site-packages/airflow/example_dags/example_skip_dag.py for tasks to queue
[2024-05-08T15:05:45.089+0000] {logging_mixin.py:188} INFO - [2024-05-08T15:05:45.088+0000] {dagbag.py:545} INFO - Filling up the DagBag from /home/airflow/.local/lib/python3.12/site-packages/airflow/example_dags/example_skip_dag.py
[2024-05-08T15:05:45.140+0000] {processor.py:840} INFO - DAG(s) 'example_skip_dag' retrieved from /home/airflow/.local/lib/python3.12/site-packages/airflow/example_dags/example_skip_dag.py
[2024-05-08T15:05:45.343+0000] {logging_mixin.py:188} INFO - [2024-05-08T15:05:45.343+0000] {dag.py:3096} INFO - Sync 1 DAGs
[2024-05-08T15:05:45.471+0000] {logging_mixin.py:188} INFO - [2024-05-08T15:05:45.471+0000] {dag.py:3954} INFO - Setting next_dagrun for example_skip_dag to 2024-05-07 00:00:00+00:00, run_after=2024-05-08 00:00:00+00:00
[2024-05-08T15:05:45.709+0000] {processor.py:183} INFO - Processing /home/airflow/.local/lib/python3.12/site-packages/airflow/example_dags/example_skip_dag.py took 0.677 seconds
[2024-05-08T15:06:16.330+0000] {processor.py:161} INFO - Started process (PID=7550) to work on /home/airflow/.local/lib/python3.12/site-packages/airflow/example_dags/example_skip_dag.py
[2024-05-08T15:06:16.332+0000] {processor.py:830} INFO - Processing file /home/airflow/.local/lib/python3.12/site-packages/airflow/example_dags/example_skip_dag.py for tasks to queue
[2024-05-08T15:06:16.336+0000] {logging_mixin.py:188} INFO - [2024-05-08T15:06:16.336+0000] {dagbag.py:545} INFO - Filling up the DagBag from /home/airflow/.local/lib/python3.12/site-packages/airflow/example_dags/example_skip_dag.py
[2024-05-08T15:06:16.347+0000] {processor.py:840} INFO - DAG(s) 'example_skip_dag' retrieved from /home/airflow/.local/lib/python3.12/site-packages/airflow/example_dags/example_skip_dag.py
[2024-05-08T15:06:16.382+0000] {logging_mixin.py:188} INFO - [2024-05-08T15:06:16.381+0000] {dag.py:3096} INFO - Sync 1 DAGs
[2024-05-08T15:06:16.417+0000] {logging_mixin.py:188} INFO - [2024-05-08T15:06:16.417+0000] {dag.py:3954} INFO - Setting next_dagrun for example_skip_dag to 2024-05-07 00:00:00+00:00, run_after=2024-05-08 00:00:00+00:00
[2024-05-08T15:06:16.451+0000] {processor.py:183} INFO - Processing /home/airflow/.local/lib/python3.12/site-packages/airflow/example_dags/example_skip_dag.py took 0.134 seconds
[2024-05-08T15:06:46.816+0000] {processor.py:161} INFO - Started process (PID=7811) to work on /home/airflow/.local/lib/python3.12/site-packages/airflow/example_dags/example_skip_dag.py
[2024-05-08T15:06:46.818+0000] {processor.py:830} INFO - Processing file /home/airflow/.local/lib/python3.12/site-packages/airflow/example_dags/example_skip_dag.py for tasks to queue
[2024-05-08T15:06:46.821+0000] {logging_mixin.py:188} INFO - [2024-05-08T15:06:46.820+0000] {dagbag.py:545} INFO - Filling up the DagBag from /home/airflow/.local/lib/python3.12/site-packages/airflow/example_dags/example_skip_dag.py
[2024-05-08T15:06:46.832+0000] {processor.py:840} INFO - DAG(s) 'example_skip_dag' retrieved from /home/airflow/.local/lib/python3.12/site-packages/airflow/example_dags/example_skip_dag.py
[2024-05-08T15:06:46.868+0000] {logging_mixin.py:188} INFO - [2024-05-08T15:06:46.868+0000] {dag.py:3096} INFO - Sync 1 DAGs
[2024-05-08T15:06:46.902+0000] {logging_mixin.py:188} INFO - [2024-05-08T15:06:46.902+0000] {dag.py:3954} INFO - Setting next_dagrun for example_skip_dag to 2024-05-07 00:00:00+00:00, run_after=2024-05-08 00:00:00+00:00
[2024-05-08T15:06:46.936+0000] {processor.py:183} INFO - Processing /home/airflow/.local/lib/python3.12/site-packages/airflow/example_dags/example_skip_dag.py took 0.128 seconds
[2024-05-08T15:07:17.668+0000] {processor.py:161} INFO - Started process (PID=8073) to work on /home/airflow/.local/lib/python3.12/site-packages/airflow/example_dags/example_skip_dag.py
[2024-05-08T15:07:17.670+0000] {processor.py:830} INFO - Processing file /home/airflow/.local/lib/python3.12/site-packages/airflow/example_dags/example_skip_dag.py for tasks to queue
[2024-05-08T15:07:17.672+0000] {logging_mixin.py:188} INFO - [2024-05-08T15:07:17.672+0000] {dagbag.py:545} INFO - Filling up the DagBag from /home/airflow/.local/lib/python3.12/site-packages/airflow/example_dags/example_skip_dag.py
[2024-05-08T15:07:17.682+0000] {processor.py:840} INFO - DAG(s) 'example_skip_dag' retrieved from /home/airflow/.local/lib/python3.12/site-packages/airflow/example_dags/example_skip_dag.py
[2024-05-08T15:07:17.716+0000] {logging_mixin.py:188} INFO - [2024-05-08T15:07:17.716+0000] {dag.py:3096} INFO - Sync 1 DAGs
[2024-05-08T15:07:17.749+0000] {logging_mixin.py:188} INFO - [2024-05-08T15:07:17.749+0000] {dag.py:3954} INFO - Setting next_dagrun for example_skip_dag to 2024-05-07 00:00:00+00:00, run_after=2024-05-08 00:00:00+00:00
[2024-05-08T15:07:17.789+0000] {processor.py:183} INFO - Processing /home/airflow/.local/lib/python3.12/site-packages/airflow/example_dags/example_skip_dag.py took 0.129 seconds
[2024-05-08T15:07:47.916+0000] {processor.py:161} INFO - Started process (PID=8335) to work on /home/airflow/.local/lib/python3.12/site-packages/airflow/example_dags/example_skip_dag.py
[2024-05-08T15:07:47.918+0000] {processor.py:830} INFO - Processing file /home/airflow/.local/lib/python3.12/site-packages/airflow/example_dags/example_skip_dag.py for tasks to queue
[2024-05-08T15:07:47.922+0000] {logging_mixin.py:188} INFO - [2024-05-08T15:07:47.922+0000] {dagbag.py:545} INFO - Filling up the DagBag from /home/airflow/.local/lib/python3.12/site-packages/airflow/example_dags/example_skip_dag.py
[2024-05-08T15:07:47.936+0000] {processor.py:840} INFO - DAG(s) 'example_skip_dag' retrieved from /home/airflow/.local/lib/python3.12/site-packages/airflow/example_dags/example_skip_dag.py
[2024-05-08T15:07:47.982+0000] {logging_mixin.py:188} INFO - [2024-05-08T15:07:47.982+0000] {dag.py:3096} INFO - Sync 1 DAGs
[2024-05-08T15:07:48.025+0000] {logging_mixin.py:188} INFO - [2024-05-08T15:07:48.024+0000] {dag.py:3954} INFO - Setting next_dagrun for example_skip_dag to 2024-05-07 00:00:00+00:00, run_after=2024-05-08 00:00:00+00:00
[2024-05-08T15:07:48.071+0000] {processor.py:183} INFO - Processing /home/airflow/.local/lib/python3.12/site-packages/airflow/example_dags/example_skip_dag.py took 0.166 seconds
[2024-05-08T15:08:18.158+0000] {processor.py:161} INFO - Started process (PID=8597) to work on /home/airflow/.local/lib/python3.12/site-packages/airflow/example_dags/example_skip_dag.py
[2024-05-08T15:08:18.162+0000] {processor.py:830} INFO - Processing file /home/airflow/.local/lib/python3.12/site-packages/airflow/example_dags/example_skip_dag.py for tasks to queue
[2024-05-08T15:08:18.165+0000] {logging_mixin.py:188} INFO - [2024-05-08T15:08:18.165+0000] {dagbag.py:545} INFO - Filling up the DagBag from /home/airflow/.local/lib/python3.12/site-packages/airflow/example_dags/example_skip_dag.py
[2024-05-08T15:08:18.175+0000] {processor.py:840} INFO - DAG(s) 'example_skip_dag' retrieved from /home/airflow/.local/lib/python3.12/site-packages/airflow/example_dags/example_skip_dag.py
[2024-05-08T15:08:18.212+0000] {logging_mixin.py:188} INFO - [2024-05-08T15:08:18.211+0000] {dag.py:3096} INFO - Sync 1 DAGs
[2024-05-08T15:08:18.244+0000] {logging_mixin.py:188} INFO - [2024-05-08T15:08:18.244+0000] {dag.py:3954} INFO - Setting next_dagrun for example_skip_dag to 2024-05-07 00:00:00+00:00, run_after=2024-05-08 00:00:00+00:00
[2024-05-08T15:08:18.442+0000] {processor.py:183} INFO - Processing /home/airflow/.local/lib/python3.12/site-packages/airflow/example_dags/example_skip_dag.py took 0.293 seconds
