[2024-05-08T14:51:50.147+0000] {processor.py:161} INFO - Started process (PID=247) to work on /home/airflow/.local/lib/python3.12/site-packages/airflow/example_dags/example_bash_decorator.py
[2024-05-08T14:51:50.149+0000] {processor.py:830} INFO - Processing file /home/airflow/.local/lib/python3.12/site-packages/airflow/example_dags/example_bash_decorator.py for tasks to queue
[2024-05-08T14:51:50.152+0000] {logging_mixin.py:188} INFO - [2024-05-08T14:51:50.151+0000] {dagbag.py:545} INFO - Filling up the DagBag from /home/airflow/.local/lib/python3.12/site-packages/airflow/example_dags/example_bash_decorator.py
[2024-05-08T14:51:50.186+0000] {processor.py:840} INFO - DAG(s) 'example_bash_decorator' retrieved from /home/airflow/.local/lib/python3.12/site-packages/airflow/example_dags/example_bash_decorator.py
[2024-05-08T14:51:50.422+0000] {logging_mixin.py:188} INFO - [2024-05-08T14:51:50.421+0000] {dag.py:3096} INFO - Sync 1 DAGs
[2024-05-08T14:51:50.445+0000] {logging_mixin.py:188} INFO - [2024-05-08T14:51:50.445+0000] {dag.py:3954} INFO - Setting next_dagrun for example_bash_decorator to None, run_after=None
[2024-05-08T14:51:50.483+0000] {processor.py:183} INFO - Processing /home/airflow/.local/lib/python3.12/site-packages/airflow/example_dags/example_bash_decorator.py took 0.348 seconds
[2024-05-08T14:52:21.123+0000] {processor.py:161} INFO - Started process (PID=511) to work on /home/airflow/.local/lib/python3.12/site-packages/airflow/example_dags/example_bash_decorator.py
[2024-05-08T14:52:21.124+0000] {processor.py:830} INFO - Processing file /home/airflow/.local/lib/python3.12/site-packages/airflow/example_dags/example_bash_decorator.py for tasks to queue
[2024-05-08T14:52:21.127+0000] {logging_mixin.py:188} INFO - [2024-05-08T14:52:21.126+0000] {dagbag.py:545} INFO - Filling up the DagBag from /home/airflow/.local/lib/python3.12/site-packages/airflow/example_dags/example_bash_decorator.py
[2024-05-08T14:52:21.145+0000] {processor.py:840} INFO - DAG(s) 'example_bash_decorator' retrieved from /home/airflow/.local/lib/python3.12/site-packages/airflow/example_dags/example_bash_decorator.py
[2024-05-08T14:52:21.178+0000] {logging_mixin.py:188} INFO - [2024-05-08T14:52:21.178+0000] {dag.py:3096} INFO - Sync 1 DAGs
[2024-05-08T14:52:21.195+0000] {logging_mixin.py:188} INFO - [2024-05-08T14:52:21.195+0000] {dag.py:3954} INFO - Setting next_dagrun for example_bash_decorator to None, run_after=None
[2024-05-08T14:52:21.222+0000] {processor.py:183} INFO - Processing /home/airflow/.local/lib/python3.12/site-packages/airflow/example_dags/example_bash_decorator.py took 0.108 seconds
[2024-05-08T14:52:56.166+0000] {processor.py:161} INFO - Started process (PID=771) to work on /home/airflow/.local/lib/python3.12/site-packages/airflow/example_dags/example_bash_decorator.py
[2024-05-08T14:52:56.219+0000] {processor.py:830} INFO - Processing file /home/airflow/.local/lib/python3.12/site-packages/airflow/example_dags/example_bash_decorator.py for tasks to queue
[2024-05-08T14:52:56.258+0000] {logging_mixin.py:188} INFO - [2024-05-08T14:52:56.247+0000] {dagbag.py:545} INFO - Filling up the DagBag from /home/airflow/.local/lib/python3.12/site-packages/airflow/example_dags/example_bash_decorator.py
[2024-05-08T14:52:56.844+0000] {processor.py:840} INFO - DAG(s) 'example_bash_decorator' retrieved from /home/airflow/.local/lib/python3.12/site-packages/airflow/example_dags/example_bash_decorator.py
[2024-05-08T14:52:57.595+0000] {logging_mixin.py:188} INFO - [2024-05-08T14:52:57.566+0000] {dag.py:3096} INFO - Sync 1 DAGs
[2024-05-08T14:52:57.847+0000] {logging_mixin.py:188} INFO - [2024-05-08T14:52:57.847+0000] {dag.py:3954} INFO - Setting next_dagrun for example_bash_decorator to None, run_after=None
[2024-05-08T14:52:58.070+0000] {processor.py:183} INFO - Processing /home/airflow/.local/lib/python3.12/site-packages/airflow/example_dags/example_bash_decorator.py took 1.926 seconds
[2024-05-08T14:53:28.236+0000] {processor.py:161} INFO - Started process (PID=1033) to work on /home/airflow/.local/lib/python3.12/site-packages/airflow/example_dags/example_bash_decorator.py
[2024-05-08T14:53:28.238+0000] {processor.py:830} INFO - Processing file /home/airflow/.local/lib/python3.12/site-packages/airflow/example_dags/example_bash_decorator.py for tasks to queue
[2024-05-08T14:53:28.241+0000] {logging_mixin.py:188} INFO - [2024-05-08T14:53:28.240+0000] {dagbag.py:545} INFO - Filling up the DagBag from /home/airflow/.local/lib/python3.12/site-packages/airflow/example_dags/example_bash_decorator.py
[2024-05-08T14:53:28.266+0000] {processor.py:840} INFO - DAG(s) 'example_bash_decorator' retrieved from /home/airflow/.local/lib/python3.12/site-packages/airflow/example_dags/example_bash_decorator.py
[2024-05-08T14:53:28.313+0000] {logging_mixin.py:188} INFO - [2024-05-08T14:53:28.312+0000] {dag.py:3096} INFO - Sync 1 DAGs
[2024-05-08T14:53:28.344+0000] {logging_mixin.py:188} INFO - [2024-05-08T14:53:28.343+0000] {dag.py:3954} INFO - Setting next_dagrun for example_bash_decorator to None, run_after=None
[2024-05-08T14:53:28.412+0000] {processor.py:183} INFO - Processing /home/airflow/.local/lib/python3.12/site-packages/airflow/example_dags/example_bash_decorator.py took 0.185 seconds
[2024-05-08T14:53:59.116+0000] {processor.py:161} INFO - Started process (PID=1295) to work on /home/airflow/.local/lib/python3.12/site-packages/airflow/example_dags/example_bash_decorator.py
[2024-05-08T14:53:59.125+0000] {processor.py:830} INFO - Processing file /home/airflow/.local/lib/python3.12/site-packages/airflow/example_dags/example_bash_decorator.py for tasks to queue
[2024-05-08T14:53:59.128+0000] {logging_mixin.py:188} INFO - [2024-05-08T14:53:59.128+0000] {dagbag.py:545} INFO - Filling up the DagBag from /home/airflow/.local/lib/python3.12/site-packages/airflow/example_dags/example_bash_decorator.py
[2024-05-08T14:53:59.162+0000] {processor.py:840} INFO - DAG(s) 'example_bash_decorator' retrieved from /home/airflow/.local/lib/python3.12/site-packages/airflow/example_dags/example_bash_decorator.py
[2024-05-08T14:53:59.272+0000] {logging_mixin.py:188} INFO - [2024-05-08T14:53:59.267+0000] {dag.py:3096} INFO - Sync 1 DAGs
[2024-05-08T14:53:59.311+0000] {logging_mixin.py:188} INFO - [2024-05-08T14:53:59.311+0000] {dag.py:3954} INFO - Setting next_dagrun for example_bash_decorator to None, run_after=None
[2024-05-08T14:53:59.379+0000] {processor.py:183} INFO - Processing /home/airflow/.local/lib/python3.12/site-packages/airflow/example_dags/example_bash_decorator.py took 0.276 seconds
[2024-05-08T14:54:29.656+0000] {processor.py:161} INFO - Started process (PID=1562) to work on /home/airflow/.local/lib/python3.12/site-packages/airflow/example_dags/example_bash_decorator.py
[2024-05-08T14:54:29.658+0000] {processor.py:830} INFO - Processing file /home/airflow/.local/lib/python3.12/site-packages/airflow/example_dags/example_bash_decorator.py for tasks to queue
[2024-05-08T14:54:29.661+0000] {logging_mixin.py:188} INFO - [2024-05-08T14:54:29.661+0000] {dagbag.py:545} INFO - Filling up the DagBag from /home/airflow/.local/lib/python3.12/site-packages/airflow/example_dags/example_bash_decorator.py
[2024-05-08T14:54:29.690+0000] {processor.py:840} INFO - DAG(s) 'example_bash_decorator' retrieved from /home/airflow/.local/lib/python3.12/site-packages/airflow/example_dags/example_bash_decorator.py
[2024-05-08T14:54:29.728+0000] {logging_mixin.py:188} INFO - [2024-05-08T14:54:29.727+0000] {dag.py:3096} INFO - Sync 1 DAGs
[2024-05-08T14:54:29.751+0000] {logging_mixin.py:188} INFO - [2024-05-08T14:54:29.751+0000] {dag.py:3954} INFO - Setting next_dagrun for example_bash_decorator to None, run_after=None
[2024-05-08T14:54:29.796+0000] {processor.py:183} INFO - Processing /home/airflow/.local/lib/python3.12/site-packages/airflow/example_dags/example_bash_decorator.py took 0.149 seconds
[2024-05-08T14:54:59.926+0000] {processor.py:161} INFO - Started process (PID=1824) to work on /home/airflow/.local/lib/python3.12/site-packages/airflow/example_dags/example_bash_decorator.py
[2024-05-08T14:54:59.929+0000] {processor.py:830} INFO - Processing file /home/airflow/.local/lib/python3.12/site-packages/airflow/example_dags/example_bash_decorator.py for tasks to queue
[2024-05-08T14:54:59.933+0000] {logging_mixin.py:188} INFO - [2024-05-08T14:54:59.932+0000] {dagbag.py:545} INFO - Filling up the DagBag from /home/airflow/.local/lib/python3.12/site-packages/airflow/example_dags/example_bash_decorator.py
[2024-05-08T14:54:59.971+0000] {processor.py:840} INFO - DAG(s) 'example_bash_decorator' retrieved from /home/airflow/.local/lib/python3.12/site-packages/airflow/example_dags/example_bash_decorator.py
[2024-05-08T14:55:00.019+0000] {logging_mixin.py:188} INFO - [2024-05-08T14:55:00.019+0000] {dag.py:3096} INFO - Sync 1 DAGs
[2024-05-08T14:55:00.041+0000] {logging_mixin.py:188} INFO - [2024-05-08T14:55:00.041+0000] {dag.py:3954} INFO - Setting next_dagrun for example_bash_decorator to None, run_after=None
[2024-05-08T14:55:00.071+0000] {processor.py:183} INFO - Processing /home/airflow/.local/lib/python3.12/site-packages/airflow/example_dags/example_bash_decorator.py took 0.156 seconds
[2024-05-08T14:55:30.724+0000] {processor.py:161} INFO - Started process (PID=2086) to work on /home/airflow/.local/lib/python3.12/site-packages/airflow/example_dags/example_bash_decorator.py
[2024-05-08T14:55:30.728+0000] {processor.py:830} INFO - Processing file /home/airflow/.local/lib/python3.12/site-packages/airflow/example_dags/example_bash_decorator.py for tasks to queue
[2024-05-08T14:55:30.742+0000] {logging_mixin.py:188} INFO - [2024-05-08T14:55:30.742+0000] {dagbag.py:545} INFO - Filling up the DagBag from /home/airflow/.local/lib/python3.12/site-packages/airflow/example_dags/example_bash_decorator.py
[2024-05-08T14:55:30.776+0000] {processor.py:840} INFO - DAG(s) 'example_bash_decorator' retrieved from /home/airflow/.local/lib/python3.12/site-packages/airflow/example_dags/example_bash_decorator.py
[2024-05-08T14:55:30.895+0000] {logging_mixin.py:188} INFO - [2024-05-08T14:55:30.894+0000] {dag.py:3096} INFO - Sync 1 DAGs
[2024-05-08T14:55:30.914+0000] {logging_mixin.py:188} INFO - [2024-05-08T14:55:30.913+0000] {dag.py:3954} INFO - Setting next_dagrun for example_bash_decorator to None, run_after=None
[2024-05-08T14:55:30.945+0000] {processor.py:183} INFO - Processing /home/airflow/.local/lib/python3.12/site-packages/airflow/example_dags/example_bash_decorator.py took 0.230 seconds
[2024-05-08T14:56:01.088+0000] {processor.py:161} INFO - Started process (PID=2347) to work on /home/airflow/.local/lib/python3.12/site-packages/airflow/example_dags/example_bash_decorator.py
[2024-05-08T14:56:01.092+0000] {processor.py:830} INFO - Processing file /home/airflow/.local/lib/python3.12/site-packages/airflow/example_dags/example_bash_decorator.py for tasks to queue
[2024-05-08T14:56:01.095+0000] {logging_mixin.py:188} INFO - [2024-05-08T14:56:01.094+0000] {dagbag.py:545} INFO - Filling up the DagBag from /home/airflow/.local/lib/python3.12/site-packages/airflow/example_dags/example_bash_decorator.py
[2024-05-08T14:56:01.130+0000] {processor.py:840} INFO - DAG(s) 'example_bash_decorator' retrieved from /home/airflow/.local/lib/python3.12/site-packages/airflow/example_dags/example_bash_decorator.py
[2024-05-08T14:56:01.168+0000] {logging_mixin.py:188} INFO - [2024-05-08T14:56:01.168+0000] {dag.py:3096} INFO - Sync 1 DAGs
[2024-05-08T14:56:01.190+0000] {logging_mixin.py:188} INFO - [2024-05-08T14:56:01.189+0000] {dag.py:3954} INFO - Setting next_dagrun for example_bash_decorator to None, run_after=None
[2024-05-08T14:56:01.223+0000] {processor.py:183} INFO - Processing /home/airflow/.local/lib/python3.12/site-packages/airflow/example_dags/example_bash_decorator.py took 0.144 seconds
[2024-05-08T14:56:31.848+0000] {processor.py:161} INFO - Started process (PID=2609) to work on /home/airflow/.local/lib/python3.12/site-packages/airflow/example_dags/example_bash_decorator.py
[2024-05-08T14:56:31.850+0000] {processor.py:830} INFO - Processing file /home/airflow/.local/lib/python3.12/site-packages/airflow/example_dags/example_bash_decorator.py for tasks to queue
[2024-05-08T14:56:31.853+0000] {logging_mixin.py:188} INFO - [2024-05-08T14:56:31.852+0000] {dagbag.py:545} INFO - Filling up the DagBag from /home/airflow/.local/lib/python3.12/site-packages/airflow/example_dags/example_bash_decorator.py
[2024-05-08T14:56:31.875+0000] {processor.py:840} INFO - DAG(s) 'example_bash_decorator' retrieved from /home/airflow/.local/lib/python3.12/site-packages/airflow/example_dags/example_bash_decorator.py
[2024-05-08T14:56:31.913+0000] {logging_mixin.py:188} INFO - [2024-05-08T14:56:31.912+0000] {dag.py:3096} INFO - Sync 1 DAGs
[2024-05-08T14:56:31.936+0000] {logging_mixin.py:188} INFO - [2024-05-08T14:56:31.936+0000] {dag.py:3954} INFO - Setting next_dagrun for example_bash_decorator to None, run_after=None
[2024-05-08T14:56:31.968+0000] {processor.py:183} INFO - Processing /home/airflow/.local/lib/python3.12/site-packages/airflow/example_dags/example_bash_decorator.py took 0.128 seconds
[2024-05-08T14:57:02.380+0000] {processor.py:161} INFO - Started process (PID=2871) to work on /home/airflow/.local/lib/python3.12/site-packages/airflow/example_dags/example_bash_decorator.py
[2024-05-08T14:57:02.382+0000] {processor.py:830} INFO - Processing file /home/airflow/.local/lib/python3.12/site-packages/airflow/example_dags/example_bash_decorator.py for tasks to queue
[2024-05-08T14:57:02.386+0000] {logging_mixin.py:188} INFO - [2024-05-08T14:57:02.385+0000] {dagbag.py:545} INFO - Filling up the DagBag from /home/airflow/.local/lib/python3.12/site-packages/airflow/example_dags/example_bash_decorator.py
[2024-05-08T14:57:02.419+0000] {processor.py:840} INFO - DAG(s) 'example_bash_decorator' retrieved from /home/airflow/.local/lib/python3.12/site-packages/airflow/example_dags/example_bash_decorator.py
[2024-05-08T14:57:02.473+0000] {logging_mixin.py:188} INFO - [2024-05-08T14:57:02.473+0000] {dag.py:3096} INFO - Sync 1 DAGs
[2024-05-08T14:57:02.500+0000] {logging_mixin.py:188} INFO - [2024-05-08T14:57:02.499+0000] {dag.py:3954} INFO - Setting next_dagrun for example_bash_decorator to None, run_after=None
[2024-05-08T14:57:02.544+0000] {processor.py:183} INFO - Processing /home/airflow/.local/lib/python3.12/site-packages/airflow/example_dags/example_bash_decorator.py took 0.177 seconds
[2024-05-08T14:57:32.747+0000] {processor.py:161} INFO - Started process (PID=3134) to work on /home/airflow/.local/lib/python3.12/site-packages/airflow/example_dags/example_bash_decorator.py
[2024-05-08T14:57:32.751+0000] {processor.py:830} INFO - Processing file /home/airflow/.local/lib/python3.12/site-packages/airflow/example_dags/example_bash_decorator.py for tasks to queue
[2024-05-08T14:57:32.757+0000] {logging_mixin.py:188} INFO - [2024-05-08T14:57:32.756+0000] {dagbag.py:545} INFO - Filling up the DagBag from /home/airflow/.local/lib/python3.12/site-packages/airflow/example_dags/example_bash_decorator.py
[2024-05-08T14:57:32.784+0000] {processor.py:840} INFO - DAG(s) 'example_bash_decorator' retrieved from /home/airflow/.local/lib/python3.12/site-packages/airflow/example_dags/example_bash_decorator.py
[2024-05-08T14:57:32.859+0000] {logging_mixin.py:188} INFO - [2024-05-08T14:57:32.859+0000] {dag.py:3096} INFO - Sync 1 DAGs
[2024-05-08T14:57:32.883+0000] {logging_mixin.py:188} INFO - [2024-05-08T14:57:32.882+0000] {dag.py:3954} INFO - Setting next_dagrun for example_bash_decorator to None, run_after=None
[2024-05-08T14:57:32.929+0000] {processor.py:183} INFO - Processing /home/airflow/.local/lib/python3.12/site-packages/airflow/example_dags/example_bash_decorator.py took 0.194 seconds
[2024-05-08T14:58:03.127+0000] {processor.py:161} INFO - Started process (PID=3396) to work on /home/airflow/.local/lib/python3.12/site-packages/airflow/example_dags/example_bash_decorator.py
[2024-05-08T14:58:03.129+0000] {processor.py:830} INFO - Processing file /home/airflow/.local/lib/python3.12/site-packages/airflow/example_dags/example_bash_decorator.py for tasks to queue
[2024-05-08T14:58:03.132+0000] {logging_mixin.py:188} INFO - [2024-05-08T14:58:03.131+0000] {dagbag.py:545} INFO - Filling up the DagBag from /home/airflow/.local/lib/python3.12/site-packages/airflow/example_dags/example_bash_decorator.py
[2024-05-08T14:58:03.157+0000] {processor.py:840} INFO - DAG(s) 'example_bash_decorator' retrieved from /home/airflow/.local/lib/python3.12/site-packages/airflow/example_dags/example_bash_decorator.py
[2024-05-08T14:58:03.196+0000] {logging_mixin.py:188} INFO - [2024-05-08T14:58:03.195+0000] {dag.py:3096} INFO - Sync 1 DAGs
[2024-05-08T14:58:03.220+0000] {logging_mixin.py:188} INFO - [2024-05-08T14:58:03.219+0000] {dag.py:3954} INFO - Setting next_dagrun for example_bash_decorator to None, run_after=None
[2024-05-08T14:58:03.256+0000] {processor.py:183} INFO - Processing /home/airflow/.local/lib/python3.12/site-packages/airflow/example_dags/example_bash_decorator.py took 0.139 seconds
[2024-05-08T14:58:33.460+0000] {processor.py:161} INFO - Started process (PID=3658) to work on /home/airflow/.local/lib/python3.12/site-packages/airflow/example_dags/example_bash_decorator.py
[2024-05-08T14:58:33.462+0000] {processor.py:830} INFO - Processing file /home/airflow/.local/lib/python3.12/site-packages/airflow/example_dags/example_bash_decorator.py for tasks to queue
[2024-05-08T14:58:33.464+0000] {logging_mixin.py:188} INFO - [2024-05-08T14:58:33.464+0000] {dagbag.py:545} INFO - Filling up the DagBag from /home/airflow/.local/lib/python3.12/site-packages/airflow/example_dags/example_bash_decorator.py
[2024-05-08T14:58:33.486+0000] {processor.py:840} INFO - DAG(s) 'example_bash_decorator' retrieved from /home/airflow/.local/lib/python3.12/site-packages/airflow/example_dags/example_bash_decorator.py
[2024-05-08T14:58:33.526+0000] {logging_mixin.py:188} INFO - [2024-05-08T14:58:33.525+0000] {dag.py:3096} INFO - Sync 1 DAGs
[2024-05-08T14:58:33.545+0000] {logging_mixin.py:188} INFO - [2024-05-08T14:58:33.545+0000] {dag.py:3954} INFO - Setting next_dagrun for example_bash_decorator to None, run_after=None
[2024-05-08T14:58:33.577+0000] {processor.py:183} INFO - Processing /home/airflow/.local/lib/python3.12/site-packages/airflow/example_dags/example_bash_decorator.py took 0.126 seconds
[2024-05-08T14:59:03.807+0000] {processor.py:161} INFO - Started process (PID=3920) to work on /home/airflow/.local/lib/python3.12/site-packages/airflow/example_dags/example_bash_decorator.py
[2024-05-08T14:59:03.809+0000] {processor.py:830} INFO - Processing file /home/airflow/.local/lib/python3.12/site-packages/airflow/example_dags/example_bash_decorator.py for tasks to queue
[2024-05-08T14:59:03.812+0000] {logging_mixin.py:188} INFO - [2024-05-08T14:59:03.811+0000] {dagbag.py:545} INFO - Filling up the DagBag from /home/airflow/.local/lib/python3.12/site-packages/airflow/example_dags/example_bash_decorator.py
[2024-05-08T14:59:03.833+0000] {processor.py:840} INFO - DAG(s) 'example_bash_decorator' retrieved from /home/airflow/.local/lib/python3.12/site-packages/airflow/example_dags/example_bash_decorator.py
[2024-05-08T14:59:03.871+0000] {logging_mixin.py:188} INFO - [2024-05-08T14:59:03.870+0000] {dag.py:3096} INFO - Sync 1 DAGs
[2024-05-08T14:59:03.893+0000] {logging_mixin.py:188} INFO - [2024-05-08T14:59:03.893+0000] {dag.py:3954} INFO - Setting next_dagrun for example_bash_decorator to None, run_after=None
[2024-05-08T14:59:03.923+0000] {processor.py:183} INFO - Processing /home/airflow/.local/lib/python3.12/site-packages/airflow/example_dags/example_bash_decorator.py took 0.125 seconds
[2024-05-08T14:59:34.167+0000] {processor.py:161} INFO - Started process (PID=4176) to work on /home/airflow/.local/lib/python3.12/site-packages/airflow/example_dags/example_bash_decorator.py
[2024-05-08T14:59:34.171+0000] {processor.py:830} INFO - Processing file /home/airflow/.local/lib/python3.12/site-packages/airflow/example_dags/example_bash_decorator.py for tasks to queue
[2024-05-08T14:59:34.183+0000] {logging_mixin.py:188} INFO - [2024-05-08T14:59:34.183+0000] {dagbag.py:545} INFO - Filling up the DagBag from /home/airflow/.local/lib/python3.12/site-packages/airflow/example_dags/example_bash_decorator.py
[2024-05-08T14:59:34.206+0000] {processor.py:840} INFO - DAG(s) 'example_bash_decorator' retrieved from /home/airflow/.local/lib/python3.12/site-packages/airflow/example_dags/example_bash_decorator.py
[2024-05-08T14:59:34.247+0000] {logging_mixin.py:188} INFO - [2024-05-08T14:59:34.247+0000] {dag.py:3096} INFO - Sync 1 DAGs
[2024-05-08T14:59:34.270+0000] {logging_mixin.py:188} INFO - [2024-05-08T14:59:34.270+0000] {dag.py:3954} INFO - Setting next_dagrun for example_bash_decorator to None, run_after=None
[2024-05-08T14:59:34.304+0000] {processor.py:183} INFO - Processing /home/airflow/.local/lib/python3.12/site-packages/airflow/example_dags/example_bash_decorator.py took 0.145 seconds
[2024-05-08T15:00:05.094+0000] {processor.py:161} INFO - Started process (PID=4437) to work on /home/airflow/.local/lib/python3.12/site-packages/airflow/example_dags/example_bash_decorator.py
[2024-05-08T15:00:05.100+0000] {processor.py:830} INFO - Processing file /home/airflow/.local/lib/python3.12/site-packages/airflow/example_dags/example_bash_decorator.py for tasks to queue
[2024-05-08T15:00:05.103+0000] {logging_mixin.py:188} INFO - [2024-05-08T15:00:05.102+0000] {dagbag.py:545} INFO - Filling up the DagBag from /home/airflow/.local/lib/python3.12/site-packages/airflow/example_dags/example_bash_decorator.py
[2024-05-08T15:00:05.133+0000] {processor.py:840} INFO - DAG(s) 'example_bash_decorator' retrieved from /home/airflow/.local/lib/python3.12/site-packages/airflow/example_dags/example_bash_decorator.py
[2024-05-08T15:00:05.184+0000] {logging_mixin.py:188} INFO - [2024-05-08T15:00:05.183+0000] {dag.py:3096} INFO - Sync 1 DAGs
[2024-05-08T15:00:05.246+0000] {logging_mixin.py:188} INFO - [2024-05-08T15:00:05.245+0000] {dag.py:3954} INFO - Setting next_dagrun for example_bash_decorator to None, run_after=None
[2024-05-08T15:00:05.305+0000] {processor.py:183} INFO - Processing /home/airflow/.local/lib/python3.12/site-packages/airflow/example_dags/example_bash_decorator.py took 0.220 seconds
[2024-05-08T15:00:35.467+0000] {processor.py:161} INFO - Started process (PID=4699) to work on /home/airflow/.local/lib/python3.12/site-packages/airflow/example_dags/example_bash_decorator.py
[2024-05-08T15:00:35.472+0000] {processor.py:830} INFO - Processing file /home/airflow/.local/lib/python3.12/site-packages/airflow/example_dags/example_bash_decorator.py for tasks to queue
[2024-05-08T15:00:35.475+0000] {logging_mixin.py:188} INFO - [2024-05-08T15:00:35.474+0000] {dagbag.py:545} INFO - Filling up the DagBag from /home/airflow/.local/lib/python3.12/site-packages/airflow/example_dags/example_bash_decorator.py
[2024-05-08T15:00:35.499+0000] {processor.py:840} INFO - DAG(s) 'example_bash_decorator' retrieved from /home/airflow/.local/lib/python3.12/site-packages/airflow/example_dags/example_bash_decorator.py
[2024-05-08T15:00:35.534+0000] {logging_mixin.py:188} INFO - [2024-05-08T15:00:35.533+0000] {dag.py:3096} INFO - Sync 1 DAGs
[2024-05-08T15:00:35.554+0000] {logging_mixin.py:188} INFO - [2024-05-08T15:00:35.554+0000] {dag.py:3954} INFO - Setting next_dagrun for example_bash_decorator to None, run_after=None
[2024-05-08T15:00:35.585+0000] {processor.py:183} INFO - Processing /home/airflow/.local/lib/python3.12/site-packages/airflow/example_dags/example_bash_decorator.py took 0.126 seconds
[2024-05-08T15:01:05.952+0000] {processor.py:161} INFO - Started process (PID=4960) to work on /home/airflow/.local/lib/python3.12/site-packages/airflow/example_dags/example_bash_decorator.py
[2024-05-08T15:01:05.953+0000] {processor.py:830} INFO - Processing file /home/airflow/.local/lib/python3.12/site-packages/airflow/example_dags/example_bash_decorator.py for tasks to queue
[2024-05-08T15:01:05.956+0000] {logging_mixin.py:188} INFO - [2024-05-08T15:01:05.955+0000] {dagbag.py:545} INFO - Filling up the DagBag from /home/airflow/.local/lib/python3.12/site-packages/airflow/example_dags/example_bash_decorator.py
[2024-05-08T15:01:05.982+0000] {processor.py:840} INFO - DAG(s) 'example_bash_decorator' retrieved from /home/airflow/.local/lib/python3.12/site-packages/airflow/example_dags/example_bash_decorator.py
[2024-05-08T15:01:06.026+0000] {logging_mixin.py:188} INFO - [2024-05-08T15:01:06.025+0000] {dag.py:3096} INFO - Sync 1 DAGs
[2024-05-08T15:01:06.054+0000] {logging_mixin.py:188} INFO - [2024-05-08T15:01:06.054+0000] {dag.py:3954} INFO - Setting next_dagrun for example_bash_decorator to None, run_after=None
[2024-05-08T15:01:06.090+0000] {processor.py:183} INFO - Processing /home/airflow/.local/lib/python3.12/site-packages/airflow/example_dags/example_bash_decorator.py took 0.146 seconds
[2024-05-08T15:01:37.326+0000] {processor.py:161} INFO - Started process (PID=5221) to work on /home/airflow/.local/lib/python3.12/site-packages/airflow/example_dags/example_bash_decorator.py
[2024-05-08T15:01:37.353+0000] {processor.py:830} INFO - Processing file /home/airflow/.local/lib/python3.12/site-packages/airflow/example_dags/example_bash_decorator.py for tasks to queue
[2024-05-08T15:01:37.375+0000] {logging_mixin.py:188} INFO - [2024-05-08T15:01:37.375+0000] {dagbag.py:545} INFO - Filling up the DagBag from /home/airflow/.local/lib/python3.12/site-packages/airflow/example_dags/example_bash_decorator.py
[2024-05-08T15:01:37.489+0000] {processor.py:840} INFO - DAG(s) 'example_bash_decorator' retrieved from /home/airflow/.local/lib/python3.12/site-packages/airflow/example_dags/example_bash_decorator.py
[2024-05-08T15:01:37.669+0000] {logging_mixin.py:188} INFO - [2024-05-08T15:01:37.668+0000] {dag.py:3096} INFO - Sync 1 DAGs
[2024-05-08T15:01:37.745+0000] {logging_mixin.py:188} INFO - [2024-05-08T15:01:37.744+0000] {dag.py:3954} INFO - Setting next_dagrun for example_bash_decorator to None, run_after=None
[2024-05-08T15:01:37.820+0000] {processor.py:183} INFO - Processing /home/airflow/.local/lib/python3.12/site-packages/airflow/example_dags/example_bash_decorator.py took 0.575 seconds
[2024-05-08T15:02:08.324+0000] {processor.py:161} INFO - Started process (PID=5483) to work on /home/airflow/.local/lib/python3.12/site-packages/airflow/example_dags/example_bash_decorator.py
[2024-05-08T15:02:08.333+0000] {processor.py:830} INFO - Processing file /home/airflow/.local/lib/python3.12/site-packages/airflow/example_dags/example_bash_decorator.py for tasks to queue
[2024-05-08T15:02:08.336+0000] {logging_mixin.py:188} INFO - [2024-05-08T15:02:08.335+0000] {dagbag.py:545} INFO - Filling up the DagBag from /home/airflow/.local/lib/python3.12/site-packages/airflow/example_dags/example_bash_decorator.py
[2024-05-08T15:02:08.385+0000] {processor.py:840} INFO - DAG(s) 'example_bash_decorator' retrieved from /home/airflow/.local/lib/python3.12/site-packages/airflow/example_dags/example_bash_decorator.py
[2024-05-08T15:02:08.453+0000] {logging_mixin.py:188} INFO - [2024-05-08T15:02:08.452+0000] {dag.py:3096} INFO - Sync 1 DAGs
[2024-05-08T15:02:08.477+0000] {logging_mixin.py:188} INFO - [2024-05-08T15:02:08.476+0000] {dag.py:3954} INFO - Setting next_dagrun for example_bash_decorator to None, run_after=None
[2024-05-08T15:02:08.515+0000] {processor.py:183} INFO - Processing /home/airflow/.local/lib/python3.12/site-packages/airflow/example_dags/example_bash_decorator.py took 0.210 seconds
[2024-05-08T15:02:39.197+0000] {processor.py:161} INFO - Started process (PID=5745) to work on /home/airflow/.local/lib/python3.12/site-packages/airflow/example_dags/example_bash_decorator.py
[2024-05-08T15:02:39.200+0000] {processor.py:830} INFO - Processing file /home/airflow/.local/lib/python3.12/site-packages/airflow/example_dags/example_bash_decorator.py for tasks to queue
[2024-05-08T15:02:39.206+0000] {logging_mixin.py:188} INFO - [2024-05-08T15:02:39.205+0000] {dagbag.py:545} INFO - Filling up the DagBag from /home/airflow/.local/lib/python3.12/site-packages/airflow/example_dags/example_bash_decorator.py
[2024-05-08T15:02:39.239+0000] {processor.py:840} INFO - DAG(s) 'example_bash_decorator' retrieved from /home/airflow/.local/lib/python3.12/site-packages/airflow/example_dags/example_bash_decorator.py
[2024-05-08T15:02:39.287+0000] {logging_mixin.py:188} INFO - [2024-05-08T15:02:39.287+0000] {dag.py:3096} INFO - Sync 1 DAGs
[2024-05-08T15:02:39.312+0000] {logging_mixin.py:188} INFO - [2024-05-08T15:02:39.311+0000] {dag.py:3954} INFO - Setting next_dagrun for example_bash_decorator to None, run_after=None
[2024-05-08T15:02:39.346+0000] {processor.py:183} INFO - Processing /home/airflow/.local/lib/python3.12/site-packages/airflow/example_dags/example_bash_decorator.py took 0.166 seconds
[2024-05-08T15:03:09.444+0000] {processor.py:161} INFO - Started process (PID=6006) to work on /home/airflow/.local/lib/python3.12/site-packages/airflow/example_dags/example_bash_decorator.py
[2024-05-08T15:03:09.447+0000] {processor.py:830} INFO - Processing file /home/airflow/.local/lib/python3.12/site-packages/airflow/example_dags/example_bash_decorator.py for tasks to queue
[2024-05-08T15:03:09.450+0000] {logging_mixin.py:188} INFO - [2024-05-08T15:03:09.449+0000] {dagbag.py:545} INFO - Filling up the DagBag from /home/airflow/.local/lib/python3.12/site-packages/airflow/example_dags/example_bash_decorator.py
[2024-05-08T15:03:09.479+0000] {processor.py:840} INFO - DAG(s) 'example_bash_decorator' retrieved from /home/airflow/.local/lib/python3.12/site-packages/airflow/example_dags/example_bash_decorator.py
[2024-05-08T15:03:09.527+0000] {logging_mixin.py:188} INFO - [2024-05-08T15:03:09.527+0000] {dag.py:3096} INFO - Sync 1 DAGs
[2024-05-08T15:03:09.560+0000] {logging_mixin.py:188} INFO - [2024-05-08T15:03:09.559+0000] {dag.py:3954} INFO - Setting next_dagrun for example_bash_decorator to None, run_after=None
[2024-05-08T15:03:09.611+0000] {processor.py:183} INFO - Processing /home/airflow/.local/lib/python3.12/site-packages/airflow/example_dags/example_bash_decorator.py took 0.179 seconds
[2024-05-08T15:03:39.764+0000] {processor.py:161} INFO - Started process (PID=6268) to work on /home/airflow/.local/lib/python3.12/site-packages/airflow/example_dags/example_bash_decorator.py
[2024-05-08T15:03:39.766+0000] {processor.py:830} INFO - Processing file /home/airflow/.local/lib/python3.12/site-packages/airflow/example_dags/example_bash_decorator.py for tasks to queue
[2024-05-08T15:03:39.769+0000] {logging_mixin.py:188} INFO - [2024-05-08T15:03:39.768+0000] {dagbag.py:545} INFO - Filling up the DagBag from /home/airflow/.local/lib/python3.12/site-packages/airflow/example_dags/example_bash_decorator.py
[2024-05-08T15:03:39.793+0000] {processor.py:840} INFO - DAG(s) 'example_bash_decorator' retrieved from /home/airflow/.local/lib/python3.12/site-packages/airflow/example_dags/example_bash_decorator.py
[2024-05-08T15:03:39.832+0000] {logging_mixin.py:188} INFO - [2024-05-08T15:03:39.831+0000] {dag.py:3096} INFO - Sync 1 DAGs
[2024-05-08T15:03:39.851+0000] {logging_mixin.py:188} INFO - [2024-05-08T15:03:39.851+0000] {dag.py:3954} INFO - Setting next_dagrun for example_bash_decorator to None, run_after=None
[2024-05-08T15:03:39.900+0000] {processor.py:183} INFO - Processing /home/airflow/.local/lib/python3.12/site-packages/airflow/example_dags/example_bash_decorator.py took 0.144 seconds
[2024-05-08T15:04:11.180+0000] {processor.py:161} INFO - Started process (PID=6530) to work on /home/airflow/.local/lib/python3.12/site-packages/airflow/example_dags/example_bash_decorator.py
[2024-05-08T15:04:11.187+0000] {processor.py:830} INFO - Processing file /home/airflow/.local/lib/python3.12/site-packages/airflow/example_dags/example_bash_decorator.py for tasks to queue
[2024-05-08T15:04:11.197+0000] {logging_mixin.py:188} INFO - [2024-05-08T15:04:11.197+0000] {dagbag.py:545} INFO - Filling up the DagBag from /home/airflow/.local/lib/python3.12/site-packages/airflow/example_dags/example_bash_decorator.py
[2024-05-08T15:04:11.271+0000] {processor.py:840} INFO - DAG(s) 'example_bash_decorator' retrieved from /home/airflow/.local/lib/python3.12/site-packages/airflow/example_dags/example_bash_decorator.py
[2024-05-08T15:04:11.529+0000] {logging_mixin.py:188} INFO - [2024-05-08T15:04:11.481+0000] {dag.py:3096} INFO - Sync 1 DAGs
[2024-05-08T15:04:11.798+0000] {logging_mixin.py:188} INFO - [2024-05-08T15:04:11.791+0000] {dag.py:3954} INFO - Setting next_dagrun for example_bash_decorator to None, run_after=None
[2024-05-08T15:04:11.890+0000] {processor.py:183} INFO - Processing /home/airflow/.local/lib/python3.12/site-packages/airflow/example_dags/example_bash_decorator.py took 0.737 seconds
[2024-05-08T15:04:42.249+0000] {processor.py:161} INFO - Started process (PID=6789) to work on /home/airflow/.local/lib/python3.12/site-packages/airflow/example_dags/example_bash_decorator.py
[2024-05-08T15:04:42.251+0000] {processor.py:830} INFO - Processing file /home/airflow/.local/lib/python3.12/site-packages/airflow/example_dags/example_bash_decorator.py for tasks to queue
[2024-05-08T15:04:42.253+0000] {logging_mixin.py:188} INFO - [2024-05-08T15:04:42.253+0000] {dagbag.py:545} INFO - Filling up the DagBag from /home/airflow/.local/lib/python3.12/site-packages/airflow/example_dags/example_bash_decorator.py
[2024-05-08T15:04:42.272+0000] {processor.py:840} INFO - DAG(s) 'example_bash_decorator' retrieved from /home/airflow/.local/lib/python3.12/site-packages/airflow/example_dags/example_bash_decorator.py
[2024-05-08T15:04:42.307+0000] {logging_mixin.py:188} INFO - [2024-05-08T15:04:42.307+0000] {dag.py:3096} INFO - Sync 1 DAGs
[2024-05-08T15:04:42.336+0000] {logging_mixin.py:188} INFO - [2024-05-08T15:04:42.336+0000] {dag.py:3954} INFO - Setting next_dagrun for example_bash_decorator to None, run_after=None
[2024-05-08T15:04:42.368+0000] {processor.py:183} INFO - Processing /home/airflow/.local/lib/python3.12/site-packages/airflow/example_dags/example_bash_decorator.py took 0.122 seconds
[2024-05-08T15:05:15.523+0000] {processor.py:161} INFO - Started process (PID=7055) to work on /home/airflow/.local/lib/python3.12/site-packages/airflow/example_dags/example_bash_decorator.py
[2024-05-08T15:05:15.524+0000] {processor.py:830} INFO - Processing file /home/airflow/.local/lib/python3.12/site-packages/airflow/example_dags/example_bash_decorator.py for tasks to queue
[2024-05-08T15:05:15.548+0000] {logging_mixin.py:188} INFO - [2024-05-08T15:05:15.545+0000] {dagbag.py:545} INFO - Filling up the DagBag from /home/airflow/.local/lib/python3.12/site-packages/airflow/example_dags/example_bash_decorator.py
[2024-05-08T15:05:15.609+0000] {processor.py:840} INFO - DAG(s) 'example_bash_decorator' retrieved from /home/airflow/.local/lib/python3.12/site-packages/airflow/example_dags/example_bash_decorator.py
[2024-05-08T15:05:15.707+0000] {logging_mixin.py:188} INFO - [2024-05-08T15:05:15.706+0000] {dag.py:3096} INFO - Sync 1 DAGs
[2024-05-08T15:05:15.737+0000] {logging_mixin.py:188} INFO - [2024-05-08T15:05:15.736+0000] {dag.py:3954} INFO - Setting next_dagrun for example_bash_decorator to None, run_after=None
[2024-05-08T15:05:15.789+0000] {processor.py:183} INFO - Processing /home/airflow/.local/lib/python3.12/site-packages/airflow/example_dags/example_bash_decorator.py took 0.280 seconds
[2024-05-08T15:05:45.964+0000] {processor.py:161} INFO - Started process (PID=7311) to work on /home/airflow/.local/lib/python3.12/site-packages/airflow/example_dags/example_bash_decorator.py
[2024-05-08T15:05:45.970+0000] {processor.py:830} INFO - Processing file /home/airflow/.local/lib/python3.12/site-packages/airflow/example_dags/example_bash_decorator.py for tasks to queue
[2024-05-08T15:05:45.973+0000] {logging_mixin.py:188} INFO - [2024-05-08T15:05:45.973+0000] {dagbag.py:545} INFO - Filling up the DagBag from /home/airflow/.local/lib/python3.12/site-packages/airflow/example_dags/example_bash_decorator.py
[2024-05-08T15:05:45.998+0000] {processor.py:840} INFO - DAG(s) 'example_bash_decorator' retrieved from /home/airflow/.local/lib/python3.12/site-packages/airflow/example_dags/example_bash_decorator.py
[2024-05-08T15:05:46.038+0000] {logging_mixin.py:188} INFO - [2024-05-08T15:05:46.038+0000] {dag.py:3096} INFO - Sync 1 DAGs
[2024-05-08T15:05:46.060+0000] {logging_mixin.py:188} INFO - [2024-05-08T15:05:46.059+0000] {dag.py:3954} INFO - Setting next_dagrun for example_bash_decorator to None, run_after=None
[2024-05-08T15:05:46.092+0000] {processor.py:183} INFO - Processing /home/airflow/.local/lib/python3.12/site-packages/airflow/example_dags/example_bash_decorator.py took 0.139 seconds
[2024-05-08T15:06:16.497+0000] {processor.py:161} INFO - Started process (PID=7560) to work on /home/airflow/.local/lib/python3.12/site-packages/airflow/example_dags/example_bash_decorator.py
[2024-05-08T15:06:16.500+0000] {processor.py:830} INFO - Processing file /home/airflow/.local/lib/python3.12/site-packages/airflow/example_dags/example_bash_decorator.py for tasks to queue
[2024-05-08T15:06:16.503+0000] {logging_mixin.py:188} INFO - [2024-05-08T15:06:16.503+0000] {dagbag.py:545} INFO - Filling up the DagBag from /home/airflow/.local/lib/python3.12/site-packages/airflow/example_dags/example_bash_decorator.py
[2024-05-08T15:06:16.524+0000] {processor.py:840} INFO - DAG(s) 'example_bash_decorator' retrieved from /home/airflow/.local/lib/python3.12/site-packages/airflow/example_dags/example_bash_decorator.py
[2024-05-08T15:06:16.564+0000] {logging_mixin.py:188} INFO - [2024-05-08T15:06:16.564+0000] {dag.py:3096} INFO - Sync 1 DAGs
[2024-05-08T15:06:16.585+0000] {logging_mixin.py:188} INFO - [2024-05-08T15:06:16.585+0000] {dag.py:3954} INFO - Setting next_dagrun for example_bash_decorator to None, run_after=None
[2024-05-08T15:06:16.616+0000] {processor.py:183} INFO - Processing /home/airflow/.local/lib/python3.12/site-packages/airflow/example_dags/example_bash_decorator.py took 0.130 seconds
[2024-05-08T15:06:46.979+0000] {processor.py:161} INFO - Started process (PID=7821) to work on /home/airflow/.local/lib/python3.12/site-packages/airflow/example_dags/example_bash_decorator.py
[2024-05-08T15:06:46.981+0000] {processor.py:830} INFO - Processing file /home/airflow/.local/lib/python3.12/site-packages/airflow/example_dags/example_bash_decorator.py for tasks to queue
[2024-05-08T15:06:46.983+0000] {logging_mixin.py:188} INFO - [2024-05-08T15:06:46.983+0000] {dagbag.py:545} INFO - Filling up the DagBag from /home/airflow/.local/lib/python3.12/site-packages/airflow/example_dags/example_bash_decorator.py
[2024-05-08T15:06:47.004+0000] {processor.py:840} INFO - DAG(s) 'example_bash_decorator' retrieved from /home/airflow/.local/lib/python3.12/site-packages/airflow/example_dags/example_bash_decorator.py
[2024-05-08T15:06:47.037+0000] {logging_mixin.py:188} INFO - [2024-05-08T15:06:47.037+0000] {dag.py:3096} INFO - Sync 1 DAGs
[2024-05-08T15:06:47.057+0000] {logging_mixin.py:188} INFO - [2024-05-08T15:06:47.056+0000] {dag.py:3954} INFO - Setting next_dagrun for example_bash_decorator to None, run_after=None
[2024-05-08T15:06:47.084+0000] {processor.py:183} INFO - Processing /home/airflow/.local/lib/python3.12/site-packages/airflow/example_dags/example_bash_decorator.py took 0.114 seconds
[2024-05-08T15:07:17.848+0000] {processor.py:161} INFO - Started process (PID=8083) to work on /home/airflow/.local/lib/python3.12/site-packages/airflow/example_dags/example_bash_decorator.py
[2024-05-08T15:07:17.850+0000] {processor.py:830} INFO - Processing file /home/airflow/.local/lib/python3.12/site-packages/airflow/example_dags/example_bash_decorator.py for tasks to queue
[2024-05-08T15:07:17.853+0000] {logging_mixin.py:188} INFO - [2024-05-08T15:07:17.852+0000] {dagbag.py:545} INFO - Filling up the DagBag from /home/airflow/.local/lib/python3.12/site-packages/airflow/example_dags/example_bash_decorator.py
[2024-05-08T15:07:17.874+0000] {processor.py:840} INFO - DAG(s) 'example_bash_decorator' retrieved from /home/airflow/.local/lib/python3.12/site-packages/airflow/example_dags/example_bash_decorator.py
[2024-05-08T15:07:17.916+0000] {logging_mixin.py:188} INFO - [2024-05-08T15:07:17.916+0000] {dag.py:3096} INFO - Sync 1 DAGs
[2024-05-08T15:07:17.939+0000] {logging_mixin.py:188} INFO - [2024-05-08T15:07:17.938+0000] {dag.py:3954} INFO - Setting next_dagrun for example_bash_decorator to None, run_after=None
[2024-05-08T15:07:17.970+0000] {processor.py:183} INFO - Processing /home/airflow/.local/lib/python3.12/site-packages/airflow/example_dags/example_bash_decorator.py took 0.136 seconds
[2024-05-08T15:07:48.138+0000] {processor.py:161} INFO - Started process (PID=8345) to work on /home/airflow/.local/lib/python3.12/site-packages/airflow/example_dags/example_bash_decorator.py
[2024-05-08T15:07:48.144+0000] {processor.py:830} INFO - Processing file /home/airflow/.local/lib/python3.12/site-packages/airflow/example_dags/example_bash_decorator.py for tasks to queue
[2024-05-08T15:07:48.148+0000] {logging_mixin.py:188} INFO - [2024-05-08T15:07:48.147+0000] {dagbag.py:545} INFO - Filling up the DagBag from /home/airflow/.local/lib/python3.12/site-packages/airflow/example_dags/example_bash_decorator.py
[2024-05-08T15:07:48.173+0000] {processor.py:840} INFO - DAG(s) 'example_bash_decorator' retrieved from /home/airflow/.local/lib/python3.12/site-packages/airflow/example_dags/example_bash_decorator.py
[2024-05-08T15:07:48.221+0000] {logging_mixin.py:188} INFO - [2024-05-08T15:07:48.221+0000] {dag.py:3096} INFO - Sync 1 DAGs
[2024-05-08T15:07:48.250+0000] {logging_mixin.py:188} INFO - [2024-05-08T15:07:48.250+0000] {dag.py:3954} INFO - Setting next_dagrun for example_bash_decorator to None, run_after=None
[2024-05-08T15:07:48.290+0000] {processor.py:183} INFO - Processing /home/airflow/.local/lib/python3.12/site-packages/airflow/example_dags/example_bash_decorator.py took 0.166 seconds
[2024-05-08T15:08:18.489+0000] {processor.py:161} INFO - Started process (PID=8607) to work on /home/airflow/.local/lib/python3.12/site-packages/airflow/example_dags/example_bash_decorator.py
[2024-05-08T15:08:18.491+0000] {processor.py:830} INFO - Processing file /home/airflow/.local/lib/python3.12/site-packages/airflow/example_dags/example_bash_decorator.py for tasks to queue
[2024-05-08T15:08:18.494+0000] {logging_mixin.py:188} INFO - [2024-05-08T15:08:18.493+0000] {dagbag.py:545} INFO - Filling up the DagBag from /home/airflow/.local/lib/python3.12/site-packages/airflow/example_dags/example_bash_decorator.py
[2024-05-08T15:08:18.515+0000] {processor.py:840} INFO - DAG(s) 'example_bash_decorator' retrieved from /home/airflow/.local/lib/python3.12/site-packages/airflow/example_dags/example_bash_decorator.py
[2024-05-08T15:08:18.549+0000] {logging_mixin.py:188} INFO - [2024-05-08T15:08:18.549+0000] {dag.py:3096} INFO - Sync 1 DAGs
[2024-05-08T15:08:18.567+0000] {logging_mixin.py:188} INFO - [2024-05-08T15:08:18.567+0000] {dag.py:3954} INFO - Setting next_dagrun for example_bash_decorator to None, run_after=None
[2024-05-08T15:08:18.747+0000] {processor.py:183} INFO - Processing /home/airflow/.local/lib/python3.12/site-packages/airflow/example_dags/example_bash_decorator.py took 0.266 seconds
