[2024-05-08T14:51:52.772+0000] {processor.py:161} INFO - Started process (PID=292) to work on /home/airflow/.local/lib/python3.12/site-packages/airflow/example_dags/example_setup_teardown.py
[2024-05-08T14:51:52.774+0000] {processor.py:830} INFO - Processing file /home/airflow/.local/lib/python3.12/site-packages/airflow/example_dags/example_setup_teardown.py for tasks to queue
[2024-05-08T14:51:52.776+0000] {logging_mixin.py:188} INFO - [2024-05-08T14:51:52.776+0000] {dagbag.py:545} INFO - Filling up the DagBag from /home/airflow/.local/lib/python3.12/site-packages/airflow/example_dags/example_setup_teardown.py
[2024-05-08T14:51:52.795+0000] {processor.py:840} INFO - DAG(s) 'example_setup_teardown' retrieved from /home/airflow/.local/lib/python3.12/site-packages/airflow/example_dags/example_setup_teardown.py
[2024-05-08T14:51:53.035+0000] {logging_mixin.py:188} INFO - [2024-05-08T14:51:53.035+0000] {dag.py:3096} INFO - Sync 1 DAGs
[2024-05-08T14:51:53.082+0000] {logging_mixin.py:188} INFO - [2024-05-08T14:51:53.081+0000] {dag.py:3954} INFO - Setting next_dagrun for example_setup_teardown to 2024-05-07 00:00:00+00:00, run_after=2024-05-08 00:00:00+00:00
[2024-05-08T14:51:53.133+0000] {processor.py:183} INFO - Processing /home/airflow/.local/lib/python3.12/site-packages/airflow/example_dags/example_setup_teardown.py took 0.379 seconds
[2024-05-08T14:52:23.859+0000] {processor.py:161} INFO - Started process (PID=554) to work on /home/airflow/.local/lib/python3.12/site-packages/airflow/example_dags/example_setup_teardown.py
[2024-05-08T14:52:23.861+0000] {processor.py:830} INFO - Processing file /home/airflow/.local/lib/python3.12/site-packages/airflow/example_dags/example_setup_teardown.py for tasks to queue
[2024-05-08T14:52:23.864+0000] {logging_mixin.py:188} INFO - [2024-05-08T14:52:23.864+0000] {dagbag.py:545} INFO - Filling up the DagBag from /home/airflow/.local/lib/python3.12/site-packages/airflow/example_dags/example_setup_teardown.py
[2024-05-08T14:52:23.891+0000] {processor.py:840} INFO - DAG(s) 'example_setup_teardown' retrieved from /home/airflow/.local/lib/python3.12/site-packages/airflow/example_dags/example_setup_teardown.py
[2024-05-08T14:52:23.946+0000] {logging_mixin.py:188} INFO - [2024-05-08T14:52:23.945+0000] {dag.py:3096} INFO - Sync 1 DAGs
[2024-05-08T14:52:23.995+0000] {logging_mixin.py:188} INFO - [2024-05-08T14:52:23.995+0000] {dag.py:3954} INFO - Setting next_dagrun for example_setup_teardown to 2024-05-07 00:00:00+00:00, run_after=2024-05-08 00:00:00+00:00
[2024-05-08T14:52:24.050+0000] {processor.py:183} INFO - Processing /home/airflow/.local/lib/python3.12/site-packages/airflow/example_dags/example_setup_teardown.py took 0.200 seconds
[2024-05-08T14:52:59.565+0000] {processor.py:161} INFO - Started process (PID=816) to work on /home/airflow/.local/lib/python3.12/site-packages/airflow/example_dags/example_setup_teardown.py
[2024-05-08T14:52:59.567+0000] {processor.py:830} INFO - Processing file /home/airflow/.local/lib/python3.12/site-packages/airflow/example_dags/example_setup_teardown.py for tasks to queue
[2024-05-08T14:52:59.570+0000] {logging_mixin.py:188} INFO - [2024-05-08T14:52:59.570+0000] {dagbag.py:545} INFO - Filling up the DagBag from /home/airflow/.local/lib/python3.12/site-packages/airflow/example_dags/example_setup_teardown.py
[2024-05-08T14:52:59.586+0000] {processor.py:840} INFO - DAG(s) 'example_setup_teardown' retrieved from /home/airflow/.local/lib/python3.12/site-packages/airflow/example_dags/example_setup_teardown.py
[2024-05-08T14:52:59.672+0000] {logging_mixin.py:188} INFO - [2024-05-08T14:52:59.672+0000] {dag.py:3096} INFO - Sync 1 DAGs
[2024-05-08T14:52:59.725+0000] {logging_mixin.py:188} INFO - [2024-05-08T14:52:59.725+0000] {dag.py:3954} INFO - Setting next_dagrun for example_setup_teardown to 2024-05-07 00:00:00+00:00, run_after=2024-05-08 00:00:00+00:00
[2024-05-08T14:52:59.771+0000] {processor.py:183} INFO - Processing /home/airflow/.local/lib/python3.12/site-packages/airflow/example_dags/example_setup_teardown.py took 0.217 seconds
[2024-05-08T14:53:30.625+0000] {processor.py:161} INFO - Started process (PID=1078) to work on /home/airflow/.local/lib/python3.12/site-packages/airflow/example_dags/example_setup_teardown.py
[2024-05-08T14:53:30.627+0000] {processor.py:830} INFO - Processing file /home/airflow/.local/lib/python3.12/site-packages/airflow/example_dags/example_setup_teardown.py for tasks to queue
[2024-05-08T14:53:30.631+0000] {logging_mixin.py:188} INFO - [2024-05-08T14:53:30.630+0000] {dagbag.py:545} INFO - Filling up the DagBag from /home/airflow/.local/lib/python3.12/site-packages/airflow/example_dags/example_setup_teardown.py
[2024-05-08T14:53:30.649+0000] {processor.py:840} INFO - DAG(s) 'example_setup_teardown' retrieved from /home/airflow/.local/lib/python3.12/site-packages/airflow/example_dags/example_setup_teardown.py
[2024-05-08T14:53:30.699+0000] {logging_mixin.py:188} INFO - [2024-05-08T14:53:30.698+0000] {dag.py:3096} INFO - Sync 1 DAGs
[2024-05-08T14:53:30.736+0000] {logging_mixin.py:188} INFO - [2024-05-08T14:53:30.735+0000] {dag.py:3954} INFO - Setting next_dagrun for example_setup_teardown to 2024-05-07 00:00:00+00:00, run_after=2024-05-08 00:00:00+00:00
[2024-05-08T14:53:30.773+0000] {processor.py:183} INFO - Processing /home/airflow/.local/lib/python3.12/site-packages/airflow/example_dags/example_setup_teardown.py took 0.163 seconds
[2024-05-08T14:54:04.478+0000] {processor.py:161} INFO - Started process (PID=1341) to work on /home/airflow/.local/lib/python3.12/site-packages/airflow/example_dags/example_setup_teardown.py
[2024-05-08T14:54:04.484+0000] {processor.py:830} INFO - Processing file /home/airflow/.local/lib/python3.12/site-packages/airflow/example_dags/example_setup_teardown.py for tasks to queue
[2024-05-08T14:54:04.492+0000] {logging_mixin.py:188} INFO - [2024-05-08T14:54:04.490+0000] {dagbag.py:545} INFO - Filling up the DagBag from /home/airflow/.local/lib/python3.12/site-packages/airflow/example_dags/example_setup_teardown.py
[2024-05-08T14:54:04.565+0000] {processor.py:840} INFO - DAG(s) 'example_setup_teardown' retrieved from /home/airflow/.local/lib/python3.12/site-packages/airflow/example_dags/example_setup_teardown.py
[2024-05-08T14:54:04.721+0000] {logging_mixin.py:188} INFO - [2024-05-08T14:54:04.720+0000] {dag.py:3096} INFO - Sync 1 DAGs
[2024-05-08T14:54:04.883+0000] {logging_mixin.py:188} INFO - [2024-05-08T14:54:04.882+0000] {dag.py:3954} INFO - Setting next_dagrun for example_setup_teardown to 2024-05-07 00:00:00+00:00, run_after=2024-05-08 00:00:00+00:00
[2024-05-08T14:54:05.249+0000] {processor.py:183} INFO - Processing /home/airflow/.local/lib/python3.12/site-packages/airflow/example_dags/example_setup_teardown.py took 0.812 seconds
[2024-05-08T14:54:36.302+0000] {processor.py:161} INFO - Started process (PID=1609) to work on /home/airflow/.local/lib/python3.12/site-packages/airflow/example_dags/example_setup_teardown.py
[2024-05-08T14:54:36.304+0000] {processor.py:830} INFO - Processing file /home/airflow/.local/lib/python3.12/site-packages/airflow/example_dags/example_setup_teardown.py for tasks to queue
[2024-05-08T14:54:36.309+0000] {logging_mixin.py:188} INFO - [2024-05-08T14:54:36.308+0000] {dagbag.py:545} INFO - Filling up the DagBag from /home/airflow/.local/lib/python3.12/site-packages/airflow/example_dags/example_setup_teardown.py
[2024-05-08T14:54:36.326+0000] {processor.py:840} INFO - DAG(s) 'example_setup_teardown' retrieved from /home/airflow/.local/lib/python3.12/site-packages/airflow/example_dags/example_setup_teardown.py
[2024-05-08T14:54:36.378+0000] {logging_mixin.py:188} INFO - [2024-05-08T14:54:36.378+0000] {dag.py:3096} INFO - Sync 1 DAGs
[2024-05-08T14:54:36.416+0000] {logging_mixin.py:188} INFO - [2024-05-08T14:54:36.415+0000] {dag.py:3954} INFO - Setting next_dagrun for example_setup_teardown to 2024-05-07 00:00:00+00:00, run_after=2024-05-08 00:00:00+00:00
[2024-05-08T14:54:36.449+0000] {processor.py:183} INFO - Processing /home/airflow/.local/lib/python3.12/site-packages/airflow/example_dags/example_setup_teardown.py took 0.157 seconds
[2024-05-08T14:55:06.813+0000] {processor.py:161} INFO - Started process (PID=1871) to work on /home/airflow/.local/lib/python3.12/site-packages/airflow/example_dags/example_setup_teardown.py
[2024-05-08T14:55:06.815+0000] {processor.py:830} INFO - Processing file /home/airflow/.local/lib/python3.12/site-packages/airflow/example_dags/example_setup_teardown.py for tasks to queue
[2024-05-08T14:55:06.818+0000] {logging_mixin.py:188} INFO - [2024-05-08T14:55:06.818+0000] {dagbag.py:545} INFO - Filling up the DagBag from /home/airflow/.local/lib/python3.12/site-packages/airflow/example_dags/example_setup_teardown.py
[2024-05-08T14:55:06.829+0000] {processor.py:840} INFO - DAG(s) 'example_setup_teardown' retrieved from /home/airflow/.local/lib/python3.12/site-packages/airflow/example_dags/example_setup_teardown.py
[2024-05-08T14:55:06.883+0000] {logging_mixin.py:188} INFO - [2024-05-08T14:55:06.882+0000] {dag.py:3096} INFO - Sync 1 DAGs
[2024-05-08T14:55:06.949+0000] {logging_mixin.py:188} INFO - [2024-05-08T14:55:06.948+0000] {dag.py:3954} INFO - Setting next_dagrun for example_setup_teardown to 2024-05-07 00:00:00+00:00, run_after=2024-05-08 00:00:00+00:00
[2024-05-08T14:55:07.010+0000] {processor.py:183} INFO - Processing /home/airflow/.local/lib/python3.12/site-packages/airflow/example_dags/example_setup_teardown.py took 0.206 seconds
[2024-05-08T14:55:37.120+0000] {processor.py:161} INFO - Started process (PID=2133) to work on /home/airflow/.local/lib/python3.12/site-packages/airflow/example_dags/example_setup_teardown.py
[2024-05-08T14:55:37.122+0000] {processor.py:830} INFO - Processing file /home/airflow/.local/lib/python3.12/site-packages/airflow/example_dags/example_setup_teardown.py for tasks to queue
[2024-05-08T14:55:37.126+0000] {logging_mixin.py:188} INFO - [2024-05-08T14:55:37.126+0000] {dagbag.py:545} INFO - Filling up the DagBag from /home/airflow/.local/lib/python3.12/site-packages/airflow/example_dags/example_setup_teardown.py
[2024-05-08T14:55:37.140+0000] {processor.py:840} INFO - DAG(s) 'example_setup_teardown' retrieved from /home/airflow/.local/lib/python3.12/site-packages/airflow/example_dags/example_setup_teardown.py
[2024-05-08T14:55:37.189+0000] {logging_mixin.py:188} INFO - [2024-05-08T14:55:37.188+0000] {dag.py:3096} INFO - Sync 1 DAGs
[2024-05-08T14:55:37.234+0000] {logging_mixin.py:188} INFO - [2024-05-08T14:55:37.234+0000] {dag.py:3954} INFO - Setting next_dagrun for example_setup_teardown to 2024-05-07 00:00:00+00:00, run_after=2024-05-08 00:00:00+00:00
[2024-05-08T14:55:37.278+0000] {processor.py:183} INFO - Processing /home/airflow/.local/lib/python3.12/site-packages/airflow/example_dags/example_setup_teardown.py took 0.172 seconds
[2024-05-08T14:56:07.714+0000] {processor.py:161} INFO - Started process (PID=2394) to work on /home/airflow/.local/lib/python3.12/site-packages/airflow/example_dags/example_setup_teardown.py
[2024-05-08T14:56:07.718+0000] {processor.py:830} INFO - Processing file /home/airflow/.local/lib/python3.12/site-packages/airflow/example_dags/example_setup_teardown.py for tasks to queue
[2024-05-08T14:56:07.734+0000] {logging_mixin.py:188} INFO - [2024-05-08T14:56:07.731+0000] {dagbag.py:545} INFO - Filling up the DagBag from /home/airflow/.local/lib/python3.12/site-packages/airflow/example_dags/example_setup_teardown.py
[2024-05-08T14:56:07.768+0000] {processor.py:840} INFO - DAG(s) 'example_setup_teardown' retrieved from /home/airflow/.local/lib/python3.12/site-packages/airflow/example_dags/example_setup_teardown.py
[2024-05-08T14:56:07.866+0000] {logging_mixin.py:188} INFO - [2024-05-08T14:56:07.865+0000] {dag.py:3096} INFO - Sync 1 DAGs
[2024-05-08T14:56:07.978+0000] {logging_mixin.py:188} INFO - [2024-05-08T14:56:07.977+0000] {dag.py:3954} INFO - Setting next_dagrun for example_setup_teardown to 2024-05-07 00:00:00+00:00, run_after=2024-05-08 00:00:00+00:00
[2024-05-08T14:56:08.092+0000] {processor.py:183} INFO - Processing /home/airflow/.local/lib/python3.12/site-packages/airflow/example_dags/example_setup_teardown.py took 0.424 seconds
[2024-05-08T14:56:39.050+0000] {processor.py:161} INFO - Started process (PID=2656) to work on /home/airflow/.local/lib/python3.12/site-packages/airflow/example_dags/example_setup_teardown.py
[2024-05-08T14:56:39.051+0000] {processor.py:830} INFO - Processing file /home/airflow/.local/lib/python3.12/site-packages/airflow/example_dags/example_setup_teardown.py for tasks to queue
[2024-05-08T14:56:39.055+0000] {logging_mixin.py:188} INFO - [2024-05-08T14:56:39.054+0000] {dagbag.py:545} INFO - Filling up the DagBag from /home/airflow/.local/lib/python3.12/site-packages/airflow/example_dags/example_setup_teardown.py
[2024-05-08T14:56:39.066+0000] {processor.py:840} INFO - DAG(s) 'example_setup_teardown' retrieved from /home/airflow/.local/lib/python3.12/site-packages/airflow/example_dags/example_setup_teardown.py
[2024-05-08T14:56:39.099+0000] {logging_mixin.py:188} INFO - [2024-05-08T14:56:39.099+0000] {dag.py:3096} INFO - Sync 1 DAGs
[2024-05-08T14:56:39.134+0000] {logging_mixin.py:188} INFO - [2024-05-08T14:56:39.134+0000] {dag.py:3954} INFO - Setting next_dagrun for example_setup_teardown to 2024-05-07 00:00:00+00:00, run_after=2024-05-08 00:00:00+00:00
[2024-05-08T14:56:39.172+0000] {processor.py:183} INFO - Processing /home/airflow/.local/lib/python3.12/site-packages/airflow/example_dags/example_setup_teardown.py took 0.131 seconds
[2024-05-08T14:57:09.293+0000] {processor.py:161} INFO - Started process (PID=2918) to work on /home/airflow/.local/lib/python3.12/site-packages/airflow/example_dags/example_setup_teardown.py
[2024-05-08T14:57:09.304+0000] {processor.py:830} INFO - Processing file /home/airflow/.local/lib/python3.12/site-packages/airflow/example_dags/example_setup_teardown.py for tasks to queue
[2024-05-08T14:57:09.308+0000] {logging_mixin.py:188} INFO - [2024-05-08T14:57:09.307+0000] {dagbag.py:545} INFO - Filling up the DagBag from /home/airflow/.local/lib/python3.12/site-packages/airflow/example_dags/example_setup_teardown.py
[2024-05-08T14:57:09.331+0000] {processor.py:840} INFO - DAG(s) 'example_setup_teardown' retrieved from /home/airflow/.local/lib/python3.12/site-packages/airflow/example_dags/example_setup_teardown.py
[2024-05-08T14:57:09.410+0000] {logging_mixin.py:188} INFO - [2024-05-08T14:57:09.410+0000] {dag.py:3096} INFO - Sync 1 DAGs
[2024-05-08T14:57:09.509+0000] {logging_mixin.py:188} INFO - [2024-05-08T14:57:09.509+0000] {dag.py:3954} INFO - Setting next_dagrun for example_setup_teardown to 2024-05-07 00:00:00+00:00, run_after=2024-05-08 00:00:00+00:00
[2024-05-08T14:57:09.596+0000] {processor.py:183} INFO - Processing /home/airflow/.local/lib/python3.12/site-packages/airflow/example_dags/example_setup_teardown.py took 0.333 seconds
[2024-05-08T14:57:40.018+0000] {processor.py:161} INFO - Started process (PID=3181) to work on /home/airflow/.local/lib/python3.12/site-packages/airflow/example_dags/example_setup_teardown.py
[2024-05-08T14:57:40.019+0000] {processor.py:830} INFO - Processing file /home/airflow/.local/lib/python3.12/site-packages/airflow/example_dags/example_setup_teardown.py for tasks to queue
[2024-05-08T14:57:40.022+0000] {logging_mixin.py:188} INFO - [2024-05-08T14:57:40.022+0000] {dagbag.py:545} INFO - Filling up the DagBag from /home/airflow/.local/lib/python3.12/site-packages/airflow/example_dags/example_setup_teardown.py
[2024-05-08T14:57:40.034+0000] {processor.py:840} INFO - DAG(s) 'example_setup_teardown' retrieved from /home/airflow/.local/lib/python3.12/site-packages/airflow/example_dags/example_setup_teardown.py
[2024-05-08T14:57:40.068+0000] {logging_mixin.py:188} INFO - [2024-05-08T14:57:40.068+0000] {dag.py:3096} INFO - Sync 1 DAGs
[2024-05-08T14:57:40.104+0000] {logging_mixin.py:188} INFO - [2024-05-08T14:57:40.104+0000] {dag.py:3954} INFO - Setting next_dagrun for example_setup_teardown to 2024-05-07 00:00:00+00:00, run_after=2024-05-08 00:00:00+00:00
[2024-05-08T14:57:40.136+0000] {processor.py:183} INFO - Processing /home/airflow/.local/lib/python3.12/site-packages/airflow/example_dags/example_setup_teardown.py took 0.127 seconds
[2024-05-08T14:58:10.409+0000] {processor.py:161} INFO - Started process (PID=3443) to work on /home/airflow/.local/lib/python3.12/site-packages/airflow/example_dags/example_setup_teardown.py
[2024-05-08T14:58:10.413+0000] {processor.py:830} INFO - Processing file /home/airflow/.local/lib/python3.12/site-packages/airflow/example_dags/example_setup_teardown.py for tasks to queue
[2024-05-08T14:58:10.418+0000] {logging_mixin.py:188} INFO - [2024-05-08T14:58:10.417+0000] {dagbag.py:545} INFO - Filling up the DagBag from /home/airflow/.local/lib/python3.12/site-packages/airflow/example_dags/example_setup_teardown.py
[2024-05-08T14:58:10.433+0000] {processor.py:840} INFO - DAG(s) 'example_setup_teardown' retrieved from /home/airflow/.local/lib/python3.12/site-packages/airflow/example_dags/example_setup_teardown.py
[2024-05-08T14:58:10.529+0000] {logging_mixin.py:188} INFO - [2024-05-08T14:58:10.527+0000] {dag.py:3096} INFO - Sync 1 DAGs
[2024-05-08T14:58:10.630+0000] {logging_mixin.py:188} INFO - [2024-05-08T14:58:10.622+0000] {dag.py:3954} INFO - Setting next_dagrun for example_setup_teardown to 2024-05-07 00:00:00+00:00, run_after=2024-05-08 00:00:00+00:00
[2024-05-08T14:58:10.687+0000] {processor.py:183} INFO - Processing /home/airflow/.local/lib/python3.12/site-packages/airflow/example_dags/example_setup_teardown.py took 0.290 seconds
[2024-05-08T14:58:41.409+0000] {processor.py:161} INFO - Started process (PID=3711) to work on /home/airflow/.local/lib/python3.12/site-packages/airflow/example_dags/example_setup_teardown.py
[2024-05-08T14:58:41.412+0000] {processor.py:830} INFO - Processing file /home/airflow/.local/lib/python3.12/site-packages/airflow/example_dags/example_setup_teardown.py for tasks to queue
[2024-05-08T14:58:41.417+0000] {logging_mixin.py:188} INFO - [2024-05-08T14:58:41.417+0000] {dagbag.py:545} INFO - Filling up the DagBag from /home/airflow/.local/lib/python3.12/site-packages/airflow/example_dags/example_setup_teardown.py
[2024-05-08T14:58:41.428+0000] {processor.py:840} INFO - DAG(s) 'example_setup_teardown' retrieved from /home/airflow/.local/lib/python3.12/site-packages/airflow/example_dags/example_setup_teardown.py
[2024-05-08T14:58:41.463+0000] {logging_mixin.py:188} INFO - [2024-05-08T14:58:41.462+0000] {dag.py:3096} INFO - Sync 1 DAGs
[2024-05-08T14:58:41.498+0000] {logging_mixin.py:188} INFO - [2024-05-08T14:58:41.498+0000] {dag.py:3954} INFO - Setting next_dagrun for example_setup_teardown to 2024-05-07 00:00:00+00:00, run_after=2024-05-08 00:00:00+00:00
[2024-05-08T14:58:41.530+0000] {processor.py:183} INFO - Processing /home/airflow/.local/lib/python3.12/site-packages/airflow/example_dags/example_setup_teardown.py took 0.131 seconds
[2024-05-08T14:59:11.820+0000] {processor.py:161} INFO - Started process (PID=3973) to work on /home/airflow/.local/lib/python3.12/site-packages/airflow/example_dags/example_setup_teardown.py
[2024-05-08T14:59:11.824+0000] {processor.py:830} INFO - Processing file /home/airflow/.local/lib/python3.12/site-packages/airflow/example_dags/example_setup_teardown.py for tasks to queue
[2024-05-08T14:59:11.827+0000] {logging_mixin.py:188} INFO - [2024-05-08T14:59:11.827+0000] {dagbag.py:545} INFO - Filling up the DagBag from /home/airflow/.local/lib/python3.12/site-packages/airflow/example_dags/example_setup_teardown.py
[2024-05-08T14:59:11.838+0000] {processor.py:840} INFO - DAG(s) 'example_setup_teardown' retrieved from /home/airflow/.local/lib/python3.12/site-packages/airflow/example_dags/example_setup_teardown.py
[2024-05-08T14:59:11.870+0000] {logging_mixin.py:188} INFO - [2024-05-08T14:59:11.870+0000] {dag.py:3096} INFO - Sync 1 DAGs
[2024-05-08T14:59:11.904+0000] {logging_mixin.py:188} INFO - [2024-05-08T14:59:11.904+0000] {dag.py:3954} INFO - Setting next_dagrun for example_setup_teardown to 2024-05-07 00:00:00+00:00, run_after=2024-05-08 00:00:00+00:00
[2024-05-08T14:59:11.937+0000] {processor.py:183} INFO - Processing /home/airflow/.local/lib/python3.12/site-packages/airflow/example_dags/example_setup_teardown.py took 0.126 seconds
[2024-05-08T14:59:42.033+0000] {processor.py:161} INFO - Started process (PID=4234) to work on /home/airflow/.local/lib/python3.12/site-packages/airflow/example_dags/example_setup_teardown.py
[2024-05-08T14:59:42.035+0000] {processor.py:830} INFO - Processing file /home/airflow/.local/lib/python3.12/site-packages/airflow/example_dags/example_setup_teardown.py for tasks to queue
[2024-05-08T14:59:42.038+0000] {logging_mixin.py:188} INFO - [2024-05-08T14:59:42.037+0000] {dagbag.py:545} INFO - Filling up the DagBag from /home/airflow/.local/lib/python3.12/site-packages/airflow/example_dags/example_setup_teardown.py
[2024-05-08T14:59:42.049+0000] {processor.py:840} INFO - DAG(s) 'example_setup_teardown' retrieved from /home/airflow/.local/lib/python3.12/site-packages/airflow/example_dags/example_setup_teardown.py
[2024-05-08T14:59:42.085+0000] {logging_mixin.py:188} INFO - [2024-05-08T14:59:42.084+0000] {dag.py:3096} INFO - Sync 1 DAGs
[2024-05-08T14:59:42.120+0000] {logging_mixin.py:188} INFO - [2024-05-08T14:59:42.119+0000] {dag.py:3954} INFO - Setting next_dagrun for example_setup_teardown to 2024-05-07 00:00:00+00:00, run_after=2024-05-08 00:00:00+00:00
[2024-05-08T14:59:42.152+0000] {processor.py:183} INFO - Processing /home/airflow/.local/lib/python3.12/site-packages/airflow/example_dags/example_setup_teardown.py took 0.129 seconds
[2024-05-08T15:00:12.449+0000] {processor.py:161} INFO - Started process (PID=4496) to work on /home/airflow/.local/lib/python3.12/site-packages/airflow/example_dags/example_setup_teardown.py
[2024-05-08T15:00:12.451+0000] {processor.py:830} INFO - Processing file /home/airflow/.local/lib/python3.12/site-packages/airflow/example_dags/example_setup_teardown.py for tasks to queue
[2024-05-08T15:00:12.455+0000] {logging_mixin.py:188} INFO - [2024-05-08T15:00:12.454+0000] {dagbag.py:545} INFO - Filling up the DagBag from /home/airflow/.local/lib/python3.12/site-packages/airflow/example_dags/example_setup_teardown.py
[2024-05-08T15:00:12.468+0000] {processor.py:840} INFO - DAG(s) 'example_setup_teardown' retrieved from /home/airflow/.local/lib/python3.12/site-packages/airflow/example_dags/example_setup_teardown.py
[2024-05-08T15:00:12.515+0000] {logging_mixin.py:188} INFO - [2024-05-08T15:00:12.515+0000] {dag.py:3096} INFO - Sync 1 DAGs
[2024-05-08T15:00:12.562+0000] {logging_mixin.py:188} INFO - [2024-05-08T15:00:12.562+0000] {dag.py:3954} INFO - Setting next_dagrun for example_setup_teardown to 2024-05-07 00:00:00+00:00, run_after=2024-05-08 00:00:00+00:00
[2024-05-08T15:00:12.610+0000] {processor.py:183} INFO - Processing /home/airflow/.local/lib/python3.12/site-packages/airflow/example_dags/example_setup_teardown.py took 0.181 seconds
[2024-05-08T15:00:42.816+0000] {processor.py:161} INFO - Started process (PID=4757) to work on /home/airflow/.local/lib/python3.12/site-packages/airflow/example_dags/example_setup_teardown.py
[2024-05-08T15:00:42.828+0000] {processor.py:830} INFO - Processing file /home/airflow/.local/lib/python3.12/site-packages/airflow/example_dags/example_setup_teardown.py for tasks to queue
[2024-05-08T15:00:42.837+0000] {logging_mixin.py:188} INFO - [2024-05-08T15:00:42.837+0000] {dagbag.py:545} INFO - Filling up the DagBag from /home/airflow/.local/lib/python3.12/site-packages/airflow/example_dags/example_setup_teardown.py
[2024-05-08T15:00:42.858+0000] {processor.py:840} INFO - DAG(s) 'example_setup_teardown' retrieved from /home/airflow/.local/lib/python3.12/site-packages/airflow/example_dags/example_setup_teardown.py
[2024-05-08T15:00:42.912+0000] {logging_mixin.py:188} INFO - [2024-05-08T15:00:42.911+0000] {dag.py:3096} INFO - Sync 1 DAGs
[2024-05-08T15:00:42.954+0000] {logging_mixin.py:188} INFO - [2024-05-08T15:00:42.954+0000] {dag.py:3954} INFO - Setting next_dagrun for example_setup_teardown to 2024-05-07 00:00:00+00:00, run_after=2024-05-08 00:00:00+00:00
[2024-05-08T15:00:42.989+0000] {processor.py:183} INFO - Processing /home/airflow/.local/lib/python3.12/site-packages/airflow/example_dags/example_setup_teardown.py took 0.186 seconds
[2024-05-08T15:01:13.435+0000] {processor.py:161} INFO - Started process (PID=5018) to work on /home/airflow/.local/lib/python3.12/site-packages/airflow/example_dags/example_setup_teardown.py
[2024-05-08T15:01:13.436+0000] {processor.py:830} INFO - Processing file /home/airflow/.local/lib/python3.12/site-packages/airflow/example_dags/example_setup_teardown.py for tasks to queue
[2024-05-08T15:01:13.440+0000] {logging_mixin.py:188} INFO - [2024-05-08T15:01:13.439+0000] {dagbag.py:545} INFO - Filling up the DagBag from /home/airflow/.local/lib/python3.12/site-packages/airflow/example_dags/example_setup_teardown.py
[2024-05-08T15:01:13.452+0000] {processor.py:840} INFO - DAG(s) 'example_setup_teardown' retrieved from /home/airflow/.local/lib/python3.12/site-packages/airflow/example_dags/example_setup_teardown.py
[2024-05-08T15:01:13.485+0000] {logging_mixin.py:188} INFO - [2024-05-08T15:01:13.484+0000] {dag.py:3096} INFO - Sync 1 DAGs
[2024-05-08T15:01:13.518+0000] {logging_mixin.py:188} INFO - [2024-05-08T15:01:13.518+0000] {dag.py:3954} INFO - Setting next_dagrun for example_setup_teardown to 2024-05-07 00:00:00+00:00, run_after=2024-05-08 00:00:00+00:00
[2024-05-08T15:01:13.555+0000] {processor.py:183} INFO - Processing /home/airflow/.local/lib/python3.12/site-packages/airflow/example_dags/example_setup_teardown.py took 0.129 seconds
[2024-05-08T15:01:44.401+0000] {processor.py:161} INFO - Started process (PID=5278) to work on /home/airflow/.local/lib/python3.12/site-packages/airflow/example_dags/example_setup_teardown.py
[2024-05-08T15:01:44.414+0000] {processor.py:830} INFO - Processing file /home/airflow/.local/lib/python3.12/site-packages/airflow/example_dags/example_setup_teardown.py for tasks to queue
[2024-05-08T15:01:44.480+0000] {logging_mixin.py:188} INFO - [2024-05-08T15:01:44.480+0000] {dagbag.py:545} INFO - Filling up the DagBag from /home/airflow/.local/lib/python3.12/site-packages/airflow/example_dags/example_setup_teardown.py
[2024-05-08T15:01:44.523+0000] {processor.py:840} INFO - DAG(s) 'example_setup_teardown' retrieved from /home/airflow/.local/lib/python3.12/site-packages/airflow/example_dags/example_setup_teardown.py
[2024-05-08T15:01:44.799+0000] {logging_mixin.py:188} INFO - [2024-05-08T15:01:44.797+0000] {dag.py:3096} INFO - Sync 1 DAGs
[2024-05-08T15:01:45.119+0000] {logging_mixin.py:188} INFO - [2024-05-08T15:01:45.119+0000] {dag.py:3954} INFO - Setting next_dagrun for example_setup_teardown to 2024-05-07 00:00:00+00:00, run_after=2024-05-08 00:00:00+00:00
[2024-05-08T15:01:45.270+0000] {processor.py:183} INFO - Processing /home/airflow/.local/lib/python3.12/site-packages/airflow/example_dags/example_setup_teardown.py took 0.943 seconds
[2024-05-08T15:02:15.470+0000] {processor.py:161} INFO - Started process (PID=5540) to work on /home/airflow/.local/lib/python3.12/site-packages/airflow/example_dags/example_setup_teardown.py
[2024-05-08T15:02:15.480+0000] {processor.py:830} INFO - Processing file /home/airflow/.local/lib/python3.12/site-packages/airflow/example_dags/example_setup_teardown.py for tasks to queue
[2024-05-08T15:02:15.492+0000] {logging_mixin.py:188} INFO - [2024-05-08T15:02:15.489+0000] {dagbag.py:545} INFO - Filling up the DagBag from /home/airflow/.local/lib/python3.12/site-packages/airflow/example_dags/example_setup_teardown.py
[2024-05-08T15:02:15.511+0000] {processor.py:840} INFO - DAG(s) 'example_setup_teardown' retrieved from /home/airflow/.local/lib/python3.12/site-packages/airflow/example_dags/example_setup_teardown.py
[2024-05-08T15:02:15.599+0000] {logging_mixin.py:188} INFO - [2024-05-08T15:02:15.598+0000] {dag.py:3096} INFO - Sync 1 DAGs
[2024-05-08T15:02:15.697+0000] {logging_mixin.py:188} INFO - [2024-05-08T15:02:15.697+0000] {dag.py:3954} INFO - Setting next_dagrun for example_setup_teardown to 2024-05-07 00:00:00+00:00, run_after=2024-05-08 00:00:00+00:00
[2024-05-08T15:02:15.754+0000] {processor.py:183} INFO - Processing /home/airflow/.local/lib/python3.12/site-packages/airflow/example_dags/example_setup_teardown.py took 0.305 seconds
[2024-05-08T15:02:46.407+0000] {processor.py:161} INFO - Started process (PID=5801) to work on /home/airflow/.local/lib/python3.12/site-packages/airflow/example_dags/example_setup_teardown.py
[2024-05-08T15:02:46.411+0000] {processor.py:830} INFO - Processing file /home/airflow/.local/lib/python3.12/site-packages/airflow/example_dags/example_setup_teardown.py for tasks to queue
[2024-05-08T15:02:46.415+0000] {logging_mixin.py:188} INFO - [2024-05-08T15:02:46.414+0000] {dagbag.py:545} INFO - Filling up the DagBag from /home/airflow/.local/lib/python3.12/site-packages/airflow/example_dags/example_setup_teardown.py
[2024-05-08T15:02:46.430+0000] {processor.py:840} INFO - DAG(s) 'example_setup_teardown' retrieved from /home/airflow/.local/lib/python3.12/site-packages/airflow/example_dags/example_setup_teardown.py
[2024-05-08T15:02:46.471+0000] {logging_mixin.py:188} INFO - [2024-05-08T15:02:46.471+0000] {dag.py:3096} INFO - Sync 1 DAGs
[2024-05-08T15:02:46.516+0000] {logging_mixin.py:188} INFO - [2024-05-08T15:02:46.516+0000] {dag.py:3954} INFO - Setting next_dagrun for example_setup_teardown to 2024-05-07 00:00:00+00:00, run_after=2024-05-08 00:00:00+00:00
[2024-05-08T15:02:46.551+0000] {processor.py:183} INFO - Processing /home/airflow/.local/lib/python3.12/site-packages/airflow/example_dags/example_setup_teardown.py took 0.155 seconds
[2024-05-08T15:03:16.710+0000] {processor.py:161} INFO - Started process (PID=6063) to work on /home/airflow/.local/lib/python3.12/site-packages/airflow/example_dags/example_setup_teardown.py
[2024-05-08T15:03:16.712+0000] {processor.py:830} INFO - Processing file /home/airflow/.local/lib/python3.12/site-packages/airflow/example_dags/example_setup_teardown.py for tasks to queue
[2024-05-08T15:03:16.715+0000] {logging_mixin.py:188} INFO - [2024-05-08T15:03:16.715+0000] {dagbag.py:545} INFO - Filling up the DagBag from /home/airflow/.local/lib/python3.12/site-packages/airflow/example_dags/example_setup_teardown.py
[2024-05-08T15:03:16.727+0000] {processor.py:840} INFO - DAG(s) 'example_setup_teardown' retrieved from /home/airflow/.local/lib/python3.12/site-packages/airflow/example_dags/example_setup_teardown.py
[2024-05-08T15:03:16.763+0000] {logging_mixin.py:188} INFO - [2024-05-08T15:03:16.763+0000] {dag.py:3096} INFO - Sync 1 DAGs
[2024-05-08T15:03:16.801+0000] {logging_mixin.py:188} INFO - [2024-05-08T15:03:16.801+0000] {dag.py:3954} INFO - Setting next_dagrun for example_setup_teardown to 2024-05-07 00:00:00+00:00, run_after=2024-05-08 00:00:00+00:00
[2024-05-08T15:03:16.835+0000] {processor.py:183} INFO - Processing /home/airflow/.local/lib/python3.12/site-packages/airflow/example_dags/example_setup_teardown.py took 0.134 seconds
[2024-05-08T15:03:47.199+0000] {processor.py:161} INFO - Started process (PID=6325) to work on /home/airflow/.local/lib/python3.12/site-packages/airflow/example_dags/example_setup_teardown.py
[2024-05-08T15:03:47.203+0000] {processor.py:830} INFO - Processing file /home/airflow/.local/lib/python3.12/site-packages/airflow/example_dags/example_setup_teardown.py for tasks to queue
[2024-05-08T15:03:47.206+0000] {logging_mixin.py:188} INFO - [2024-05-08T15:03:47.206+0000] {dagbag.py:545} INFO - Filling up the DagBag from /home/airflow/.local/lib/python3.12/site-packages/airflow/example_dags/example_setup_teardown.py
[2024-05-08T15:03:47.217+0000] {processor.py:840} INFO - DAG(s) 'example_setup_teardown' retrieved from /home/airflow/.local/lib/python3.12/site-packages/airflow/example_dags/example_setup_teardown.py
[2024-05-08T15:03:47.249+0000] {logging_mixin.py:188} INFO - [2024-05-08T15:03:47.249+0000] {dag.py:3096} INFO - Sync 1 DAGs
[2024-05-08T15:03:47.283+0000] {logging_mixin.py:188} INFO - [2024-05-08T15:03:47.283+0000] {dag.py:3954} INFO - Setting next_dagrun for example_setup_teardown to 2024-05-07 00:00:00+00:00, run_after=2024-05-08 00:00:00+00:00
[2024-05-08T15:03:47.317+0000] {processor.py:183} INFO - Processing /home/airflow/.local/lib/python3.12/site-packages/airflow/example_dags/example_setup_teardown.py took 0.125 seconds
[2024-05-08T15:04:17.507+0000] {processor.py:161} INFO - Started process (PID=6587) to work on /home/airflow/.local/lib/python3.12/site-packages/airflow/example_dags/example_setup_teardown.py
[2024-05-08T15:04:17.509+0000] {processor.py:830} INFO - Processing file /home/airflow/.local/lib/python3.12/site-packages/airflow/example_dags/example_setup_teardown.py for tasks to queue
[2024-05-08T15:04:17.512+0000] {logging_mixin.py:188} INFO - [2024-05-08T15:04:17.512+0000] {dagbag.py:545} INFO - Filling up the DagBag from /home/airflow/.local/lib/python3.12/site-packages/airflow/example_dags/example_setup_teardown.py
[2024-05-08T15:04:17.527+0000] {processor.py:840} INFO - DAG(s) 'example_setup_teardown' retrieved from /home/airflow/.local/lib/python3.12/site-packages/airflow/example_dags/example_setup_teardown.py
[2024-05-08T15:04:17.564+0000] {logging_mixin.py:188} INFO - [2024-05-08T15:04:17.564+0000] {dag.py:3096} INFO - Sync 1 DAGs
[2024-05-08T15:04:17.654+0000] {logging_mixin.py:188} INFO - [2024-05-08T15:04:17.654+0000] {dag.py:3954} INFO - Setting next_dagrun for example_setup_teardown to 2024-05-07 00:00:00+00:00, run_after=2024-05-08 00:00:00+00:00
[2024-05-08T15:04:17.706+0000] {processor.py:183} INFO - Processing /home/airflow/.local/lib/python3.12/site-packages/airflow/example_dags/example_setup_teardown.py took 0.210 seconds
[2024-05-08T15:04:50.714+0000] {processor.py:161} INFO - Started process (PID=6849) to work on /home/airflow/.local/lib/python3.12/site-packages/airflow/example_dags/example_setup_teardown.py
[2024-05-08T15:04:50.744+0000] {processor.py:830} INFO - Processing file /home/airflow/.local/lib/python3.12/site-packages/airflow/example_dags/example_setup_teardown.py for tasks to queue
[2024-05-08T15:04:50.786+0000] {logging_mixin.py:188} INFO - [2024-05-08T15:04:50.782+0000] {dagbag.py:545} INFO - Filling up the DagBag from /home/airflow/.local/lib/python3.12/site-packages/airflow/example_dags/example_setup_teardown.py
[2024-05-08T15:04:50.853+0000] {processor.py:840} INFO - DAG(s) 'example_setup_teardown' retrieved from /home/airflow/.local/lib/python3.12/site-packages/airflow/example_dags/example_setup_teardown.py
[2024-05-08T15:04:51.107+0000] {logging_mixin.py:188} INFO - [2024-05-08T15:04:51.106+0000] {dag.py:3096} INFO - Sync 1 DAGs
[2024-05-08T15:04:51.247+0000] {logging_mixin.py:188} INFO - [2024-05-08T15:04:51.247+0000] {dag.py:3954} INFO - Setting next_dagrun for example_setup_teardown to 2024-05-07 00:00:00+00:00, run_after=2024-05-08 00:00:00+00:00
[2024-05-08T15:04:51.501+0000] {processor.py:183} INFO - Processing /home/airflow/.local/lib/python3.12/site-packages/airflow/example_dags/example_setup_teardown.py took 0.825 seconds
[2024-05-08T15:05:21.644+0000] {processor.py:161} INFO - Started process (PID=7107) to work on /home/airflow/.local/lib/python3.12/site-packages/airflow/example_dags/example_setup_teardown.py
[2024-05-08T15:05:21.646+0000] {processor.py:830} INFO - Processing file /home/airflow/.local/lib/python3.12/site-packages/airflow/example_dags/example_setup_teardown.py for tasks to queue
[2024-05-08T15:05:21.649+0000] {logging_mixin.py:188} INFO - [2024-05-08T15:05:21.649+0000] {dagbag.py:545} INFO - Filling up the DagBag from /home/airflow/.local/lib/python3.12/site-packages/airflow/example_dags/example_setup_teardown.py
[2024-05-08T15:05:21.658+0000] {processor.py:840} INFO - DAG(s) 'example_setup_teardown' retrieved from /home/airflow/.local/lib/python3.12/site-packages/airflow/example_dags/example_setup_teardown.py
[2024-05-08T15:05:21.700+0000] {logging_mixin.py:188} INFO - [2024-05-08T15:05:21.700+0000] {dag.py:3096} INFO - Sync 1 DAGs
[2024-05-08T15:05:21.734+0000] {logging_mixin.py:188} INFO - [2024-05-08T15:05:21.734+0000] {dag.py:3954} INFO - Setting next_dagrun for example_setup_teardown to 2024-05-07 00:00:00+00:00, run_after=2024-05-08 00:00:00+00:00
[2024-05-08T15:05:21.769+0000] {processor.py:183} INFO - Processing /home/airflow/.local/lib/python3.12/site-packages/airflow/example_dags/example_setup_teardown.py took 0.133 seconds
[2024-05-08T15:05:51.927+0000] {processor.py:161} INFO - Started process (PID=7368) to work on /home/airflow/.local/lib/python3.12/site-packages/airflow/example_dags/example_setup_teardown.py
[2024-05-08T15:05:51.929+0000] {processor.py:830} INFO - Processing file /home/airflow/.local/lib/python3.12/site-packages/airflow/example_dags/example_setup_teardown.py for tasks to queue
[2024-05-08T15:05:51.932+0000] {logging_mixin.py:188} INFO - [2024-05-08T15:05:51.931+0000] {dagbag.py:545} INFO - Filling up the DagBag from /home/airflow/.local/lib/python3.12/site-packages/airflow/example_dags/example_setup_teardown.py
[2024-05-08T15:05:51.941+0000] {processor.py:840} INFO - DAG(s) 'example_setup_teardown' retrieved from /home/airflow/.local/lib/python3.12/site-packages/airflow/example_dags/example_setup_teardown.py
[2024-05-08T15:05:51.973+0000] {logging_mixin.py:188} INFO - [2024-05-08T15:05:51.973+0000] {dag.py:3096} INFO - Sync 1 DAGs
[2024-05-08T15:05:52.006+0000] {logging_mixin.py:188} INFO - [2024-05-08T15:05:52.006+0000] {dag.py:3954} INFO - Setting next_dagrun for example_setup_teardown to 2024-05-07 00:00:00+00:00, run_after=2024-05-08 00:00:00+00:00
[2024-05-08T15:05:52.036+0000] {processor.py:183} INFO - Processing /home/airflow/.local/lib/python3.12/site-packages/airflow/example_dags/example_setup_teardown.py took 0.117 seconds
[2024-05-08T15:06:22.395+0000] {processor.py:161} INFO - Started process (PID=7628) to work on /home/airflow/.local/lib/python3.12/site-packages/airflow/example_dags/example_setup_teardown.py
[2024-05-08T15:06:22.397+0000] {processor.py:830} INFO - Processing file /home/airflow/.local/lib/python3.12/site-packages/airflow/example_dags/example_setup_teardown.py for tasks to queue
[2024-05-08T15:06:22.400+0000] {logging_mixin.py:188} INFO - [2024-05-08T15:06:22.399+0000] {dagbag.py:545} INFO - Filling up the DagBag from /home/airflow/.local/lib/python3.12/site-packages/airflow/example_dags/example_setup_teardown.py
[2024-05-08T15:06:22.411+0000] {processor.py:840} INFO - DAG(s) 'example_setup_teardown' retrieved from /home/airflow/.local/lib/python3.12/site-packages/airflow/example_dags/example_setup_teardown.py
[2024-05-08T15:06:22.442+0000] {logging_mixin.py:188} INFO - [2024-05-08T15:06:22.442+0000] {dag.py:3096} INFO - Sync 1 DAGs
[2024-05-08T15:06:22.478+0000] {logging_mixin.py:188} INFO - [2024-05-08T15:06:22.478+0000] {dag.py:3954} INFO - Setting next_dagrun for example_setup_teardown to 2024-05-07 00:00:00+00:00, run_after=2024-05-08 00:00:00+00:00
[2024-05-08T15:06:22.516+0000] {processor.py:183} INFO - Processing /home/airflow/.local/lib/python3.12/site-packages/airflow/example_dags/example_setup_teardown.py took 0.129 seconds
[2024-05-08T15:06:52.936+0000] {processor.py:161} INFO - Started process (PID=7889) to work on /home/airflow/.local/lib/python3.12/site-packages/airflow/example_dags/example_setup_teardown.py
[2024-05-08T15:06:52.939+0000] {processor.py:830} INFO - Processing file /home/airflow/.local/lib/python3.12/site-packages/airflow/example_dags/example_setup_teardown.py for tasks to queue
[2024-05-08T15:06:52.942+0000] {logging_mixin.py:188} INFO - [2024-05-08T15:06:52.941+0000] {dagbag.py:545} INFO - Filling up the DagBag from /home/airflow/.local/lib/python3.12/site-packages/airflow/example_dags/example_setup_teardown.py
[2024-05-08T15:06:52.953+0000] {processor.py:840} INFO - DAG(s) 'example_setup_teardown' retrieved from /home/airflow/.local/lib/python3.12/site-packages/airflow/example_dags/example_setup_teardown.py
[2024-05-08T15:06:52.988+0000] {logging_mixin.py:188} INFO - [2024-05-08T15:06:52.988+0000] {dag.py:3096} INFO - Sync 1 DAGs
[2024-05-08T15:06:53.022+0000] {logging_mixin.py:188} INFO - [2024-05-08T15:06:53.022+0000] {dag.py:3954} INFO - Setting next_dagrun for example_setup_teardown to 2024-05-07 00:00:00+00:00, run_after=2024-05-08 00:00:00+00:00
[2024-05-08T15:06:53.055+0000] {processor.py:183} INFO - Processing /home/airflow/.local/lib/python3.12/site-packages/airflow/example_dags/example_setup_teardown.py took 0.127 seconds
[2024-05-08T15:07:23.255+0000] {processor.py:161} INFO - Started process (PID=8151) to work on /home/airflow/.local/lib/python3.12/site-packages/airflow/example_dags/example_setup_teardown.py
[2024-05-08T15:07:23.257+0000] {processor.py:830} INFO - Processing file /home/airflow/.local/lib/python3.12/site-packages/airflow/example_dags/example_setup_teardown.py for tasks to queue
[2024-05-08T15:07:23.260+0000] {logging_mixin.py:188} INFO - [2024-05-08T15:07:23.259+0000] {dagbag.py:545} INFO - Filling up the DagBag from /home/airflow/.local/lib/python3.12/site-packages/airflow/example_dags/example_setup_teardown.py
[2024-05-08T15:07:23.270+0000] {processor.py:840} INFO - DAG(s) 'example_setup_teardown' retrieved from /home/airflow/.local/lib/python3.12/site-packages/airflow/example_dags/example_setup_teardown.py
[2024-05-08T15:07:23.307+0000] {logging_mixin.py:188} INFO - [2024-05-08T15:07:23.306+0000] {dag.py:3096} INFO - Sync 1 DAGs
[2024-05-08T15:07:23.348+0000] {logging_mixin.py:188} INFO - [2024-05-08T15:07:23.347+0000] {dag.py:3954} INFO - Setting next_dagrun for example_setup_teardown to 2024-05-07 00:00:00+00:00, run_after=2024-05-08 00:00:00+00:00
[2024-05-08T15:07:23.378+0000] {processor.py:183} INFO - Processing /home/airflow/.local/lib/python3.12/site-packages/airflow/example_dags/example_setup_teardown.py took 0.131 seconds
[2024-05-08T15:07:53.649+0000] {processor.py:161} INFO - Started process (PID=8413) to work on /home/airflow/.local/lib/python3.12/site-packages/airflow/example_dags/example_setup_teardown.py
[2024-05-08T15:07:53.651+0000] {processor.py:830} INFO - Processing file /home/airflow/.local/lib/python3.12/site-packages/airflow/example_dags/example_setup_teardown.py for tasks to queue
[2024-05-08T15:07:53.653+0000] {logging_mixin.py:188} INFO - [2024-05-08T15:07:53.653+0000] {dagbag.py:545} INFO - Filling up the DagBag from /home/airflow/.local/lib/python3.12/site-packages/airflow/example_dags/example_setup_teardown.py
[2024-05-08T15:07:53.664+0000] {processor.py:840} INFO - DAG(s) 'example_setup_teardown' retrieved from /home/airflow/.local/lib/python3.12/site-packages/airflow/example_dags/example_setup_teardown.py
[2024-05-08T15:07:53.696+0000] {logging_mixin.py:188} INFO - [2024-05-08T15:07:53.696+0000] {dag.py:3096} INFO - Sync 1 DAGs
[2024-05-08T15:07:53.730+0000] {logging_mixin.py:188} INFO - [2024-05-08T15:07:53.730+0000] {dag.py:3954} INFO - Setting next_dagrun for example_setup_teardown to 2024-05-07 00:00:00+00:00, run_after=2024-05-08 00:00:00+00:00
[2024-05-08T15:07:53.761+0000] {processor.py:183} INFO - Processing /home/airflow/.local/lib/python3.12/site-packages/airflow/example_dags/example_setup_teardown.py took 0.120 seconds
[2024-05-08T15:08:23.956+0000] {processor.py:161} INFO - Started process (PID=8675) to work on /home/airflow/.local/lib/python3.12/site-packages/airflow/example_dags/example_setup_teardown.py
[2024-05-08T15:08:23.957+0000] {processor.py:830} INFO - Processing file /home/airflow/.local/lib/python3.12/site-packages/airflow/example_dags/example_setup_teardown.py for tasks to queue
[2024-05-08T15:08:23.960+0000] {logging_mixin.py:188} INFO - [2024-05-08T15:08:23.959+0000] {dagbag.py:545} INFO - Filling up the DagBag from /home/airflow/.local/lib/python3.12/site-packages/airflow/example_dags/example_setup_teardown.py
[2024-05-08T15:08:23.970+0000] {processor.py:840} INFO - DAG(s) 'example_setup_teardown' retrieved from /home/airflow/.local/lib/python3.12/site-packages/airflow/example_dags/example_setup_teardown.py
[2024-05-08T15:08:24.002+0000] {logging_mixin.py:188} INFO - [2024-05-08T15:08:24.001+0000] {dag.py:3096} INFO - Sync 1 DAGs
[2024-05-08T15:08:24.035+0000] {logging_mixin.py:188} INFO - [2024-05-08T15:08:24.035+0000] {dag.py:3954} INFO - Setting next_dagrun for example_setup_teardown to 2024-05-07 00:00:00+00:00, run_after=2024-05-08 00:00:00+00:00
[2024-05-08T15:08:24.078+0000] {processor.py:183} INFO - Processing /home/airflow/.local/lib/python3.12/site-packages/airflow/example_dags/example_setup_teardown.py took 0.131 seconds
