[2024-05-08T14:51:55.057+0000] {processor.py:161} INFO - Started process (PID=347) to work on /home/airflow/.local/lib/python3.12/site-packages/airflow/example_dags/example_complex.py
[2024-05-08T14:51:55.059+0000] {processor.py:830} INFO - Processing file /home/airflow/.local/lib/python3.12/site-packages/airflow/example_dags/example_complex.py for tasks to queue
[2024-05-08T14:51:55.063+0000] {logging_mixin.py:188} INFO - [2024-05-08T14:51:55.062+0000] {dagbag.py:545} INFO - Filling up the DagBag from /home/airflow/.local/lib/python3.12/site-packages/airflow/example_dags/example_complex.py
[2024-05-08T14:51:55.082+0000] {processor.py:840} INFO - DAG(s) 'example_complex' retrieved from /home/airflow/.local/lib/python3.12/site-packages/airflow/example_dags/example_complex.py
[2024-05-08T14:51:55.368+0000] {logging_mixin.py:188} INFO - [2024-05-08T14:51:55.367+0000] {dag.py:3096} INFO - Sync 1 DAGs
[2024-05-08T14:51:55.395+0000] {logging_mixin.py:188} INFO - [2024-05-08T14:51:55.394+0000] {dag.py:3954} INFO - Setting next_dagrun for example_complex to None, run_after=None
[2024-05-08T14:51:55.436+0000] {processor.py:183} INFO - Processing /home/airflow/.local/lib/python3.12/site-packages/airflow/example_dags/example_complex.py took 0.389 seconds
[2024-05-08T14:52:26.539+0000] {processor.py:161} INFO - Started process (PID=611) to work on /home/airflow/.local/lib/python3.12/site-packages/airflow/example_dags/example_complex.py
[2024-05-08T14:52:26.543+0000] {processor.py:830} INFO - Processing file /home/airflow/.local/lib/python3.12/site-packages/airflow/example_dags/example_complex.py for tasks to queue
[2024-05-08T14:52:26.546+0000] {logging_mixin.py:188} INFO - [2024-05-08T14:52:26.546+0000] {dagbag.py:545} INFO - Filling up the DagBag from /home/airflow/.local/lib/python3.12/site-packages/airflow/example_dags/example_complex.py
[2024-05-08T14:52:26.561+0000] {processor.py:840} INFO - DAG(s) 'example_complex' retrieved from /home/airflow/.local/lib/python3.12/site-packages/airflow/example_dags/example_complex.py
[2024-05-08T14:52:26.609+0000] {logging_mixin.py:188} INFO - [2024-05-08T14:52:26.608+0000] {dag.py:3096} INFO - Sync 1 DAGs
[2024-05-08T14:52:26.626+0000] {logging_mixin.py:188} INFO - [2024-05-08T14:52:26.625+0000] {dag.py:3954} INFO - Setting next_dagrun for example_complex to None, run_after=None
[2024-05-08T14:52:26.654+0000] {processor.py:183} INFO - Processing /home/airflow/.local/lib/python3.12/site-packages/airflow/example_dags/example_complex.py took 0.126 seconds
[2024-05-08T14:53:01.338+0000] {processor.py:161} INFO - Started process (PID=871) to work on /home/airflow/.local/lib/python3.12/site-packages/airflow/example_dags/example_complex.py
[2024-05-08T14:53:01.343+0000] {processor.py:830} INFO - Processing file /home/airflow/.local/lib/python3.12/site-packages/airflow/example_dags/example_complex.py for tasks to queue
[2024-05-08T14:53:01.347+0000] {logging_mixin.py:188} INFO - [2024-05-08T14:53:01.347+0000] {dagbag.py:545} INFO - Filling up the DagBag from /home/airflow/.local/lib/python3.12/site-packages/airflow/example_dags/example_complex.py
[2024-05-08T14:53:01.404+0000] {processor.py:840} INFO - DAG(s) 'example_complex' retrieved from /home/airflow/.local/lib/python3.12/site-packages/airflow/example_dags/example_complex.py
[2024-05-08T14:53:01.486+0000] {logging_mixin.py:188} INFO - [2024-05-08T14:53:01.486+0000] {dag.py:3096} INFO - Sync 1 DAGs
[2024-05-08T14:53:01.521+0000] {logging_mixin.py:188} INFO - [2024-05-08T14:53:01.521+0000] {dag.py:3954} INFO - Setting next_dagrun for example_complex to None, run_after=None
[2024-05-08T14:53:01.573+0000] {processor.py:183} INFO - Processing /home/airflow/.local/lib/python3.12/site-packages/airflow/example_dags/example_complex.py took 0.248 seconds
[2024-05-08T14:53:31.859+0000] {processor.py:161} INFO - Started process (PID=1133) to work on /home/airflow/.local/lib/python3.12/site-packages/airflow/example_dags/example_complex.py
[2024-05-08T14:53:31.862+0000] {processor.py:830} INFO - Processing file /home/airflow/.local/lib/python3.12/site-packages/airflow/example_dags/example_complex.py for tasks to queue
[2024-05-08T14:53:31.866+0000] {logging_mixin.py:188} INFO - [2024-05-08T14:53:31.865+0000] {dagbag.py:545} INFO - Filling up the DagBag from /home/airflow/.local/lib/python3.12/site-packages/airflow/example_dags/example_complex.py
[2024-05-08T14:53:31.888+0000] {processor.py:840} INFO - DAG(s) 'example_complex' retrieved from /home/airflow/.local/lib/python3.12/site-packages/airflow/example_dags/example_complex.py
[2024-05-08T14:53:31.947+0000] {logging_mixin.py:188} INFO - [2024-05-08T14:53:31.946+0000] {dag.py:3096} INFO - Sync 1 DAGs
[2024-05-08T14:53:31.969+0000] {logging_mixin.py:188} INFO - [2024-05-08T14:53:31.969+0000] {dag.py:3954} INFO - Setting next_dagrun for example_complex to None, run_after=None
[2024-05-08T14:53:32.004+0000] {processor.py:183} INFO - Processing /home/airflow/.local/lib/python3.12/site-packages/airflow/example_dags/example_complex.py took 0.154 seconds
[2024-05-08T14:54:10.658+0000] {processor.py:161} INFO - Started process (PID=1404) to work on /home/airflow/.local/lib/python3.12/site-packages/airflow/example_dags/example_complex.py
[2024-05-08T14:54:10.666+0000] {processor.py:830} INFO - Processing file /home/airflow/.local/lib/python3.12/site-packages/airflow/example_dags/example_complex.py for tasks to queue
[2024-05-08T14:54:10.674+0000] {logging_mixin.py:188} INFO - [2024-05-08T14:54:10.669+0000] {dagbag.py:545} INFO - Filling up the DagBag from /home/airflow/.local/lib/python3.12/site-packages/airflow/example_dags/example_complex.py
[2024-05-08T14:54:10.751+0000] {processor.py:840} INFO - DAG(s) 'example_complex' retrieved from /home/airflow/.local/lib/python3.12/site-packages/airflow/example_dags/example_complex.py
[2024-05-08T14:54:12.056+0000] {logging_mixin.py:188} INFO - [2024-05-08T14:54:12.055+0000] {dag.py:3096} INFO - Sync 1 DAGs
[2024-05-08T14:54:12.398+0000] {logging_mixin.py:188} INFO - [2024-05-08T14:54:12.398+0000] {dag.py:3954} INFO - Setting next_dagrun for example_complex to None, run_after=None
[2024-05-08T14:54:12.558+0000] {processor.py:183} INFO - Processing /home/airflow/.local/lib/python3.12/site-packages/airflow/example_dags/example_complex.py took 1.929 seconds
[2024-05-08T14:54:43.299+0000] {processor.py:161} INFO - Started process (PID=1668) to work on /home/airflow/.local/lib/python3.12/site-packages/airflow/example_dags/example_complex.py
[2024-05-08T14:54:43.301+0000] {processor.py:830} INFO - Processing file /home/airflow/.local/lib/python3.12/site-packages/airflow/example_dags/example_complex.py for tasks to queue
[2024-05-08T14:54:43.308+0000] {logging_mixin.py:188} INFO - [2024-05-08T14:54:43.305+0000] {dagbag.py:545} INFO - Filling up the DagBag from /home/airflow/.local/lib/python3.12/site-packages/airflow/example_dags/example_complex.py
[2024-05-08T14:54:43.352+0000] {processor.py:840} INFO - DAG(s) 'example_complex' retrieved from /home/airflow/.local/lib/python3.12/site-packages/airflow/example_dags/example_complex.py
[2024-05-08T14:54:43.526+0000] {logging_mixin.py:188} INFO - [2024-05-08T14:54:43.526+0000] {dag.py:3096} INFO - Sync 1 DAGs
[2024-05-08T14:54:43.574+0000] {logging_mixin.py:188} INFO - [2024-05-08T14:54:43.574+0000] {dag.py:3954} INFO - Setting next_dagrun for example_complex to None, run_after=None
[2024-05-08T14:54:43.615+0000] {processor.py:183} INFO - Processing /home/airflow/.local/lib/python3.12/site-packages/airflow/example_dags/example_complex.py took 0.345 seconds
[2024-05-08T14:55:14.446+0000] {processor.py:161} INFO - Started process (PID=1930) to work on /home/airflow/.local/lib/python3.12/site-packages/airflow/example_dags/example_complex.py
[2024-05-08T14:55:14.448+0000] {processor.py:830} INFO - Processing file /home/airflow/.local/lib/python3.12/site-packages/airflow/example_dags/example_complex.py for tasks to queue
[2024-05-08T14:55:14.451+0000] {logging_mixin.py:188} INFO - [2024-05-08T14:55:14.451+0000] {dagbag.py:545} INFO - Filling up the DagBag from /home/airflow/.local/lib/python3.12/site-packages/airflow/example_dags/example_complex.py
[2024-05-08T14:55:14.471+0000] {processor.py:840} INFO - DAG(s) 'example_complex' retrieved from /home/airflow/.local/lib/python3.12/site-packages/airflow/example_dags/example_complex.py
[2024-05-08T14:55:14.543+0000] {logging_mixin.py:188} INFO - [2024-05-08T14:55:14.543+0000] {dag.py:3096} INFO - Sync 1 DAGs
[2024-05-08T14:55:14.586+0000] {logging_mixin.py:188} INFO - [2024-05-08T14:55:14.586+0000] {dag.py:3954} INFO - Setting next_dagrun for example_complex to None, run_after=None
[2024-05-08T14:55:14.796+0000] {processor.py:183} INFO - Processing /home/airflow/.local/lib/python3.12/site-packages/airflow/example_dags/example_complex.py took 0.359 seconds
[2024-05-08T14:55:45.320+0000] {processor.py:161} INFO - Started process (PID=2191) to work on /home/airflow/.local/lib/python3.12/site-packages/airflow/example_dags/example_complex.py
[2024-05-08T14:55:45.322+0000] {processor.py:830} INFO - Processing file /home/airflow/.local/lib/python3.12/site-packages/airflow/example_dags/example_complex.py for tasks to queue
[2024-05-08T14:55:45.325+0000] {logging_mixin.py:188} INFO - [2024-05-08T14:55:45.325+0000] {dagbag.py:545} INFO - Filling up the DagBag from /home/airflow/.local/lib/python3.12/site-packages/airflow/example_dags/example_complex.py
[2024-05-08T14:55:45.342+0000] {processor.py:840} INFO - DAG(s) 'example_complex' retrieved from /home/airflow/.local/lib/python3.12/site-packages/airflow/example_dags/example_complex.py
[2024-05-08T14:55:45.394+0000] {logging_mixin.py:188} INFO - [2024-05-08T14:55:45.394+0000] {dag.py:3096} INFO - Sync 1 DAGs
[2024-05-08T14:55:45.419+0000] {logging_mixin.py:188} INFO - [2024-05-08T14:55:45.419+0000] {dag.py:3954} INFO - Setting next_dagrun for example_complex to None, run_after=None
[2024-05-08T14:55:45.451+0000] {processor.py:183} INFO - Processing /home/airflow/.local/lib/python3.12/site-packages/airflow/example_dags/example_complex.py took 0.139 seconds
[2024-05-08T14:56:15.920+0000] {processor.py:161} INFO - Started process (PID=2453) to work on /home/airflow/.local/lib/python3.12/site-packages/airflow/example_dags/example_complex.py
[2024-05-08T14:56:15.922+0000] {processor.py:830} INFO - Processing file /home/airflow/.local/lib/python3.12/site-packages/airflow/example_dags/example_complex.py for tasks to queue
[2024-05-08T14:56:15.927+0000] {logging_mixin.py:188} INFO - [2024-05-08T14:56:15.926+0000] {dagbag.py:545} INFO - Filling up the DagBag from /home/airflow/.local/lib/python3.12/site-packages/airflow/example_dags/example_complex.py
[2024-05-08T14:56:15.956+0000] {processor.py:840} INFO - DAG(s) 'example_complex' retrieved from /home/airflow/.local/lib/python3.12/site-packages/airflow/example_dags/example_complex.py
[2024-05-08T14:56:16.016+0000] {logging_mixin.py:188} INFO - [2024-05-08T14:56:16.015+0000] {dag.py:3096} INFO - Sync 1 DAGs
[2024-05-08T14:56:16.043+0000] {logging_mixin.py:188} INFO - [2024-05-08T14:56:16.042+0000] {dag.py:3954} INFO - Setting next_dagrun for example_complex to None, run_after=None
[2024-05-08T14:56:16.088+0000] {processor.py:183} INFO - Processing /home/airflow/.local/lib/python3.12/site-packages/airflow/example_dags/example_complex.py took 0.180 seconds
[2024-05-08T14:56:46.213+0000] {processor.py:161} INFO - Started process (PID=2715) to work on /home/airflow/.local/lib/python3.12/site-packages/airflow/example_dags/example_complex.py
[2024-05-08T14:56:46.215+0000] {processor.py:830} INFO - Processing file /home/airflow/.local/lib/python3.12/site-packages/airflow/example_dags/example_complex.py for tasks to queue
[2024-05-08T14:56:46.218+0000] {logging_mixin.py:188} INFO - [2024-05-08T14:56:46.217+0000] {dagbag.py:545} INFO - Filling up the DagBag from /home/airflow/.local/lib/python3.12/site-packages/airflow/example_dags/example_complex.py
[2024-05-08T14:56:46.237+0000] {processor.py:840} INFO - DAG(s) 'example_complex' retrieved from /home/airflow/.local/lib/python3.12/site-packages/airflow/example_dags/example_complex.py
[2024-05-08T14:56:46.300+0000] {logging_mixin.py:188} INFO - [2024-05-08T14:56:46.300+0000] {dag.py:3096} INFO - Sync 1 DAGs
[2024-05-08T14:56:46.324+0000] {logging_mixin.py:188} INFO - [2024-05-08T14:56:46.323+0000] {dag.py:3954} INFO - Setting next_dagrun for example_complex to None, run_after=None
[2024-05-08T14:56:46.365+0000] {processor.py:183} INFO - Processing /home/airflow/.local/lib/python3.12/site-packages/airflow/example_dags/example_complex.py took 0.162 seconds
[2024-05-08T14:57:16.896+0000] {processor.py:161} INFO - Started process (PID=2978) to work on /home/airflow/.local/lib/python3.12/site-packages/airflow/example_dags/example_complex.py
[2024-05-08T14:57:16.897+0000] {processor.py:830} INFO - Processing file /home/airflow/.local/lib/python3.12/site-packages/airflow/example_dags/example_complex.py for tasks to queue
[2024-05-08T14:57:16.901+0000] {logging_mixin.py:188} INFO - [2024-05-08T14:57:16.900+0000] {dagbag.py:545} INFO - Filling up the DagBag from /home/airflow/.local/lib/python3.12/site-packages/airflow/example_dags/example_complex.py
[2024-05-08T14:57:16.917+0000] {processor.py:840} INFO - DAG(s) 'example_complex' retrieved from /home/airflow/.local/lib/python3.12/site-packages/airflow/example_dags/example_complex.py
[2024-05-08T14:57:16.972+0000] {logging_mixin.py:188} INFO - [2024-05-08T14:57:16.972+0000] {dag.py:3096} INFO - Sync 1 DAGs
[2024-05-08T14:57:16.994+0000] {logging_mixin.py:188} INFO - [2024-05-08T14:57:16.994+0000] {dag.py:3954} INFO - Setting next_dagrun for example_complex to None, run_after=None
[2024-05-08T14:57:17.031+0000] {processor.py:183} INFO - Processing /home/airflow/.local/lib/python3.12/site-packages/airflow/example_dags/example_complex.py took 0.144 seconds
[2024-05-08T14:57:47.808+0000] {processor.py:161} INFO - Started process (PID=3240) to work on /home/airflow/.local/lib/python3.12/site-packages/airflow/example_dags/example_complex.py
[2024-05-08T14:57:47.810+0000] {processor.py:830} INFO - Processing file /home/airflow/.local/lib/python3.12/site-packages/airflow/example_dags/example_complex.py for tasks to queue
[2024-05-08T14:57:47.813+0000] {logging_mixin.py:188} INFO - [2024-05-08T14:57:47.812+0000] {dagbag.py:545} INFO - Filling up the DagBag from /home/airflow/.local/lib/python3.12/site-packages/airflow/example_dags/example_complex.py
[2024-05-08T14:57:47.828+0000] {processor.py:840} INFO - DAG(s) 'example_complex' retrieved from /home/airflow/.local/lib/python3.12/site-packages/airflow/example_dags/example_complex.py
[2024-05-08T14:57:47.879+0000] {logging_mixin.py:188} INFO - [2024-05-08T14:57:47.878+0000] {dag.py:3096} INFO - Sync 1 DAGs
[2024-05-08T14:57:47.899+0000] {logging_mixin.py:188} INFO - [2024-05-08T14:57:47.898+0000] {dag.py:3954} INFO - Setting next_dagrun for example_complex to None, run_after=None
[2024-05-08T14:57:47.931+0000] {processor.py:183} INFO - Processing /home/airflow/.local/lib/python3.12/site-packages/airflow/example_dags/example_complex.py took 0.131 seconds
[2024-05-08T14:58:18.072+0000] {processor.py:161} INFO - Started process (PID=3502) to work on /home/airflow/.local/lib/python3.12/site-packages/airflow/example_dags/example_complex.py
[2024-05-08T14:58:18.076+0000] {processor.py:830} INFO - Processing file /home/airflow/.local/lib/python3.12/site-packages/airflow/example_dags/example_complex.py for tasks to queue
[2024-05-08T14:58:18.083+0000] {logging_mixin.py:188} INFO - [2024-05-08T14:58:18.083+0000] {dagbag.py:545} INFO - Filling up the DagBag from /home/airflow/.local/lib/python3.12/site-packages/airflow/example_dags/example_complex.py
[2024-05-08T14:58:18.123+0000] {processor.py:840} INFO - DAG(s) 'example_complex' retrieved from /home/airflow/.local/lib/python3.12/site-packages/airflow/example_dags/example_complex.py
[2024-05-08T14:58:18.251+0000] {logging_mixin.py:188} INFO - [2024-05-08T14:58:18.250+0000] {dag.py:3096} INFO - Sync 1 DAGs
[2024-05-08T14:58:18.286+0000] {logging_mixin.py:188} INFO - [2024-05-08T14:58:18.285+0000] {dag.py:3954} INFO - Setting next_dagrun for example_complex to None, run_after=None
[2024-05-08T14:58:18.383+0000] {processor.py:183} INFO - Processing /home/airflow/.local/lib/python3.12/site-packages/airflow/example_dags/example_complex.py took 0.324 seconds
[2024-05-08T14:58:49.174+0000] {processor.py:161} INFO - Started process (PID=3764) to work on /home/airflow/.local/lib/python3.12/site-packages/airflow/example_dags/example_complex.py
[2024-05-08T14:58:49.176+0000] {processor.py:830} INFO - Processing file /home/airflow/.local/lib/python3.12/site-packages/airflow/example_dags/example_complex.py for tasks to queue
[2024-05-08T14:58:49.179+0000] {logging_mixin.py:188} INFO - [2024-05-08T14:58:49.178+0000] {dagbag.py:545} INFO - Filling up the DagBag from /home/airflow/.local/lib/python3.12/site-packages/airflow/example_dags/example_complex.py
[2024-05-08T14:58:49.202+0000] {processor.py:840} INFO - DAG(s) 'example_complex' retrieved from /home/airflow/.local/lib/python3.12/site-packages/airflow/example_dags/example_complex.py
[2024-05-08T14:58:49.263+0000] {logging_mixin.py:188} INFO - [2024-05-08T14:58:49.263+0000] {dag.py:3096} INFO - Sync 1 DAGs
[2024-05-08T14:58:49.286+0000] {logging_mixin.py:188} INFO - [2024-05-08T14:58:49.285+0000] {dag.py:3954} INFO - Setting next_dagrun for example_complex to None, run_after=None
[2024-05-08T14:58:49.320+0000] {processor.py:183} INFO - Processing /home/airflow/.local/lib/python3.12/site-packages/airflow/example_dags/example_complex.py took 0.155 seconds
[2024-05-08T14:59:19.538+0000] {processor.py:161} INFO - Started process (PID=4026) to work on /home/airflow/.local/lib/python3.12/site-packages/airflow/example_dags/example_complex.py
[2024-05-08T14:59:19.540+0000] {processor.py:830} INFO - Processing file /home/airflow/.local/lib/python3.12/site-packages/airflow/example_dags/example_complex.py for tasks to queue
[2024-05-08T14:59:19.543+0000] {logging_mixin.py:188} INFO - [2024-05-08T14:59:19.543+0000] {dagbag.py:545} INFO - Filling up the DagBag from /home/airflow/.local/lib/python3.12/site-packages/airflow/example_dags/example_complex.py
[2024-05-08T14:59:19.566+0000] {processor.py:840} INFO - DAG(s) 'example_complex' retrieved from /home/airflow/.local/lib/python3.12/site-packages/airflow/example_dags/example_complex.py
[2024-05-08T14:59:19.644+0000] {logging_mixin.py:188} INFO - [2024-05-08T14:59:19.644+0000] {dag.py:3096} INFO - Sync 1 DAGs
[2024-05-08T14:59:19.672+0000] {logging_mixin.py:188} INFO - [2024-05-08T14:59:19.672+0000] {dag.py:3954} INFO - Setting next_dagrun for example_complex to None, run_after=None
[2024-05-08T14:59:19.713+0000] {processor.py:183} INFO - Processing /home/airflow/.local/lib/python3.12/site-packages/airflow/example_dags/example_complex.py took 0.184 seconds
[2024-05-08T14:59:49.818+0000] {processor.py:161} INFO - Started process (PID=4287) to work on /home/airflow/.local/lib/python3.12/site-packages/airflow/example_dags/example_complex.py
[2024-05-08T14:59:49.820+0000] {processor.py:830} INFO - Processing file /home/airflow/.local/lib/python3.12/site-packages/airflow/example_dags/example_complex.py for tasks to queue
[2024-05-08T14:59:49.823+0000] {logging_mixin.py:188} INFO - [2024-05-08T14:59:49.823+0000] {dagbag.py:545} INFO - Filling up the DagBag from /home/airflow/.local/lib/python3.12/site-packages/airflow/example_dags/example_complex.py
[2024-05-08T14:59:49.844+0000] {processor.py:840} INFO - DAG(s) 'example_complex' retrieved from /home/airflow/.local/lib/python3.12/site-packages/airflow/example_dags/example_complex.py
[2024-05-08T14:59:49.915+0000] {logging_mixin.py:188} INFO - [2024-05-08T14:59:49.914+0000] {dag.py:3096} INFO - Sync 1 DAGs
[2024-05-08T14:59:49.945+0000] {logging_mixin.py:188} INFO - [2024-05-08T14:59:49.945+0000] {dag.py:3954} INFO - Setting next_dagrun for example_complex to None, run_after=None
[2024-05-08T14:59:49.998+0000] {processor.py:183} INFO - Processing /home/airflow/.local/lib/python3.12/site-packages/airflow/example_dags/example_complex.py took 0.191 seconds
[2024-05-08T15:00:20.540+0000] {processor.py:161} INFO - Started process (PID=4549) to work on /home/airflow/.local/lib/python3.12/site-packages/airflow/example_dags/example_complex.py
[2024-05-08T15:00:20.542+0000] {processor.py:830} INFO - Processing file /home/airflow/.local/lib/python3.12/site-packages/airflow/example_dags/example_complex.py for tasks to queue
[2024-05-08T15:00:20.547+0000] {logging_mixin.py:188} INFO - [2024-05-08T15:00:20.546+0000] {dagbag.py:545} INFO - Filling up the DagBag from /home/airflow/.local/lib/python3.12/site-packages/airflow/example_dags/example_complex.py
[2024-05-08T15:00:20.563+0000] {processor.py:840} INFO - DAG(s) 'example_complex' retrieved from /home/airflow/.local/lib/python3.12/site-packages/airflow/example_dags/example_complex.py
[2024-05-08T15:00:20.619+0000] {logging_mixin.py:188} INFO - [2024-05-08T15:00:20.618+0000] {dag.py:3096} INFO - Sync 1 DAGs
[2024-05-08T15:00:20.653+0000] {logging_mixin.py:188} INFO - [2024-05-08T15:00:20.653+0000] {dag.py:3954} INFO - Setting next_dagrun for example_complex to None, run_after=None
[2024-05-08T15:00:20.702+0000] {processor.py:183} INFO - Processing /home/airflow/.local/lib/python3.12/site-packages/airflow/example_dags/example_complex.py took 0.173 seconds
[2024-05-08T15:00:51.004+0000] {processor.py:161} INFO - Started process (PID=4810) to work on /home/airflow/.local/lib/python3.12/site-packages/airflow/example_dags/example_complex.py
[2024-05-08T15:00:51.008+0000] {processor.py:830} INFO - Processing file /home/airflow/.local/lib/python3.12/site-packages/airflow/example_dags/example_complex.py for tasks to queue
[2024-05-08T15:00:51.028+0000] {logging_mixin.py:188} INFO - [2024-05-08T15:00:51.026+0000] {dagbag.py:545} INFO - Filling up the DagBag from /home/airflow/.local/lib/python3.12/site-packages/airflow/example_dags/example_complex.py
[2024-05-08T15:00:51.089+0000] {processor.py:840} INFO - DAG(s) 'example_complex' retrieved from /home/airflow/.local/lib/python3.12/site-packages/airflow/example_dags/example_complex.py
[2024-05-08T15:00:51.309+0000] {logging_mixin.py:188} INFO - [2024-05-08T15:00:51.309+0000] {dag.py:3096} INFO - Sync 1 DAGs
[2024-05-08T15:00:51.345+0000] {logging_mixin.py:188} INFO - [2024-05-08T15:00:51.344+0000] {dag.py:3954} INFO - Setting next_dagrun for example_complex to None, run_after=None
[2024-05-08T15:00:51.392+0000] {processor.py:183} INFO - Processing /home/airflow/.local/lib/python3.12/site-packages/airflow/example_dags/example_complex.py took 0.416 seconds
[2024-05-08T15:01:21.899+0000] {processor.py:161} INFO - Started process (PID=5071) to work on /home/airflow/.local/lib/python3.12/site-packages/airflow/example_dags/example_complex.py
[2024-05-08T15:01:21.901+0000] {processor.py:830} INFO - Processing file /home/airflow/.local/lib/python3.12/site-packages/airflow/example_dags/example_complex.py for tasks to queue
[2024-05-08T15:01:21.904+0000] {logging_mixin.py:188} INFO - [2024-05-08T15:01:21.903+0000] {dagbag.py:545} INFO - Filling up the DagBag from /home/airflow/.local/lib/python3.12/site-packages/airflow/example_dags/example_complex.py
[2024-05-08T15:01:21.921+0000] {processor.py:840} INFO - DAG(s) 'example_complex' retrieved from /home/airflow/.local/lib/python3.12/site-packages/airflow/example_dags/example_complex.py
[2024-05-08T15:01:21.974+0000] {logging_mixin.py:188} INFO - [2024-05-08T15:01:21.974+0000] {dag.py:3096} INFO - Sync 1 DAGs
[2024-05-08T15:01:21.995+0000] {logging_mixin.py:188} INFO - [2024-05-08T15:01:21.994+0000] {dag.py:3954} INFO - Setting next_dagrun for example_complex to None, run_after=None
[2024-05-08T15:01:22.028+0000] {processor.py:183} INFO - Processing /home/airflow/.local/lib/python3.12/site-packages/airflow/example_dags/example_complex.py took 0.138 seconds
[2024-05-08T15:01:52.755+0000] {processor.py:161} INFO - Started process (PID=5333) to work on /home/airflow/.local/lib/python3.12/site-packages/airflow/example_dags/example_complex.py
[2024-05-08T15:01:52.759+0000] {processor.py:830} INFO - Processing file /home/airflow/.local/lib/python3.12/site-packages/airflow/example_dags/example_complex.py for tasks to queue
[2024-05-08T15:01:52.769+0000] {logging_mixin.py:188} INFO - [2024-05-08T15:01:52.768+0000] {dagbag.py:545} INFO - Filling up the DagBag from /home/airflow/.local/lib/python3.12/site-packages/airflow/example_dags/example_complex.py
[2024-05-08T15:01:52.808+0000] {processor.py:840} INFO - DAG(s) 'example_complex' retrieved from /home/airflow/.local/lib/python3.12/site-packages/airflow/example_dags/example_complex.py
[2024-05-08T15:01:52.979+0000] {logging_mixin.py:188} INFO - [2024-05-08T15:01:52.978+0000] {dag.py:3096} INFO - Sync 1 DAGs
[2024-05-08T15:01:53.045+0000] {logging_mixin.py:188} INFO - [2024-05-08T15:01:53.045+0000] {dag.py:3954} INFO - Setting next_dagrun for example_complex to None, run_after=None
[2024-05-08T15:01:53.223+0000] {processor.py:183} INFO - Processing /home/airflow/.local/lib/python3.12/site-packages/airflow/example_dags/example_complex.py took 0.493 seconds
[2024-05-08T15:02:23.783+0000] {processor.py:161} INFO - Started process (PID=5595) to work on /home/airflow/.local/lib/python3.12/site-packages/airflow/example_dags/example_complex.py
[2024-05-08T15:02:23.785+0000] {processor.py:830} INFO - Processing file /home/airflow/.local/lib/python3.12/site-packages/airflow/example_dags/example_complex.py for tasks to queue
[2024-05-08T15:02:23.788+0000] {logging_mixin.py:188} INFO - [2024-05-08T15:02:23.788+0000] {dagbag.py:545} INFO - Filling up the DagBag from /home/airflow/.local/lib/python3.12/site-packages/airflow/example_dags/example_complex.py
[2024-05-08T15:02:23.805+0000] {processor.py:840} INFO - DAG(s) 'example_complex' retrieved from /home/airflow/.local/lib/python3.12/site-packages/airflow/example_dags/example_complex.py
[2024-05-08T15:02:23.860+0000] {logging_mixin.py:188} INFO - [2024-05-08T15:02:23.860+0000] {dag.py:3096} INFO - Sync 1 DAGs
[2024-05-08T15:02:23.882+0000] {logging_mixin.py:188} INFO - [2024-05-08T15:02:23.881+0000] {dag.py:3954} INFO - Setting next_dagrun for example_complex to None, run_after=None
[2024-05-08T15:02:23.915+0000] {processor.py:183} INFO - Processing /home/airflow/.local/lib/python3.12/site-packages/airflow/example_dags/example_complex.py took 0.142 seconds
[2024-05-08T15:02:54.292+0000] {processor.py:161} INFO - Started process (PID=5856) to work on /home/airflow/.local/lib/python3.12/site-packages/airflow/example_dags/example_complex.py
[2024-05-08T15:02:54.294+0000] {processor.py:830} INFO - Processing file /home/airflow/.local/lib/python3.12/site-packages/airflow/example_dags/example_complex.py for tasks to queue
[2024-05-08T15:02:54.297+0000] {logging_mixin.py:188} INFO - [2024-05-08T15:02:54.296+0000] {dagbag.py:545} INFO - Filling up the DagBag from /home/airflow/.local/lib/python3.12/site-packages/airflow/example_dags/example_complex.py
[2024-05-08T15:02:54.321+0000] {processor.py:840} INFO - DAG(s) 'example_complex' retrieved from /home/airflow/.local/lib/python3.12/site-packages/airflow/example_dags/example_complex.py
[2024-05-08T15:02:54.400+0000] {logging_mixin.py:188} INFO - [2024-05-08T15:02:54.399+0000] {dag.py:3096} INFO - Sync 1 DAGs
[2024-05-08T15:02:54.427+0000] {logging_mixin.py:188} INFO - [2024-05-08T15:02:54.426+0000] {dag.py:3954} INFO - Setting next_dagrun for example_complex to None, run_after=None
[2024-05-08T15:02:54.480+0000] {processor.py:183} INFO - Processing /home/airflow/.local/lib/python3.12/site-packages/airflow/example_dags/example_complex.py took 0.201 seconds
[2024-05-08T15:03:24.897+0000] {processor.py:161} INFO - Started process (PID=6118) to work on /home/airflow/.local/lib/python3.12/site-packages/airflow/example_dags/example_complex.py
[2024-05-08T15:03:24.899+0000] {processor.py:830} INFO - Processing file /home/airflow/.local/lib/python3.12/site-packages/airflow/example_dags/example_complex.py for tasks to queue
[2024-05-08T15:03:24.904+0000] {logging_mixin.py:188} INFO - [2024-05-08T15:03:24.903+0000] {dagbag.py:545} INFO - Filling up the DagBag from /home/airflow/.local/lib/python3.12/site-packages/airflow/example_dags/example_complex.py
[2024-05-08T15:03:24.944+0000] {processor.py:840} INFO - DAG(s) 'example_complex' retrieved from /home/airflow/.local/lib/python3.12/site-packages/airflow/example_dags/example_complex.py
[2024-05-08T15:03:25.099+0000] {logging_mixin.py:188} INFO - [2024-05-08T15:03:25.099+0000] {dag.py:3096} INFO - Sync 1 DAGs
[2024-05-08T15:03:25.205+0000] {logging_mixin.py:188} INFO - [2024-05-08T15:03:25.204+0000] {dag.py:3954} INFO - Setting next_dagrun for example_complex to None, run_after=None
[2024-05-08T15:03:25.330+0000] {processor.py:183} INFO - Processing /home/airflow/.local/lib/python3.12/site-packages/airflow/example_dags/example_complex.py took 0.456 seconds
[2024-05-08T15:03:56.291+0000] {processor.py:161} INFO - Started process (PID=6380) to work on /home/airflow/.local/lib/python3.12/site-packages/airflow/example_dags/example_complex.py
[2024-05-08T15:03:56.293+0000] {processor.py:830} INFO - Processing file /home/airflow/.local/lib/python3.12/site-packages/airflow/example_dags/example_complex.py for tasks to queue
[2024-05-08T15:03:56.296+0000] {logging_mixin.py:188} INFO - [2024-05-08T15:03:56.295+0000] {dagbag.py:545} INFO - Filling up the DagBag from /home/airflow/.local/lib/python3.12/site-packages/airflow/example_dags/example_complex.py
[2024-05-08T15:03:56.312+0000] {processor.py:840} INFO - DAG(s) 'example_complex' retrieved from /home/airflow/.local/lib/python3.12/site-packages/airflow/example_dags/example_complex.py
[2024-05-08T15:03:56.382+0000] {logging_mixin.py:188} INFO - [2024-05-08T15:03:56.381+0000] {dag.py:3096} INFO - Sync 1 DAGs
[2024-05-08T15:03:56.403+0000] {logging_mixin.py:188} INFO - [2024-05-08T15:03:56.403+0000] {dag.py:3954} INFO - Setting next_dagrun for example_complex to None, run_after=None
[2024-05-08T15:03:56.446+0000] {processor.py:183} INFO - Processing /home/airflow/.local/lib/python3.12/site-packages/airflow/example_dags/example_complex.py took 0.163 seconds
[2024-05-08T15:04:26.931+0000] {processor.py:161} INFO - Started process (PID=6642) to work on /home/airflow/.local/lib/python3.12/site-packages/airflow/example_dags/example_complex.py
[2024-05-08T15:04:26.933+0000] {processor.py:830} INFO - Processing file /home/airflow/.local/lib/python3.12/site-packages/airflow/example_dags/example_complex.py for tasks to queue
[2024-05-08T15:04:26.936+0000] {logging_mixin.py:188} INFO - [2024-05-08T15:04:26.935+0000] {dagbag.py:545} INFO - Filling up the DagBag from /home/airflow/.local/lib/python3.12/site-packages/airflow/example_dags/example_complex.py
[2024-05-08T15:04:26.952+0000] {processor.py:840} INFO - DAG(s) 'example_complex' retrieved from /home/airflow/.local/lib/python3.12/site-packages/airflow/example_dags/example_complex.py
[2024-05-08T15:04:27.003+0000] {logging_mixin.py:188} INFO - [2024-05-08T15:04:27.002+0000] {dag.py:3096} INFO - Sync 1 DAGs
[2024-05-08T15:04:27.025+0000] {logging_mixin.py:188} INFO - [2024-05-08T15:04:27.024+0000] {dag.py:3954} INFO - Setting next_dagrun for example_complex to None, run_after=None
[2024-05-08T15:04:27.059+0000] {processor.py:183} INFO - Processing /home/airflow/.local/lib/python3.12/site-packages/airflow/example_dags/example_complex.py took 0.136 seconds
[2024-05-08T15:04:57.435+0000] {processor.py:161} INFO - Started process (PID=6903) to work on /home/airflow/.local/lib/python3.12/site-packages/airflow/example_dags/example_complex.py
[2024-05-08T15:04:57.493+0000] {processor.py:830} INFO - Processing file /home/airflow/.local/lib/python3.12/site-packages/airflow/example_dags/example_complex.py for tasks to queue
[2024-05-08T15:04:57.501+0000] {logging_mixin.py:188} INFO - [2024-05-08T15:04:57.500+0000] {dagbag.py:545} INFO - Filling up the DagBag from /home/airflow/.local/lib/python3.12/site-packages/airflow/example_dags/example_complex.py
[2024-05-08T15:04:57.595+0000] {processor.py:840} INFO - DAG(s) 'example_complex' retrieved from /home/airflow/.local/lib/python3.12/site-packages/airflow/example_dags/example_complex.py
[2024-05-08T15:04:58.057+0000] {logging_mixin.py:188} INFO - [2024-05-08T15:04:58.057+0000] {dag.py:3096} INFO - Sync 1 DAGs
[2024-05-08T15:04:58.269+0000] {logging_mixin.py:188} INFO - [2024-05-08T15:04:58.269+0000] {dag.py:3954} INFO - Setting next_dagrun for example_complex to None, run_after=None
[2024-05-08T15:04:58.420+0000] {processor.py:183} INFO - Processing /home/airflow/.local/lib/python3.12/site-packages/airflow/example_dags/example_complex.py took 1.034 seconds
[2024-05-08T15:05:28.547+0000] {processor.py:161} INFO - Started process (PID=7163) to work on /home/airflow/.local/lib/python3.12/site-packages/airflow/example_dags/example_complex.py
[2024-05-08T15:05:28.549+0000] {processor.py:830} INFO - Processing file /home/airflow/.local/lib/python3.12/site-packages/airflow/example_dags/example_complex.py for tasks to queue
[2024-05-08T15:05:28.552+0000] {logging_mixin.py:188} INFO - [2024-05-08T15:05:28.551+0000] {dagbag.py:545} INFO - Filling up the DagBag from /home/airflow/.local/lib/python3.12/site-packages/airflow/example_dags/example_complex.py
[2024-05-08T15:05:28.568+0000] {processor.py:840} INFO - DAG(s) 'example_complex' retrieved from /home/airflow/.local/lib/python3.12/site-packages/airflow/example_dags/example_complex.py
[2024-05-08T15:05:28.628+0000] {logging_mixin.py:188} INFO - [2024-05-08T15:05:28.628+0000] {dag.py:3096} INFO - Sync 1 DAGs
[2024-05-08T15:05:28.650+0000] {logging_mixin.py:188} INFO - [2024-05-08T15:05:28.650+0000] {dag.py:3954} INFO - Setting next_dagrun for example_complex to None, run_after=None
[2024-05-08T15:05:28.712+0000] {processor.py:183} INFO - Processing /home/airflow/.local/lib/python3.12/site-packages/airflow/example_dags/example_complex.py took 0.173 seconds
[2024-05-08T15:05:59.079+0000] {processor.py:161} INFO - Started process (PID=7424) to work on /home/airflow/.local/lib/python3.12/site-packages/airflow/example_dags/example_complex.py
[2024-05-08T15:05:59.087+0000] {processor.py:830} INFO - Processing file /home/airflow/.local/lib/python3.12/site-packages/airflow/example_dags/example_complex.py for tasks to queue
[2024-05-08T15:05:59.097+0000] {logging_mixin.py:188} INFO - [2024-05-08T15:05:59.094+0000] {dagbag.py:545} INFO - Filling up the DagBag from /home/airflow/.local/lib/python3.12/site-packages/airflow/example_dags/example_complex.py
[2024-05-08T15:05:59.130+0000] {processor.py:840} INFO - DAG(s) 'example_complex' retrieved from /home/airflow/.local/lib/python3.12/site-packages/airflow/example_dags/example_complex.py
[2024-05-08T15:05:59.260+0000] {logging_mixin.py:188} INFO - [2024-05-08T15:05:59.260+0000] {dag.py:3096} INFO - Sync 1 DAGs
[2024-05-08T15:05:59.285+0000] {logging_mixin.py:188} INFO - [2024-05-08T15:05:59.284+0000] {dag.py:3954} INFO - Setting next_dagrun for example_complex to None, run_after=None
[2024-05-08T15:05:59.321+0000] {processor.py:183} INFO - Processing /home/airflow/.local/lib/python3.12/site-packages/airflow/example_dags/example_complex.py took 0.271 seconds
[2024-05-08T15:06:29.754+0000] {processor.py:161} INFO - Started process (PID=7689) to work on /home/airflow/.local/lib/python3.12/site-packages/airflow/example_dags/example_complex.py
[2024-05-08T15:06:29.757+0000] {processor.py:830} INFO - Processing file /home/airflow/.local/lib/python3.12/site-packages/airflow/example_dags/example_complex.py for tasks to queue
[2024-05-08T15:06:29.761+0000] {logging_mixin.py:188} INFO - [2024-05-08T15:06:29.760+0000] {dagbag.py:545} INFO - Filling up the DagBag from /home/airflow/.local/lib/python3.12/site-packages/airflow/example_dags/example_complex.py
[2024-05-08T15:06:29.778+0000] {processor.py:840} INFO - DAG(s) 'example_complex' retrieved from /home/airflow/.local/lib/python3.12/site-packages/airflow/example_dags/example_complex.py
[2024-05-08T15:06:29.832+0000] {logging_mixin.py:188} INFO - [2024-05-08T15:06:29.832+0000] {dag.py:3096} INFO - Sync 1 DAGs
[2024-05-08T15:06:29.856+0000] {logging_mixin.py:188} INFO - [2024-05-08T15:06:29.856+0000] {dag.py:3954} INFO - Setting next_dagrun for example_complex to None, run_after=None
[2024-05-08T15:06:29.890+0000] {processor.py:183} INFO - Processing /home/airflow/.local/lib/python3.12/site-packages/airflow/example_dags/example_complex.py took 0.146 seconds
[2024-05-08T15:07:00.465+0000] {processor.py:161} INFO - Started process (PID=7950) to work on /home/airflow/.local/lib/python3.12/site-packages/airflow/example_dags/example_complex.py
[2024-05-08T15:07:00.466+0000] {processor.py:830} INFO - Processing file /home/airflow/.local/lib/python3.12/site-packages/airflow/example_dags/example_complex.py for tasks to queue
[2024-05-08T15:07:00.469+0000] {logging_mixin.py:188} INFO - [2024-05-08T15:07:00.469+0000] {dagbag.py:545} INFO - Filling up the DagBag from /home/airflow/.local/lib/python3.12/site-packages/airflow/example_dags/example_complex.py
[2024-05-08T15:07:00.490+0000] {processor.py:840} INFO - DAG(s) 'example_complex' retrieved from /home/airflow/.local/lib/python3.12/site-packages/airflow/example_dags/example_complex.py
[2024-05-08T15:07:00.544+0000] {logging_mixin.py:188} INFO - [2024-05-08T15:07:00.543+0000] {dag.py:3096} INFO - Sync 1 DAGs
[2024-05-08T15:07:00.568+0000] {logging_mixin.py:188} INFO - [2024-05-08T15:07:00.568+0000] {dag.py:3954} INFO - Setting next_dagrun for example_complex to None, run_after=None
[2024-05-08T15:07:00.622+0000] {processor.py:183} INFO - Processing /home/airflow/.local/lib/python3.12/site-packages/airflow/example_dags/example_complex.py took 0.166 seconds
[2024-05-08T15:07:31.093+0000] {processor.py:161} INFO - Started process (PID=8212) to work on /home/airflow/.local/lib/python3.12/site-packages/airflow/example_dags/example_complex.py
[2024-05-08T15:07:31.095+0000] {processor.py:830} INFO - Processing file /home/airflow/.local/lib/python3.12/site-packages/airflow/example_dags/example_complex.py for tasks to queue
[2024-05-08T15:07:31.097+0000] {logging_mixin.py:188} INFO - [2024-05-08T15:07:31.097+0000] {dagbag.py:545} INFO - Filling up the DagBag from /home/airflow/.local/lib/python3.12/site-packages/airflow/example_dags/example_complex.py
[2024-05-08T15:07:31.113+0000] {processor.py:840} INFO - DAG(s) 'example_complex' retrieved from /home/airflow/.local/lib/python3.12/site-packages/airflow/example_dags/example_complex.py
[2024-05-08T15:07:31.165+0000] {logging_mixin.py:188} INFO - [2024-05-08T15:07:31.165+0000] {dag.py:3096} INFO - Sync 1 DAGs
[2024-05-08T15:07:31.187+0000] {logging_mixin.py:188} INFO - [2024-05-08T15:07:31.187+0000] {dag.py:3954} INFO - Setting next_dagrun for example_complex to None, run_after=None
[2024-05-08T15:07:31.219+0000] {processor.py:183} INFO - Processing /home/airflow/.local/lib/python3.12/site-packages/airflow/example_dags/example_complex.py took 0.135 seconds
[2024-05-08T15:08:01.505+0000] {processor.py:161} INFO - Started process (PID=8468) to work on /home/airflow/.local/lib/python3.12/site-packages/airflow/example_dags/example_complex.py
[2024-05-08T15:08:01.507+0000] {processor.py:830} INFO - Processing file /home/airflow/.local/lib/python3.12/site-packages/airflow/example_dags/example_complex.py for tasks to queue
[2024-05-08T15:08:01.510+0000] {logging_mixin.py:188} INFO - [2024-05-08T15:08:01.509+0000] {dagbag.py:545} INFO - Filling up the DagBag from /home/airflow/.local/lib/python3.12/site-packages/airflow/example_dags/example_complex.py
[2024-05-08T15:08:01.526+0000] {processor.py:840} INFO - DAG(s) 'example_complex' retrieved from /home/airflow/.local/lib/python3.12/site-packages/airflow/example_dags/example_complex.py
[2024-05-08T15:08:01.577+0000] {logging_mixin.py:188} INFO - [2024-05-08T15:08:01.576+0000] {dag.py:3096} INFO - Sync 1 DAGs
[2024-05-08T15:08:01.597+0000] {logging_mixin.py:188} INFO - [2024-05-08T15:08:01.596+0000] {dag.py:3954} INFO - Setting next_dagrun for example_complex to None, run_after=None
[2024-05-08T15:08:01.631+0000] {processor.py:183} INFO - Processing /home/airflow/.local/lib/python3.12/site-packages/airflow/example_dags/example_complex.py took 0.134 seconds
[2024-05-08T15:08:31.924+0000] {processor.py:161} INFO - Started process (PID=8730) to work on /home/airflow/.local/lib/python3.12/site-packages/airflow/example_dags/example_complex.py
[2024-05-08T15:08:31.928+0000] {processor.py:830} INFO - Processing file /home/airflow/.local/lib/python3.12/site-packages/airflow/example_dags/example_complex.py for tasks to queue
[2024-05-08T15:08:31.962+0000] {logging_mixin.py:188} INFO - [2024-05-08T15:08:31.961+0000] {dagbag.py:545} INFO - Filling up the DagBag from /home/airflow/.local/lib/python3.12/site-packages/airflow/example_dags/example_complex.py
[2024-05-08T15:08:32.208+0000] {processor.py:840} INFO - DAG(s) 'example_complex' retrieved from /home/airflow/.local/lib/python3.12/site-packages/airflow/example_dags/example_complex.py
[2024-05-08T15:08:32.974+0000] {logging_mixin.py:188} INFO - [2024-05-08T15:08:32.973+0000] {dag.py:3096} INFO - Sync 1 DAGs
[2024-05-08T15:08:33.156+0000] {logging_mixin.py:188} INFO - [2024-05-08T15:08:33.155+0000] {dag.py:3954} INFO - Setting next_dagrun for example_complex to None, run_after=None
[2024-05-08T15:08:33.319+0000] {processor.py:183} INFO - Processing /home/airflow/.local/lib/python3.12/site-packages/airflow/example_dags/example_complex.py took 1.431 seconds
