[2024-05-08T14:51:46.374+0000] {processor.py:161} INFO - Started process (PID=202) to work on /home/airflow/.local/lib/python3.12/site-packages/airflow/example_dags/example_latest_only_with_trigger.py
[2024-05-08T14:51:46.376+0000] {processor.py:830} INFO - Processing file /home/airflow/.local/lib/python3.12/site-packages/airflow/example_dags/example_latest_only_with_trigger.py for tasks to queue
[2024-05-08T14:51:46.380+0000] {logging_mixin.py:188} INFO - [2024-05-08T14:51:46.380+0000] {dagbag.py:545} INFO - Filling up the DagBag from /home/airflow/.local/lib/python3.12/site-packages/airflow/example_dags/example_latest_only_with_trigger.py
[2024-05-08T14:51:46.404+0000] {processor.py:840} INFO - DAG(s) 'latest_only_with_trigger' retrieved from /home/airflow/.local/lib/python3.12/site-packages/airflow/example_dags/example_latest_only_with_trigger.py
[2024-05-08T14:51:46.701+0000] {logging_mixin.py:188} INFO - [2024-05-08T14:51:46.699+0000] {dag.py:3096} INFO - Sync 1 DAGs
[2024-05-08T14:51:46.777+0000] {logging_mixin.py:188} INFO - [2024-05-08T14:51:46.776+0000] {dag.py:3954} INFO - Setting next_dagrun for latest_only_with_trigger to 2024-05-08 08:00:00+00:00, run_after=2024-05-08 12:00:00+00:00
[2024-05-08T14:51:46.899+0000] {processor.py:183} INFO - Processing /home/airflow/.local/lib/python3.12/site-packages/airflow/example_dags/example_latest_only_with_trigger.py took 0.542 seconds
[2024-05-08T14:52:17.947+0000] {processor.py:161} INFO - Started process (PID=466) to work on /home/airflow/.local/lib/python3.12/site-packages/airflow/example_dags/example_latest_only_with_trigger.py
[2024-05-08T14:52:17.973+0000] {processor.py:830} INFO - Processing file /home/airflow/.local/lib/python3.12/site-packages/airflow/example_dags/example_latest_only_with_trigger.py for tasks to queue
[2024-05-08T14:52:17.982+0000] {logging_mixin.py:188} INFO - [2024-05-08T14:52:17.977+0000] {dagbag.py:545} INFO - Filling up the DagBag from /home/airflow/.local/lib/python3.12/site-packages/airflow/example_dags/example_latest_only_with_trigger.py
[2024-05-08T14:52:18.006+0000] {processor.py:840} INFO - DAG(s) 'latest_only_with_trigger' retrieved from /home/airflow/.local/lib/python3.12/site-packages/airflow/example_dags/example_latest_only_with_trigger.py
[2024-05-08T14:52:18.060+0000] {logging_mixin.py:188} INFO - [2024-05-08T14:52:18.059+0000] {dag.py:3096} INFO - Sync 1 DAGs
[2024-05-08T14:52:18.125+0000] {logging_mixin.py:188} INFO - [2024-05-08T14:52:18.125+0000] {dag.py:3954} INFO - Setting next_dagrun for latest_only_with_trigger to 2024-05-08 08:00:00+00:00, run_after=2024-05-08 12:00:00+00:00
[2024-05-08T14:52:18.160+0000] {processor.py:183} INFO - Processing /home/airflow/.local/lib/python3.12/site-packages/airflow/example_dags/example_latest_only_with_trigger.py took 0.225 seconds
[2024-05-08T14:52:48.584+0000] {processor.py:161} INFO - Started process (PID=726) to work on /home/airflow/.local/lib/python3.12/site-packages/airflow/example_dags/example_latest_only_with_trigger.py
[2024-05-08T14:52:48.588+0000] {processor.py:830} INFO - Processing file /home/airflow/.local/lib/python3.12/site-packages/airflow/example_dags/example_latest_only_with_trigger.py for tasks to queue
[2024-05-08T14:52:48.598+0000] {logging_mixin.py:188} INFO - [2024-05-08T14:52:48.597+0000] {dagbag.py:545} INFO - Filling up the DagBag from /home/airflow/.local/lib/python3.12/site-packages/airflow/example_dags/example_latest_only_with_trigger.py
[2024-05-08T14:52:48.626+0000] {processor.py:840} INFO - DAG(s) 'latest_only_with_trigger' retrieved from /home/airflow/.local/lib/python3.12/site-packages/airflow/example_dags/example_latest_only_with_trigger.py
[2024-05-08T14:52:48.857+0000] {logging_mixin.py:188} INFO - [2024-05-08T14:52:48.855+0000] {dag.py:3096} INFO - Sync 1 DAGs
[2024-05-08T14:52:49.005+0000] {logging_mixin.py:188} INFO - [2024-05-08T14:52:49.005+0000] {dag.py:3954} INFO - Setting next_dagrun for latest_only_with_trigger to 2024-05-08 08:00:00+00:00, run_after=2024-05-08 12:00:00+00:00
[2024-05-08T14:52:49.088+0000] {processor.py:183} INFO - Processing /home/airflow/.local/lib/python3.12/site-packages/airflow/example_dags/example_latest_only_with_trigger.py took 0.527 seconds
[2024-05-08T14:53:19.338+0000] {processor.py:161} INFO - Started process (PID=990) to work on /home/airflow/.local/lib/python3.12/site-packages/airflow/example_dags/example_latest_only_with_trigger.py
[2024-05-08T14:53:19.339+0000] {processor.py:830} INFO - Processing file /home/airflow/.local/lib/python3.12/site-packages/airflow/example_dags/example_latest_only_with_trigger.py for tasks to queue
[2024-05-08T14:53:19.342+0000] {logging_mixin.py:188} INFO - [2024-05-08T14:53:19.342+0000] {dagbag.py:545} INFO - Filling up the DagBag from /home/airflow/.local/lib/python3.12/site-packages/airflow/example_dags/example_latest_only_with_trigger.py
[2024-05-08T14:53:19.350+0000] {processor.py:840} INFO - DAG(s) 'latest_only_with_trigger' retrieved from /home/airflow/.local/lib/python3.12/site-packages/airflow/example_dags/example_latest_only_with_trigger.py
[2024-05-08T14:53:19.379+0000] {logging_mixin.py:188} INFO - [2024-05-08T14:53:19.379+0000] {dag.py:3096} INFO - Sync 1 DAGs
[2024-05-08T14:53:19.411+0000] {logging_mixin.py:188} INFO - [2024-05-08T14:53:19.411+0000] {dag.py:3954} INFO - Setting next_dagrun for latest_only_with_trigger to 2024-05-08 08:00:00+00:00, run_after=2024-05-08 12:00:00+00:00
[2024-05-08T14:53:19.439+0000] {processor.py:183} INFO - Processing /home/airflow/.local/lib/python3.12/site-packages/airflow/example_dags/example_latest_only_with_trigger.py took 0.110 seconds
[2024-05-08T14:53:49.799+0000] {processor.py:161} INFO - Started process (PID=1252) to work on /home/airflow/.local/lib/python3.12/site-packages/airflow/example_dags/example_latest_only_with_trigger.py
[2024-05-08T14:53:49.803+0000] {processor.py:830} INFO - Processing file /home/airflow/.local/lib/python3.12/site-packages/airflow/example_dags/example_latest_only_with_trigger.py for tasks to queue
[2024-05-08T14:53:49.806+0000] {logging_mixin.py:188} INFO - [2024-05-08T14:53:49.805+0000] {dagbag.py:545} INFO - Filling up the DagBag from /home/airflow/.local/lib/python3.12/site-packages/airflow/example_dags/example_latest_only_with_trigger.py
[2024-05-08T14:53:49.815+0000] {processor.py:840} INFO - DAG(s) 'latest_only_with_trigger' retrieved from /home/airflow/.local/lib/python3.12/site-packages/airflow/example_dags/example_latest_only_with_trigger.py
[2024-05-08T14:53:49.865+0000] {logging_mixin.py:188} INFO - [2024-05-08T14:53:49.865+0000] {dag.py:3096} INFO - Sync 1 DAGs
[2024-05-08T14:53:49.944+0000] {logging_mixin.py:188} INFO - [2024-05-08T14:53:49.943+0000] {dag.py:3954} INFO - Setting next_dagrun for latest_only_with_trigger to 2024-05-08 08:00:00+00:00, run_after=2024-05-08 12:00:00+00:00
[2024-05-08T14:53:49.996+0000] {processor.py:183} INFO - Processing /home/airflow/.local/lib/python3.12/site-packages/airflow/example_dags/example_latest_only_with_trigger.py took 0.214 seconds
[2024-05-08T14:54:22.220+0000] {processor.py:161} INFO - Started process (PID=1517) to work on /home/airflow/.local/lib/python3.12/site-packages/airflow/example_dags/example_latest_only_with_trigger.py
[2024-05-08T14:54:22.226+0000] {processor.py:830} INFO - Processing file /home/airflow/.local/lib/python3.12/site-packages/airflow/example_dags/example_latest_only_with_trigger.py for tasks to queue
[2024-05-08T14:54:22.297+0000] {logging_mixin.py:188} INFO - [2024-05-08T14:54:22.256+0000] {dagbag.py:545} INFO - Filling up the DagBag from /home/airflow/.local/lib/python3.12/site-packages/airflow/example_dags/example_latest_only_with_trigger.py
[2024-05-08T14:54:22.321+0000] {processor.py:840} INFO - DAG(s) 'latest_only_with_trigger' retrieved from /home/airflow/.local/lib/python3.12/site-packages/airflow/example_dags/example_latest_only_with_trigger.py
[2024-05-08T14:54:22.402+0000] {logging_mixin.py:188} INFO - [2024-05-08T14:54:22.400+0000] {dag.py:3096} INFO - Sync 1 DAGs
[2024-05-08T14:54:22.475+0000] {logging_mixin.py:188} INFO - [2024-05-08T14:54:22.475+0000] {dag.py:3954} INFO - Setting next_dagrun for latest_only_with_trigger to 2024-05-08 08:00:00+00:00, run_after=2024-05-08 12:00:00+00:00
[2024-05-08T14:54:22.531+0000] {processor.py:183} INFO - Processing /home/airflow/.local/lib/python3.12/site-packages/airflow/example_dags/example_latest_only_with_trigger.py took 0.368 seconds
[2024-05-08T14:54:52.910+0000] {processor.py:161} INFO - Started process (PID=1779) to work on /home/airflow/.local/lib/python3.12/site-packages/airflow/example_dags/example_latest_only_with_trigger.py
[2024-05-08T14:54:52.914+0000] {processor.py:830} INFO - Processing file /home/airflow/.local/lib/python3.12/site-packages/airflow/example_dags/example_latest_only_with_trigger.py for tasks to queue
[2024-05-08T14:54:52.919+0000] {logging_mixin.py:188} INFO - [2024-05-08T14:54:52.919+0000] {dagbag.py:545} INFO - Filling up the DagBag from /home/airflow/.local/lib/python3.12/site-packages/airflow/example_dags/example_latest_only_with_trigger.py
[2024-05-08T14:54:52.956+0000] {processor.py:840} INFO - DAG(s) 'latest_only_with_trigger' retrieved from /home/airflow/.local/lib/python3.12/site-packages/airflow/example_dags/example_latest_only_with_trigger.py
[2024-05-08T14:54:53.063+0000] {logging_mixin.py:188} INFO - [2024-05-08T14:54:53.061+0000] {dag.py:3096} INFO - Sync 1 DAGs
[2024-05-08T14:54:53.138+0000] {logging_mixin.py:188} INFO - [2024-05-08T14:54:53.137+0000] {dag.py:3954} INFO - Setting next_dagrun for latest_only_with_trigger to 2024-05-08 08:00:00+00:00, run_after=2024-05-08 12:00:00+00:00
[2024-05-08T14:54:53.199+0000] {processor.py:183} INFO - Processing /home/airflow/.local/lib/python3.12/site-packages/airflow/example_dags/example_latest_only_with_trigger.py took 0.314 seconds
[2024-05-08T14:55:23.342+0000] {processor.py:161} INFO - Started process (PID=2037) to work on /home/airflow/.local/lib/python3.12/site-packages/airflow/example_dags/example_latest_only_with_trigger.py
[2024-05-08T14:55:23.344+0000] {processor.py:830} INFO - Processing file /home/airflow/.local/lib/python3.12/site-packages/airflow/example_dags/example_latest_only_with_trigger.py for tasks to queue
[2024-05-08T14:55:23.347+0000] {logging_mixin.py:188} INFO - [2024-05-08T14:55:23.347+0000] {dagbag.py:545} INFO - Filling up the DagBag from /home/airflow/.local/lib/python3.12/site-packages/airflow/example_dags/example_latest_only_with_trigger.py
[2024-05-08T14:55:23.356+0000] {processor.py:840} INFO - DAG(s) 'latest_only_with_trigger' retrieved from /home/airflow/.local/lib/python3.12/site-packages/airflow/example_dags/example_latest_only_with_trigger.py
[2024-05-08T14:55:23.403+0000] {logging_mixin.py:188} INFO - [2024-05-08T14:55:23.402+0000] {dag.py:3096} INFO - Sync 1 DAGs
[2024-05-08T14:55:23.452+0000] {logging_mixin.py:188} INFO - [2024-05-08T14:55:23.452+0000] {dag.py:3954} INFO - Setting next_dagrun for latest_only_with_trigger to 2024-05-08 08:00:00+00:00, run_after=2024-05-08 12:00:00+00:00
[2024-05-08T14:55:23.498+0000] {processor.py:183} INFO - Processing /home/airflow/.local/lib/python3.12/site-packages/airflow/example_dags/example_latest_only_with_trigger.py took 0.167 seconds
[2024-05-08T14:55:53.701+0000] {processor.py:161} INFO - Started process (PID=2278) to work on /home/airflow/.local/lib/python3.12/site-packages/airflow/example_dags/example_latest_only_with_trigger.py
[2024-05-08T14:55:53.703+0000] {processor.py:830} INFO - Processing file /home/airflow/.local/lib/python3.12/site-packages/airflow/example_dags/example_latest_only_with_trigger.py for tasks to queue
[2024-05-08T14:55:53.706+0000] {logging_mixin.py:188} INFO - [2024-05-08T14:55:53.706+0000] {dagbag.py:545} INFO - Filling up the DagBag from /home/airflow/.local/lib/python3.12/site-packages/airflow/example_dags/example_latest_only_with_trigger.py
[2024-05-08T14:55:53.715+0000] {processor.py:840} INFO - DAG(s) 'latest_only_with_trigger' retrieved from /home/airflow/.local/lib/python3.12/site-packages/airflow/example_dags/example_latest_only_with_trigger.py
[2024-05-08T14:55:53.756+0000] {logging_mixin.py:188} INFO - [2024-05-08T14:55:53.756+0000] {dag.py:3096} INFO - Sync 1 DAGs
[2024-05-08T14:55:53.828+0000] {logging_mixin.py:188} INFO - [2024-05-08T14:55:53.828+0000] {dag.py:3954} INFO - Setting next_dagrun for latest_only_with_trigger to 2024-05-08 08:00:00+00:00, run_after=2024-05-08 12:00:00+00:00
[2024-05-08T14:55:53.870+0000] {processor.py:183} INFO - Processing /home/airflow/.local/lib/python3.12/site-packages/airflow/example_dags/example_latest_only_with_trigger.py took 0.184 seconds
[2024-05-08T14:56:24.391+0000] {processor.py:161} INFO - Started process (PID=2538) to work on /home/airflow/.local/lib/python3.12/site-packages/airflow/example_dags/example_latest_only_with_trigger.py
[2024-05-08T14:56:24.394+0000] {processor.py:830} INFO - Processing file /home/airflow/.local/lib/python3.12/site-packages/airflow/example_dags/example_latest_only_with_trigger.py for tasks to queue
[2024-05-08T14:56:24.398+0000] {logging_mixin.py:188} INFO - [2024-05-08T14:56:24.398+0000] {dagbag.py:545} INFO - Filling up the DagBag from /home/airflow/.local/lib/python3.12/site-packages/airflow/example_dags/example_latest_only_with_trigger.py
[2024-05-08T14:56:24.408+0000] {processor.py:840} INFO - DAG(s) 'latest_only_with_trigger' retrieved from /home/airflow/.local/lib/python3.12/site-packages/airflow/example_dags/example_latest_only_with_trigger.py
[2024-05-08T14:56:24.440+0000] {logging_mixin.py:188} INFO - [2024-05-08T14:56:24.440+0000] {dag.py:3096} INFO - Sync 1 DAGs
[2024-05-08T14:56:24.479+0000] {logging_mixin.py:188} INFO - [2024-05-08T14:56:24.478+0000] {dag.py:3954} INFO - Setting next_dagrun for latest_only_with_trigger to 2024-05-08 08:00:00+00:00, run_after=2024-05-08 12:00:00+00:00
[2024-05-08T14:56:24.510+0000] {processor.py:183} INFO - Processing /home/airflow/.local/lib/python3.12/site-packages/airflow/example_dags/example_latest_only_with_trigger.py took 0.129 seconds
[2024-05-08T14:56:55.324+0000] {processor.py:161} INFO - Started process (PID=2800) to work on /home/airflow/.local/lib/python3.12/site-packages/airflow/example_dags/example_latest_only_with_trigger.py
[2024-05-08T14:56:55.326+0000] {processor.py:830} INFO - Processing file /home/airflow/.local/lib/python3.12/site-packages/airflow/example_dags/example_latest_only_with_trigger.py for tasks to queue
[2024-05-08T14:56:55.331+0000] {logging_mixin.py:188} INFO - [2024-05-08T14:56:55.330+0000] {dagbag.py:545} INFO - Filling up the DagBag from /home/airflow/.local/lib/python3.12/site-packages/airflow/example_dags/example_latest_only_with_trigger.py
[2024-05-08T14:56:55.349+0000] {processor.py:840} INFO - DAG(s) 'latest_only_with_trigger' retrieved from /home/airflow/.local/lib/python3.12/site-packages/airflow/example_dags/example_latest_only_with_trigger.py
[2024-05-08T14:56:55.392+0000] {logging_mixin.py:188} INFO - [2024-05-08T14:56:55.392+0000] {dag.py:3096} INFO - Sync 1 DAGs
[2024-05-08T14:56:55.430+0000] {logging_mixin.py:188} INFO - [2024-05-08T14:56:55.430+0000] {dag.py:3954} INFO - Setting next_dagrun for latest_only_with_trigger to 2024-05-08 08:00:00+00:00, run_after=2024-05-08 12:00:00+00:00
[2024-05-08T14:56:55.463+0000] {processor.py:183} INFO - Processing /home/airflow/.local/lib/python3.12/site-packages/airflow/example_dags/example_latest_only_with_trigger.py took 0.153 seconds
[2024-05-08T14:57:25.527+0000] {processor.py:161} INFO - Started process (PID=3065) to work on /home/airflow/.local/lib/python3.12/site-packages/airflow/example_dags/example_latest_only_with_trigger.py
[2024-05-08T14:57:25.528+0000] {processor.py:830} INFO - Processing file /home/airflow/.local/lib/python3.12/site-packages/airflow/example_dags/example_latest_only_with_trigger.py for tasks to queue
[2024-05-08T14:57:25.531+0000] {logging_mixin.py:188} INFO - [2024-05-08T14:57:25.531+0000] {dagbag.py:545} INFO - Filling up the DagBag from /home/airflow/.local/lib/python3.12/site-packages/airflow/example_dags/example_latest_only_with_trigger.py
[2024-05-08T14:57:25.540+0000] {processor.py:840} INFO - DAG(s) 'latest_only_with_trigger' retrieved from /home/airflow/.local/lib/python3.12/site-packages/airflow/example_dags/example_latest_only_with_trigger.py
[2024-05-08T14:57:25.570+0000] {logging_mixin.py:188} INFO - [2024-05-08T14:57:25.570+0000] {dag.py:3096} INFO - Sync 1 DAGs
[2024-05-08T14:57:25.601+0000] {logging_mixin.py:188} INFO - [2024-05-08T14:57:25.601+0000] {dag.py:3954} INFO - Setting next_dagrun for latest_only_with_trigger to 2024-05-08 08:00:00+00:00, run_after=2024-05-08 12:00:00+00:00
[2024-05-08T14:57:25.629+0000] {processor.py:183} INFO - Processing /home/airflow/.local/lib/python3.12/site-packages/airflow/example_dags/example_latest_only_with_trigger.py took 0.112 seconds
[2024-05-08T14:57:56.050+0000] {processor.py:161} INFO - Started process (PID=3327) to work on /home/airflow/.local/lib/python3.12/site-packages/airflow/example_dags/example_latest_only_with_trigger.py
[2024-05-08T14:57:56.052+0000] {processor.py:830} INFO - Processing file /home/airflow/.local/lib/python3.12/site-packages/airflow/example_dags/example_latest_only_with_trigger.py for tasks to queue
[2024-05-08T14:57:56.055+0000] {logging_mixin.py:188} INFO - [2024-05-08T14:57:56.055+0000] {dagbag.py:545} INFO - Filling up the DagBag from /home/airflow/.local/lib/python3.12/site-packages/airflow/example_dags/example_latest_only_with_trigger.py
[2024-05-08T14:57:56.070+0000] {processor.py:840} INFO - DAG(s) 'latest_only_with_trigger' retrieved from /home/airflow/.local/lib/python3.12/site-packages/airflow/example_dags/example_latest_only_with_trigger.py
[2024-05-08T14:57:56.107+0000] {logging_mixin.py:188} INFO - [2024-05-08T14:57:56.107+0000] {dag.py:3096} INFO - Sync 1 DAGs
[2024-05-08T14:57:56.140+0000] {logging_mixin.py:188} INFO - [2024-05-08T14:57:56.139+0000] {dag.py:3954} INFO - Setting next_dagrun for latest_only_with_trigger to 2024-05-08 08:00:00+00:00, run_after=2024-05-08 12:00:00+00:00
[2024-05-08T14:57:56.170+0000] {processor.py:183} INFO - Processing /home/airflow/.local/lib/python3.12/site-packages/airflow/example_dags/example_latest_only_with_trigger.py took 0.128 seconds
[2024-05-08T14:58:26.486+0000] {processor.py:161} INFO - Started process (PID=3587) to work on /home/airflow/.local/lib/python3.12/site-packages/airflow/example_dags/example_latest_only_with_trigger.py
[2024-05-08T14:58:26.488+0000] {processor.py:830} INFO - Processing file /home/airflow/.local/lib/python3.12/site-packages/airflow/example_dags/example_latest_only_with_trigger.py for tasks to queue
[2024-05-08T14:58:26.491+0000] {logging_mixin.py:188} INFO - [2024-05-08T14:58:26.490+0000] {dagbag.py:545} INFO - Filling up the DagBag from /home/airflow/.local/lib/python3.12/site-packages/airflow/example_dags/example_latest_only_with_trigger.py
[2024-05-08T14:58:26.499+0000] {processor.py:840} INFO - DAG(s) 'latest_only_with_trigger' retrieved from /home/airflow/.local/lib/python3.12/site-packages/airflow/example_dags/example_latest_only_with_trigger.py
[2024-05-08T14:58:26.532+0000] {logging_mixin.py:188} INFO - [2024-05-08T14:58:26.531+0000] {dag.py:3096} INFO - Sync 1 DAGs
[2024-05-08T14:58:26.566+0000] {logging_mixin.py:188} INFO - [2024-05-08T14:58:26.566+0000] {dag.py:3954} INFO - Setting next_dagrun for latest_only_with_trigger to 2024-05-08 08:00:00+00:00, run_after=2024-05-08 12:00:00+00:00
[2024-05-08T14:58:26.596+0000] {processor.py:183} INFO - Processing /home/airflow/.local/lib/python3.12/site-packages/airflow/example_dags/example_latest_only_with_trigger.py took 0.121 seconds
[2024-05-08T14:58:56.803+0000] {processor.py:161} INFO - Started process (PID=3849) to work on /home/airflow/.local/lib/python3.12/site-packages/airflow/example_dags/example_latest_only_with_trigger.py
[2024-05-08T14:58:56.804+0000] {processor.py:830} INFO - Processing file /home/airflow/.local/lib/python3.12/site-packages/airflow/example_dags/example_latest_only_with_trigger.py for tasks to queue
[2024-05-08T14:58:56.807+0000] {logging_mixin.py:188} INFO - [2024-05-08T14:58:56.807+0000] {dagbag.py:545} INFO - Filling up the DagBag from /home/airflow/.local/lib/python3.12/site-packages/airflow/example_dags/example_latest_only_with_trigger.py
[2024-05-08T14:58:56.818+0000] {processor.py:840} INFO - DAG(s) 'latest_only_with_trigger' retrieved from /home/airflow/.local/lib/python3.12/site-packages/airflow/example_dags/example_latest_only_with_trigger.py
[2024-05-08T14:58:56.852+0000] {logging_mixin.py:188} INFO - [2024-05-08T14:58:56.852+0000] {dag.py:3096} INFO - Sync 1 DAGs
[2024-05-08T14:58:56.889+0000] {logging_mixin.py:188} INFO - [2024-05-08T14:58:56.888+0000] {dag.py:3954} INFO - Setting next_dagrun for latest_only_with_trigger to 2024-05-08 08:00:00+00:00, run_after=2024-05-08 12:00:00+00:00
[2024-05-08T14:58:56.920+0000] {processor.py:183} INFO - Processing /home/airflow/.local/lib/python3.12/site-packages/airflow/example_dags/example_latest_only_with_trigger.py took 0.128 seconds
[2024-05-08T14:59:27.410+0000] {processor.py:161} INFO - Started process (PID=4111) to work on /home/airflow/.local/lib/python3.12/site-packages/airflow/example_dags/example_latest_only_with_trigger.py
[2024-05-08T14:59:27.412+0000] {processor.py:830} INFO - Processing file /home/airflow/.local/lib/python3.12/site-packages/airflow/example_dags/example_latest_only_with_trigger.py for tasks to queue
[2024-05-08T14:59:27.415+0000] {logging_mixin.py:188} INFO - [2024-05-08T14:59:27.414+0000] {dagbag.py:545} INFO - Filling up the DagBag from /home/airflow/.local/lib/python3.12/site-packages/airflow/example_dags/example_latest_only_with_trigger.py
[2024-05-08T14:59:27.425+0000] {processor.py:840} INFO - DAG(s) 'latest_only_with_trigger' retrieved from /home/airflow/.local/lib/python3.12/site-packages/airflow/example_dags/example_latest_only_with_trigger.py
[2024-05-08T14:59:27.458+0000] {logging_mixin.py:188} INFO - [2024-05-08T14:59:27.458+0000] {dag.py:3096} INFO - Sync 1 DAGs
[2024-05-08T14:59:27.493+0000] {logging_mixin.py:188} INFO - [2024-05-08T14:59:27.492+0000] {dag.py:3954} INFO - Setting next_dagrun for latest_only_with_trigger to 2024-05-08 08:00:00+00:00, run_after=2024-05-08 12:00:00+00:00
[2024-05-08T14:59:27.525+0000] {processor.py:183} INFO - Processing /home/airflow/.local/lib/python3.12/site-packages/airflow/example_dags/example_latest_only_with_trigger.py took 0.124 seconds
[2024-05-08T14:59:57.765+0000] {processor.py:161} INFO - Started process (PID=4373) to work on /home/airflow/.local/lib/python3.12/site-packages/airflow/example_dags/example_latest_only_with_trigger.py
[2024-05-08T14:59:57.767+0000] {processor.py:830} INFO - Processing file /home/airflow/.local/lib/python3.12/site-packages/airflow/example_dags/example_latest_only_with_trigger.py for tasks to queue
[2024-05-08T14:59:57.770+0000] {logging_mixin.py:188} INFO - [2024-05-08T14:59:57.769+0000] {dagbag.py:545} INFO - Filling up the DagBag from /home/airflow/.local/lib/python3.12/site-packages/airflow/example_dags/example_latest_only_with_trigger.py
[2024-05-08T14:59:57.780+0000] {processor.py:840} INFO - DAG(s) 'latest_only_with_trigger' retrieved from /home/airflow/.local/lib/python3.12/site-packages/airflow/example_dags/example_latest_only_with_trigger.py
[2024-05-08T14:59:57.818+0000] {logging_mixin.py:188} INFO - [2024-05-08T14:59:57.818+0000] {dag.py:3096} INFO - Sync 1 DAGs
[2024-05-08T14:59:57.852+0000] {logging_mixin.py:188} INFO - [2024-05-08T14:59:57.851+0000] {dag.py:3954} INFO - Setting next_dagrun for latest_only_with_trigger to 2024-05-08 08:00:00+00:00, run_after=2024-05-08 12:00:00+00:00
[2024-05-08T14:59:57.895+0000] {processor.py:183} INFO - Processing /home/airflow/.local/lib/python3.12/site-packages/airflow/example_dags/example_latest_only_with_trigger.py took 0.141 seconds
[2024-05-08T15:00:29.022+0000] {processor.py:161} INFO - Started process (PID=4634) to work on /home/airflow/.local/lib/python3.12/site-packages/airflow/example_dags/example_latest_only_with_trigger.py
[2024-05-08T15:00:29.025+0000] {processor.py:830} INFO - Processing file /home/airflow/.local/lib/python3.12/site-packages/airflow/example_dags/example_latest_only_with_trigger.py for tasks to queue
[2024-05-08T15:00:29.031+0000] {logging_mixin.py:188} INFO - [2024-05-08T15:00:29.030+0000] {dagbag.py:545} INFO - Filling up the DagBag from /home/airflow/.local/lib/python3.12/site-packages/airflow/example_dags/example_latest_only_with_trigger.py
[2024-05-08T15:00:29.043+0000] {processor.py:840} INFO - DAG(s) 'latest_only_with_trigger' retrieved from /home/airflow/.local/lib/python3.12/site-packages/airflow/example_dags/example_latest_only_with_trigger.py
[2024-05-08T15:00:29.080+0000] {logging_mixin.py:188} INFO - [2024-05-08T15:00:29.080+0000] {dag.py:3096} INFO - Sync 1 DAGs
[2024-05-08T15:00:29.126+0000] {logging_mixin.py:188} INFO - [2024-05-08T15:00:29.125+0000] {dag.py:3954} INFO - Setting next_dagrun for latest_only_with_trigger to 2024-05-08 08:00:00+00:00, run_after=2024-05-08 12:00:00+00:00
[2024-05-08T15:00:29.165+0000] {processor.py:183} INFO - Processing /home/airflow/.local/lib/python3.12/site-packages/airflow/example_dags/example_latest_only_with_trigger.py took 0.157 seconds
[2024-05-08T15:00:59.396+0000] {processor.py:161} INFO - Started process (PID=4897) to work on /home/airflow/.local/lib/python3.12/site-packages/airflow/example_dags/example_latest_only_with_trigger.py
[2024-05-08T15:00:59.398+0000] {processor.py:830} INFO - Processing file /home/airflow/.local/lib/python3.12/site-packages/airflow/example_dags/example_latest_only_with_trigger.py for tasks to queue
[2024-05-08T15:00:59.401+0000] {logging_mixin.py:188} INFO - [2024-05-08T15:00:59.400+0000] {dagbag.py:545} INFO - Filling up the DagBag from /home/airflow/.local/lib/python3.12/site-packages/airflow/example_dags/example_latest_only_with_trigger.py
[2024-05-08T15:00:59.408+0000] {processor.py:840} INFO - DAG(s) 'latest_only_with_trigger' retrieved from /home/airflow/.local/lib/python3.12/site-packages/airflow/example_dags/example_latest_only_with_trigger.py
[2024-05-08T15:00:59.441+0000] {logging_mixin.py:188} INFO - [2024-05-08T15:00:59.441+0000] {dag.py:3096} INFO - Sync 1 DAGs
[2024-05-08T15:00:59.477+0000] {logging_mixin.py:188} INFO - [2024-05-08T15:00:59.476+0000] {dag.py:3954} INFO - Setting next_dagrun for latest_only_with_trigger to 2024-05-08 08:00:00+00:00, run_after=2024-05-08 12:00:00+00:00
[2024-05-08T15:00:59.508+0000] {processor.py:183} INFO - Processing /home/airflow/.local/lib/python3.12/site-packages/airflow/example_dags/example_latest_only_with_trigger.py took 0.122 seconds
[2024-05-08T15:01:29.619+0000] {processor.py:161} INFO - Started process (PID=5156) to work on /home/airflow/.local/lib/python3.12/site-packages/airflow/example_dags/example_latest_only_with_trigger.py
[2024-05-08T15:01:29.621+0000] {processor.py:830} INFO - Processing file /home/airflow/.local/lib/python3.12/site-packages/airflow/example_dags/example_latest_only_with_trigger.py for tasks to queue
[2024-05-08T15:01:29.624+0000] {logging_mixin.py:188} INFO - [2024-05-08T15:01:29.624+0000] {dagbag.py:545} INFO - Filling up the DagBag from /home/airflow/.local/lib/python3.12/site-packages/airflow/example_dags/example_latest_only_with_trigger.py
[2024-05-08T15:01:29.639+0000] {processor.py:840} INFO - DAG(s) 'latest_only_with_trigger' retrieved from /home/airflow/.local/lib/python3.12/site-packages/airflow/example_dags/example_latest_only_with_trigger.py
[2024-05-08T15:01:29.675+0000] {logging_mixin.py:188} INFO - [2024-05-08T15:01:29.674+0000] {dag.py:3096} INFO - Sync 1 DAGs
[2024-05-08T15:01:29.712+0000] {logging_mixin.py:188} INFO - [2024-05-08T15:01:29.712+0000] {dag.py:3954} INFO - Setting next_dagrun for latest_only_with_trigger to 2024-05-08 08:00:00+00:00, run_after=2024-05-08 12:00:00+00:00
[2024-05-08T15:01:29.756+0000] {processor.py:183} INFO - Processing /home/airflow/.local/lib/python3.12/site-packages/airflow/example_dags/example_latest_only_with_trigger.py took 0.145 seconds
[2024-05-08T15:02:04.383+0000] {processor.py:161} INFO - Started process (PID=5415) to work on /home/airflow/.local/lib/python3.12/site-packages/airflow/example_dags/example_latest_only_with_trigger.py
[2024-05-08T15:02:04.385+0000] {processor.py:830} INFO - Processing file /home/airflow/.local/lib/python3.12/site-packages/airflow/example_dags/example_latest_only_with_trigger.py for tasks to queue
[2024-05-08T15:02:04.393+0000] {logging_mixin.py:188} INFO - [2024-05-08T15:02:04.390+0000] {dagbag.py:545} INFO - Filling up the DagBag from /home/airflow/.local/lib/python3.12/site-packages/airflow/example_dags/example_latest_only_with_trigger.py
[2024-05-08T15:02:04.409+0000] {processor.py:840} INFO - DAG(s) 'latest_only_with_trigger' retrieved from /home/airflow/.local/lib/python3.12/site-packages/airflow/example_dags/example_latest_only_with_trigger.py
[2024-05-08T15:02:04.465+0000] {logging_mixin.py:188} INFO - [2024-05-08T15:02:04.465+0000] {dag.py:3096} INFO - Sync 1 DAGs
[2024-05-08T15:02:04.547+0000] {logging_mixin.py:188} INFO - [2024-05-08T15:02:04.546+0000] {dag.py:3954} INFO - Setting next_dagrun for latest_only_with_trigger to 2024-05-08 08:00:00+00:00, run_after=2024-05-08 12:00:00+00:00
[2024-05-08T15:02:04.729+0000] {processor.py:183} INFO - Processing /home/airflow/.local/lib/python3.12/site-packages/airflow/example_dags/example_latest_only_with_trigger.py took 0.365 seconds
[2024-05-08T15:02:35.613+0000] {processor.py:161} INFO - Started process (PID=5677) to work on /home/airflow/.local/lib/python3.12/site-packages/airflow/example_dags/example_latest_only_with_trigger.py
[2024-05-08T15:02:35.615+0000] {processor.py:830} INFO - Processing file /home/airflow/.local/lib/python3.12/site-packages/airflow/example_dags/example_latest_only_with_trigger.py for tasks to queue
[2024-05-08T15:02:35.618+0000] {logging_mixin.py:188} INFO - [2024-05-08T15:02:35.618+0000] {dagbag.py:545} INFO - Filling up the DagBag from /home/airflow/.local/lib/python3.12/site-packages/airflow/example_dags/example_latest_only_with_trigger.py
[2024-05-08T15:02:35.627+0000] {processor.py:840} INFO - DAG(s) 'latest_only_with_trigger' retrieved from /home/airflow/.local/lib/python3.12/site-packages/airflow/example_dags/example_latest_only_with_trigger.py
[2024-05-08T15:02:35.702+0000] {logging_mixin.py:188} INFO - [2024-05-08T15:02:35.702+0000] {dag.py:3096} INFO - Sync 1 DAGs
[2024-05-08T15:02:35.740+0000] {logging_mixin.py:188} INFO - [2024-05-08T15:02:35.740+0000] {dag.py:3954} INFO - Setting next_dagrun for latest_only_with_trigger to 2024-05-08 08:00:00+00:00, run_after=2024-05-08 12:00:00+00:00
[2024-05-08T15:02:35.773+0000] {processor.py:183} INFO - Processing /home/airflow/.local/lib/python3.12/site-packages/airflow/example_dags/example_latest_only_with_trigger.py took 0.171 seconds
[2024-05-08T15:03:05.852+0000] {processor.py:161} INFO - Started process (PID=5938) to work on /home/airflow/.local/lib/python3.12/site-packages/airflow/example_dags/example_latest_only_with_trigger.py
[2024-05-08T15:03:05.854+0000] {processor.py:830} INFO - Processing file /home/airflow/.local/lib/python3.12/site-packages/airflow/example_dags/example_latest_only_with_trigger.py for tasks to queue
[2024-05-08T15:03:05.857+0000] {logging_mixin.py:188} INFO - [2024-05-08T15:03:05.857+0000] {dagbag.py:545} INFO - Filling up the DagBag from /home/airflow/.local/lib/python3.12/site-packages/airflow/example_dags/example_latest_only_with_trigger.py
[2024-05-08T15:03:05.865+0000] {processor.py:840} INFO - DAG(s) 'latest_only_with_trigger' retrieved from /home/airflow/.local/lib/python3.12/site-packages/airflow/example_dags/example_latest_only_with_trigger.py
[2024-05-08T15:03:05.898+0000] {logging_mixin.py:188} INFO - [2024-05-08T15:03:05.898+0000] {dag.py:3096} INFO - Sync 1 DAGs
[2024-05-08T15:03:05.941+0000] {logging_mixin.py:188} INFO - [2024-05-08T15:03:05.941+0000] {dag.py:3954} INFO - Setting next_dagrun for latest_only_with_trigger to 2024-05-08 08:00:00+00:00, run_after=2024-05-08 12:00:00+00:00
[2024-05-08T15:03:05.998+0000] {processor.py:183} INFO - Processing /home/airflow/.local/lib/python3.12/site-packages/airflow/example_dags/example_latest_only_with_trigger.py took 0.154 seconds
[2024-05-08T15:03:36.771+0000] {processor.py:161} INFO - Started process (PID=6200) to work on /home/airflow/.local/lib/python3.12/site-packages/airflow/example_dags/example_latest_only_with_trigger.py
[2024-05-08T15:03:36.776+0000] {processor.py:830} INFO - Processing file /home/airflow/.local/lib/python3.12/site-packages/airflow/example_dags/example_latest_only_with_trigger.py for tasks to queue
[2024-05-08T15:03:36.783+0000] {logging_mixin.py:188} INFO - [2024-05-08T15:03:36.783+0000] {dagbag.py:545} INFO - Filling up the DagBag from /home/airflow/.local/lib/python3.12/site-packages/airflow/example_dags/example_latest_only_with_trigger.py
[2024-05-08T15:03:36.792+0000] {processor.py:840} INFO - DAG(s) 'latest_only_with_trigger' retrieved from /home/airflow/.local/lib/python3.12/site-packages/airflow/example_dags/example_latest_only_with_trigger.py
[2024-05-08T15:03:36.842+0000] {logging_mixin.py:188} INFO - [2024-05-08T15:03:36.842+0000] {dag.py:3096} INFO - Sync 1 DAGs
[2024-05-08T15:03:36.876+0000] {logging_mixin.py:188} INFO - [2024-05-08T15:03:36.875+0000] {dag.py:3954} INFO - Setting next_dagrun for latest_only_with_trigger to 2024-05-08 08:00:00+00:00, run_after=2024-05-08 12:00:00+00:00
[2024-05-08T15:03:36.908+0000] {processor.py:183} INFO - Processing /home/airflow/.local/lib/python3.12/site-packages/airflow/example_dags/example_latest_only_with_trigger.py took 0.149 seconds
[2024-05-08T15:04:07.521+0000] {processor.py:161} INFO - Started process (PID=6462) to work on /home/airflow/.local/lib/python3.12/site-packages/airflow/example_dags/example_latest_only_with_trigger.py
[2024-05-08T15:04:07.525+0000] {processor.py:830} INFO - Processing file /home/airflow/.local/lib/python3.12/site-packages/airflow/example_dags/example_latest_only_with_trigger.py for tasks to queue
[2024-05-08T15:04:07.543+0000] {logging_mixin.py:188} INFO - [2024-05-08T15:04:07.531+0000] {dagbag.py:545} INFO - Filling up the DagBag from /home/airflow/.local/lib/python3.12/site-packages/airflow/example_dags/example_latest_only_with_trigger.py
[2024-05-08T15:04:07.561+0000] {processor.py:840} INFO - DAG(s) 'latest_only_with_trigger' retrieved from /home/airflow/.local/lib/python3.12/site-packages/airflow/example_dags/example_latest_only_with_trigger.py
[2024-05-08T15:04:07.679+0000] {logging_mixin.py:188} INFO - [2024-05-08T15:04:07.678+0000] {dag.py:3096} INFO - Sync 1 DAGs
[2024-05-08T15:04:07.798+0000] {logging_mixin.py:188} INFO - [2024-05-08T15:04:07.798+0000] {dag.py:3954} INFO - Setting next_dagrun for latest_only_with_trigger to 2024-05-08 08:00:00+00:00, run_after=2024-05-08 12:00:00+00:00
[2024-05-08T15:04:07.876+0000] {processor.py:183} INFO - Processing /home/airflow/.local/lib/python3.12/site-packages/airflow/example_dags/example_latest_only_with_trigger.py took 0.373 seconds
[2024-05-08T15:04:38.343+0000] {processor.py:161} INFO - Started process (PID=6724) to work on /home/airflow/.local/lib/python3.12/site-packages/airflow/example_dags/example_latest_only_with_trigger.py
[2024-05-08T15:04:38.345+0000] {processor.py:830} INFO - Processing file /home/airflow/.local/lib/python3.12/site-packages/airflow/example_dags/example_latest_only_with_trigger.py for tasks to queue
[2024-05-08T15:04:38.349+0000] {logging_mixin.py:188} INFO - [2024-05-08T15:04:38.348+0000] {dagbag.py:545} INFO - Filling up the DagBag from /home/airflow/.local/lib/python3.12/site-packages/airflow/example_dags/example_latest_only_with_trigger.py
[2024-05-08T15:04:38.357+0000] {processor.py:840} INFO - DAG(s) 'latest_only_with_trigger' retrieved from /home/airflow/.local/lib/python3.12/site-packages/airflow/example_dags/example_latest_only_with_trigger.py
[2024-05-08T15:04:38.391+0000] {logging_mixin.py:188} INFO - [2024-05-08T15:04:38.391+0000] {dag.py:3096} INFO - Sync 1 DAGs
[2024-05-08T15:04:38.425+0000] {logging_mixin.py:188} INFO - [2024-05-08T15:04:38.425+0000] {dag.py:3954} INFO - Setting next_dagrun for latest_only_with_trigger to 2024-05-08 08:00:00+00:00, run_after=2024-05-08 12:00:00+00:00
[2024-05-08T15:04:38.457+0000] {processor.py:183} INFO - Processing /home/airflow/.local/lib/python3.12/site-packages/airflow/example_dags/example_latest_only_with_trigger.py took 0.126 seconds
[2024-05-08T15:05:10.268+0000] {processor.py:161} INFO - Started process (PID=6984) to work on /home/airflow/.local/lib/python3.12/site-packages/airflow/example_dags/example_latest_only_with_trigger.py
[2024-05-08T15:05:10.274+0000] {processor.py:830} INFO - Processing file /home/airflow/.local/lib/python3.12/site-packages/airflow/example_dags/example_latest_only_with_trigger.py for tasks to queue
[2024-05-08T15:05:10.286+0000] {logging_mixin.py:188} INFO - [2024-05-08T15:05:10.285+0000] {dagbag.py:545} INFO - Filling up the DagBag from /home/airflow/.local/lib/python3.12/site-packages/airflow/example_dags/example_latest_only_with_trigger.py
[2024-05-08T15:05:10.359+0000] {processor.py:840} INFO - DAG(s) 'latest_only_with_trigger' retrieved from /home/airflow/.local/lib/python3.12/site-packages/airflow/example_dags/example_latest_only_with_trigger.py
[2024-05-08T15:05:10.576+0000] {logging_mixin.py:188} INFO - [2024-05-08T15:05:10.576+0000] {dag.py:3096} INFO - Sync 1 DAGs
[2024-05-08T15:05:10.861+0000] {logging_mixin.py:188} INFO - [2024-05-08T15:05:10.861+0000] {dag.py:3954} INFO - Setting next_dagrun for latest_only_with_trigger to 2024-05-08 08:00:00+00:00, run_after=2024-05-08 12:00:00+00:00
[2024-05-08T15:05:11.022+0000] {processor.py:183} INFO - Processing /home/airflow/.local/lib/python3.12/site-packages/airflow/example_dags/example_latest_only_with_trigger.py took 0.779 seconds
[2024-05-08T15:05:41.372+0000] {processor.py:161} INFO - Started process (PID=7248) to work on /home/airflow/.local/lib/python3.12/site-packages/airflow/example_dags/example_latest_only_with_trigger.py
[2024-05-08T15:05:41.374+0000] {processor.py:830} INFO - Processing file /home/airflow/.local/lib/python3.12/site-packages/airflow/example_dags/example_latest_only_with_trigger.py for tasks to queue
[2024-05-08T15:05:41.384+0000] {logging_mixin.py:188} INFO - [2024-05-08T15:05:41.384+0000] {dagbag.py:545} INFO - Filling up the DagBag from /home/airflow/.local/lib/python3.12/site-packages/airflow/example_dags/example_latest_only_with_trigger.py
[2024-05-08T15:05:41.397+0000] {processor.py:840} INFO - DAG(s) 'latest_only_with_trigger' retrieved from /home/airflow/.local/lib/python3.12/site-packages/airflow/example_dags/example_latest_only_with_trigger.py
[2024-05-08T15:05:41.454+0000] {logging_mixin.py:188} INFO - [2024-05-08T15:05:41.454+0000] {dag.py:3096} INFO - Sync 1 DAGs
[2024-05-08T15:05:41.518+0000] {logging_mixin.py:188} INFO - [2024-05-08T15:05:41.517+0000] {dag.py:3954} INFO - Setting next_dagrun for latest_only_with_trigger to 2024-05-08 08:00:00+00:00, run_after=2024-05-08 12:00:00+00:00
[2024-05-08T15:05:41.582+0000] {processor.py:183} INFO - Processing /home/airflow/.local/lib/python3.12/site-packages/airflow/example_dags/example_latest_only_with_trigger.py took 0.229 seconds
[2024-05-08T15:06:11.636+0000] {processor.py:161} INFO - Started process (PID=7509) to work on /home/airflow/.local/lib/python3.12/site-packages/airflow/example_dags/example_latest_only_with_trigger.py
[2024-05-08T15:06:11.637+0000] {processor.py:830} INFO - Processing file /home/airflow/.local/lib/python3.12/site-packages/airflow/example_dags/example_latest_only_with_trigger.py for tasks to queue
[2024-05-08T15:06:11.640+0000] {logging_mixin.py:188} INFO - [2024-05-08T15:06:11.640+0000] {dagbag.py:545} INFO - Filling up the DagBag from /home/airflow/.local/lib/python3.12/site-packages/airflow/example_dags/example_latest_only_with_trigger.py
[2024-05-08T15:06:11.648+0000] {processor.py:840} INFO - DAG(s) 'latest_only_with_trigger' retrieved from /home/airflow/.local/lib/python3.12/site-packages/airflow/example_dags/example_latest_only_with_trigger.py
[2024-05-08T15:06:11.680+0000] {logging_mixin.py:188} INFO - [2024-05-08T15:06:11.679+0000] {dag.py:3096} INFO - Sync 1 DAGs
[2024-05-08T15:06:11.710+0000] {logging_mixin.py:188} INFO - [2024-05-08T15:06:11.710+0000] {dag.py:3954} INFO - Setting next_dagrun for latest_only_with_trigger to 2024-05-08 08:00:00+00:00, run_after=2024-05-08 12:00:00+00:00
[2024-05-08T15:06:11.741+0000] {processor.py:183} INFO - Processing /home/airflow/.local/lib/python3.12/site-packages/airflow/example_dags/example_latest_only_with_trigger.py took 0.114 seconds
[2024-05-08T15:06:42.236+0000] {processor.py:161} INFO - Started process (PID=7769) to work on /home/airflow/.local/lib/python3.12/site-packages/airflow/example_dags/example_latest_only_with_trigger.py
[2024-05-08T15:06:42.238+0000] {processor.py:830} INFO - Processing file /home/airflow/.local/lib/python3.12/site-packages/airflow/example_dags/example_latest_only_with_trigger.py for tasks to queue
[2024-05-08T15:06:42.241+0000] {logging_mixin.py:188} INFO - [2024-05-08T15:06:42.240+0000] {dagbag.py:545} INFO - Filling up the DagBag from /home/airflow/.local/lib/python3.12/site-packages/airflow/example_dags/example_latest_only_with_trigger.py
[2024-05-08T15:06:42.249+0000] {processor.py:840} INFO - DAG(s) 'latest_only_with_trigger' retrieved from /home/airflow/.local/lib/python3.12/site-packages/airflow/example_dags/example_latest_only_with_trigger.py
[2024-05-08T15:06:42.280+0000] {logging_mixin.py:188} INFO - [2024-05-08T15:06:42.280+0000] {dag.py:3096} INFO - Sync 1 DAGs
[2024-05-08T15:06:42.316+0000] {logging_mixin.py:188} INFO - [2024-05-08T15:06:42.316+0000] {dag.py:3954} INFO - Setting next_dagrun for latest_only_with_trigger to 2024-05-08 08:00:00+00:00, run_after=2024-05-08 12:00:00+00:00
[2024-05-08T15:06:42.349+0000] {processor.py:183} INFO - Processing /home/airflow/.local/lib/python3.12/site-packages/airflow/example_dags/example_latest_only_with_trigger.py took 0.120 seconds
[2024-05-08T15:07:12.817+0000] {processor.py:161} INFO - Started process (PID=8030) to work on /home/airflow/.local/lib/python3.12/site-packages/airflow/example_dags/example_latest_only_with_trigger.py
[2024-05-08T15:07:12.819+0000] {processor.py:830} INFO - Processing file /home/airflow/.local/lib/python3.12/site-packages/airflow/example_dags/example_latest_only_with_trigger.py for tasks to queue
[2024-05-08T15:07:12.823+0000] {logging_mixin.py:188} INFO - [2024-05-08T15:07:12.822+0000] {dagbag.py:545} INFO - Filling up the DagBag from /home/airflow/.local/lib/python3.12/site-packages/airflow/example_dags/example_latest_only_with_trigger.py
[2024-05-08T15:07:12.901+0000] {processor.py:840} INFO - DAG(s) 'latest_only_with_trigger' retrieved from /home/airflow/.local/lib/python3.12/site-packages/airflow/example_dags/example_latest_only_with_trigger.py
[2024-05-08T15:07:12.943+0000] {logging_mixin.py:188} INFO - [2024-05-08T15:07:12.943+0000] {dag.py:3096} INFO - Sync 1 DAGs
[2024-05-08T15:07:12.988+0000] {logging_mixin.py:188} INFO - [2024-05-08T15:07:12.988+0000] {dag.py:3954} INFO - Setting next_dagrun for latest_only_with_trigger to 2024-05-08 08:00:00+00:00, run_after=2024-05-08 12:00:00+00:00
[2024-05-08T15:07:13.029+0000] {processor.py:183} INFO - Processing /home/airflow/.local/lib/python3.12/site-packages/airflow/example_dags/example_latest_only_with_trigger.py took 0.222 seconds
[2024-05-08T15:07:43.196+0000] {processor.py:161} INFO - Started process (PID=8294) to work on /home/airflow/.local/lib/python3.12/site-packages/airflow/example_dags/example_latest_only_with_trigger.py
[2024-05-08T15:07:43.198+0000] {processor.py:830} INFO - Processing file /home/airflow/.local/lib/python3.12/site-packages/airflow/example_dags/example_latest_only_with_trigger.py for tasks to queue
[2024-05-08T15:07:43.201+0000] {logging_mixin.py:188} INFO - [2024-05-08T15:07:43.200+0000] {dagbag.py:545} INFO - Filling up the DagBag from /home/airflow/.local/lib/python3.12/site-packages/airflow/example_dags/example_latest_only_with_trigger.py
[2024-05-08T15:07:43.208+0000] {processor.py:840} INFO - DAG(s) 'latest_only_with_trigger' retrieved from /home/airflow/.local/lib/python3.12/site-packages/airflow/example_dags/example_latest_only_with_trigger.py
[2024-05-08T15:07:43.238+0000] {logging_mixin.py:188} INFO - [2024-05-08T15:07:43.237+0000] {dag.py:3096} INFO - Sync 1 DAGs
[2024-05-08T15:07:43.270+0000] {logging_mixin.py:188} INFO - [2024-05-08T15:07:43.269+0000] {dag.py:3954} INFO - Setting next_dagrun for latest_only_with_trigger to 2024-05-08 08:00:00+00:00, run_after=2024-05-08 12:00:00+00:00
[2024-05-08T15:07:43.298+0000] {processor.py:183} INFO - Processing /home/airflow/.local/lib/python3.12/site-packages/airflow/example_dags/example_latest_only_with_trigger.py took 0.113 seconds
[2024-05-08T15:08:13.442+0000] {processor.py:161} INFO - Started process (PID=8556) to work on /home/airflow/.local/lib/python3.12/site-packages/airflow/example_dags/example_latest_only_with_trigger.py
[2024-05-08T15:08:13.444+0000] {processor.py:830} INFO - Processing file /home/airflow/.local/lib/python3.12/site-packages/airflow/example_dags/example_latest_only_with_trigger.py for tasks to queue
[2024-05-08T15:08:13.446+0000] {logging_mixin.py:188} INFO - [2024-05-08T15:08:13.446+0000] {dagbag.py:545} INFO - Filling up the DagBag from /home/airflow/.local/lib/python3.12/site-packages/airflow/example_dags/example_latest_only_with_trigger.py
[2024-05-08T15:08:13.455+0000] {processor.py:840} INFO - DAG(s) 'latest_only_with_trigger' retrieved from /home/airflow/.local/lib/python3.12/site-packages/airflow/example_dags/example_latest_only_with_trigger.py
[2024-05-08T15:08:13.486+0000] {logging_mixin.py:188} INFO - [2024-05-08T15:08:13.485+0000] {dag.py:3096} INFO - Sync 1 DAGs
[2024-05-08T15:08:13.516+0000] {logging_mixin.py:188} INFO - [2024-05-08T15:08:13.516+0000] {dag.py:3954} INFO - Setting next_dagrun for latest_only_with_trigger to 2024-05-08 08:00:00+00:00, run_after=2024-05-08 12:00:00+00:00
[2024-05-08T15:08:13.547+0000] {processor.py:183} INFO - Processing /home/airflow/.local/lib/python3.12/site-packages/airflow/example_dags/example_latest_only_with_trigger.py took 0.112 seconds
[2024-05-08T15:08:43.785+0000] {processor.py:161} INFO - Started process (PID=8816) to work on /home/airflow/.local/lib/python3.12/site-packages/airflow/example_dags/example_latest_only_with_trigger.py
[2024-05-08T15:08:43.788+0000] {processor.py:830} INFO - Processing file /home/airflow/.local/lib/python3.12/site-packages/airflow/example_dags/example_latest_only_with_trigger.py for tasks to queue
[2024-05-08T15:08:43.792+0000] {logging_mixin.py:188} INFO - [2024-05-08T15:08:43.792+0000] {dagbag.py:545} INFO - Filling up the DagBag from /home/airflow/.local/lib/python3.12/site-packages/airflow/example_dags/example_latest_only_with_trigger.py
[2024-05-08T15:08:43.817+0000] {processor.py:840} INFO - DAG(s) 'latest_only_with_trigger' retrieved from /home/airflow/.local/lib/python3.12/site-packages/airflow/example_dags/example_latest_only_with_trigger.py
[2024-05-08T15:08:43.904+0000] {logging_mixin.py:188} INFO - [2024-05-08T15:08:43.904+0000] {dag.py:3096} INFO - Sync 1 DAGs
[2024-05-08T15:08:43.955+0000] {logging_mixin.py:188} INFO - [2024-05-08T15:08:43.954+0000] {dag.py:3954} INFO - Setting next_dagrun for latest_only_with_trigger to 2024-05-08 08:00:00+00:00, run_after=2024-05-08 12:00:00+00:00
[2024-05-08T15:08:43.991+0000] {processor.py:183} INFO - Processing /home/airflow/.local/lib/python3.12/site-packages/airflow/example_dags/example_latest_only_with_trigger.py took 0.215 seconds
