[2024-05-08T14:51:52.397+0000] {processor.py:161} INFO - Started process (PID=287) to work on /home/airflow/.local/lib/python3.12/site-packages/airflow/example_dags/example_branch_labels.py
[2024-05-08T14:51:52.398+0000] {processor.py:830} INFO - Processing file /home/airflow/.local/lib/python3.12/site-packages/airflow/example_dags/example_branch_labels.py for tasks to queue
[2024-05-08T14:51:52.402+0000] {logging_mixin.py:188} INFO - [2024-05-08T14:51:52.401+0000] {dagbag.py:545} INFO - Filling up the DagBag from /home/airflow/.local/lib/python3.12/site-packages/airflow/example_dags/example_branch_labels.py
[2024-05-08T14:51:52.419+0000] {processor.py:840} INFO - DAG(s) 'example_branch_labels' retrieved from /home/airflow/.local/lib/python3.12/site-packages/airflow/example_dags/example_branch_labels.py
[2024-05-08T14:51:52.649+0000] {logging_mixin.py:188} INFO - [2024-05-08T14:51:52.649+0000] {dag.py:3096} INFO - Sync 1 DAGs
[2024-05-08T14:51:52.693+0000] {logging_mixin.py:188} INFO - [2024-05-08T14:51:52.692+0000] {dag.py:3954} INFO - Setting next_dagrun for example_branch_labels to 2024-05-07 00:00:00+00:00, run_after=2024-05-08 00:00:00+00:00
[2024-05-08T14:51:52.743+0000] {processor.py:183} INFO - Processing /home/airflow/.local/lib/python3.12/site-packages/airflow/example_dags/example_branch_labels.py took 0.359 seconds
[2024-05-08T14:52:23.651+0000] {processor.py:161} INFO - Started process (PID=549) to work on /home/airflow/.local/lib/python3.12/site-packages/airflow/example_dags/example_branch_labels.py
[2024-05-08T14:52:23.653+0000] {processor.py:830} INFO - Processing file /home/airflow/.local/lib/python3.12/site-packages/airflow/example_dags/example_branch_labels.py for tasks to queue
[2024-05-08T14:52:23.657+0000] {logging_mixin.py:188} INFO - [2024-05-08T14:52:23.656+0000] {dagbag.py:545} INFO - Filling up the DagBag from /home/airflow/.local/lib/python3.12/site-packages/airflow/example_dags/example_branch_labels.py
[2024-05-08T14:52:23.678+0000] {processor.py:840} INFO - DAG(s) 'example_branch_labels' retrieved from /home/airflow/.local/lib/python3.12/site-packages/airflow/example_dags/example_branch_labels.py
[2024-05-08T14:52:23.745+0000] {logging_mixin.py:188} INFO - [2024-05-08T14:52:23.745+0000] {dag.py:3096} INFO - Sync 1 DAGs
[2024-05-08T14:52:23.794+0000] {logging_mixin.py:188} INFO - [2024-05-08T14:52:23.793+0000] {dag.py:3954} INFO - Setting next_dagrun for example_branch_labels to 2024-05-07 00:00:00+00:00, run_after=2024-05-08 00:00:00+00:00
[2024-05-08T14:52:23.828+0000] {processor.py:183} INFO - Processing /home/airflow/.local/lib/python3.12/site-packages/airflow/example_dags/example_branch_labels.py took 0.199 seconds
[2024-05-08T14:52:59.555+0000] {processor.py:161} INFO - Started process (PID=813) to work on /home/airflow/.local/lib/python3.12/site-packages/airflow/example_dags/example_branch_labels.py
[2024-05-08T14:52:59.557+0000] {processor.py:830} INFO - Processing file /home/airflow/.local/lib/python3.12/site-packages/airflow/example_dags/example_branch_labels.py for tasks to queue
[2024-05-08T14:52:59.562+0000] {logging_mixin.py:188} INFO - [2024-05-08T14:52:59.561+0000] {dagbag.py:545} INFO - Filling up the DagBag from /home/airflow/.local/lib/python3.12/site-packages/airflow/example_dags/example_branch_labels.py
[2024-05-08T14:52:59.577+0000] {processor.py:840} INFO - DAG(s) 'example_branch_labels' retrieved from /home/airflow/.local/lib/python3.12/site-packages/airflow/example_dags/example_branch_labels.py
[2024-05-08T14:52:59.662+0000] {logging_mixin.py:188} INFO - [2024-05-08T14:52:59.661+0000] {dag.py:3096} INFO - Sync 1 DAGs
[2024-05-08T14:52:59.716+0000] {logging_mixin.py:188} INFO - [2024-05-08T14:52:59.716+0000] {dag.py:3954} INFO - Setting next_dagrun for example_branch_labels to 2024-05-07 00:00:00+00:00, run_after=2024-05-08 00:00:00+00:00
[2024-05-08T14:52:59.755+0000] {processor.py:183} INFO - Processing /home/airflow/.local/lib/python3.12/site-packages/airflow/example_dags/example_branch_labels.py took 0.212 seconds
[2024-05-08T14:53:30.489+0000] {processor.py:161} INFO - Started process (PID=1073) to work on /home/airflow/.local/lib/python3.12/site-packages/airflow/example_dags/example_branch_labels.py
[2024-05-08T14:53:30.491+0000] {processor.py:830} INFO - Processing file /home/airflow/.local/lib/python3.12/site-packages/airflow/example_dags/example_branch_labels.py for tasks to queue
[2024-05-08T14:53:30.495+0000] {logging_mixin.py:188} INFO - [2024-05-08T14:53:30.494+0000] {dagbag.py:545} INFO - Filling up the DagBag from /home/airflow/.local/lib/python3.12/site-packages/airflow/example_dags/example_branch_labels.py
[2024-05-08T14:53:30.508+0000] {processor.py:840} INFO - DAG(s) 'example_branch_labels' retrieved from /home/airflow/.local/lib/python3.12/site-packages/airflow/example_dags/example_branch_labels.py
[2024-05-08T14:53:30.541+0000] {logging_mixin.py:188} INFO - [2024-05-08T14:53:30.540+0000] {dag.py:3096} INFO - Sync 1 DAGs
[2024-05-08T14:53:30.594+0000] {logging_mixin.py:188} INFO - [2024-05-08T14:53:30.594+0000] {dag.py:3954} INFO - Setting next_dagrun for example_branch_labels to 2024-05-07 00:00:00+00:00, run_after=2024-05-08 00:00:00+00:00
[2024-05-08T14:53:30.650+0000] {processor.py:183} INFO - Processing /home/airflow/.local/lib/python3.12/site-packages/airflow/example_dags/example_branch_labels.py took 0.170 seconds
[2024-05-08T14:54:03.231+0000] {processor.py:161} INFO - Started process (PID=1336) to work on /home/airflow/.local/lib/python3.12/site-packages/airflow/example_dags/example_branch_labels.py
[2024-05-08T14:54:03.255+0000] {processor.py:830} INFO - Processing file /home/airflow/.local/lib/python3.12/site-packages/airflow/example_dags/example_branch_labels.py for tasks to queue
[2024-05-08T14:54:03.380+0000] {logging_mixin.py:188} INFO - [2024-05-08T14:54:03.355+0000] {dagbag.py:545} INFO - Filling up the DagBag from /home/airflow/.local/lib/python3.12/site-packages/airflow/example_dags/example_branch_labels.py
[2024-05-08T14:54:03.700+0000] {processor.py:840} INFO - DAG(s) 'example_branch_labels' retrieved from /home/airflow/.local/lib/python3.12/site-packages/airflow/example_dags/example_branch_labels.py
[2024-05-08T14:54:04.280+0000] {logging_mixin.py:188} INFO - [2024-05-08T14:54:04.279+0000] {dag.py:3096} INFO - Sync 1 DAGs
[2024-05-08T14:54:04.484+0000] {logging_mixin.py:188} INFO - [2024-05-08T14:54:04.483+0000] {dag.py:3954} INFO - Setting next_dagrun for example_branch_labels to 2024-05-07 00:00:00+00:00, run_after=2024-05-08 00:00:00+00:00
[2024-05-08T14:54:04.638+0000] {processor.py:183} INFO - Processing /home/airflow/.local/lib/python3.12/site-packages/airflow/example_dags/example_branch_labels.py took 1.594 seconds
[2024-05-08T14:54:35.104+0000] {processor.py:161} INFO - Started process (PID=1602) to work on /home/airflow/.local/lib/python3.12/site-packages/airflow/example_dags/example_branch_labels.py
[2024-05-08T14:54:35.112+0000] {processor.py:830} INFO - Processing file /home/airflow/.local/lib/python3.12/site-packages/airflow/example_dags/example_branch_labels.py for tasks to queue
[2024-05-08T14:54:35.148+0000] {logging_mixin.py:188} INFO - [2024-05-08T14:54:35.146+0000] {dagbag.py:545} INFO - Filling up the DagBag from /home/airflow/.local/lib/python3.12/site-packages/airflow/example_dags/example_branch_labels.py
[2024-05-08T14:54:35.172+0000] {processor.py:840} INFO - DAG(s) 'example_branch_labels' retrieved from /home/airflow/.local/lib/python3.12/site-packages/airflow/example_dags/example_branch_labels.py
[2024-05-08T14:54:35.211+0000] {logging_mixin.py:188} INFO - [2024-05-08T14:54:35.210+0000] {dag.py:3096} INFO - Sync 1 DAGs
[2024-05-08T14:54:35.256+0000] {logging_mixin.py:188} INFO - [2024-05-08T14:54:35.256+0000] {dag.py:3954} INFO - Setting next_dagrun for example_branch_labels to 2024-05-07 00:00:00+00:00, run_after=2024-05-08 00:00:00+00:00
[2024-05-08T14:54:35.290+0000] {processor.py:183} INFO - Processing /home/airflow/.local/lib/python3.12/site-packages/airflow/example_dags/example_branch_labels.py took 0.216 seconds
[2024-05-08T14:55:05.659+0000] {processor.py:161} INFO - Started process (PID=1864) to work on /home/airflow/.local/lib/python3.12/site-packages/airflow/example_dags/example_branch_labels.py
[2024-05-08T14:55:05.660+0000] {processor.py:830} INFO - Processing file /home/airflow/.local/lib/python3.12/site-packages/airflow/example_dags/example_branch_labels.py for tasks to queue
[2024-05-08T14:55:05.663+0000] {logging_mixin.py:188} INFO - [2024-05-08T14:55:05.663+0000] {dagbag.py:545} INFO - Filling up the DagBag from /home/airflow/.local/lib/python3.12/site-packages/airflow/example_dags/example_branch_labels.py
[2024-05-08T14:55:05.678+0000] {processor.py:840} INFO - DAG(s) 'example_branch_labels' retrieved from /home/airflow/.local/lib/python3.12/site-packages/airflow/example_dags/example_branch_labels.py
[2024-05-08T14:55:05.711+0000] {logging_mixin.py:188} INFO - [2024-05-08T14:55:05.711+0000] {dag.py:3096} INFO - Sync 1 DAGs
[2024-05-08T14:55:05.747+0000] {logging_mixin.py:188} INFO - [2024-05-08T14:55:05.746+0000] {dag.py:3954} INFO - Setting next_dagrun for example_branch_labels to 2024-05-07 00:00:00+00:00, run_after=2024-05-08 00:00:00+00:00
[2024-05-08T14:55:05.779+0000] {processor.py:183} INFO - Processing /home/airflow/.local/lib/python3.12/site-packages/airflow/example_dags/example_branch_labels.py took 0.131 seconds
[2024-05-08T14:55:35.917+0000] {processor.py:161} INFO - Started process (PID=2124) to work on /home/airflow/.local/lib/python3.12/site-packages/airflow/example_dags/example_branch_labels.py
[2024-05-08T14:55:35.919+0000] {processor.py:830} INFO - Processing file /home/airflow/.local/lib/python3.12/site-packages/airflow/example_dags/example_branch_labels.py for tasks to queue
[2024-05-08T14:55:35.923+0000] {logging_mixin.py:188} INFO - [2024-05-08T14:55:35.922+0000] {dagbag.py:545} INFO - Filling up the DagBag from /home/airflow/.local/lib/python3.12/site-packages/airflow/example_dags/example_branch_labels.py
[2024-05-08T14:55:35.936+0000] {processor.py:840} INFO - DAG(s) 'example_branch_labels' retrieved from /home/airflow/.local/lib/python3.12/site-packages/airflow/example_dags/example_branch_labels.py
[2024-05-08T14:55:35.988+0000] {logging_mixin.py:188} INFO - [2024-05-08T14:55:35.987+0000] {dag.py:3096} INFO - Sync 1 DAGs
[2024-05-08T14:55:36.027+0000] {logging_mixin.py:188} INFO - [2024-05-08T14:55:36.026+0000] {dag.py:3954} INFO - Setting next_dagrun for example_branch_labels to 2024-05-07 00:00:00+00:00, run_after=2024-05-08 00:00:00+00:00
[2024-05-08T14:55:36.059+0000] {processor.py:183} INFO - Processing /home/airflow/.local/lib/python3.12/site-packages/airflow/example_dags/example_branch_labels.py took 0.151 seconds
[2024-05-08T14:56:06.240+0000] {processor.py:161} INFO - Started process (PID=2386) to work on /home/airflow/.local/lib/python3.12/site-packages/airflow/example_dags/example_branch_labels.py
[2024-05-08T14:56:06.267+0000] {processor.py:830} INFO - Processing file /home/airflow/.local/lib/python3.12/site-packages/airflow/example_dags/example_branch_labels.py for tasks to queue
[2024-05-08T14:56:06.316+0000] {logging_mixin.py:188} INFO - [2024-05-08T14:56:06.311+0000] {dagbag.py:545} INFO - Filling up the DagBag from /home/airflow/.local/lib/python3.12/site-packages/airflow/example_dags/example_branch_labels.py
[2024-05-08T14:56:06.377+0000] {processor.py:840} INFO - DAG(s) 'example_branch_labels' retrieved from /home/airflow/.local/lib/python3.12/site-packages/airflow/example_dags/example_branch_labels.py
[2024-05-08T14:56:06.527+0000] {logging_mixin.py:188} INFO - [2024-05-08T14:56:06.523+0000] {dag.py:3096} INFO - Sync 1 DAGs
[2024-05-08T14:56:06.595+0000] {logging_mixin.py:188} INFO - [2024-05-08T14:56:06.595+0000] {dag.py:3954} INFO - Setting next_dagrun for example_branch_labels to 2024-05-07 00:00:00+00:00, run_after=2024-05-08 00:00:00+00:00
[2024-05-08T14:56:06.643+0000] {processor.py:183} INFO - Processing /home/airflow/.local/lib/python3.12/site-packages/airflow/example_dags/example_branch_labels.py took 0.475 seconds
[2024-05-08T14:56:36.742+0000] {processor.py:161} INFO - Started process (PID=2649) to work on /home/airflow/.local/lib/python3.12/site-packages/airflow/example_dags/example_branch_labels.py
[2024-05-08T14:56:36.745+0000] {processor.py:830} INFO - Processing file /home/airflow/.local/lib/python3.12/site-packages/airflow/example_dags/example_branch_labels.py for tasks to queue
[2024-05-08T14:56:36.751+0000] {logging_mixin.py:188} INFO - [2024-05-08T14:56:36.750+0000] {dagbag.py:545} INFO - Filling up the DagBag from /home/airflow/.local/lib/python3.12/site-packages/airflow/example_dags/example_branch_labels.py
[2024-05-08T14:56:36.764+0000] {processor.py:840} INFO - DAG(s) 'example_branch_labels' retrieved from /home/airflow/.local/lib/python3.12/site-packages/airflow/example_dags/example_branch_labels.py
[2024-05-08T14:56:36.798+0000] {logging_mixin.py:188} INFO - [2024-05-08T14:56:36.797+0000] {dag.py:3096} INFO - Sync 1 DAGs
[2024-05-08T14:56:36.848+0000] {logging_mixin.py:188} INFO - [2024-05-08T14:56:36.848+0000] {dag.py:3954} INFO - Setting next_dagrun for example_branch_labels to 2024-05-07 00:00:00+00:00, run_after=2024-05-08 00:00:00+00:00
[2024-05-08T14:56:36.888+0000] {processor.py:183} INFO - Processing /home/airflow/.local/lib/python3.12/site-packages/airflow/example_dags/example_branch_labels.py took 0.156 seconds
[2024-05-08T14:57:07.070+0000] {processor.py:161} INFO - Started process (PID=2911) to work on /home/airflow/.local/lib/python3.12/site-packages/airflow/example_dags/example_branch_labels.py
[2024-05-08T14:57:07.072+0000] {processor.py:830} INFO - Processing file /home/airflow/.local/lib/python3.12/site-packages/airflow/example_dags/example_branch_labels.py for tasks to queue
[2024-05-08T14:57:07.075+0000] {logging_mixin.py:188} INFO - [2024-05-08T14:57:07.075+0000] {dagbag.py:545} INFO - Filling up the DagBag from /home/airflow/.local/lib/python3.12/site-packages/airflow/example_dags/example_branch_labels.py
[2024-05-08T14:57:07.088+0000] {processor.py:840} INFO - DAG(s) 'example_branch_labels' retrieved from /home/airflow/.local/lib/python3.12/site-packages/airflow/example_dags/example_branch_labels.py
[2024-05-08T14:57:07.122+0000] {logging_mixin.py:188} INFO - [2024-05-08T14:57:07.121+0000] {dag.py:3096} INFO - Sync 1 DAGs
[2024-05-08T14:57:07.173+0000] {logging_mixin.py:188} INFO - [2024-05-08T14:57:07.172+0000] {dag.py:3954} INFO - Setting next_dagrun for example_branch_labels to 2024-05-07 00:00:00+00:00, run_after=2024-05-08 00:00:00+00:00
[2024-05-08T14:57:07.218+0000] {processor.py:183} INFO - Processing /home/airflow/.local/lib/python3.12/site-packages/airflow/example_dags/example_branch_labels.py took 0.157 seconds
[2024-05-08T14:57:37.777+0000] {processor.py:161} INFO - Started process (PID=3174) to work on /home/airflow/.local/lib/python3.12/site-packages/airflow/example_dags/example_branch_labels.py
[2024-05-08T14:57:37.781+0000] {processor.py:830} INFO - Processing file /home/airflow/.local/lib/python3.12/site-packages/airflow/example_dags/example_branch_labels.py for tasks to queue
[2024-05-08T14:57:37.795+0000] {logging_mixin.py:188} INFO - [2024-05-08T14:57:37.794+0000] {dagbag.py:545} INFO - Filling up the DagBag from /home/airflow/.local/lib/python3.12/site-packages/airflow/example_dags/example_branch_labels.py
[2024-05-08T14:57:37.845+0000] {processor.py:840} INFO - DAG(s) 'example_branch_labels' retrieved from /home/airflow/.local/lib/python3.12/site-packages/airflow/example_dags/example_branch_labels.py
[2024-05-08T14:57:37.896+0000] {logging_mixin.py:188} INFO - [2024-05-08T14:57:37.895+0000] {dag.py:3096} INFO - Sync 1 DAGs
[2024-05-08T14:57:37.955+0000] {logging_mixin.py:188} INFO - [2024-05-08T14:57:37.954+0000] {dag.py:3954} INFO - Setting next_dagrun for example_branch_labels to 2024-05-07 00:00:00+00:00, run_after=2024-05-08 00:00:00+00:00
[2024-05-08T14:57:37.995+0000] {processor.py:183} INFO - Processing /home/airflow/.local/lib/python3.12/site-packages/airflow/example_dags/example_branch_labels.py took 0.250 seconds
[2024-05-08T14:58:08.215+0000] {processor.py:161} INFO - Started process (PID=3436) to work on /home/airflow/.local/lib/python3.12/site-packages/airflow/example_dags/example_branch_labels.py
[2024-05-08T14:58:08.218+0000] {processor.py:830} INFO - Processing file /home/airflow/.local/lib/python3.12/site-packages/airflow/example_dags/example_branch_labels.py for tasks to queue
[2024-05-08T14:58:08.223+0000] {logging_mixin.py:188} INFO - [2024-05-08T14:58:08.223+0000] {dagbag.py:545} INFO - Filling up the DagBag from /home/airflow/.local/lib/python3.12/site-packages/airflow/example_dags/example_branch_labels.py
[2024-05-08T14:58:08.238+0000] {processor.py:840} INFO - DAG(s) 'example_branch_labels' retrieved from /home/airflow/.local/lib/python3.12/site-packages/airflow/example_dags/example_branch_labels.py
[2024-05-08T14:58:08.277+0000] {logging_mixin.py:188} INFO - [2024-05-08T14:58:08.277+0000] {dag.py:3096} INFO - Sync 1 DAGs
[2024-05-08T14:58:08.338+0000] {logging_mixin.py:188} INFO - [2024-05-08T14:58:08.337+0000] {dag.py:3954} INFO - Setting next_dagrun for example_branch_labels to 2024-05-07 00:00:00+00:00, run_after=2024-05-08 00:00:00+00:00
[2024-05-08T14:58:08.375+0000] {processor.py:183} INFO - Processing /home/airflow/.local/lib/python3.12/site-packages/airflow/example_dags/example_branch_labels.py took 0.174 seconds
[2024-05-08T14:58:39.221+0000] {processor.py:161} INFO - Started process (PID=3698) to work on /home/airflow/.local/lib/python3.12/site-packages/airflow/example_dags/example_branch_labels.py
[2024-05-08T14:58:39.223+0000] {processor.py:830} INFO - Processing file /home/airflow/.local/lib/python3.12/site-packages/airflow/example_dags/example_branch_labels.py for tasks to queue
[2024-05-08T14:58:39.226+0000] {logging_mixin.py:188} INFO - [2024-05-08T14:58:39.225+0000] {dagbag.py:545} INFO - Filling up the DagBag from /home/airflow/.local/lib/python3.12/site-packages/airflow/example_dags/example_branch_labels.py
[2024-05-08T14:58:39.240+0000] {processor.py:840} INFO - DAG(s) 'example_branch_labels' retrieved from /home/airflow/.local/lib/python3.12/site-packages/airflow/example_dags/example_branch_labels.py
[2024-05-08T14:58:39.273+0000] {logging_mixin.py:188} INFO - [2024-05-08T14:58:39.273+0000] {dag.py:3096} INFO - Sync 1 DAGs
[2024-05-08T14:58:39.333+0000] {logging_mixin.py:188} INFO - [2024-05-08T14:58:39.333+0000] {dag.py:3954} INFO - Setting next_dagrun for example_branch_labels to 2024-05-07 00:00:00+00:00, run_after=2024-05-08 00:00:00+00:00
[2024-05-08T14:58:39.374+0000] {processor.py:183} INFO - Processing /home/airflow/.local/lib/python3.12/site-packages/airflow/example_dags/example_branch_labels.py took 0.162 seconds
[2024-05-08T14:59:09.610+0000] {processor.py:161} INFO - Started process (PID=3960) to work on /home/airflow/.local/lib/python3.12/site-packages/airflow/example_dags/example_branch_labels.py
[2024-05-08T14:59:09.612+0000] {processor.py:830} INFO - Processing file /home/airflow/.local/lib/python3.12/site-packages/airflow/example_dags/example_branch_labels.py for tasks to queue
[2024-05-08T14:59:09.621+0000] {logging_mixin.py:188} INFO - [2024-05-08T14:59:09.621+0000] {dagbag.py:545} INFO - Filling up the DagBag from /home/airflow/.local/lib/python3.12/site-packages/airflow/example_dags/example_branch_labels.py
[2024-05-08T14:59:09.646+0000] {processor.py:840} INFO - DAG(s) 'example_branch_labels' retrieved from /home/airflow/.local/lib/python3.12/site-packages/airflow/example_dags/example_branch_labels.py
[2024-05-08T14:59:09.702+0000] {logging_mixin.py:188} INFO - [2024-05-08T14:59:09.701+0000] {dag.py:3096} INFO - Sync 1 DAGs
[2024-05-08T14:59:09.750+0000] {logging_mixin.py:188} INFO - [2024-05-08T14:59:09.750+0000] {dag.py:3954} INFO - Setting next_dagrun for example_branch_labels to 2024-05-07 00:00:00+00:00, run_after=2024-05-08 00:00:00+00:00
[2024-05-08T14:59:09.797+0000] {processor.py:183} INFO - Processing /home/airflow/.local/lib/python3.12/site-packages/airflow/example_dags/example_branch_labels.py took 0.198 seconds
[2024-05-08T14:59:39.883+0000] {processor.py:161} INFO - Started process (PID=4222) to work on /home/airflow/.local/lib/python3.12/site-packages/airflow/example_dags/example_branch_labels.py
[2024-05-08T14:59:39.885+0000] {processor.py:830} INFO - Processing file /home/airflow/.local/lib/python3.12/site-packages/airflow/example_dags/example_branch_labels.py for tasks to queue
[2024-05-08T14:59:39.888+0000] {logging_mixin.py:188} INFO - [2024-05-08T14:59:39.888+0000] {dagbag.py:545} INFO - Filling up the DagBag from /home/airflow/.local/lib/python3.12/site-packages/airflow/example_dags/example_branch_labels.py
[2024-05-08T14:59:39.902+0000] {processor.py:840} INFO - DAG(s) 'example_branch_labels' retrieved from /home/airflow/.local/lib/python3.12/site-packages/airflow/example_dags/example_branch_labels.py
[2024-05-08T14:59:39.934+0000] {logging_mixin.py:188} INFO - [2024-05-08T14:59:39.934+0000] {dag.py:3096} INFO - Sync 1 DAGs
[2024-05-08T14:59:39.970+0000] {logging_mixin.py:188} INFO - [2024-05-08T14:59:39.970+0000] {dag.py:3954} INFO - Setting next_dagrun for example_branch_labels to 2024-05-07 00:00:00+00:00, run_after=2024-05-08 00:00:00+00:00
[2024-05-08T14:59:40.002+0000] {processor.py:183} INFO - Processing /home/airflow/.local/lib/python3.12/site-packages/airflow/example_dags/example_branch_labels.py took 0.128 seconds
[2024-05-08T15:00:10.214+0000] {processor.py:161} INFO - Started process (PID=4483) to work on /home/airflow/.local/lib/python3.12/site-packages/airflow/example_dags/example_branch_labels.py
[2024-05-08T15:00:10.219+0000] {processor.py:830} INFO - Processing file /home/airflow/.local/lib/python3.12/site-packages/airflow/example_dags/example_branch_labels.py for tasks to queue
[2024-05-08T15:00:10.225+0000] {logging_mixin.py:188} INFO - [2024-05-08T15:00:10.224+0000] {dagbag.py:545} INFO - Filling up the DagBag from /home/airflow/.local/lib/python3.12/site-packages/airflow/example_dags/example_branch_labels.py
[2024-05-08T15:00:10.242+0000] {processor.py:840} INFO - DAG(s) 'example_branch_labels' retrieved from /home/airflow/.local/lib/python3.12/site-packages/airflow/example_dags/example_branch_labels.py
[2024-05-08T15:00:10.295+0000] {logging_mixin.py:188} INFO - [2024-05-08T15:00:10.295+0000] {dag.py:3096} INFO - Sync 1 DAGs
[2024-05-08T15:00:10.356+0000] {logging_mixin.py:188} INFO - [2024-05-08T15:00:10.355+0000] {dag.py:3954} INFO - Setting next_dagrun for example_branch_labels to 2024-05-07 00:00:00+00:00, run_after=2024-05-08 00:00:00+00:00
[2024-05-08T15:00:10.395+0000] {processor.py:183} INFO - Processing /home/airflow/.local/lib/python3.12/site-packages/airflow/example_dags/example_branch_labels.py took 0.190 seconds
[2024-05-08T15:00:40.582+0000] {processor.py:161} INFO - Started process (PID=4747) to work on /home/airflow/.local/lib/python3.12/site-packages/airflow/example_dags/example_branch_labels.py
[2024-05-08T15:00:40.583+0000] {processor.py:830} INFO - Processing file /home/airflow/.local/lib/python3.12/site-packages/airflow/example_dags/example_branch_labels.py for tasks to queue
[2024-05-08T15:00:40.586+0000] {logging_mixin.py:188} INFO - [2024-05-08T15:00:40.585+0000] {dagbag.py:545} INFO - Filling up the DagBag from /home/airflow/.local/lib/python3.12/site-packages/airflow/example_dags/example_branch_labels.py
[2024-05-08T15:00:40.596+0000] {processor.py:840} INFO - DAG(s) 'example_branch_labels' retrieved from /home/airflow/.local/lib/python3.12/site-packages/airflow/example_dags/example_branch_labels.py
[2024-05-08T15:00:40.630+0000] {logging_mixin.py:188} INFO - [2024-05-08T15:00:40.630+0000] {dag.py:3096} INFO - Sync 1 DAGs
[2024-05-08T15:00:40.677+0000] {logging_mixin.py:188} INFO - [2024-05-08T15:00:40.677+0000] {dag.py:3954} INFO - Setting next_dagrun for example_branch_labels to 2024-05-07 00:00:00+00:00, run_after=2024-05-08 00:00:00+00:00
[2024-05-08T15:00:40.719+0000] {processor.py:183} INFO - Processing /home/airflow/.local/lib/python3.12/site-packages/airflow/example_dags/example_branch_labels.py took 0.145 seconds
[2024-05-08T15:01:11.266+0000] {processor.py:161} INFO - Started process (PID=5011) to work on /home/airflow/.local/lib/python3.12/site-packages/airflow/example_dags/example_branch_labels.py
[2024-05-08T15:01:11.271+0000] {processor.py:830} INFO - Processing file /home/airflow/.local/lib/python3.12/site-packages/airflow/example_dags/example_branch_labels.py for tasks to queue
[2024-05-08T15:01:11.277+0000] {logging_mixin.py:188} INFO - [2024-05-08T15:01:11.277+0000] {dagbag.py:545} INFO - Filling up the DagBag from /home/airflow/.local/lib/python3.12/site-packages/airflow/example_dags/example_branch_labels.py
[2024-05-08T15:01:11.290+0000] {processor.py:840} INFO - DAG(s) 'example_branch_labels' retrieved from /home/airflow/.local/lib/python3.12/site-packages/airflow/example_dags/example_branch_labels.py
[2024-05-08T15:01:11.334+0000] {logging_mixin.py:188} INFO - [2024-05-08T15:01:11.334+0000] {dag.py:3096} INFO - Sync 1 DAGs
[2024-05-08T15:01:11.380+0000] {logging_mixin.py:188} INFO - [2024-05-08T15:01:11.379+0000] {dag.py:3954} INFO - Setting next_dagrun for example_branch_labels to 2024-05-07 00:00:00+00:00, run_after=2024-05-08 00:00:00+00:00
[2024-05-08T15:01:11.413+0000] {processor.py:183} INFO - Processing /home/airflow/.local/lib/python3.12/site-packages/airflow/example_dags/example_branch_labels.py took 0.158 seconds
[2024-05-08T15:01:44.011+0000] {processor.py:161} INFO - Started process (PID=5273) to work on /home/airflow/.local/lib/python3.12/site-packages/airflow/example_dags/example_branch_labels.py
[2024-05-08T15:01:44.015+0000] {processor.py:830} INFO - Processing file /home/airflow/.local/lib/python3.12/site-packages/airflow/example_dags/example_branch_labels.py for tasks to queue
[2024-05-08T15:01:44.033+0000] {logging_mixin.py:188} INFO - [2024-05-08T15:01:44.033+0000] {dagbag.py:545} INFO - Filling up the DagBag from /home/airflow/.local/lib/python3.12/site-packages/airflow/example_dags/example_branch_labels.py
[2024-05-08T15:01:44.108+0000] {processor.py:840} INFO - DAG(s) 'example_branch_labels' retrieved from /home/airflow/.local/lib/python3.12/site-packages/airflow/example_dags/example_branch_labels.py
[2024-05-08T15:01:44.514+0000] {logging_mixin.py:188} INFO - [2024-05-08T15:01:44.513+0000] {dag.py:3096} INFO - Sync 1 DAGs
[2024-05-08T15:01:44.916+0000] {logging_mixin.py:188} INFO - [2024-05-08T15:01:44.916+0000] {dag.py:3954} INFO - Setting next_dagrun for example_branch_labels to 2024-05-07 00:00:00+00:00, run_after=2024-05-08 00:00:00+00:00
[2024-05-08T15:01:45.136+0000] {processor.py:183} INFO - Processing /home/airflow/.local/lib/python3.12/site-packages/airflow/example_dags/example_branch_labels.py took 1.210 seconds
[2024-05-08T15:02:15.459+0000] {processor.py:161} INFO - Started process (PID=5537) to work on /home/airflow/.local/lib/python3.12/site-packages/airflow/example_dags/example_branch_labels.py
[2024-05-08T15:02:15.461+0000] {processor.py:830} INFO - Processing file /home/airflow/.local/lib/python3.12/site-packages/airflow/example_dags/example_branch_labels.py for tasks to queue
[2024-05-08T15:02:15.466+0000] {logging_mixin.py:188} INFO - [2024-05-08T15:02:15.465+0000] {dagbag.py:545} INFO - Filling up the DagBag from /home/airflow/.local/lib/python3.12/site-packages/airflow/example_dags/example_branch_labels.py
[2024-05-08T15:02:15.506+0000] {processor.py:840} INFO - DAG(s) 'example_branch_labels' retrieved from /home/airflow/.local/lib/python3.12/site-packages/airflow/example_dags/example_branch_labels.py
[2024-05-08T15:02:15.599+0000] {logging_mixin.py:188} INFO - [2024-05-08T15:02:15.598+0000] {dag.py:3096} INFO - Sync 1 DAGs
[2024-05-08T15:02:15.696+0000] {logging_mixin.py:188} INFO - [2024-05-08T15:02:15.696+0000] {dag.py:3954} INFO - Setting next_dagrun for example_branch_labels to 2024-05-07 00:00:00+00:00, run_after=2024-05-08 00:00:00+00:00
[2024-05-08T15:02:15.746+0000] {processor.py:183} INFO - Processing /home/airflow/.local/lib/python3.12/site-packages/airflow/example_dags/example_branch_labels.py took 0.308 seconds
[2024-05-08T15:02:46.397+0000] {processor.py:161} INFO - Started process (PID=5798) to work on /home/airflow/.local/lib/python3.12/site-packages/airflow/example_dags/example_branch_labels.py
[2024-05-08T15:02:46.399+0000] {processor.py:830} INFO - Processing file /home/airflow/.local/lib/python3.12/site-packages/airflow/example_dags/example_branch_labels.py for tasks to queue
[2024-05-08T15:02:46.403+0000] {logging_mixin.py:188} INFO - [2024-05-08T15:02:46.402+0000] {dagbag.py:545} INFO - Filling up the DagBag from /home/airflow/.local/lib/python3.12/site-packages/airflow/example_dags/example_branch_labels.py
[2024-05-08T15:02:46.419+0000] {processor.py:840} INFO - DAG(s) 'example_branch_labels' retrieved from /home/airflow/.local/lib/python3.12/site-packages/airflow/example_dags/example_branch_labels.py
[2024-05-08T15:02:46.462+0000] {logging_mixin.py:188} INFO - [2024-05-08T15:02:46.462+0000] {dag.py:3096} INFO - Sync 1 DAGs
[2024-05-08T15:02:46.506+0000] {logging_mixin.py:188} INFO - [2024-05-08T15:02:46.506+0000] {dag.py:3954} INFO - Setting next_dagrun for example_branch_labels to 2024-05-07 00:00:00+00:00, run_after=2024-05-08 00:00:00+00:00
[2024-05-08T15:02:46.540+0000] {processor.py:183} INFO - Processing /home/airflow/.local/lib/python3.12/site-packages/airflow/example_dags/example_branch_labels.py took 0.154 seconds
[2024-05-08T15:03:16.701+0000] {processor.py:161} INFO - Started process (PID=6060) to work on /home/airflow/.local/lib/python3.12/site-packages/airflow/example_dags/example_branch_labels.py
[2024-05-08T15:03:16.702+0000] {processor.py:830} INFO - Processing file /home/airflow/.local/lib/python3.12/site-packages/airflow/example_dags/example_branch_labels.py for tasks to queue
[2024-05-08T15:03:16.705+0000] {logging_mixin.py:188} INFO - [2024-05-08T15:03:16.705+0000] {dagbag.py:545} INFO - Filling up the DagBag from /home/airflow/.local/lib/python3.12/site-packages/airflow/example_dags/example_branch_labels.py
[2024-05-08T15:03:16.717+0000] {processor.py:840} INFO - DAG(s) 'example_branch_labels' retrieved from /home/airflow/.local/lib/python3.12/site-packages/airflow/example_dags/example_branch_labels.py
[2024-05-08T15:03:16.754+0000] {logging_mixin.py:188} INFO - [2024-05-08T15:03:16.754+0000] {dag.py:3096} INFO - Sync 1 DAGs
[2024-05-08T15:03:16.792+0000] {logging_mixin.py:188} INFO - [2024-05-08T15:03:16.791+0000] {dag.py:3954} INFO - Setting next_dagrun for example_branch_labels to 2024-05-07 00:00:00+00:00, run_after=2024-05-08 00:00:00+00:00
[2024-05-08T15:03:16.828+0000] {processor.py:183} INFO - Processing /home/airflow/.local/lib/python3.12/site-packages/airflow/example_dags/example_branch_labels.py took 0.137 seconds
[2024-05-08T15:03:47.196+0000] {processor.py:161} INFO - Started process (PID=6322) to work on /home/airflow/.local/lib/python3.12/site-packages/airflow/example_dags/example_branch_labels.py
[2024-05-08T15:03:47.199+0000] {processor.py:830} INFO - Processing file /home/airflow/.local/lib/python3.12/site-packages/airflow/example_dags/example_branch_labels.py for tasks to queue
[2024-05-08T15:03:47.204+0000] {logging_mixin.py:188} INFO - [2024-05-08T15:03:47.204+0000] {dagbag.py:545} INFO - Filling up the DagBag from /home/airflow/.local/lib/python3.12/site-packages/airflow/example_dags/example_branch_labels.py
[2024-05-08T15:03:47.216+0000] {processor.py:840} INFO - DAG(s) 'example_branch_labels' retrieved from /home/airflow/.local/lib/python3.12/site-packages/airflow/example_dags/example_branch_labels.py
[2024-05-08T15:03:47.249+0000] {logging_mixin.py:188} INFO - [2024-05-08T15:03:47.249+0000] {dag.py:3096} INFO - Sync 1 DAGs
[2024-05-08T15:03:47.284+0000] {logging_mixin.py:188} INFO - [2024-05-08T15:03:47.284+0000] {dag.py:3954} INFO - Setting next_dagrun for example_branch_labels to 2024-05-07 00:00:00+00:00, run_after=2024-05-08 00:00:00+00:00
[2024-05-08T15:03:47.316+0000] {processor.py:183} INFO - Processing /home/airflow/.local/lib/python3.12/site-packages/airflow/example_dags/example_branch_labels.py took 0.128 seconds
[2024-05-08T15:04:17.496+0000] {processor.py:161} INFO - Started process (PID=6584) to work on /home/airflow/.local/lib/python3.12/site-packages/airflow/example_dags/example_branch_labels.py
[2024-05-08T15:04:17.498+0000] {processor.py:830} INFO - Processing file /home/airflow/.local/lib/python3.12/site-packages/airflow/example_dags/example_branch_labels.py for tasks to queue
[2024-05-08T15:04:17.502+0000] {logging_mixin.py:188} INFO - [2024-05-08T15:04:17.501+0000] {dagbag.py:545} INFO - Filling up the DagBag from /home/airflow/.local/lib/python3.12/site-packages/airflow/example_dags/example_branch_labels.py
[2024-05-08T15:04:17.515+0000] {processor.py:840} INFO - DAG(s) 'example_branch_labels' retrieved from /home/airflow/.local/lib/python3.12/site-packages/airflow/example_dags/example_branch_labels.py
[2024-05-08T15:04:17.557+0000] {logging_mixin.py:188} INFO - [2024-05-08T15:04:17.556+0000] {dag.py:3096} INFO - Sync 1 DAGs
[2024-05-08T15:04:17.627+0000] {logging_mixin.py:188} INFO - [2024-05-08T15:04:17.627+0000] {dag.py:3954} INFO - Setting next_dagrun for example_branch_labels to 2024-05-07 00:00:00+00:00, run_after=2024-05-08 00:00:00+00:00
[2024-05-08T15:04:17.693+0000] {processor.py:183} INFO - Processing /home/airflow/.local/lib/python3.12/site-packages/airflow/example_dags/example_branch_labels.py took 0.209 seconds
[2024-05-08T15:04:49.738+0000] {processor.py:161} INFO - Started process (PID=6843) to work on /home/airflow/.local/lib/python3.12/site-packages/airflow/example_dags/example_branch_labels.py
[2024-05-08T15:04:49.750+0000] {processor.py:830} INFO - Processing file /home/airflow/.local/lib/python3.12/site-packages/airflow/example_dags/example_branch_labels.py for tasks to queue
[2024-05-08T15:04:49.758+0000] {logging_mixin.py:188} INFO - [2024-05-08T15:04:49.756+0000] {dagbag.py:545} INFO - Filling up the DagBag from /home/airflow/.local/lib/python3.12/site-packages/airflow/example_dags/example_branch_labels.py
[2024-05-08T15:04:49.862+0000] {processor.py:840} INFO - DAG(s) 'example_branch_labels' retrieved from /home/airflow/.local/lib/python3.12/site-packages/airflow/example_dags/example_branch_labels.py
[2024-05-08T15:04:50.034+0000] {logging_mixin.py:188} INFO - [2024-05-08T15:04:50.029+0000] {dag.py:3096} INFO - Sync 1 DAGs
[2024-05-08T15:04:50.191+0000] {logging_mixin.py:188} INFO - [2024-05-08T15:04:50.190+0000] {dag.py:3954} INFO - Setting next_dagrun for example_branch_labels to 2024-05-07 00:00:00+00:00, run_after=2024-05-08 00:00:00+00:00
[2024-05-08T15:04:50.486+0000] {processor.py:183} INFO - Processing /home/airflow/.local/lib/python3.12/site-packages/airflow/example_dags/example_branch_labels.py took 0.811 seconds
[2024-05-08T15:05:20.632+0000] {processor.py:161} INFO - Started process (PID=7102) to work on /home/airflow/.local/lib/python3.12/site-packages/airflow/example_dags/example_branch_labels.py
[2024-05-08T15:05:20.633+0000] {processor.py:830} INFO - Processing file /home/airflow/.local/lib/python3.12/site-packages/airflow/example_dags/example_branch_labels.py for tasks to queue
[2024-05-08T15:05:20.639+0000] {logging_mixin.py:188} INFO - [2024-05-08T15:05:20.637+0000] {dagbag.py:545} INFO - Filling up the DagBag from /home/airflow/.local/lib/python3.12/site-packages/airflow/example_dags/example_branch_labels.py
[2024-05-08T15:05:20.650+0000] {processor.py:840} INFO - DAG(s) 'example_branch_labels' retrieved from /home/airflow/.local/lib/python3.12/site-packages/airflow/example_dags/example_branch_labels.py
[2024-05-08T15:05:20.681+0000] {logging_mixin.py:188} INFO - [2024-05-08T15:05:20.680+0000] {dag.py:3096} INFO - Sync 1 DAGs
[2024-05-08T15:05:20.721+0000] {logging_mixin.py:188} INFO - [2024-05-08T15:05:20.721+0000] {dag.py:3954} INFO - Setting next_dagrun for example_branch_labels to 2024-05-07 00:00:00+00:00, run_after=2024-05-08 00:00:00+00:00
[2024-05-08T15:05:20.754+0000] {processor.py:183} INFO - Processing /home/airflow/.local/lib/python3.12/site-packages/airflow/example_dags/example_branch_labels.py took 0.130 seconds
[2024-05-08T15:05:51.786+0000] {processor.py:161} INFO - Started process (PID=7363) to work on /home/airflow/.local/lib/python3.12/site-packages/airflow/example_dags/example_branch_labels.py
[2024-05-08T15:05:51.787+0000] {processor.py:830} INFO - Processing file /home/airflow/.local/lib/python3.12/site-packages/airflow/example_dags/example_branch_labels.py for tasks to queue
[2024-05-08T15:05:51.790+0000] {logging_mixin.py:188} INFO - [2024-05-08T15:05:51.790+0000] {dagbag.py:545} INFO - Filling up the DagBag from /home/airflow/.local/lib/python3.12/site-packages/airflow/example_dags/example_branch_labels.py
[2024-05-08T15:05:51.801+0000] {processor.py:840} INFO - DAG(s) 'example_branch_labels' retrieved from /home/airflow/.local/lib/python3.12/site-packages/airflow/example_dags/example_branch_labels.py
[2024-05-08T15:05:51.831+0000] {logging_mixin.py:188} INFO - [2024-05-08T15:05:51.831+0000] {dag.py:3096} INFO - Sync 1 DAGs
[2024-05-08T15:05:51.863+0000] {logging_mixin.py:188} INFO - [2024-05-08T15:05:51.863+0000] {dag.py:3954} INFO - Setting next_dagrun for example_branch_labels to 2024-05-07 00:00:00+00:00, run_after=2024-05-08 00:00:00+00:00
[2024-05-08T15:05:51.890+0000] {processor.py:183} INFO - Processing /home/airflow/.local/lib/python3.12/site-packages/airflow/example_dags/example_branch_labels.py took 0.113 seconds
[2024-05-08T15:06:22.393+0000] {processor.py:161} INFO - Started process (PID=7625) to work on /home/airflow/.local/lib/python3.12/site-packages/airflow/example_dags/example_branch_labels.py
[2024-05-08T15:06:22.394+0000] {processor.py:830} INFO - Processing file /home/airflow/.local/lib/python3.12/site-packages/airflow/example_dags/example_branch_labels.py for tasks to queue
[2024-05-08T15:06:22.397+0000] {logging_mixin.py:188} INFO - [2024-05-08T15:06:22.397+0000] {dagbag.py:545} INFO - Filling up the DagBag from /home/airflow/.local/lib/python3.12/site-packages/airflow/example_dags/example_branch_labels.py
[2024-05-08T15:06:22.410+0000] {processor.py:840} INFO - DAG(s) 'example_branch_labels' retrieved from /home/airflow/.local/lib/python3.12/site-packages/airflow/example_dags/example_branch_labels.py
[2024-05-08T15:06:22.444+0000] {logging_mixin.py:188} INFO - [2024-05-08T15:06:22.444+0000] {dag.py:3096} INFO - Sync 1 DAGs
[2024-05-08T15:06:22.480+0000] {logging_mixin.py:188} INFO - [2024-05-08T15:06:22.480+0000] {dag.py:3954} INFO - Setting next_dagrun for example_branch_labels to 2024-05-07 00:00:00+00:00, run_after=2024-05-08 00:00:00+00:00
[2024-05-08T15:06:22.517+0000] {processor.py:183} INFO - Processing /home/airflow/.local/lib/python3.12/site-packages/airflow/example_dags/example_branch_labels.py took 0.134 seconds
[2024-05-08T15:06:52.931+0000] {processor.py:161} INFO - Started process (PID=7886) to work on /home/airflow/.local/lib/python3.12/site-packages/airflow/example_dags/example_branch_labels.py
[2024-05-08T15:06:52.936+0000] {processor.py:830} INFO - Processing file /home/airflow/.local/lib/python3.12/site-packages/airflow/example_dags/example_branch_labels.py for tasks to queue
[2024-05-08T15:06:52.940+0000] {logging_mixin.py:188} INFO - [2024-05-08T15:06:52.939+0000] {dagbag.py:545} INFO - Filling up the DagBag from /home/airflow/.local/lib/python3.12/site-packages/airflow/example_dags/example_branch_labels.py
[2024-05-08T15:06:52.954+0000] {processor.py:840} INFO - DAG(s) 'example_branch_labels' retrieved from /home/airflow/.local/lib/python3.12/site-packages/airflow/example_dags/example_branch_labels.py
[2024-05-08T15:06:52.991+0000] {logging_mixin.py:188} INFO - [2024-05-08T15:06:52.991+0000] {dag.py:3096} INFO - Sync 1 DAGs
[2024-05-08T15:06:53.027+0000] {logging_mixin.py:188} INFO - [2024-05-08T15:06:53.026+0000] {dag.py:3954} INFO - Setting next_dagrun for example_branch_labels to 2024-05-07 00:00:00+00:00, run_after=2024-05-08 00:00:00+00:00
[2024-05-08T15:06:53.057+0000] {processor.py:183} INFO - Processing /home/airflow/.local/lib/python3.12/site-packages/airflow/example_dags/example_branch_labels.py took 0.136 seconds
[2024-05-08T15:07:23.251+0000] {processor.py:161} INFO - Started process (PID=8148) to work on /home/airflow/.local/lib/python3.12/site-packages/airflow/example_dags/example_branch_labels.py
[2024-05-08T15:07:23.252+0000] {processor.py:830} INFO - Processing file /home/airflow/.local/lib/python3.12/site-packages/airflow/example_dags/example_branch_labels.py for tasks to queue
[2024-05-08T15:07:23.255+0000] {logging_mixin.py:188} INFO - [2024-05-08T15:07:23.255+0000] {dagbag.py:545} INFO - Filling up the DagBag from /home/airflow/.local/lib/python3.12/site-packages/airflow/example_dags/example_branch_labels.py
[2024-05-08T15:07:23.268+0000] {processor.py:840} INFO - DAG(s) 'example_branch_labels' retrieved from /home/airflow/.local/lib/python3.12/site-packages/airflow/example_dags/example_branch_labels.py
[2024-05-08T15:07:23.306+0000] {logging_mixin.py:188} INFO - [2024-05-08T15:07:23.306+0000] {dag.py:3096} INFO - Sync 1 DAGs
[2024-05-08T15:07:23.347+0000] {logging_mixin.py:188} INFO - [2024-05-08T15:07:23.347+0000] {dag.py:3954} INFO - Setting next_dagrun for example_branch_labels to 2024-05-07 00:00:00+00:00, run_after=2024-05-08 00:00:00+00:00
[2024-05-08T15:07:23.377+0000] {processor.py:183} INFO - Processing /home/airflow/.local/lib/python3.12/site-packages/airflow/example_dags/example_branch_labels.py took 0.135 seconds
[2024-05-08T15:07:53.646+0000] {processor.py:161} INFO - Started process (PID=8410) to work on /home/airflow/.local/lib/python3.12/site-packages/airflow/example_dags/example_branch_labels.py
[2024-05-08T15:07:53.650+0000] {processor.py:830} INFO - Processing file /home/airflow/.local/lib/python3.12/site-packages/airflow/example_dags/example_branch_labels.py for tasks to queue
[2024-05-08T15:07:53.653+0000] {logging_mixin.py:188} INFO - [2024-05-08T15:07:53.653+0000] {dagbag.py:545} INFO - Filling up the DagBag from /home/airflow/.local/lib/python3.12/site-packages/airflow/example_dags/example_branch_labels.py
[2024-05-08T15:07:53.665+0000] {processor.py:840} INFO - DAG(s) 'example_branch_labels' retrieved from /home/airflow/.local/lib/python3.12/site-packages/airflow/example_dags/example_branch_labels.py
[2024-05-08T15:07:53.699+0000] {logging_mixin.py:188} INFO - [2024-05-08T15:07:53.699+0000] {dag.py:3096} INFO - Sync 1 DAGs
[2024-05-08T15:07:53.734+0000] {logging_mixin.py:188} INFO - [2024-05-08T15:07:53.734+0000] {dag.py:3954} INFO - Setting next_dagrun for example_branch_labels to 2024-05-07 00:00:00+00:00, run_after=2024-05-08 00:00:00+00:00
[2024-05-08T15:07:53.764+0000] {processor.py:183} INFO - Processing /home/airflow/.local/lib/python3.12/site-packages/airflow/example_dags/example_branch_labels.py took 0.127 seconds
[2024-05-08T15:08:23.950+0000] {processor.py:161} INFO - Started process (PID=8672) to work on /home/airflow/.local/lib/python3.12/site-packages/airflow/example_dags/example_branch_labels.py
[2024-05-08T15:08:23.953+0000] {processor.py:830} INFO - Processing file /home/airflow/.local/lib/python3.12/site-packages/airflow/example_dags/example_branch_labels.py for tasks to queue
[2024-05-08T15:08:23.956+0000] {logging_mixin.py:188} INFO - [2024-05-08T15:08:23.955+0000] {dagbag.py:545} INFO - Filling up the DagBag from /home/airflow/.local/lib/python3.12/site-packages/airflow/example_dags/example_branch_labels.py
[2024-05-08T15:08:23.969+0000] {processor.py:840} INFO - DAG(s) 'example_branch_labels' retrieved from /home/airflow/.local/lib/python3.12/site-packages/airflow/example_dags/example_branch_labels.py
[2024-05-08T15:08:24.002+0000] {logging_mixin.py:188} INFO - [2024-05-08T15:08:24.002+0000] {dag.py:3096} INFO - Sync 1 DAGs
[2024-05-08T15:08:24.036+0000] {logging_mixin.py:188} INFO - [2024-05-08T15:08:24.036+0000] {dag.py:3954} INFO - Setting next_dagrun for example_branch_labels to 2024-05-07 00:00:00+00:00, run_after=2024-05-08 00:00:00+00:00
[2024-05-08T15:08:24.083+0000] {processor.py:183} INFO - Processing /home/airflow/.local/lib/python3.12/site-packages/airflow/example_dags/example_branch_labels.py took 0.144 seconds
