[2024-05-08T14:51:46.992+0000] {processor.py:161} INFO - Started process (PID=212) to work on /home/airflow/.local/lib/python3.12/site-packages/airflow/example_dags/example_task_group_decorator.py
[2024-05-08T14:51:46.995+0000] {processor.py:830} INFO - Processing file /home/airflow/.local/lib/python3.12/site-packages/airflow/example_dags/example_task_group_decorator.py for tasks to queue
[2024-05-08T14:51:46.999+0000] {logging_mixin.py:188} INFO - [2024-05-08T14:51:46.998+0000] {dagbag.py:545} INFO - Filling up the DagBag from /home/airflow/.local/lib/python3.12/site-packages/airflow/example_dags/example_task_group_decorator.py
[2024-05-08T14:51:47.057+0000] {processor.py:840} INFO - DAG(s) 'example_task_group_decorator' retrieved from /home/airflow/.local/lib/python3.12/site-packages/airflow/example_dags/example_task_group_decorator.py
[2024-05-08T14:51:47.562+0000] {logging_mixin.py:188} INFO - [2024-05-08T14:51:47.562+0000] {dag.py:3096} INFO - Sync 1 DAGs
[2024-05-08T14:51:47.636+0000] {logging_mixin.py:188} INFO - [2024-05-08T14:51:47.636+0000] {dag.py:3954} INFO - Setting next_dagrun for example_task_group_decorator to 2024-05-07 00:00:00+00:00, run_after=2024-05-08 00:00:00+00:00
[2024-05-08T14:51:47.958+0000] {processor.py:183} INFO - Processing /home/airflow/.local/lib/python3.12/site-packages/airflow/example_dags/example_task_group_decorator.py took 0.983 seconds
[2024-05-08T14:52:18.217+0000] {processor.py:161} INFO - Started process (PID=474) to work on /home/airflow/.local/lib/python3.12/site-packages/airflow/example_dags/example_task_group_decorator.py
[2024-05-08T14:52:18.219+0000] {processor.py:830} INFO - Processing file /home/airflow/.local/lib/python3.12/site-packages/airflow/example_dags/example_task_group_decorator.py for tasks to queue
[2024-05-08T14:52:18.223+0000] {logging_mixin.py:188} INFO - [2024-05-08T14:52:18.223+0000] {dagbag.py:545} INFO - Filling up the DagBag from /home/airflow/.local/lib/python3.12/site-packages/airflow/example_dags/example_task_group_decorator.py
[2024-05-08T14:52:18.251+0000] {processor.py:840} INFO - DAG(s) 'example_task_group_decorator' retrieved from /home/airflow/.local/lib/python3.12/site-packages/airflow/example_dags/example_task_group_decorator.py
[2024-05-08T14:52:18.290+0000] {logging_mixin.py:188} INFO - [2024-05-08T14:52:18.290+0000] {dag.py:3096} INFO - Sync 1 DAGs
[2024-05-08T14:52:18.324+0000] {logging_mixin.py:188} INFO - [2024-05-08T14:52:18.324+0000] {dag.py:3954} INFO - Setting next_dagrun for example_task_group_decorator to 2024-05-07 00:00:00+00:00, run_after=2024-05-08 00:00:00+00:00
[2024-05-08T14:52:18.356+0000] {processor.py:183} INFO - Processing /home/airflow/.local/lib/python3.12/site-packages/airflow/example_dags/example_task_group_decorator.py took 0.153 seconds
[2024-05-08T14:52:49.164+0000] {processor.py:161} INFO - Started process (PID=736) to work on /home/airflow/.local/lib/python3.12/site-packages/airflow/example_dags/example_task_group_decorator.py
[2024-05-08T14:52:49.166+0000] {processor.py:830} INFO - Processing file /home/airflow/.local/lib/python3.12/site-packages/airflow/example_dags/example_task_group_decorator.py for tasks to queue
[2024-05-08T14:52:49.172+0000] {logging_mixin.py:188} INFO - [2024-05-08T14:52:49.170+0000] {dagbag.py:545} INFO - Filling up the DagBag from /home/airflow/.local/lib/python3.12/site-packages/airflow/example_dags/example_task_group_decorator.py
[2024-05-08T14:52:49.213+0000] {processor.py:840} INFO - DAG(s) 'example_task_group_decorator' retrieved from /home/airflow/.local/lib/python3.12/site-packages/airflow/example_dags/example_task_group_decorator.py
[2024-05-08T14:52:49.285+0000] {logging_mixin.py:188} INFO - [2024-05-08T14:52:49.284+0000] {dag.py:3096} INFO - Sync 1 DAGs
[2024-05-08T14:52:49.356+0000] {logging_mixin.py:188} INFO - [2024-05-08T14:52:49.354+0000] {dag.py:3954} INFO - Setting next_dagrun for example_task_group_decorator to 2024-05-07 00:00:00+00:00, run_after=2024-05-08 00:00:00+00:00
[2024-05-08T14:52:49.414+0000] {processor.py:183} INFO - Processing /home/airflow/.local/lib/python3.12/site-packages/airflow/example_dags/example_task_group_decorator.py took 0.266 seconds
[2024-05-08T14:53:19.488+0000] {processor.py:161} INFO - Started process (PID=998) to work on /home/airflow/.local/lib/python3.12/site-packages/airflow/example_dags/example_task_group_decorator.py
[2024-05-08T14:53:19.490+0000] {processor.py:830} INFO - Processing file /home/airflow/.local/lib/python3.12/site-packages/airflow/example_dags/example_task_group_decorator.py for tasks to queue
[2024-05-08T14:53:19.493+0000] {logging_mixin.py:188} INFO - [2024-05-08T14:53:19.492+0000] {dagbag.py:545} INFO - Filling up the DagBag from /home/airflow/.local/lib/python3.12/site-packages/airflow/example_dags/example_task_group_decorator.py
[2024-05-08T14:53:19.517+0000] {processor.py:840} INFO - DAG(s) 'example_task_group_decorator' retrieved from /home/airflow/.local/lib/python3.12/site-packages/airflow/example_dags/example_task_group_decorator.py
[2024-05-08T14:53:19.564+0000] {logging_mixin.py:188} INFO - [2024-05-08T14:53:19.564+0000] {dag.py:3096} INFO - Sync 1 DAGs
[2024-05-08T14:53:19.608+0000] {logging_mixin.py:188} INFO - [2024-05-08T14:53:19.608+0000] {dag.py:3954} INFO - Setting next_dagrun for example_task_group_decorator to 2024-05-07 00:00:00+00:00, run_after=2024-05-08 00:00:00+00:00
[2024-05-08T14:53:19.639+0000] {processor.py:183} INFO - Processing /home/airflow/.local/lib/python3.12/site-packages/airflow/example_dags/example_task_group_decorator.py took 0.160 seconds
[2024-05-08T14:53:50.079+0000] {processor.py:161} INFO - Started process (PID=1260) to work on /home/airflow/.local/lib/python3.12/site-packages/airflow/example_dags/example_task_group_decorator.py
[2024-05-08T14:53:50.082+0000] {processor.py:830} INFO - Processing file /home/airflow/.local/lib/python3.12/site-packages/airflow/example_dags/example_task_group_decorator.py for tasks to queue
[2024-05-08T14:53:50.088+0000] {logging_mixin.py:188} INFO - [2024-05-08T14:53:50.088+0000] {dagbag.py:545} INFO - Filling up the DagBag from /home/airflow/.local/lib/python3.12/site-packages/airflow/example_dags/example_task_group_decorator.py
[2024-05-08T14:53:50.129+0000] {processor.py:840} INFO - DAG(s) 'example_task_group_decorator' retrieved from /home/airflow/.local/lib/python3.12/site-packages/airflow/example_dags/example_task_group_decorator.py
[2024-05-08T14:53:50.197+0000] {logging_mixin.py:188} INFO - [2024-05-08T14:53:50.196+0000] {dag.py:3096} INFO - Sync 1 DAGs
[2024-05-08T14:53:50.250+0000] {logging_mixin.py:188} INFO - [2024-05-08T14:53:50.249+0000] {dag.py:3954} INFO - Setting next_dagrun for example_task_group_decorator to 2024-05-07 00:00:00+00:00, run_after=2024-05-08 00:00:00+00:00
[2024-05-08T14:53:50.304+0000] {processor.py:183} INFO - Processing /home/airflow/.local/lib/python3.12/site-packages/airflow/example_dags/example_task_group_decorator.py took 0.240 seconds
[2024-05-08T14:54:22.603+0000] {processor.py:161} INFO - Started process (PID=1527) to work on /home/airflow/.local/lib/python3.12/site-packages/airflow/example_dags/example_task_group_decorator.py
[2024-05-08T14:54:22.604+0000] {processor.py:830} INFO - Processing file /home/airflow/.local/lib/python3.12/site-packages/airflow/example_dags/example_task_group_decorator.py for tasks to queue
[2024-05-08T14:54:22.607+0000] {logging_mixin.py:188} INFO - [2024-05-08T14:54:22.607+0000] {dagbag.py:545} INFO - Filling up the DagBag from /home/airflow/.local/lib/python3.12/site-packages/airflow/example_dags/example_task_group_decorator.py
[2024-05-08T14:54:22.654+0000] {processor.py:840} INFO - DAG(s) 'example_task_group_decorator' retrieved from /home/airflow/.local/lib/python3.12/site-packages/airflow/example_dags/example_task_group_decorator.py
[2024-05-08T14:54:22.731+0000] {logging_mixin.py:188} INFO - [2024-05-08T14:54:22.731+0000] {dag.py:3096} INFO - Sync 1 DAGs
[2024-05-08T14:54:22.804+0000] {logging_mixin.py:188} INFO - [2024-05-08T14:54:22.803+0000] {dag.py:3954} INFO - Setting next_dagrun for example_task_group_decorator to 2024-05-07 00:00:00+00:00, run_after=2024-05-08 00:00:00+00:00
[2024-05-08T14:54:22.871+0000] {processor.py:183} INFO - Processing /home/airflow/.local/lib/python3.12/site-packages/airflow/example_dags/example_task_group_decorator.py took 0.288 seconds
[2024-05-08T14:54:53.504+0000] {processor.py:161} INFO - Started process (PID=1789) to work on /home/airflow/.local/lib/python3.12/site-packages/airflow/example_dags/example_task_group_decorator.py
[2024-05-08T14:54:53.506+0000] {processor.py:830} INFO - Processing file /home/airflow/.local/lib/python3.12/site-packages/airflow/example_dags/example_task_group_decorator.py for tasks to queue
[2024-05-08T14:54:53.509+0000] {logging_mixin.py:188} INFO - [2024-05-08T14:54:53.509+0000] {dagbag.py:545} INFO - Filling up the DagBag from /home/airflow/.local/lib/python3.12/site-packages/airflow/example_dags/example_task_group_decorator.py
[2024-05-08T14:54:53.533+0000] {processor.py:840} INFO - DAG(s) 'example_task_group_decorator' retrieved from /home/airflow/.local/lib/python3.12/site-packages/airflow/example_dags/example_task_group_decorator.py
[2024-05-08T14:54:53.579+0000] {logging_mixin.py:188} INFO - [2024-05-08T14:54:53.579+0000] {dag.py:3096} INFO - Sync 1 DAGs
[2024-05-08T14:54:53.616+0000] {logging_mixin.py:188} INFO - [2024-05-08T14:54:53.615+0000] {dag.py:3954} INFO - Setting next_dagrun for example_task_group_decorator to 2024-05-07 00:00:00+00:00, run_after=2024-05-08 00:00:00+00:00
[2024-05-08T14:54:53.650+0000] {processor.py:183} INFO - Processing /home/airflow/.local/lib/python3.12/site-packages/airflow/example_dags/example_task_group_decorator.py took 0.166 seconds
[2024-05-08T14:55:23.773+0000] {processor.py:161} INFO - Started process (PID=2047) to work on /home/airflow/.local/lib/python3.12/site-packages/airflow/example_dags/example_task_group_decorator.py
[2024-05-08T14:55:23.775+0000] {processor.py:830} INFO - Processing file /home/airflow/.local/lib/python3.12/site-packages/airflow/example_dags/example_task_group_decorator.py for tasks to queue
[2024-05-08T14:55:23.778+0000] {logging_mixin.py:188} INFO - [2024-05-08T14:55:23.778+0000] {dagbag.py:545} INFO - Filling up the DagBag from /home/airflow/.local/lib/python3.12/site-packages/airflow/example_dags/example_task_group_decorator.py
[2024-05-08T14:55:23.812+0000] {processor.py:840} INFO - DAG(s) 'example_task_group_decorator' retrieved from /home/airflow/.local/lib/python3.12/site-packages/airflow/example_dags/example_task_group_decorator.py
[2024-05-08T14:55:23.867+0000] {logging_mixin.py:188} INFO - [2024-05-08T14:55:23.866+0000] {dag.py:3096} INFO - Sync 1 DAGs
[2024-05-08T14:55:23.911+0000] {logging_mixin.py:188} INFO - [2024-05-08T14:55:23.911+0000] {dag.py:3954} INFO - Setting next_dagrun for example_task_group_decorator to 2024-05-07 00:00:00+00:00, run_after=2024-05-08 00:00:00+00:00
[2024-05-08T14:55:23.951+0000] {processor.py:183} INFO - Processing /home/airflow/.local/lib/python3.12/site-packages/airflow/example_dags/example_task_group_decorator.py took 0.188 seconds
[2024-05-08T14:55:54.348+0000] {processor.py:161} INFO - Started process (PID=2306) to work on /home/airflow/.local/lib/python3.12/site-packages/airflow/example_dags/example_task_group_decorator.py
[2024-05-08T14:55:54.350+0000] {processor.py:830} INFO - Processing file /home/airflow/.local/lib/python3.12/site-packages/airflow/example_dags/example_task_group_decorator.py for tasks to queue
[2024-05-08T14:55:54.354+0000] {logging_mixin.py:188} INFO - [2024-05-08T14:55:54.353+0000] {dagbag.py:545} INFO - Filling up the DagBag from /home/airflow/.local/lib/python3.12/site-packages/airflow/example_dags/example_task_group_decorator.py
[2024-05-08T14:55:54.379+0000] {processor.py:840} INFO - DAG(s) 'example_task_group_decorator' retrieved from /home/airflow/.local/lib/python3.12/site-packages/airflow/example_dags/example_task_group_decorator.py
[2024-05-08T14:55:54.440+0000] {logging_mixin.py:188} INFO - [2024-05-08T14:55:54.439+0000] {dag.py:3096} INFO - Sync 1 DAGs
[2024-05-08T14:55:54.488+0000] {logging_mixin.py:188} INFO - [2024-05-08T14:55:54.488+0000] {dag.py:3954} INFO - Setting next_dagrun for example_task_group_decorator to 2024-05-07 00:00:00+00:00, run_after=2024-05-08 00:00:00+00:00
[2024-05-08T14:55:54.530+0000] {processor.py:183} INFO - Processing /home/airflow/.local/lib/python3.12/site-packages/airflow/example_dags/example_task_group_decorator.py took 0.194 seconds
[2024-05-08T14:56:24.717+0000] {processor.py:161} INFO - Started process (PID=2568) to work on /home/airflow/.local/lib/python3.12/site-packages/airflow/example_dags/example_task_group_decorator.py
[2024-05-08T14:56:24.718+0000] {processor.py:830} INFO - Processing file /home/airflow/.local/lib/python3.12/site-packages/airflow/example_dags/example_task_group_decorator.py for tasks to queue
[2024-05-08T14:56:24.721+0000] {logging_mixin.py:188} INFO - [2024-05-08T14:56:24.720+0000] {dagbag.py:545} INFO - Filling up the DagBag from /home/airflow/.local/lib/python3.12/site-packages/airflow/example_dags/example_task_group_decorator.py
[2024-05-08T14:56:24.744+0000] {processor.py:840} INFO - DAG(s) 'example_task_group_decorator' retrieved from /home/airflow/.local/lib/python3.12/site-packages/airflow/example_dags/example_task_group_decorator.py
[2024-05-08T14:56:24.786+0000] {logging_mixin.py:188} INFO - [2024-05-08T14:56:24.786+0000] {dag.py:3096} INFO - Sync 1 DAGs
[2024-05-08T14:56:24.822+0000] {logging_mixin.py:188} INFO - [2024-05-08T14:56:24.822+0000] {dag.py:3954} INFO - Setting next_dagrun for example_task_group_decorator to 2024-05-07 00:00:00+00:00, run_after=2024-05-08 00:00:00+00:00
[2024-05-08T14:56:24.858+0000] {processor.py:183} INFO - Processing /home/airflow/.local/lib/python3.12/site-packages/airflow/example_dags/example_task_group_decorator.py took 0.150 seconds
[2024-05-08T14:56:55.669+0000] {processor.py:161} INFO - Started process (PID=2830) to work on /home/airflow/.local/lib/python3.12/site-packages/airflow/example_dags/example_task_group_decorator.py
[2024-05-08T14:56:55.670+0000] {processor.py:830} INFO - Processing file /home/airflow/.local/lib/python3.12/site-packages/airflow/example_dags/example_task_group_decorator.py for tasks to queue
[2024-05-08T14:56:55.674+0000] {logging_mixin.py:188} INFO - [2024-05-08T14:56:55.673+0000] {dagbag.py:545} INFO - Filling up the DagBag from /home/airflow/.local/lib/python3.12/site-packages/airflow/example_dags/example_task_group_decorator.py
[2024-05-08T14:56:55.698+0000] {processor.py:840} INFO - DAG(s) 'example_task_group_decorator' retrieved from /home/airflow/.local/lib/python3.12/site-packages/airflow/example_dags/example_task_group_decorator.py
[2024-05-08T14:56:55.768+0000] {logging_mixin.py:188} INFO - [2024-05-08T14:56:55.768+0000] {dag.py:3096} INFO - Sync 1 DAGs
[2024-05-08T14:56:56.094+0000] {logging_mixin.py:188} INFO - [2024-05-08T14:56:56.093+0000] {dag.py:3954} INFO - Setting next_dagrun for example_task_group_decorator to 2024-05-07 00:00:00+00:00, run_after=2024-05-08 00:00:00+00:00
[2024-05-08T14:56:56.381+0000] {processor.py:183} INFO - Processing /home/airflow/.local/lib/python3.12/site-packages/airflow/example_dags/example_task_group_decorator.py took 0.721 seconds
[2024-05-08T14:57:26.886+0000] {processor.py:161} INFO - Started process (PID=3093) to work on /home/airflow/.local/lib/python3.12/site-packages/airflow/example_dags/example_task_group_decorator.py
[2024-05-08T14:57:26.888+0000] {processor.py:830} INFO - Processing file /home/airflow/.local/lib/python3.12/site-packages/airflow/example_dags/example_task_group_decorator.py for tasks to queue
[2024-05-08T14:57:26.891+0000] {logging_mixin.py:188} INFO - [2024-05-08T14:57:26.890+0000] {dagbag.py:545} INFO - Filling up the DagBag from /home/airflow/.local/lib/python3.12/site-packages/airflow/example_dags/example_task_group_decorator.py
[2024-05-08T14:57:26.921+0000] {processor.py:840} INFO - DAG(s) 'example_task_group_decorator' retrieved from /home/airflow/.local/lib/python3.12/site-packages/airflow/example_dags/example_task_group_decorator.py
[2024-05-08T14:57:27.046+0000] {logging_mixin.py:188} INFO - [2024-05-08T14:57:27.046+0000] {dag.py:3096} INFO - Sync 1 DAGs
[2024-05-08T14:57:27.082+0000] {logging_mixin.py:188} INFO - [2024-05-08T14:57:27.082+0000] {dag.py:3954} INFO - Setting next_dagrun for example_task_group_decorator to 2024-05-07 00:00:00+00:00, run_after=2024-05-08 00:00:00+00:00
[2024-05-08T14:57:27.115+0000] {processor.py:183} INFO - Processing /home/airflow/.local/lib/python3.12/site-packages/airflow/example_dags/example_task_group_decorator.py took 0.238 seconds
[2024-05-08T14:57:57.507+0000] {processor.py:161} INFO - Started process (PID=3355) to work on /home/airflow/.local/lib/python3.12/site-packages/airflow/example_dags/example_task_group_decorator.py
[2024-05-08T14:57:57.509+0000] {processor.py:830} INFO - Processing file /home/airflow/.local/lib/python3.12/site-packages/airflow/example_dags/example_task_group_decorator.py for tasks to queue
[2024-05-08T14:57:57.512+0000] {logging_mixin.py:188} INFO - [2024-05-08T14:57:57.511+0000] {dagbag.py:545} INFO - Filling up the DagBag from /home/airflow/.local/lib/python3.12/site-packages/airflow/example_dags/example_task_group_decorator.py
[2024-05-08T14:57:57.541+0000] {processor.py:840} INFO - DAG(s) 'example_task_group_decorator' retrieved from /home/airflow/.local/lib/python3.12/site-packages/airflow/example_dags/example_task_group_decorator.py
[2024-05-08T14:57:57.581+0000] {logging_mixin.py:188} INFO - [2024-05-08T14:57:57.581+0000] {dag.py:3096} INFO - Sync 1 DAGs
[2024-05-08T14:57:57.629+0000] {logging_mixin.py:188} INFO - [2024-05-08T14:57:57.628+0000] {dag.py:3954} INFO - Setting next_dagrun for example_task_group_decorator to 2024-05-07 00:00:00+00:00, run_after=2024-05-08 00:00:00+00:00
[2024-05-08T14:57:57.663+0000] {processor.py:183} INFO - Processing /home/airflow/.local/lib/python3.12/site-packages/airflow/example_dags/example_task_group_decorator.py took 0.165 seconds
[2024-05-08T14:58:27.771+0000] {processor.py:161} INFO - Started process (PID=3617) to work on /home/airflow/.local/lib/python3.12/site-packages/airflow/example_dags/example_task_group_decorator.py
[2024-05-08T14:58:27.773+0000] {processor.py:830} INFO - Processing file /home/airflow/.local/lib/python3.12/site-packages/airflow/example_dags/example_task_group_decorator.py for tasks to queue
[2024-05-08T14:58:27.776+0000] {logging_mixin.py:188} INFO - [2024-05-08T14:58:27.775+0000] {dagbag.py:545} INFO - Filling up the DagBag from /home/airflow/.local/lib/python3.12/site-packages/airflow/example_dags/example_task_group_decorator.py
[2024-05-08T14:58:27.803+0000] {processor.py:840} INFO - DAG(s) 'example_task_group_decorator' retrieved from /home/airflow/.local/lib/python3.12/site-packages/airflow/example_dags/example_task_group_decorator.py
[2024-05-08T14:58:27.842+0000] {logging_mixin.py:188} INFO - [2024-05-08T14:58:27.842+0000] {dag.py:3096} INFO - Sync 1 DAGs
[2024-05-08T14:58:27.876+0000] {logging_mixin.py:188} INFO - [2024-05-08T14:58:27.876+0000] {dag.py:3954} INFO - Setting next_dagrun for example_task_group_decorator to 2024-05-07 00:00:00+00:00, run_after=2024-05-08 00:00:00+00:00
[2024-05-08T14:58:27.907+0000] {processor.py:183} INFO - Processing /home/airflow/.local/lib/python3.12/site-packages/airflow/example_dags/example_task_group_decorator.py took 0.146 seconds
[2024-05-08T14:58:58.085+0000] {processor.py:161} INFO - Started process (PID=3879) to work on /home/airflow/.local/lib/python3.12/site-packages/airflow/example_dags/example_task_group_decorator.py
[2024-05-08T14:58:58.089+0000] {processor.py:830} INFO - Processing file /home/airflow/.local/lib/python3.12/site-packages/airflow/example_dags/example_task_group_decorator.py for tasks to queue
[2024-05-08T14:58:58.093+0000] {logging_mixin.py:188} INFO - [2024-05-08T14:58:58.092+0000] {dagbag.py:545} INFO - Filling up the DagBag from /home/airflow/.local/lib/python3.12/site-packages/airflow/example_dags/example_task_group_decorator.py
[2024-05-08T14:58:58.116+0000] {processor.py:840} INFO - DAG(s) 'example_task_group_decorator' retrieved from /home/airflow/.local/lib/python3.12/site-packages/airflow/example_dags/example_task_group_decorator.py
[2024-05-08T14:58:58.260+0000] {logging_mixin.py:188} INFO - [2024-05-08T14:58:58.260+0000] {dag.py:3096} INFO - Sync 1 DAGs
[2024-05-08T14:58:58.299+0000] {logging_mixin.py:188} INFO - [2024-05-08T14:58:58.299+0000] {dag.py:3954} INFO - Setting next_dagrun for example_task_group_decorator to 2024-05-07 00:00:00+00:00, run_after=2024-05-08 00:00:00+00:00
[2024-05-08T14:58:58.332+0000] {processor.py:183} INFO - Processing /home/airflow/.local/lib/python3.12/site-packages/airflow/example_dags/example_task_group_decorator.py took 0.255 seconds
[2024-05-08T14:59:28.685+0000] {processor.py:161} INFO - Started process (PID=4141) to work on /home/airflow/.local/lib/python3.12/site-packages/airflow/example_dags/example_task_group_decorator.py
[2024-05-08T14:59:28.687+0000] {processor.py:830} INFO - Processing file /home/airflow/.local/lib/python3.12/site-packages/airflow/example_dags/example_task_group_decorator.py for tasks to queue
[2024-05-08T14:59:28.690+0000] {logging_mixin.py:188} INFO - [2024-05-08T14:59:28.690+0000] {dagbag.py:545} INFO - Filling up the DagBag from /home/airflow/.local/lib/python3.12/site-packages/airflow/example_dags/example_task_group_decorator.py
[2024-05-08T14:59:28.715+0000] {processor.py:840} INFO - DAG(s) 'example_task_group_decorator' retrieved from /home/airflow/.local/lib/python3.12/site-packages/airflow/example_dags/example_task_group_decorator.py
[2024-05-08T14:59:28.754+0000] {logging_mixin.py:188} INFO - [2024-05-08T14:59:28.753+0000] {dag.py:3096} INFO - Sync 1 DAGs
[2024-05-08T14:59:28.790+0000] {logging_mixin.py:188} INFO - [2024-05-08T14:59:28.790+0000] {dag.py:3954} INFO - Setting next_dagrun for example_task_group_decorator to 2024-05-07 00:00:00+00:00, run_after=2024-05-08 00:00:00+00:00
[2024-05-08T14:59:28.823+0000] {processor.py:183} INFO - Processing /home/airflow/.local/lib/python3.12/site-packages/airflow/example_dags/example_task_group_decorator.py took 0.147 seconds
[2024-05-08T14:59:59.043+0000] {processor.py:161} INFO - Started process (PID=4402) to work on /home/airflow/.local/lib/python3.12/site-packages/airflow/example_dags/example_task_group_decorator.py
[2024-05-08T14:59:59.045+0000] {processor.py:830} INFO - Processing file /home/airflow/.local/lib/python3.12/site-packages/airflow/example_dags/example_task_group_decorator.py for tasks to queue
[2024-05-08T14:59:59.048+0000] {logging_mixin.py:188} INFO - [2024-05-08T14:59:59.048+0000] {dagbag.py:545} INFO - Filling up the DagBag from /home/airflow/.local/lib/python3.12/site-packages/airflow/example_dags/example_task_group_decorator.py
[2024-05-08T14:59:59.080+0000] {processor.py:840} INFO - DAG(s) 'example_task_group_decorator' retrieved from /home/airflow/.local/lib/python3.12/site-packages/airflow/example_dags/example_task_group_decorator.py
[2024-05-08T14:59:59.118+0000] {logging_mixin.py:188} INFO - [2024-05-08T14:59:59.117+0000] {dag.py:3096} INFO - Sync 1 DAGs
[2024-05-08T14:59:59.151+0000] {logging_mixin.py:188} INFO - [2024-05-08T14:59:59.151+0000] {dag.py:3954} INFO - Setting next_dagrun for example_task_group_decorator to 2024-05-07 00:00:00+00:00, run_after=2024-05-08 00:00:00+00:00
[2024-05-08T14:59:59.227+0000] {processor.py:183} INFO - Processing /home/airflow/.local/lib/python3.12/site-packages/airflow/example_dags/example_task_group_decorator.py took 0.194 seconds
[2024-05-08T15:00:29.438+0000] {processor.py:161} INFO - Started process (PID=4664) to work on /home/airflow/.local/lib/python3.12/site-packages/airflow/example_dags/example_task_group_decorator.py
[2024-05-08T15:00:29.440+0000] {processor.py:830} INFO - Processing file /home/airflow/.local/lib/python3.12/site-packages/airflow/example_dags/example_task_group_decorator.py for tasks to queue
[2024-05-08T15:00:29.447+0000] {logging_mixin.py:188} INFO - [2024-05-08T15:00:29.446+0000] {dagbag.py:545} INFO - Filling up the DagBag from /home/airflow/.local/lib/python3.12/site-packages/airflow/example_dags/example_task_group_decorator.py
[2024-05-08T15:00:29.478+0000] {processor.py:840} INFO - DAG(s) 'example_task_group_decorator' retrieved from /home/airflow/.local/lib/python3.12/site-packages/airflow/example_dags/example_task_group_decorator.py
[2024-05-08T15:00:29.536+0000] {logging_mixin.py:188} INFO - [2024-05-08T15:00:29.535+0000] {dag.py:3096} INFO - Sync 1 DAGs
[2024-05-08T15:00:29.583+0000] {logging_mixin.py:188} INFO - [2024-05-08T15:00:29.583+0000] {dag.py:3954} INFO - Setting next_dagrun for example_task_group_decorator to 2024-05-07 00:00:00+00:00, run_after=2024-05-08 00:00:00+00:00
[2024-05-08T15:00:29.618+0000] {processor.py:183} INFO - Processing /home/airflow/.local/lib/python3.12/site-packages/airflow/example_dags/example_task_group_decorator.py took 0.191 seconds
[2024-05-08T15:00:59.693+0000] {processor.py:161} INFO - Started process (PID=4920) to work on /home/airflow/.local/lib/python3.12/site-packages/airflow/example_dags/example_task_group_decorator.py
[2024-05-08T15:00:59.694+0000] {processor.py:830} INFO - Processing file /home/airflow/.local/lib/python3.12/site-packages/airflow/example_dags/example_task_group_decorator.py for tasks to queue
[2024-05-08T15:00:59.697+0000] {logging_mixin.py:188} INFO - [2024-05-08T15:00:59.697+0000] {dagbag.py:545} INFO - Filling up the DagBag from /home/airflow/.local/lib/python3.12/site-packages/airflow/example_dags/example_task_group_decorator.py
[2024-05-08T15:00:59.721+0000] {processor.py:840} INFO - DAG(s) 'example_task_group_decorator' retrieved from /home/airflow/.local/lib/python3.12/site-packages/airflow/example_dags/example_task_group_decorator.py
[2024-05-08T15:00:59.770+0000] {logging_mixin.py:188} INFO - [2024-05-08T15:00:59.769+0000] {dag.py:3096} INFO - Sync 1 DAGs
[2024-05-08T15:00:59.806+0000] {logging_mixin.py:188} INFO - [2024-05-08T15:00:59.805+0000] {dag.py:3954} INFO - Setting next_dagrun for example_task_group_decorator to 2024-05-07 00:00:00+00:00, run_after=2024-05-08 00:00:00+00:00
[2024-05-08T15:00:59.857+0000] {processor.py:183} INFO - Processing /home/airflow/.local/lib/python3.12/site-packages/airflow/example_dags/example_task_group_decorator.py took 0.173 seconds
[2024-05-08T15:01:29.980+0000] {processor.py:161} INFO - Started process (PID=5181) to work on /home/airflow/.local/lib/python3.12/site-packages/airflow/example_dags/example_task_group_decorator.py
[2024-05-08T15:01:29.981+0000] {processor.py:830} INFO - Processing file /home/airflow/.local/lib/python3.12/site-packages/airflow/example_dags/example_task_group_decorator.py for tasks to queue
[2024-05-08T15:01:29.984+0000] {logging_mixin.py:188} INFO - [2024-05-08T15:01:29.984+0000] {dagbag.py:545} INFO - Filling up the DagBag from /home/airflow/.local/lib/python3.12/site-packages/airflow/example_dags/example_task_group_decorator.py
[2024-05-08T15:01:30.006+0000] {processor.py:840} INFO - DAG(s) 'example_task_group_decorator' retrieved from /home/airflow/.local/lib/python3.12/site-packages/airflow/example_dags/example_task_group_decorator.py
[2024-05-08T15:01:30.047+0000] {logging_mixin.py:188} INFO - [2024-05-08T15:01:30.046+0000] {dag.py:3096} INFO - Sync 1 DAGs
[2024-05-08T15:01:30.084+0000] {logging_mixin.py:188} INFO - [2024-05-08T15:01:30.084+0000] {dag.py:3954} INFO - Setting next_dagrun for example_task_group_decorator to 2024-05-07 00:00:00+00:00, run_after=2024-05-08 00:00:00+00:00
[2024-05-08T15:01:30.116+0000] {processor.py:183} INFO - Processing /home/airflow/.local/lib/python3.12/site-packages/airflow/example_dags/example_task_group_decorator.py took 0.145 seconds
[2024-05-08T15:02:04.820+0000] {processor.py:161} INFO - Started process (PID=5423) to work on /home/airflow/.local/lib/python3.12/site-packages/airflow/example_dags/example_task_group_decorator.py
[2024-05-08T15:02:04.821+0000] {processor.py:830} INFO - Processing file /home/airflow/.local/lib/python3.12/site-packages/airflow/example_dags/example_task_group_decorator.py for tasks to queue
[2024-05-08T15:02:04.825+0000] {logging_mixin.py:188} INFO - [2024-05-08T15:02:04.824+0000] {dagbag.py:545} INFO - Filling up the DagBag from /home/airflow/.local/lib/python3.12/site-packages/airflow/example_dags/example_task_group_decorator.py
[2024-05-08T15:02:04.866+0000] {processor.py:840} INFO - DAG(s) 'example_task_group_decorator' retrieved from /home/airflow/.local/lib/python3.12/site-packages/airflow/example_dags/example_task_group_decorator.py
[2024-05-08T15:02:04.926+0000] {logging_mixin.py:188} INFO - [2024-05-08T15:02:04.925+0000] {dag.py:3096} INFO - Sync 1 DAGs
[2024-05-08T15:02:04.963+0000] {logging_mixin.py:188} INFO - [2024-05-08T15:02:04.963+0000] {dag.py:3954} INFO - Setting next_dagrun for example_task_group_decorator to 2024-05-07 00:00:00+00:00, run_after=2024-05-08 00:00:00+00:00
[2024-05-08T15:02:04.999+0000] {processor.py:183} INFO - Processing /home/airflow/.local/lib/python3.12/site-packages/airflow/example_dags/example_task_group_decorator.py took 0.190 seconds
[2024-05-08T15:02:35.820+0000] {processor.py:161} INFO - Started process (PID=5685) to work on /home/airflow/.local/lib/python3.12/site-packages/airflow/example_dags/example_task_group_decorator.py
[2024-05-08T15:02:35.841+0000] {processor.py:830} INFO - Processing file /home/airflow/.local/lib/python3.12/site-packages/airflow/example_dags/example_task_group_decorator.py for tasks to queue
[2024-05-08T15:02:35.845+0000] {logging_mixin.py:188} INFO - [2024-05-08T15:02:35.845+0000] {dagbag.py:545} INFO - Filling up the DagBag from /home/airflow/.local/lib/python3.12/site-packages/airflow/example_dags/example_task_group_decorator.py
[2024-05-08T15:02:35.908+0000] {processor.py:840} INFO - DAG(s) 'example_task_group_decorator' retrieved from /home/airflow/.local/lib/python3.12/site-packages/airflow/example_dags/example_task_group_decorator.py
[2024-05-08T15:02:35.980+0000] {logging_mixin.py:188} INFO - [2024-05-08T15:02:35.980+0000] {dag.py:3096} INFO - Sync 1 DAGs
[2024-05-08T15:02:36.042+0000] {logging_mixin.py:188} INFO - [2024-05-08T15:02:36.042+0000] {dag.py:3954} INFO - Setting next_dagrun for example_task_group_decorator to 2024-05-07 00:00:00+00:00, run_after=2024-05-08 00:00:00+00:00
[2024-05-08T15:02:36.087+0000] {processor.py:183} INFO - Processing /home/airflow/.local/lib/python3.12/site-packages/airflow/example_dags/example_task_group_decorator.py took 0.279 seconds
[2024-05-08T15:03:06.219+0000] {processor.py:161} INFO - Started process (PID=5948) to work on /home/airflow/.local/lib/python3.12/site-packages/airflow/example_dags/example_task_group_decorator.py
[2024-05-08T15:03:06.220+0000] {processor.py:830} INFO - Processing file /home/airflow/.local/lib/python3.12/site-packages/airflow/example_dags/example_task_group_decorator.py for tasks to queue
[2024-05-08T15:03:06.223+0000] {logging_mixin.py:188} INFO - [2024-05-08T15:03:06.223+0000] {dagbag.py:545} INFO - Filling up the DagBag from /home/airflow/.local/lib/python3.12/site-packages/airflow/example_dags/example_task_group_decorator.py
[2024-05-08T15:03:06.250+0000] {processor.py:840} INFO - DAG(s) 'example_task_group_decorator' retrieved from /home/airflow/.local/lib/python3.12/site-packages/airflow/example_dags/example_task_group_decorator.py
[2024-05-08T15:03:06.294+0000] {logging_mixin.py:188} INFO - [2024-05-08T15:03:06.294+0000] {dag.py:3096} INFO - Sync 1 DAGs
[2024-05-08T15:03:06.354+0000] {logging_mixin.py:188} INFO - [2024-05-08T15:03:06.353+0000] {dag.py:3954} INFO - Setting next_dagrun for example_task_group_decorator to 2024-05-07 00:00:00+00:00, run_after=2024-05-08 00:00:00+00:00
[2024-05-08T15:03:06.397+0000] {processor.py:183} INFO - Processing /home/airflow/.local/lib/python3.12/site-packages/airflow/example_dags/example_task_group_decorator.py took 0.188 seconds
[2024-05-08T15:03:36.952+0000] {processor.py:161} INFO - Started process (PID=6208) to work on /home/airflow/.local/lib/python3.12/site-packages/airflow/example_dags/example_task_group_decorator.py
[2024-05-08T15:03:36.954+0000] {processor.py:830} INFO - Processing file /home/airflow/.local/lib/python3.12/site-packages/airflow/example_dags/example_task_group_decorator.py for tasks to queue
[2024-05-08T15:03:36.957+0000] {logging_mixin.py:188} INFO - [2024-05-08T15:03:36.957+0000] {dagbag.py:545} INFO - Filling up the DagBag from /home/airflow/.local/lib/python3.12/site-packages/airflow/example_dags/example_task_group_decorator.py
[2024-05-08T15:03:36.983+0000] {processor.py:840} INFO - DAG(s) 'example_task_group_decorator' retrieved from /home/airflow/.local/lib/python3.12/site-packages/airflow/example_dags/example_task_group_decorator.py
[2024-05-08T15:03:37.026+0000] {logging_mixin.py:188} INFO - [2024-05-08T15:03:37.026+0000] {dag.py:3096} INFO - Sync 1 DAGs
[2024-05-08T15:03:37.060+0000] {logging_mixin.py:188} INFO - [2024-05-08T15:03:37.060+0000] {dag.py:3954} INFO - Setting next_dagrun for example_task_group_decorator to 2024-05-07 00:00:00+00:00, run_after=2024-05-08 00:00:00+00:00
[2024-05-08T15:03:37.093+0000] {processor.py:183} INFO - Processing /home/airflow/.local/lib/python3.12/site-packages/airflow/example_dags/example_task_group_decorator.py took 0.150 seconds
[2024-05-08T15:04:08.030+0000] {processor.py:161} INFO - Started process (PID=6470) to work on /home/airflow/.local/lib/python3.12/site-packages/airflow/example_dags/example_task_group_decorator.py
[2024-05-08T15:04:08.043+0000] {processor.py:830} INFO - Processing file /home/airflow/.local/lib/python3.12/site-packages/airflow/example_dags/example_task_group_decorator.py for tasks to queue
[2024-05-08T15:04:08.053+0000] {logging_mixin.py:188} INFO - [2024-05-08T15:04:08.047+0000] {dagbag.py:545} INFO - Filling up the DagBag from /home/airflow/.local/lib/python3.12/site-packages/airflow/example_dags/example_task_group_decorator.py
[2024-05-08T15:04:08.109+0000] {processor.py:840} INFO - DAG(s) 'example_task_group_decorator' retrieved from /home/airflow/.local/lib/python3.12/site-packages/airflow/example_dags/example_task_group_decorator.py
[2024-05-08T15:04:08.205+0000] {logging_mixin.py:188} INFO - [2024-05-08T15:04:08.204+0000] {dag.py:3096} INFO - Sync 1 DAGs
[2024-05-08T15:04:08.284+0000] {logging_mixin.py:188} INFO - [2024-05-08T15:04:08.281+0000] {dag.py:3954} INFO - Setting next_dagrun for example_task_group_decorator to 2024-05-07 00:00:00+00:00, run_after=2024-05-08 00:00:00+00:00
[2024-05-08T15:04:08.351+0000] {processor.py:183} INFO - Processing /home/airflow/.local/lib/python3.12/site-packages/airflow/example_dags/example_task_group_decorator.py took 0.363 seconds
[2024-05-08T15:04:38.502+0000] {processor.py:161} INFO - Started process (PID=6732) to work on /home/airflow/.local/lib/python3.12/site-packages/airflow/example_dags/example_task_group_decorator.py
[2024-05-08T15:04:38.503+0000] {processor.py:830} INFO - Processing file /home/airflow/.local/lib/python3.12/site-packages/airflow/example_dags/example_task_group_decorator.py for tasks to queue
[2024-05-08T15:04:38.506+0000] {logging_mixin.py:188} INFO - [2024-05-08T15:04:38.506+0000] {dagbag.py:545} INFO - Filling up the DagBag from /home/airflow/.local/lib/python3.12/site-packages/airflow/example_dags/example_task_group_decorator.py
[2024-05-08T15:04:38.541+0000] {processor.py:840} INFO - DAG(s) 'example_task_group_decorator' retrieved from /home/airflow/.local/lib/python3.12/site-packages/airflow/example_dags/example_task_group_decorator.py
[2024-05-08T15:04:38.583+0000] {logging_mixin.py:188} INFO - [2024-05-08T15:04:38.582+0000] {dag.py:3096} INFO - Sync 1 DAGs
[2024-05-08T15:04:38.616+0000] {logging_mixin.py:188} INFO - [2024-05-08T15:04:38.616+0000] {dag.py:3954} INFO - Setting next_dagrun for example_task_group_decorator to 2024-05-07 00:00:00+00:00, run_after=2024-05-08 00:00:00+00:00
[2024-05-08T15:04:38.649+0000] {processor.py:183} INFO - Processing /home/airflow/.local/lib/python3.12/site-packages/airflow/example_dags/example_task_group_decorator.py took 0.157 seconds
[2024-05-08T15:05:11.225+0000] {processor.py:161} INFO - Started process (PID=6994) to work on /home/airflow/.local/lib/python3.12/site-packages/airflow/example_dags/example_task_group_decorator.py
[2024-05-08T15:05:11.243+0000] {processor.py:830} INFO - Processing file /home/airflow/.local/lib/python3.12/site-packages/airflow/example_dags/example_task_group_decorator.py for tasks to queue
[2024-05-08T15:05:11.254+0000] {logging_mixin.py:188} INFO - [2024-05-08T15:05:11.253+0000] {dagbag.py:545} INFO - Filling up the DagBag from /home/airflow/.local/lib/python3.12/site-packages/airflow/example_dags/example_task_group_decorator.py
[2024-05-08T15:05:11.420+0000] {processor.py:840} INFO - DAG(s) 'example_task_group_decorator' retrieved from /home/airflow/.local/lib/python3.12/site-packages/airflow/example_dags/example_task_group_decorator.py
[2024-05-08T15:05:11.650+0000] {logging_mixin.py:188} INFO - [2024-05-08T15:05:11.650+0000] {dag.py:3096} INFO - Sync 1 DAGs
[2024-05-08T15:05:11.772+0000] {logging_mixin.py:188} INFO - [2024-05-08T15:05:11.771+0000] {dag.py:3954} INFO - Setting next_dagrun for example_task_group_decorator to 2024-05-07 00:00:00+00:00, run_after=2024-05-08 00:00:00+00:00
[2024-05-08T15:05:11.860+0000] {processor.py:183} INFO - Processing /home/airflow/.local/lib/python3.12/site-packages/airflow/example_dags/example_task_group_decorator.py took 0.682 seconds
[2024-05-08T15:05:42.432+0000] {processor.py:161} INFO - Started process (PID=7256) to work on /home/airflow/.local/lib/python3.12/site-packages/airflow/example_dags/example_task_group_decorator.py
[2024-05-08T15:05:42.435+0000] {processor.py:830} INFO - Processing file /home/airflow/.local/lib/python3.12/site-packages/airflow/example_dags/example_task_group_decorator.py for tasks to queue
[2024-05-08T15:05:42.441+0000] {logging_mixin.py:188} INFO - [2024-05-08T15:05:42.439+0000] {dagbag.py:545} INFO - Filling up the DagBag from /home/airflow/.local/lib/python3.12/site-packages/airflow/example_dags/example_task_group_decorator.py
[2024-05-08T15:05:42.507+0000] {processor.py:840} INFO - DAG(s) 'example_task_group_decorator' retrieved from /home/airflow/.local/lib/python3.12/site-packages/airflow/example_dags/example_task_group_decorator.py
[2024-05-08T15:05:42.608+0000] {logging_mixin.py:188} INFO - [2024-05-08T15:05:42.607+0000] {dag.py:3096} INFO - Sync 1 DAGs
[2024-05-08T15:05:42.709+0000] {logging_mixin.py:188} INFO - [2024-05-08T15:05:42.709+0000] {dag.py:3954} INFO - Setting next_dagrun for example_task_group_decorator to 2024-05-07 00:00:00+00:00, run_after=2024-05-08 00:00:00+00:00
[2024-05-08T15:05:42.770+0000] {processor.py:183} INFO - Processing /home/airflow/.local/lib/python3.12/site-packages/airflow/example_dags/example_task_group_decorator.py took 0.363 seconds
[2024-05-08T15:06:12.952+0000] {processor.py:161} INFO - Started process (PID=7519) to work on /home/airflow/.local/lib/python3.12/site-packages/airflow/example_dags/example_task_group_decorator.py
[2024-05-08T15:06:12.954+0000] {processor.py:830} INFO - Processing file /home/airflow/.local/lib/python3.12/site-packages/airflow/example_dags/example_task_group_decorator.py for tasks to queue
[2024-05-08T15:06:12.957+0000] {logging_mixin.py:188} INFO - [2024-05-08T15:06:12.956+0000] {dagbag.py:545} INFO - Filling up the DagBag from /home/airflow/.local/lib/python3.12/site-packages/airflow/example_dags/example_task_group_decorator.py
[2024-05-08T15:06:12.984+0000] {processor.py:840} INFO - DAG(s) 'example_task_group_decorator' retrieved from /home/airflow/.local/lib/python3.12/site-packages/airflow/example_dags/example_task_group_decorator.py
[2024-05-08T15:06:13.022+0000] {logging_mixin.py:188} INFO - [2024-05-08T15:06:13.022+0000] {dag.py:3096} INFO - Sync 1 DAGs
[2024-05-08T15:06:13.052+0000] {logging_mixin.py:188} INFO - [2024-05-08T15:06:13.052+0000] {dag.py:3954} INFO - Setting next_dagrun for example_task_group_decorator to 2024-05-07 00:00:00+00:00, run_after=2024-05-08 00:00:00+00:00
[2024-05-08T15:06:13.080+0000] {processor.py:183} INFO - Processing /home/airflow/.local/lib/python3.12/site-packages/airflow/example_dags/example_task_group_decorator.py took 0.138 seconds
[2024-05-08T15:06:43.393+0000] {processor.py:161} INFO - Started process (PID=7779) to work on /home/airflow/.local/lib/python3.12/site-packages/airflow/example_dags/example_task_group_decorator.py
[2024-05-08T15:06:43.397+0000] {processor.py:830} INFO - Processing file /home/airflow/.local/lib/python3.12/site-packages/airflow/example_dags/example_task_group_decorator.py for tasks to queue
[2024-05-08T15:06:43.400+0000] {logging_mixin.py:188} INFO - [2024-05-08T15:06:43.400+0000] {dagbag.py:545} INFO - Filling up the DagBag from /home/airflow/.local/lib/python3.12/site-packages/airflow/example_dags/example_task_group_decorator.py
[2024-05-08T15:06:43.424+0000] {processor.py:840} INFO - DAG(s) 'example_task_group_decorator' retrieved from /home/airflow/.local/lib/python3.12/site-packages/airflow/example_dags/example_task_group_decorator.py
[2024-05-08T15:06:43.466+0000] {logging_mixin.py:188} INFO - [2024-05-08T15:06:43.466+0000] {dag.py:3096} INFO - Sync 1 DAGs
[2024-05-08T15:06:43.508+0000] {logging_mixin.py:188} INFO - [2024-05-08T15:06:43.508+0000] {dag.py:3954} INFO - Setting next_dagrun for example_task_group_decorator to 2024-05-07 00:00:00+00:00, run_after=2024-05-08 00:00:00+00:00
[2024-05-08T15:06:43.545+0000] {processor.py:183} INFO - Processing /home/airflow/.local/lib/python3.12/site-packages/airflow/example_dags/example_task_group_decorator.py took 0.161 seconds
[2024-05-08T15:07:14.061+0000] {processor.py:161} INFO - Started process (PID=8040) to work on /home/airflow/.local/lib/python3.12/site-packages/airflow/example_dags/example_task_group_decorator.py
[2024-05-08T15:07:14.064+0000] {processor.py:830} INFO - Processing file /home/airflow/.local/lib/python3.12/site-packages/airflow/example_dags/example_task_group_decorator.py for tasks to queue
[2024-05-08T15:07:14.068+0000] {logging_mixin.py:188} INFO - [2024-05-08T15:07:14.067+0000] {dagbag.py:545} INFO - Filling up the DagBag from /home/airflow/.local/lib/python3.12/site-packages/airflow/example_dags/example_task_group_decorator.py
[2024-05-08T15:07:14.098+0000] {processor.py:840} INFO - DAG(s) 'example_task_group_decorator' retrieved from /home/airflow/.local/lib/python3.12/site-packages/airflow/example_dags/example_task_group_decorator.py
[2024-05-08T15:07:14.146+0000] {logging_mixin.py:188} INFO - [2024-05-08T15:07:14.146+0000] {dag.py:3096} INFO - Sync 1 DAGs
[2024-05-08T15:07:14.189+0000] {logging_mixin.py:188} INFO - [2024-05-08T15:07:14.189+0000] {dag.py:3954} INFO - Setting next_dagrun for example_task_group_decorator to 2024-05-07 00:00:00+00:00, run_after=2024-05-08 00:00:00+00:00
[2024-05-08T15:07:14.235+0000] {processor.py:183} INFO - Processing /home/airflow/.local/lib/python3.12/site-packages/airflow/example_dags/example_task_group_decorator.py took 0.186 seconds
[2024-05-08T15:07:44.360+0000] {processor.py:161} INFO - Started process (PID=8302) to work on /home/airflow/.local/lib/python3.12/site-packages/airflow/example_dags/example_task_group_decorator.py
[2024-05-08T15:07:44.362+0000] {processor.py:830} INFO - Processing file /home/airflow/.local/lib/python3.12/site-packages/airflow/example_dags/example_task_group_decorator.py for tasks to queue
[2024-05-08T15:07:44.365+0000] {logging_mixin.py:188} INFO - [2024-05-08T15:07:44.364+0000] {dagbag.py:545} INFO - Filling up the DagBag from /home/airflow/.local/lib/python3.12/site-packages/airflow/example_dags/example_task_group_decorator.py
[2024-05-08T15:07:44.398+0000] {processor.py:840} INFO - DAG(s) 'example_task_group_decorator' retrieved from /home/airflow/.local/lib/python3.12/site-packages/airflow/example_dags/example_task_group_decorator.py
[2024-05-08T15:07:44.440+0000] {logging_mixin.py:188} INFO - [2024-05-08T15:07:44.439+0000] {dag.py:3096} INFO - Sync 1 DAGs
[2024-05-08T15:07:44.483+0000] {logging_mixin.py:188} INFO - [2024-05-08T15:07:44.482+0000] {dag.py:3954} INFO - Setting next_dagrun for example_task_group_decorator to 2024-05-07 00:00:00+00:00, run_after=2024-05-08 00:00:00+00:00
[2024-05-08T15:07:44.521+0000] {processor.py:183} INFO - Processing /home/airflow/.local/lib/python3.12/site-packages/airflow/example_dags/example_task_group_decorator.py took 0.169 seconds
[2024-05-08T15:08:14.601+0000] {processor.py:161} INFO - Started process (PID=8564) to work on /home/airflow/.local/lib/python3.12/site-packages/airflow/example_dags/example_task_group_decorator.py
[2024-05-08T15:08:14.606+0000] {processor.py:830} INFO - Processing file /home/airflow/.local/lib/python3.12/site-packages/airflow/example_dags/example_task_group_decorator.py for tasks to queue
[2024-05-08T15:08:14.609+0000] {logging_mixin.py:188} INFO - [2024-05-08T15:08:14.609+0000] {dagbag.py:545} INFO - Filling up the DagBag from /home/airflow/.local/lib/python3.12/site-packages/airflow/example_dags/example_task_group_decorator.py
[2024-05-08T15:08:14.634+0000] {processor.py:840} INFO - DAG(s) 'example_task_group_decorator' retrieved from /home/airflow/.local/lib/python3.12/site-packages/airflow/example_dags/example_task_group_decorator.py
[2024-05-08T15:08:14.683+0000] {logging_mixin.py:188} INFO - [2024-05-08T15:08:14.682+0000] {dag.py:3096} INFO - Sync 1 DAGs
[2024-05-08T15:08:14.741+0000] {logging_mixin.py:188} INFO - [2024-05-08T15:08:14.741+0000] {dag.py:3954} INFO - Setting next_dagrun for example_task_group_decorator to 2024-05-07 00:00:00+00:00, run_after=2024-05-08 00:00:00+00:00
[2024-05-08T15:08:14.786+0000] {processor.py:183} INFO - Processing /home/airflow/.local/lib/python3.12/site-packages/airflow/example_dags/example_task_group_decorator.py took 0.193 seconds
[2024-05-08T15:08:45.045+0000] {processor.py:161} INFO - Started process (PID=8826) to work on /home/airflow/.local/lib/python3.12/site-packages/airflow/example_dags/example_task_group_decorator.py
[2024-05-08T15:08:45.048+0000] {processor.py:830} INFO - Processing file /home/airflow/.local/lib/python3.12/site-packages/airflow/example_dags/example_task_group_decorator.py for tasks to queue
[2024-05-08T15:08:45.052+0000] {logging_mixin.py:188} INFO - [2024-05-08T15:08:45.052+0000] {dagbag.py:545} INFO - Filling up the DagBag from /home/airflow/.local/lib/python3.12/site-packages/airflow/example_dags/example_task_group_decorator.py
[2024-05-08T15:08:45.101+0000] {processor.py:840} INFO - DAG(s) 'example_task_group_decorator' retrieved from /home/airflow/.local/lib/python3.12/site-packages/airflow/example_dags/example_task_group_decorator.py
[2024-05-08T15:08:45.229+0000] {logging_mixin.py:188} INFO - [2024-05-08T15:08:45.229+0000] {dag.py:3096} INFO - Sync 1 DAGs
[2024-05-08T15:08:45.274+0000] {logging_mixin.py:188} INFO - [2024-05-08T15:08:45.273+0000] {dag.py:3954} INFO - Setting next_dagrun for example_task_group_decorator to 2024-05-07 00:00:00+00:00, run_after=2024-05-08 00:00:00+00:00
[2024-05-08T15:08:45.350+0000] {processor.py:183} INFO - Processing /home/airflow/.local/lib/python3.12/site-packages/airflow/example_dags/example_task_group_decorator.py took 0.314 seconds
