[2024-05-08T14:51:56.945+0000] {processor.py:161} INFO - Started process (PID=382) to work on /home/airflow/.local/lib/python3.12/site-packages/airflow/example_dags/example_dag_decorator.py
[2024-05-08T14:51:56.947+0000] {processor.py:830} INFO - Processing file /home/airflow/.local/lib/python3.12/site-packages/airflow/example_dags/example_dag_decorator.py for tasks to queue
[2024-05-08T14:51:56.951+0000] {logging_mixin.py:188} INFO - [2024-05-08T14:51:56.950+0000] {dagbag.py:545} INFO - Filling up the DagBag from /home/airflow/.local/lib/python3.12/site-packages/airflow/example_dags/example_dag_decorator.py
[2024-05-08T14:51:57.768+0000] {processor.py:840} INFO - DAG(s) 'example_dag_decorator' retrieved from /home/airflow/.local/lib/python3.12/site-packages/airflow/example_dags/example_dag_decorator.py
[2024-05-08T14:51:58.110+0000] {logging_mixin.py:188} INFO - [2024-05-08T14:51:58.109+0000] {dag.py:3096} INFO - Sync 1 DAGs
[2024-05-08T14:51:58.149+0000] {logging_mixin.py:188} INFO - [2024-05-08T14:51:58.149+0000] {dag.py:3954} INFO - Setting next_dagrun for example_dag_decorator to None, run_after=None
[2024-05-08T14:51:58.195+0000] {processor.py:183} INFO - Processing /home/airflow/.local/lib/python3.12/site-packages/airflow/example_dags/example_dag_decorator.py took 1.261 seconds
[2024-05-08T14:52:28.936+0000] {processor.py:161} INFO - Started process (PID=644) to work on /home/airflow/.local/lib/python3.12/site-packages/airflow/example_dags/example_dag_decorator.py
[2024-05-08T14:52:28.938+0000] {processor.py:830} INFO - Processing file /home/airflow/.local/lib/python3.12/site-packages/airflow/example_dags/example_dag_decorator.py for tasks to queue
[2024-05-08T14:52:28.948+0000] {logging_mixin.py:188} INFO - [2024-05-08T14:52:28.947+0000] {dagbag.py:545} INFO - Filling up the DagBag from /home/airflow/.local/lib/python3.12/site-packages/airflow/example_dags/example_dag_decorator.py
[2024-05-08T14:52:29.765+0000] {processor.py:840} INFO - DAG(s) 'example_dag_decorator' retrieved from /home/airflow/.local/lib/python3.12/site-packages/airflow/example_dags/example_dag_decorator.py
[2024-05-08T14:52:29.906+0000] {logging_mixin.py:188} INFO - [2024-05-08T14:52:29.905+0000] {dag.py:3096} INFO - Sync 1 DAGs
[2024-05-08T14:52:29.944+0000] {logging_mixin.py:188} INFO - [2024-05-08T14:52:29.943+0000] {dag.py:3954} INFO - Setting next_dagrun for example_dag_decorator to None, run_after=None
[2024-05-08T14:52:29.996+0000] {processor.py:183} INFO - Processing /home/airflow/.local/lib/python3.12/site-packages/airflow/example_dags/example_dag_decorator.py took 1.119 seconds
[2024-05-08T14:53:02.898+0000] {processor.py:161} INFO - Started process (PID=906) to work on /home/airflow/.local/lib/python3.12/site-packages/airflow/example_dags/example_dag_decorator.py
[2024-05-08T14:53:02.933+0000] {processor.py:830} INFO - Processing file /home/airflow/.local/lib/python3.12/site-packages/airflow/example_dags/example_dag_decorator.py for tasks to queue
[2024-05-08T14:53:02.955+0000] {logging_mixin.py:188} INFO - [2024-05-08T14:53:02.946+0000] {dagbag.py:545} INFO - Filling up the DagBag from /home/airflow/.local/lib/python3.12/site-packages/airflow/example_dags/example_dag_decorator.py
[2024-05-08T14:53:03.374+0000] {processor.py:840} INFO - DAG(s) 'example_dag_decorator' retrieved from /home/airflow/.local/lib/python3.12/site-packages/airflow/example_dags/example_dag_decorator.py
[2024-05-08T14:53:03.549+0000] {logging_mixin.py:188} INFO - [2024-05-08T14:53:03.549+0000] {dag.py:3096} INFO - Sync 1 DAGs
[2024-05-08T14:53:03.577+0000] {logging_mixin.py:188} INFO - [2024-05-08T14:53:03.577+0000] {dag.py:3954} INFO - Setting next_dagrun for example_dag_decorator to None, run_after=None
[2024-05-08T14:53:03.647+0000] {processor.py:183} INFO - Processing /home/airflow/.local/lib/python3.12/site-packages/airflow/example_dags/example_dag_decorator.py took 0.777 seconds
[2024-05-08T14:53:34.358+0000] {processor.py:161} INFO - Started process (PID=1168) to work on /home/airflow/.local/lib/python3.12/site-packages/airflow/example_dags/example_dag_decorator.py
[2024-05-08T14:53:34.363+0000] {processor.py:830} INFO - Processing file /home/airflow/.local/lib/python3.12/site-packages/airflow/example_dags/example_dag_decorator.py for tasks to queue
[2024-05-08T14:53:34.366+0000] {logging_mixin.py:188} INFO - [2024-05-08T14:53:34.366+0000] {dagbag.py:545} INFO - Filling up the DagBag from /home/airflow/.local/lib/python3.12/site-packages/airflow/example_dags/example_dag_decorator.py
[2024-05-08T14:53:34.537+0000] {processor.py:840} INFO - DAG(s) 'example_dag_decorator' retrieved from /home/airflow/.local/lib/python3.12/site-packages/airflow/example_dags/example_dag_decorator.py
[2024-05-08T14:53:34.713+0000] {logging_mixin.py:188} INFO - [2024-05-08T14:53:34.713+0000] {dag.py:3096} INFO - Sync 1 DAGs
[2024-05-08T14:53:34.731+0000] {logging_mixin.py:188} INFO - [2024-05-08T14:53:34.731+0000] {dag.py:3954} INFO - Setting next_dagrun for example_dag_decorator to None, run_after=None
[2024-05-08T14:53:34.765+0000] {processor.py:183} INFO - Processing /home/airflow/.local/lib/python3.12/site-packages/airflow/example_dags/example_dag_decorator.py took 0.416 seconds
[2024-05-08T14:54:16.478+0000] {processor.py:161} INFO - Started process (PID=1441) to work on /home/airflow/.local/lib/python3.12/site-packages/airflow/example_dags/example_dag_decorator.py
[2024-05-08T14:54:16.485+0000] {processor.py:830} INFO - Processing file /home/airflow/.local/lib/python3.12/site-packages/airflow/example_dags/example_dag_decorator.py for tasks to queue
[2024-05-08T14:54:16.494+0000] {logging_mixin.py:188} INFO - [2024-05-08T14:54:16.493+0000] {dagbag.py:545} INFO - Filling up the DagBag from /home/airflow/.local/lib/python3.12/site-packages/airflow/example_dags/example_dag_decorator.py
[2024-05-08T14:54:16.899+0000] {processor.py:840} INFO - DAG(s) 'example_dag_decorator' retrieved from /home/airflow/.local/lib/python3.12/site-packages/airflow/example_dags/example_dag_decorator.py
[2024-05-08T14:54:17.021+0000] {logging_mixin.py:188} INFO - [2024-05-08T14:54:17.021+0000] {dag.py:3096} INFO - Sync 1 DAGs
[2024-05-08T14:54:17.081+0000] {logging_mixin.py:188} INFO - [2024-05-08T14:54:17.081+0000] {dag.py:3954} INFO - Setting next_dagrun for example_dag_decorator to None, run_after=None
[2024-05-08T14:54:17.155+0000] {processor.py:183} INFO - Processing /home/airflow/.local/lib/python3.12/site-packages/airflow/example_dags/example_dag_decorator.py took 0.729 seconds
[2024-05-08T14:54:47.522+0000] {processor.py:161} INFO - Started process (PID=1703) to work on /home/airflow/.local/lib/python3.12/site-packages/airflow/example_dags/example_dag_decorator.py
[2024-05-08T14:54:47.525+0000] {processor.py:830} INFO - Processing file /home/airflow/.local/lib/python3.12/site-packages/airflow/example_dags/example_dag_decorator.py for tasks to queue
[2024-05-08T14:54:47.530+0000] {logging_mixin.py:188} INFO - [2024-05-08T14:54:47.529+0000] {dagbag.py:545} INFO - Filling up the DagBag from /home/airflow/.local/lib/python3.12/site-packages/airflow/example_dags/example_dag_decorator.py
[2024-05-08T14:54:47.669+0000] {processor.py:840} INFO - DAG(s) 'example_dag_decorator' retrieved from /home/airflow/.local/lib/python3.12/site-packages/airflow/example_dags/example_dag_decorator.py
[2024-05-08T14:54:47.978+0000] {logging_mixin.py:188} INFO - [2024-05-08T14:54:47.978+0000] {dag.py:3096} INFO - Sync 1 DAGs
[2024-05-08T14:54:47.997+0000] {logging_mixin.py:188} INFO - [2024-05-08T14:54:47.996+0000] {dag.py:3954} INFO - Setting next_dagrun for example_dag_decorator to None, run_after=None
[2024-05-08T14:54:48.031+0000] {processor.py:183} INFO - Processing /home/airflow/.local/lib/python3.12/site-packages/airflow/example_dags/example_dag_decorator.py took 0.522 seconds
[2024-05-08T14:55:18.603+0000] {processor.py:161} INFO - Started process (PID=1965) to work on /home/airflow/.local/lib/python3.12/site-packages/airflow/example_dags/example_dag_decorator.py
[2024-05-08T14:55:18.607+0000] {processor.py:830} INFO - Processing file /home/airflow/.local/lib/python3.12/site-packages/airflow/example_dags/example_dag_decorator.py for tasks to queue
[2024-05-08T14:55:18.611+0000] {logging_mixin.py:188} INFO - [2024-05-08T14:55:18.610+0000] {dagbag.py:545} INFO - Filling up the DagBag from /home/airflow/.local/lib/python3.12/site-packages/airflow/example_dags/example_dag_decorator.py
[2024-05-08T14:55:18.820+0000] {processor.py:840} INFO - DAG(s) 'example_dag_decorator' retrieved from /home/airflow/.local/lib/python3.12/site-packages/airflow/example_dags/example_dag_decorator.py
[2024-05-08T14:55:18.873+0000] {logging_mixin.py:188} INFO - [2024-05-08T14:55:18.873+0000] {dag.py:3096} INFO - Sync 1 DAGs
[2024-05-08T14:55:18.929+0000] {logging_mixin.py:188} INFO - [2024-05-08T14:55:18.929+0000] {dag.py:3954} INFO - Setting next_dagrun for example_dag_decorator to None, run_after=None
[2024-05-08T14:55:19.031+0000] {processor.py:183} INFO - Processing /home/airflow/.local/lib/python3.12/site-packages/airflow/example_dags/example_dag_decorator.py took 0.440 seconds
[2024-05-08T14:55:49.149+0000] {processor.py:161} INFO - Started process (PID=2226) to work on /home/airflow/.local/lib/python3.12/site-packages/airflow/example_dags/example_dag_decorator.py
[2024-05-08T14:55:49.150+0000] {processor.py:830} INFO - Processing file /home/airflow/.local/lib/python3.12/site-packages/airflow/example_dags/example_dag_decorator.py for tasks to queue
[2024-05-08T14:55:49.153+0000] {logging_mixin.py:188} INFO - [2024-05-08T14:55:49.153+0000] {dagbag.py:545} INFO - Filling up the DagBag from /home/airflow/.local/lib/python3.12/site-packages/airflow/example_dags/example_dag_decorator.py
[2024-05-08T14:55:49.305+0000] {processor.py:840} INFO - DAG(s) 'example_dag_decorator' retrieved from /home/airflow/.local/lib/python3.12/site-packages/airflow/example_dags/example_dag_decorator.py
[2024-05-08T14:55:49.350+0000] {logging_mixin.py:188} INFO - [2024-05-08T14:55:49.350+0000] {dag.py:3096} INFO - Sync 1 DAGs
[2024-05-08T14:55:49.379+0000] {logging_mixin.py:188} INFO - [2024-05-08T14:55:49.379+0000] {dag.py:3954} INFO - Setting next_dagrun for example_dag_decorator to None, run_after=None
[2024-05-08T14:55:49.410+0000] {processor.py:183} INFO - Processing /home/airflow/.local/lib/python3.12/site-packages/airflow/example_dags/example_dag_decorator.py took 0.271 seconds
[2024-05-08T14:56:19.623+0000] {processor.py:161} INFO - Started process (PID=2488) to work on /home/airflow/.local/lib/python3.12/site-packages/airflow/example_dags/example_dag_decorator.py
[2024-05-08T14:56:19.624+0000] {processor.py:830} INFO - Processing file /home/airflow/.local/lib/python3.12/site-packages/airflow/example_dags/example_dag_decorator.py for tasks to queue
[2024-05-08T14:56:19.630+0000] {logging_mixin.py:188} INFO - [2024-05-08T14:56:19.629+0000] {dagbag.py:545} INFO - Filling up the DagBag from /home/airflow/.local/lib/python3.12/site-packages/airflow/example_dags/example_dag_decorator.py
[2024-05-08T14:56:20.329+0000] {processor.py:840} INFO - DAG(s) 'example_dag_decorator' retrieved from /home/airflow/.local/lib/python3.12/site-packages/airflow/example_dags/example_dag_decorator.py
[2024-05-08T14:56:20.558+0000] {logging_mixin.py:188} INFO - [2024-05-08T14:56:20.557+0000] {dag.py:3096} INFO - Sync 1 DAGs
[2024-05-08T14:56:20.588+0000] {logging_mixin.py:188} INFO - [2024-05-08T14:56:20.587+0000] {dag.py:3954} INFO - Setting next_dagrun for example_dag_decorator to None, run_after=None
[2024-05-08T14:56:20.628+0000] {processor.py:183} INFO - Processing /home/airflow/.local/lib/python3.12/site-packages/airflow/example_dags/example_dag_decorator.py took 1.014 seconds
[2024-05-08T14:56:50.993+0000] {processor.py:161} INFO - Started process (PID=2750) to work on /home/airflow/.local/lib/python3.12/site-packages/airflow/example_dags/example_dag_decorator.py
[2024-05-08T14:56:50.996+0000] {processor.py:830} INFO - Processing file /home/airflow/.local/lib/python3.12/site-packages/airflow/example_dags/example_dag_decorator.py for tasks to queue
[2024-05-08T14:56:51.001+0000] {logging_mixin.py:188} INFO - [2024-05-08T14:56:51.000+0000] {dagbag.py:545} INFO - Filling up the DagBag from /home/airflow/.local/lib/python3.12/site-packages/airflow/example_dags/example_dag_decorator.py
[2024-05-08T14:56:51.177+0000] {processor.py:840} INFO - DAG(s) 'example_dag_decorator' retrieved from /home/airflow/.local/lib/python3.12/site-packages/airflow/example_dags/example_dag_decorator.py
[2024-05-08T14:56:51.361+0000] {logging_mixin.py:188} INFO - [2024-05-08T14:56:51.360+0000] {dag.py:3096} INFO - Sync 1 DAGs
[2024-05-08T14:56:51.380+0000] {logging_mixin.py:188} INFO - [2024-05-08T14:56:51.379+0000] {dag.py:3954} INFO - Setting next_dagrun for example_dag_decorator to None, run_after=None
[2024-05-08T14:56:51.415+0000] {processor.py:183} INFO - Processing /home/airflow/.local/lib/python3.12/site-packages/airflow/example_dags/example_dag_decorator.py took 0.430 seconds
[2024-05-08T14:57:21.838+0000] {processor.py:161} INFO - Started process (PID=3013) to work on /home/airflow/.local/lib/python3.12/site-packages/airflow/example_dags/example_dag_decorator.py
[2024-05-08T14:57:21.843+0000] {processor.py:830} INFO - Processing file /home/airflow/.local/lib/python3.12/site-packages/airflow/example_dags/example_dag_decorator.py for tasks to queue
[2024-05-08T14:57:21.848+0000] {logging_mixin.py:188} INFO - [2024-05-08T14:57:21.847+0000] {dagbag.py:545} INFO - Filling up the DagBag from /home/airflow/.local/lib/python3.12/site-packages/airflow/example_dags/example_dag_decorator.py
[2024-05-08T14:57:22.012+0000] {processor.py:840} INFO - DAG(s) 'example_dag_decorator' retrieved from /home/airflow/.local/lib/python3.12/site-packages/airflow/example_dags/example_dag_decorator.py
[2024-05-08T14:57:22.210+0000] {logging_mixin.py:188} INFO - [2024-05-08T14:57:22.209+0000] {dag.py:3096} INFO - Sync 1 DAGs
[2024-05-08T14:57:22.228+0000] {logging_mixin.py:188} INFO - [2024-05-08T14:57:22.228+0000] {dag.py:3954} INFO - Setting next_dagrun for example_dag_decorator to None, run_after=None
[2024-05-08T14:57:22.261+0000] {processor.py:183} INFO - Processing /home/airflow/.local/lib/python3.12/site-packages/airflow/example_dags/example_dag_decorator.py took 0.434 seconds
[2024-05-08T14:57:52.493+0000] {processor.py:161} INFO - Started process (PID=3274) to work on /home/airflow/.local/lib/python3.12/site-packages/airflow/example_dags/example_dag_decorator.py
[2024-05-08T14:57:52.496+0000] {processor.py:830} INFO - Processing file /home/airflow/.local/lib/python3.12/site-packages/airflow/example_dags/example_dag_decorator.py for tasks to queue
[2024-05-08T14:57:52.500+0000] {logging_mixin.py:188} INFO - [2024-05-08T14:57:52.500+0000] {dagbag.py:545} INFO - Filling up the DagBag from /home/airflow/.local/lib/python3.12/site-packages/airflow/example_dags/example_dag_decorator.py
[2024-05-08T14:57:52.871+0000] {processor.py:840} INFO - DAG(s) 'example_dag_decorator' retrieved from /home/airflow/.local/lib/python3.12/site-packages/airflow/example_dags/example_dag_decorator.py
[2024-05-08T14:57:53.057+0000] {logging_mixin.py:188} INFO - [2024-05-08T14:57:53.057+0000] {dag.py:3096} INFO - Sync 1 DAGs
[2024-05-08T14:57:53.078+0000] {logging_mixin.py:188} INFO - [2024-05-08T14:57:53.078+0000] {dag.py:3954} INFO - Setting next_dagrun for example_dag_decorator to None, run_after=None
[2024-05-08T14:57:53.188+0000] {processor.py:183} INFO - Processing /home/airflow/.local/lib/python3.12/site-packages/airflow/example_dags/example_dag_decorator.py took 0.710 seconds
[2024-05-08T14:58:23.350+0000] {processor.py:161} INFO - Started process (PID=3539) to work on /home/airflow/.local/lib/python3.12/site-packages/airflow/example_dags/example_dag_decorator.py
[2024-05-08T14:58:23.352+0000] {processor.py:830} INFO - Processing file /home/airflow/.local/lib/python3.12/site-packages/airflow/example_dags/example_dag_decorator.py for tasks to queue
[2024-05-08T14:58:23.355+0000] {logging_mixin.py:188} INFO - [2024-05-08T14:58:23.354+0000] {dagbag.py:545} INFO - Filling up the DagBag from /home/airflow/.local/lib/python3.12/site-packages/airflow/example_dags/example_dag_decorator.py
[2024-05-08T14:58:23.559+0000] {processor.py:840} INFO - DAG(s) 'example_dag_decorator' retrieved from /home/airflow/.local/lib/python3.12/site-packages/airflow/example_dags/example_dag_decorator.py
[2024-05-08T14:58:23.632+0000] {logging_mixin.py:188} INFO - [2024-05-08T14:58:23.631+0000] {dag.py:3096} INFO - Sync 1 DAGs
[2024-05-08T14:58:23.676+0000] {logging_mixin.py:188} INFO - [2024-05-08T14:58:23.675+0000] {dag.py:3954} INFO - Setting next_dagrun for example_dag_decorator to None, run_after=None
[2024-05-08T14:58:23.728+0000] {processor.py:183} INFO - Processing /home/airflow/.local/lib/python3.12/site-packages/airflow/example_dags/example_dag_decorator.py took 0.391 seconds
[2024-05-08T14:58:53.867+0000] {processor.py:161} INFO - Started process (PID=3804) to work on /home/airflow/.local/lib/python3.12/site-packages/airflow/example_dags/example_dag_decorator.py
[2024-05-08T14:58:53.869+0000] {processor.py:830} INFO - Processing file /home/airflow/.local/lib/python3.12/site-packages/airflow/example_dags/example_dag_decorator.py for tasks to queue
[2024-05-08T14:58:53.872+0000] {logging_mixin.py:188} INFO - [2024-05-08T14:58:53.872+0000] {dagbag.py:545} INFO - Filling up the DagBag from /home/airflow/.local/lib/python3.12/site-packages/airflow/example_dags/example_dag_decorator.py
[2024-05-08T14:58:54.016+0000] {processor.py:840} INFO - DAG(s) 'example_dag_decorator' retrieved from /home/airflow/.local/lib/python3.12/site-packages/airflow/example_dags/example_dag_decorator.py
[2024-05-08T14:58:54.202+0000] {logging_mixin.py:188} INFO - [2024-05-08T14:58:54.202+0000] {dag.py:3096} INFO - Sync 1 DAGs
[2024-05-08T14:58:54.220+0000] {logging_mixin.py:188} INFO - [2024-05-08T14:58:54.220+0000] {dag.py:3954} INFO - Setting next_dagrun for example_dag_decorator to None, run_after=None
[2024-05-08T14:58:54.255+0000] {processor.py:183} INFO - Processing /home/airflow/.local/lib/python3.12/site-packages/airflow/example_dags/example_dag_decorator.py took 0.398 seconds
[2024-05-08T14:59:24.569+0000] {processor.py:161} INFO - Started process (PID=4071) to work on /home/airflow/.local/lib/python3.12/site-packages/airflow/example_dags/example_dag_decorator.py
[2024-05-08T14:59:24.571+0000] {processor.py:830} INFO - Processing file /home/airflow/.local/lib/python3.12/site-packages/airflow/example_dags/example_dag_decorator.py for tasks to queue
[2024-05-08T14:59:24.575+0000] {logging_mixin.py:188} INFO - [2024-05-08T14:59:24.574+0000] {dagbag.py:545} INFO - Filling up the DagBag from /home/airflow/.local/lib/python3.12/site-packages/airflow/example_dags/example_dag_decorator.py
[2024-05-08T14:59:24.740+0000] {processor.py:840} INFO - DAG(s) 'example_dag_decorator' retrieved from /home/airflow/.local/lib/python3.12/site-packages/airflow/example_dags/example_dag_decorator.py
[2024-05-08T14:59:24.970+0000] {logging_mixin.py:188} INFO - [2024-05-08T14:59:24.969+0000] {dag.py:3096} INFO - Sync 1 DAGs
[2024-05-08T14:59:25.004+0000] {logging_mixin.py:188} INFO - [2024-05-08T14:59:25.004+0000] {dag.py:3954} INFO - Setting next_dagrun for example_dag_decorator to None, run_after=None
[2024-05-08T14:59:25.052+0000] {processor.py:183} INFO - Processing /home/airflow/.local/lib/python3.12/site-packages/airflow/example_dags/example_dag_decorator.py took 0.499 seconds
[2024-05-08T14:59:55.105+0000] {processor.py:161} INFO - Started process (PID=4337) to work on /home/airflow/.local/lib/python3.12/site-packages/airflow/example_dags/example_dag_decorator.py
[2024-05-08T14:59:55.110+0000] {processor.py:830} INFO - Processing file /home/airflow/.local/lib/python3.12/site-packages/airflow/example_dags/example_dag_decorator.py for tasks to queue
[2024-05-08T14:59:55.114+0000] {logging_mixin.py:188} INFO - [2024-05-08T14:59:55.113+0000] {dagbag.py:545} INFO - Filling up the DagBag from /home/airflow/.local/lib/python3.12/site-packages/airflow/example_dags/example_dag_decorator.py
[2024-05-08T14:59:55.322+0000] {processor.py:840} INFO - DAG(s) 'example_dag_decorator' retrieved from /home/airflow/.local/lib/python3.12/site-packages/airflow/example_dags/example_dag_decorator.py
[2024-05-08T14:59:55.543+0000] {logging_mixin.py:188} INFO - [2024-05-08T14:59:55.543+0000] {dag.py:3096} INFO - Sync 1 DAGs
[2024-05-08T14:59:55.561+0000] {logging_mixin.py:188} INFO - [2024-05-08T14:59:55.561+0000] {dag.py:3954} INFO - Setting next_dagrun for example_dag_decorator to None, run_after=None
[2024-05-08T14:59:55.592+0000] {processor.py:183} INFO - Processing /home/airflow/.local/lib/python3.12/site-packages/airflow/example_dags/example_dag_decorator.py took 0.498 seconds
[2024-05-08T15:00:26.083+0000] {processor.py:161} INFO - Started process (PID=4604) to work on /home/airflow/.local/lib/python3.12/site-packages/airflow/example_dags/example_dag_decorator.py
[2024-05-08T15:00:26.085+0000] {processor.py:830} INFO - Processing file /home/airflow/.local/lib/python3.12/site-packages/airflow/example_dags/example_dag_decorator.py for tasks to queue
[2024-05-08T15:00:26.087+0000] {logging_mixin.py:188} INFO - [2024-05-08T15:00:26.087+0000] {dagbag.py:545} INFO - Filling up the DagBag from /home/airflow/.local/lib/python3.12/site-packages/airflow/example_dags/example_dag_decorator.py
[2024-05-08T15:00:26.268+0000] {processor.py:840} INFO - DAG(s) 'example_dag_decorator' retrieved from /home/airflow/.local/lib/python3.12/site-packages/airflow/example_dags/example_dag_decorator.py
[2024-05-08T15:00:26.452+0000] {logging_mixin.py:188} INFO - [2024-05-08T15:00:26.452+0000] {dag.py:3096} INFO - Sync 1 DAGs
[2024-05-08T15:00:26.467+0000] {logging_mixin.py:188} INFO - [2024-05-08T15:00:26.466+0000] {dag.py:3954} INFO - Setting next_dagrun for example_dag_decorator to None, run_after=None
[2024-05-08T15:00:26.496+0000] {processor.py:183} INFO - Processing /home/airflow/.local/lib/python3.12/site-packages/airflow/example_dags/example_dag_decorator.py took 0.423 seconds
[2024-05-08T15:00:57.479+0000] {processor.py:161} INFO - Started process (PID=4872) to work on /home/airflow/.local/lib/python3.12/site-packages/airflow/example_dags/example_dag_decorator.py
[2024-05-08T15:00:57.485+0000] {processor.py:830} INFO - Processing file /home/airflow/.local/lib/python3.12/site-packages/airflow/example_dags/example_dag_decorator.py for tasks to queue
[2024-05-08T15:00:57.489+0000] {logging_mixin.py:188} INFO - [2024-05-08T15:00:57.488+0000] {dagbag.py:545} INFO - Filling up the DagBag from /home/airflow/.local/lib/python3.12/site-packages/airflow/example_dags/example_dag_decorator.py
[2024-05-08T15:00:57.657+0000] {processor.py:840} INFO - DAG(s) 'example_dag_decorator' retrieved from /home/airflow/.local/lib/python3.12/site-packages/airflow/example_dags/example_dag_decorator.py
[2024-05-08T15:00:57.969+0000] {logging_mixin.py:188} INFO - [2024-05-08T15:00:57.968+0000] {dag.py:3096} INFO - Sync 1 DAGs
[2024-05-08T15:00:57.986+0000] {logging_mixin.py:188} INFO - [2024-05-08T15:00:57.985+0000] {dag.py:3954} INFO - Setting next_dagrun for example_dag_decorator to None, run_after=None
[2024-05-08T15:00:58.021+0000] {processor.py:183} INFO - Processing /home/airflow/.local/lib/python3.12/site-packages/airflow/example_dags/example_dag_decorator.py took 0.553 seconds
[2024-05-08T15:01:28.200+0000] {processor.py:161} INFO - Started process (PID=5131) to work on /home/airflow/.local/lib/python3.12/site-packages/airflow/example_dags/example_dag_decorator.py
[2024-05-08T15:01:28.202+0000] {processor.py:830} INFO - Processing file /home/airflow/.local/lib/python3.12/site-packages/airflow/example_dags/example_dag_decorator.py for tasks to queue
[2024-05-08T15:01:28.207+0000] {logging_mixin.py:188} INFO - [2024-05-08T15:01:28.207+0000] {dagbag.py:545} INFO - Filling up the DagBag from /home/airflow/.local/lib/python3.12/site-packages/airflow/example_dags/example_dag_decorator.py
[2024-05-08T15:01:28.448+0000] {processor.py:840} INFO - DAG(s) 'example_dag_decorator' retrieved from /home/airflow/.local/lib/python3.12/site-packages/airflow/example_dags/example_dag_decorator.py
[2024-05-08T15:01:28.725+0000] {logging_mixin.py:188} INFO - [2024-05-08T15:01:28.724+0000] {dag.py:3096} INFO - Sync 1 DAGs
[2024-05-08T15:01:28.745+0000] {logging_mixin.py:188} INFO - [2024-05-08T15:01:28.745+0000] {dag.py:3954} INFO - Setting next_dagrun for example_dag_decorator to None, run_after=None
[2024-05-08T15:01:28.777+0000] {processor.py:183} INFO - Processing /home/airflow/.local/lib/python3.12/site-packages/airflow/example_dags/example_dag_decorator.py took 0.590 seconds
[2024-05-08T15:02:05.045+0000] {processor.py:161} INFO - Started process (PID=5435) to work on /home/airflow/.local/lib/python3.12/site-packages/airflow/example_dags/example_dag_decorator.py
[2024-05-08T15:02:05.047+0000] {processor.py:830} INFO - Processing file /home/airflow/.local/lib/python3.12/site-packages/airflow/example_dags/example_dag_decorator.py for tasks to queue
[2024-05-08T15:02:05.050+0000] {logging_mixin.py:188} INFO - [2024-05-08T15:02:05.049+0000] {dagbag.py:545} INFO - Filling up the DagBag from /home/airflow/.local/lib/python3.12/site-packages/airflow/example_dags/example_dag_decorator.py
[2024-05-08T15:02:05.275+0000] {processor.py:840} INFO - DAG(s) 'example_dag_decorator' retrieved from /home/airflow/.local/lib/python3.12/site-packages/airflow/example_dags/example_dag_decorator.py
[2024-05-08T15:02:05.506+0000] {logging_mixin.py:188} INFO - [2024-05-08T15:02:05.505+0000] {dag.py:3096} INFO - Sync 1 DAGs
[2024-05-08T15:02:05.530+0000] {logging_mixin.py:188} INFO - [2024-05-08T15:02:05.529+0000] {dag.py:3954} INFO - Setting next_dagrun for example_dag_decorator to None, run_after=None
[2024-05-08T15:02:05.578+0000] {processor.py:183} INFO - Processing /home/airflow/.local/lib/python3.12/site-packages/airflow/example_dags/example_dag_decorator.py took 0.543 seconds
[2024-05-08T15:02:36.744+0000] {processor.py:161} INFO - Started process (PID=5732) to work on /home/airflow/.local/lib/python3.12/site-packages/airflow/example_dags/example_dag_decorator.py
[2024-05-08T15:02:36.745+0000] {processor.py:830} INFO - Processing file /home/airflow/.local/lib/python3.12/site-packages/airflow/example_dags/example_dag_decorator.py for tasks to queue
[2024-05-08T15:02:36.748+0000] {logging_mixin.py:188} INFO - [2024-05-08T15:02:36.748+0000] {dagbag.py:545} INFO - Filling up the DagBag from /home/airflow/.local/lib/python3.12/site-packages/airflow/example_dags/example_dag_decorator.py
[2024-05-08T15:02:36.883+0000] {processor.py:840} INFO - DAG(s) 'example_dag_decorator' retrieved from /home/airflow/.local/lib/python3.12/site-packages/airflow/example_dags/example_dag_decorator.py
[2024-05-08T15:02:37.044+0000] {logging_mixin.py:188} INFO - [2024-05-08T15:02:37.044+0000] {dag.py:3096} INFO - Sync 1 DAGs
[2024-05-08T15:02:37.060+0000] {logging_mixin.py:188} INFO - [2024-05-08T15:02:37.059+0000] {dag.py:3954} INFO - Setting next_dagrun for example_dag_decorator to None, run_after=None
[2024-05-08T15:02:37.091+0000] {processor.py:183} INFO - Processing /home/airflow/.local/lib/python3.12/site-packages/airflow/example_dags/example_dag_decorator.py took 0.358 seconds
[2024-05-08T15:03:07.863+0000] {processor.py:161} INFO - Started process (PID=5996) to work on /home/airflow/.local/lib/python3.12/site-packages/airflow/example_dags/example_dag_decorator.py
[2024-05-08T15:03:07.873+0000] {processor.py:830} INFO - Processing file /home/airflow/.local/lib/python3.12/site-packages/airflow/example_dags/example_dag_decorator.py for tasks to queue
[2024-05-08T15:03:07.876+0000] {logging_mixin.py:188} INFO - [2024-05-08T15:03:07.875+0000] {dagbag.py:545} INFO - Filling up the DagBag from /home/airflow/.local/lib/python3.12/site-packages/airflow/example_dags/example_dag_decorator.py
[2024-05-08T15:03:08.135+0000] {processor.py:840} INFO - DAG(s) 'example_dag_decorator' retrieved from /home/airflow/.local/lib/python3.12/site-packages/airflow/example_dags/example_dag_decorator.py
[2024-05-08T15:03:08.306+0000] {logging_mixin.py:188} INFO - [2024-05-08T15:03:08.305+0000] {dag.py:3096} INFO - Sync 1 DAGs
[2024-05-08T15:03:08.322+0000] {logging_mixin.py:188} INFO - [2024-05-08T15:03:08.321+0000] {dag.py:3954} INFO - Setting next_dagrun for example_dag_decorator to None, run_after=None
[2024-05-08T15:03:08.359+0000] {processor.py:183} INFO - Processing /home/airflow/.local/lib/python3.12/site-packages/airflow/example_dags/example_dag_decorator.py took 0.506 seconds
[2024-05-08T15:03:38.594+0000] {processor.py:161} INFO - Started process (PID=6258) to work on /home/airflow/.local/lib/python3.12/site-packages/airflow/example_dags/example_dag_decorator.py
[2024-05-08T15:03:38.598+0000] {processor.py:830} INFO - Processing file /home/airflow/.local/lib/python3.12/site-packages/airflow/example_dags/example_dag_decorator.py for tasks to queue
[2024-05-08T15:03:38.601+0000] {logging_mixin.py:188} INFO - [2024-05-08T15:03:38.601+0000] {dagbag.py:545} INFO - Filling up the DagBag from /home/airflow/.local/lib/python3.12/site-packages/airflow/example_dags/example_dag_decorator.py
[2024-05-08T15:03:38.749+0000] {processor.py:840} INFO - DAG(s) 'example_dag_decorator' retrieved from /home/airflow/.local/lib/python3.12/site-packages/airflow/example_dags/example_dag_decorator.py
[2024-05-08T15:03:38.915+0000] {logging_mixin.py:188} INFO - [2024-05-08T15:03:38.914+0000] {dag.py:3096} INFO - Sync 1 DAGs
[2024-05-08T15:03:38.949+0000] {logging_mixin.py:188} INFO - [2024-05-08T15:03:38.948+0000] {dag.py:3954} INFO - Setting next_dagrun for example_dag_decorator to None, run_after=None
[2024-05-08T15:03:39.004+0000] {processor.py:183} INFO - Processing /home/airflow/.local/lib/python3.12/site-packages/airflow/example_dags/example_dag_decorator.py took 0.419 seconds
[2024-05-08T15:04:10.472+0000] {processor.py:161} INFO - Started process (PID=6520) to work on /home/airflow/.local/lib/python3.12/site-packages/airflow/example_dags/example_dag_decorator.py
[2024-05-08T15:04:10.474+0000] {processor.py:830} INFO - Processing file /home/airflow/.local/lib/python3.12/site-packages/airflow/example_dags/example_dag_decorator.py for tasks to queue
[2024-05-08T15:04:10.480+0000] {logging_mixin.py:188} INFO - [2024-05-08T15:04:10.478+0000] {dagbag.py:545} INFO - Filling up the DagBag from /home/airflow/.local/lib/python3.12/site-packages/airflow/example_dags/example_dag_decorator.py
[2024-05-08T15:04:11.055+0000] {processor.py:840} INFO - DAG(s) 'example_dag_decorator' retrieved from /home/airflow/.local/lib/python3.12/site-packages/airflow/example_dags/example_dag_decorator.py
[2024-05-08T15:04:12.259+0000] {logging_mixin.py:188} INFO - [2024-05-08T15:04:12.257+0000] {dag.py:3096} INFO - Sync 1 DAGs
[2024-05-08T15:04:12.293+0000] {logging_mixin.py:188} INFO - [2024-05-08T15:04:12.293+0000] {dag.py:3954} INFO - Setting next_dagrun for example_dag_decorator to None, run_after=None
[2024-05-08T15:04:12.393+0000] {processor.py:183} INFO - Processing /home/airflow/.local/lib/python3.12/site-packages/airflow/example_dags/example_dag_decorator.py took 1.953 seconds
[2024-05-08T15:04:43.617+0000] {processor.py:161} INFO - Started process (PID=6804) to work on /home/airflow/.local/lib/python3.12/site-packages/airflow/example_dags/example_dag_decorator.py
[2024-05-08T15:04:43.621+0000] {processor.py:830} INFO - Processing file /home/airflow/.local/lib/python3.12/site-packages/airflow/example_dags/example_dag_decorator.py for tasks to queue
[2024-05-08T15:04:43.635+0000] {logging_mixin.py:188} INFO - [2024-05-08T15:04:43.634+0000] {dagbag.py:545} INFO - Filling up the DagBag from /home/airflow/.local/lib/python3.12/site-packages/airflow/example_dags/example_dag_decorator.py
[2024-05-08T15:04:43.802+0000] {processor.py:840} INFO - DAG(s) 'example_dag_decorator' retrieved from /home/airflow/.local/lib/python3.12/site-packages/airflow/example_dags/example_dag_decorator.py
[2024-05-08T15:04:44.113+0000] {logging_mixin.py:188} INFO - [2024-05-08T15:04:44.112+0000] {dag.py:3096} INFO - Sync 1 DAGs
[2024-05-08T15:04:44.132+0000] {logging_mixin.py:188} INFO - [2024-05-08T15:04:44.131+0000] {dag.py:3954} INFO - Setting next_dagrun for example_dag_decorator to None, run_after=None
[2024-05-08T15:04:44.163+0000] {processor.py:183} INFO - Processing /home/airflow/.local/lib/python3.12/site-packages/airflow/example_dags/example_dag_decorator.py took 0.559 seconds
[2024-05-08T15:05:16.239+0000] {processor.py:161} INFO - Started process (PID=7080) to work on /home/airflow/.local/lib/python3.12/site-packages/airflow/example_dags/example_dag_decorator.py
[2024-05-08T15:05:16.241+0000] {processor.py:830} INFO - Processing file /home/airflow/.local/lib/python3.12/site-packages/airflow/example_dags/example_dag_decorator.py for tasks to queue
[2024-05-08T15:05:16.245+0000] {logging_mixin.py:188} INFO - [2024-05-08T15:05:16.244+0000] {dagbag.py:545} INFO - Filling up the DagBag from /home/airflow/.local/lib/python3.12/site-packages/airflow/example_dags/example_dag_decorator.py
[2024-05-08T15:05:16.454+0000] {processor.py:840} INFO - DAG(s) 'example_dag_decorator' retrieved from /home/airflow/.local/lib/python3.12/site-packages/airflow/example_dags/example_dag_decorator.py
[2024-05-08T15:05:16.949+0000] {logging_mixin.py:188} INFO - [2024-05-08T15:05:16.948+0000] {dag.py:3096} INFO - Sync 1 DAGs
[2024-05-08T15:05:16.978+0000] {logging_mixin.py:188} INFO - [2024-05-08T15:05:16.978+0000] {dag.py:3954} INFO - Setting next_dagrun for example_dag_decorator to None, run_after=None
[2024-05-08T15:05:17.019+0000] {processor.py:183} INFO - Processing /home/airflow/.local/lib/python3.12/site-packages/airflow/example_dags/example_dag_decorator.py took 0.795 seconds
[2024-05-08T15:05:47.433+0000] {processor.py:161} INFO - Started process (PID=7343) to work on /home/airflow/.local/lib/python3.12/site-packages/airflow/example_dags/example_dag_decorator.py
[2024-05-08T15:05:47.435+0000] {processor.py:830} INFO - Processing file /home/airflow/.local/lib/python3.12/site-packages/airflow/example_dags/example_dag_decorator.py for tasks to queue
[2024-05-08T15:05:47.439+0000] {logging_mixin.py:188} INFO - [2024-05-08T15:05:47.438+0000] {dagbag.py:545} INFO - Filling up the DagBag from /home/airflow/.local/lib/python3.12/site-packages/airflow/example_dags/example_dag_decorator.py
[2024-05-08T15:05:47.571+0000] {processor.py:840} INFO - DAG(s) 'example_dag_decorator' retrieved from /home/airflow/.local/lib/python3.12/site-packages/airflow/example_dags/example_dag_decorator.py
[2024-05-08T15:05:47.888+0000] {logging_mixin.py:188} INFO - [2024-05-08T15:05:47.887+0000] {dag.py:3096} INFO - Sync 1 DAGs
[2024-05-08T15:05:47.903+0000] {logging_mixin.py:188} INFO - [2024-05-08T15:05:47.903+0000] {dag.py:3954} INFO - Setting next_dagrun for example_dag_decorator to None, run_after=None
[2024-05-08T15:05:47.931+0000] {processor.py:183} INFO - Processing /home/airflow/.local/lib/python3.12/site-packages/airflow/example_dags/example_dag_decorator.py took 0.506 seconds
[2024-05-08T15:06:18.095+0000] {processor.py:161} INFO - Started process (PID=7605) to work on /home/airflow/.local/lib/python3.12/site-packages/airflow/example_dags/example_dag_decorator.py
[2024-05-08T15:06:18.096+0000] {processor.py:830} INFO - Processing file /home/airflow/.local/lib/python3.12/site-packages/airflow/example_dags/example_dag_decorator.py for tasks to queue
[2024-05-08T15:06:18.099+0000] {logging_mixin.py:188} INFO - [2024-05-08T15:06:18.098+0000] {dagbag.py:545} INFO - Filling up the DagBag from /home/airflow/.local/lib/python3.12/site-packages/airflow/example_dags/example_dag_decorator.py
[2024-05-08T15:06:18.221+0000] {processor.py:840} INFO - DAG(s) 'example_dag_decorator' retrieved from /home/airflow/.local/lib/python3.12/site-packages/airflow/example_dags/example_dag_decorator.py
[2024-05-08T15:06:18.591+0000] {logging_mixin.py:188} INFO - [2024-05-08T15:06:18.591+0000] {dag.py:3096} INFO - Sync 1 DAGs
[2024-05-08T15:06:18.619+0000] {logging_mixin.py:188} INFO - [2024-05-08T15:06:18.619+0000] {dag.py:3954} INFO - Setting next_dagrun for example_dag_decorator to None, run_after=None
[2024-05-08T15:06:18.663+0000] {processor.py:183} INFO - Processing /home/airflow/.local/lib/python3.12/site-packages/airflow/example_dags/example_dag_decorator.py took 0.576 seconds
[2024-05-08T15:06:48.726+0000] {processor.py:161} INFO - Started process (PID=7866) to work on /home/airflow/.local/lib/python3.12/site-packages/airflow/example_dags/example_dag_decorator.py
[2024-05-08T15:06:48.727+0000] {processor.py:830} INFO - Processing file /home/airflow/.local/lib/python3.12/site-packages/airflow/example_dags/example_dag_decorator.py for tasks to queue
[2024-05-08T15:06:48.730+0000] {logging_mixin.py:188} INFO - [2024-05-08T15:06:48.730+0000] {dagbag.py:545} INFO - Filling up the DagBag from /home/airflow/.local/lib/python3.12/site-packages/airflow/example_dags/example_dag_decorator.py
[2024-05-08T15:06:48.848+0000] {processor.py:840} INFO - DAG(s) 'example_dag_decorator' retrieved from /home/airflow/.local/lib/python3.12/site-packages/airflow/example_dags/example_dag_decorator.py
[2024-05-08T15:06:49.198+0000] {logging_mixin.py:188} INFO - [2024-05-08T15:06:49.198+0000] {dag.py:3096} INFO - Sync 1 DAGs
[2024-05-08T15:06:49.211+0000] {logging_mixin.py:188} INFO - [2024-05-08T15:06:49.210+0000] {dag.py:3954} INFO - Setting next_dagrun for example_dag_decorator to None, run_after=None
[2024-05-08T15:06:49.237+0000] {processor.py:183} INFO - Processing /home/airflow/.local/lib/python3.12/site-packages/airflow/example_dags/example_dag_decorator.py took 0.519 seconds
[2024-05-08T15:07:19.542+0000] {processor.py:161} INFO - Started process (PID=8128) to work on /home/airflow/.local/lib/python3.12/site-packages/airflow/example_dags/example_dag_decorator.py
[2024-05-08T15:07:19.543+0000] {processor.py:830} INFO - Processing file /home/airflow/.local/lib/python3.12/site-packages/airflow/example_dags/example_dag_decorator.py for tasks to queue
[2024-05-08T15:07:19.546+0000] {logging_mixin.py:188} INFO - [2024-05-08T15:07:19.545+0000] {dagbag.py:545} INFO - Filling up the DagBag from /home/airflow/.local/lib/python3.12/site-packages/airflow/example_dags/example_dag_decorator.py
[2024-05-08T15:07:19.678+0000] {processor.py:840} INFO - DAG(s) 'example_dag_decorator' retrieved from /home/airflow/.local/lib/python3.12/site-packages/airflow/example_dags/example_dag_decorator.py
[2024-05-08T15:07:19.964+0000] {logging_mixin.py:188} INFO - [2024-05-08T15:07:19.964+0000] {dag.py:3096} INFO - Sync 1 DAGs
[2024-05-08T15:07:19.980+0000] {logging_mixin.py:188} INFO - [2024-05-08T15:07:19.980+0000] {dag.py:3954} INFO - Setting next_dagrun for example_dag_decorator to None, run_after=None
[2024-05-08T15:07:20.006+0000] {processor.py:183} INFO - Processing /home/airflow/.local/lib/python3.12/site-packages/airflow/example_dags/example_dag_decorator.py took 0.472 seconds
[2024-05-08T15:07:50.924+0000] {processor.py:161} INFO - Started process (PID=8393) to work on /home/airflow/.local/lib/python3.12/site-packages/airflow/example_dags/example_dag_decorator.py
[2024-05-08T15:07:50.925+0000] {processor.py:830} INFO - Processing file /home/airflow/.local/lib/python3.12/site-packages/airflow/example_dags/example_dag_decorator.py for tasks to queue
[2024-05-08T15:07:50.928+0000] {logging_mixin.py:188} INFO - [2024-05-08T15:07:50.927+0000] {dagbag.py:545} INFO - Filling up the DagBag from /home/airflow/.local/lib/python3.12/site-packages/airflow/example_dags/example_dag_decorator.py
[2024-05-08T15:07:51.072+0000] {processor.py:840} INFO - DAG(s) 'example_dag_decorator' retrieved from /home/airflow/.local/lib/python3.12/site-packages/airflow/example_dags/example_dag_decorator.py
[2024-05-08T15:07:51.374+0000] {logging_mixin.py:188} INFO - [2024-05-08T15:07:51.374+0000] {dag.py:3096} INFO - Sync 1 DAGs
[2024-05-08T15:07:51.389+0000] {logging_mixin.py:188} INFO - [2024-05-08T15:07:51.389+0000] {dag.py:3954} INFO - Setting next_dagrun for example_dag_decorator to None, run_after=None
[2024-05-08T15:07:51.417+0000] {processor.py:183} INFO - Processing /home/airflow/.local/lib/python3.12/site-packages/airflow/example_dags/example_dag_decorator.py took 0.502 seconds
[2024-05-08T15:08:21.823+0000] {processor.py:161} INFO - Started process (PID=8655) to work on /home/airflow/.local/lib/python3.12/site-packages/airflow/example_dags/example_dag_decorator.py
[2024-05-08T15:08:21.824+0000] {processor.py:830} INFO - Processing file /home/airflow/.local/lib/python3.12/site-packages/airflow/example_dags/example_dag_decorator.py for tasks to queue
[2024-05-08T15:08:21.828+0000] {logging_mixin.py:188} INFO - [2024-05-08T15:08:21.828+0000] {dagbag.py:545} INFO - Filling up the DagBag from /home/airflow/.local/lib/python3.12/site-packages/airflow/example_dags/example_dag_decorator.py
[2024-05-08T15:08:22.023+0000] {processor.py:840} INFO - DAG(s) 'example_dag_decorator' retrieved from /home/airflow/.local/lib/python3.12/site-packages/airflow/example_dags/example_dag_decorator.py
[2024-05-08T15:08:22.532+0000] {logging_mixin.py:188} INFO - [2024-05-08T15:08:22.531+0000] {dag.py:3096} INFO - Sync 1 DAGs
[2024-05-08T15:08:22.548+0000] {logging_mixin.py:188} INFO - [2024-05-08T15:08:22.548+0000] {dag.py:3954} INFO - Setting next_dagrun for example_dag_decorator to None, run_after=None
[2024-05-08T15:08:22.582+0000] {processor.py:183} INFO - Processing /home/airflow/.local/lib/python3.12/site-packages/airflow/example_dags/example_dag_decorator.py took 0.772 seconds
