[2024-05-08T14:51:50.414+0000] {processor.py:161} INFO - Started process (PID=252) to work on /home/airflow/.local/lib/python3.12/site-packages/airflow/example_dags/example_short_circuit_operator.py
[2024-05-08T14:51:50.417+0000] {processor.py:830} INFO - Processing file /home/airflow/.local/lib/python3.12/site-packages/airflow/example_dags/example_short_circuit_operator.py for tasks to queue
[2024-05-08T14:51:50.420+0000] {logging_mixin.py:188} INFO - [2024-05-08T14:51:50.420+0000] {dagbag.py:545} INFO - Filling up the DagBag from /home/airflow/.local/lib/python3.12/site-packages/airflow/example_dags/example_short_circuit_operator.py
[2024-05-08T14:51:50.440+0000] {processor.py:840} INFO - DAG(s) 'example_short_circuit_operator' retrieved from /home/airflow/.local/lib/python3.12/site-packages/airflow/example_dags/example_short_circuit_operator.py
[2024-05-08T14:51:50.672+0000] {logging_mixin.py:188} INFO - [2024-05-08T14:51:50.672+0000] {dag.py:3096} INFO - Sync 1 DAGs
[2024-05-08T14:51:50.746+0000] {logging_mixin.py:188} INFO - [2024-05-08T14:51:50.741+0000] {dag.py:3954} INFO - Setting next_dagrun for example_short_circuit_operator to 2024-05-07 00:00:00+00:00, run_after=2024-05-08 00:00:00+00:00
[2024-05-08T14:51:50.811+0000] {processor.py:183} INFO - Processing /home/airflow/.local/lib/python3.12/site-packages/airflow/example_dags/example_short_circuit_operator.py took 0.408 seconds
[2024-05-08T14:52:21.276+0000] {processor.py:161} INFO - Started process (PID=516) to work on /home/airflow/.local/lib/python3.12/site-packages/airflow/example_dags/example_short_circuit_operator.py
[2024-05-08T14:52:21.278+0000] {processor.py:830} INFO - Processing file /home/airflow/.local/lib/python3.12/site-packages/airflow/example_dags/example_short_circuit_operator.py for tasks to queue
[2024-05-08T14:52:21.282+0000] {logging_mixin.py:188} INFO - [2024-05-08T14:52:21.281+0000] {dagbag.py:545} INFO - Filling up the DagBag from /home/airflow/.local/lib/python3.12/site-packages/airflow/example_dags/example_short_circuit_operator.py
[2024-05-08T14:52:21.294+0000] {processor.py:840} INFO - DAG(s) 'example_short_circuit_operator' retrieved from /home/airflow/.local/lib/python3.12/site-packages/airflow/example_dags/example_short_circuit_operator.py
[2024-05-08T14:52:21.335+0000] {logging_mixin.py:188} INFO - [2024-05-08T14:52:21.335+0000] {dag.py:3096} INFO - Sync 1 DAGs
[2024-05-08T14:52:21.382+0000] {logging_mixin.py:188} INFO - [2024-05-08T14:52:21.382+0000] {dag.py:3954} INFO - Setting next_dagrun for example_short_circuit_operator to 2024-05-07 00:00:00+00:00, run_after=2024-05-08 00:00:00+00:00
[2024-05-08T14:52:21.423+0000] {processor.py:183} INFO - Processing /home/airflow/.local/lib/python3.12/site-packages/airflow/example_dags/example_short_circuit_operator.py took 0.154 seconds
[2024-05-08T14:52:57.886+0000] {processor.py:161} INFO - Started process (PID=776) to work on /home/airflow/.local/lib/python3.12/site-packages/airflow/example_dags/example_short_circuit_operator.py
[2024-05-08T14:52:57.890+0000] {processor.py:830} INFO - Processing file /home/airflow/.local/lib/python3.12/site-packages/airflow/example_dags/example_short_circuit_operator.py for tasks to queue
[2024-05-08T14:52:57.959+0000] {logging_mixin.py:188} INFO - [2024-05-08T14:52:57.958+0000] {dagbag.py:545} INFO - Filling up the DagBag from /home/airflow/.local/lib/python3.12/site-packages/airflow/example_dags/example_short_circuit_operator.py
[2024-05-08T14:52:58.049+0000] {processor.py:840} INFO - DAG(s) 'example_short_circuit_operator' retrieved from /home/airflow/.local/lib/python3.12/site-packages/airflow/example_dags/example_short_circuit_operator.py
[2024-05-08T14:52:58.177+0000] {logging_mixin.py:188} INFO - [2024-05-08T14:52:58.176+0000] {dag.py:3096} INFO - Sync 1 DAGs
[2024-05-08T14:52:58.256+0000] {logging_mixin.py:188} INFO - [2024-05-08T14:52:58.256+0000] {dag.py:3954} INFO - Setting next_dagrun for example_short_circuit_operator to 2024-05-07 00:00:00+00:00, run_after=2024-05-08 00:00:00+00:00
[2024-05-08T14:52:58.324+0000] {processor.py:183} INFO - Processing /home/airflow/.local/lib/python3.12/site-packages/airflow/example_dags/example_short_circuit_operator.py took 0.474 seconds
[2024-05-08T14:53:28.453+0000] {processor.py:161} INFO - Started process (PID=1040) to work on /home/airflow/.local/lib/python3.12/site-packages/airflow/example_dags/example_short_circuit_operator.py
[2024-05-08T14:53:28.455+0000] {processor.py:830} INFO - Processing file /home/airflow/.local/lib/python3.12/site-packages/airflow/example_dags/example_short_circuit_operator.py for tasks to queue
[2024-05-08T14:53:28.458+0000] {logging_mixin.py:188} INFO - [2024-05-08T14:53:28.458+0000] {dagbag.py:545} INFO - Filling up the DagBag from /home/airflow/.local/lib/python3.12/site-packages/airflow/example_dags/example_short_circuit_operator.py
[2024-05-08T14:53:28.476+0000] {processor.py:840} INFO - DAG(s) 'example_short_circuit_operator' retrieved from /home/airflow/.local/lib/python3.12/site-packages/airflow/example_dags/example_short_circuit_operator.py
[2024-05-08T14:53:28.650+0000] {logging_mixin.py:188} INFO - [2024-05-08T14:53:28.650+0000] {dag.py:3096} INFO - Sync 1 DAGs
[2024-05-08T14:53:28.735+0000] {logging_mixin.py:188} INFO - [2024-05-08T14:53:28.734+0000] {dag.py:3954} INFO - Setting next_dagrun for example_short_circuit_operator to 2024-05-07 00:00:00+00:00, run_after=2024-05-08 00:00:00+00:00
[2024-05-08T14:53:28.778+0000] {processor.py:183} INFO - Processing /home/airflow/.local/lib/python3.12/site-packages/airflow/example_dags/example_short_circuit_operator.py took 0.335 seconds
[2024-05-08T14:53:59.571+0000] {processor.py:161} INFO - Started process (PID=1302) to work on /home/airflow/.local/lib/python3.12/site-packages/airflow/example_dags/example_short_circuit_operator.py
[2024-05-08T14:53:59.586+0000] {processor.py:830} INFO - Processing file /home/airflow/.local/lib/python3.12/site-packages/airflow/example_dags/example_short_circuit_operator.py for tasks to queue
[2024-05-08T14:53:59.620+0000] {logging_mixin.py:188} INFO - [2024-05-08T14:53:59.619+0000] {dagbag.py:545} INFO - Filling up the DagBag from /home/airflow/.local/lib/python3.12/site-packages/airflow/example_dags/example_short_circuit_operator.py
[2024-05-08T14:53:59.686+0000] {processor.py:840} INFO - DAG(s) 'example_short_circuit_operator' retrieved from /home/airflow/.local/lib/python3.12/site-packages/airflow/example_dags/example_short_circuit_operator.py
[2024-05-08T14:53:59.858+0000] {logging_mixin.py:188} INFO - [2024-05-08T14:53:59.858+0000] {dag.py:3096} INFO - Sync 1 DAGs
[2024-05-08T14:54:00.046+0000] {logging_mixin.py:188} INFO - [2024-05-08T14:54:00.046+0000] {dag.py:3954} INFO - Setting next_dagrun for example_short_circuit_operator to 2024-05-07 00:00:00+00:00, run_after=2024-05-08 00:00:00+00:00
[2024-05-08T14:54:00.124+0000] {processor.py:183} INFO - Processing /home/airflow/.local/lib/python3.12/site-packages/airflow/example_dags/example_short_circuit_operator.py took 0.588 seconds
[2024-05-08T14:54:30.901+0000] {processor.py:161} INFO - Started process (PID=1569) to work on /home/airflow/.local/lib/python3.12/site-packages/airflow/example_dags/example_short_circuit_operator.py
[2024-05-08T14:54:30.908+0000] {processor.py:830} INFO - Processing file /home/airflow/.local/lib/python3.12/site-packages/airflow/example_dags/example_short_circuit_operator.py for tasks to queue
[2024-05-08T14:54:30.913+0000] {logging_mixin.py:188} INFO - [2024-05-08T14:54:30.913+0000] {dagbag.py:545} INFO - Filling up the DagBag from /home/airflow/.local/lib/python3.12/site-packages/airflow/example_dags/example_short_circuit_operator.py
[2024-05-08T14:54:30.939+0000] {processor.py:840} INFO - DAG(s) 'example_short_circuit_operator' retrieved from /home/airflow/.local/lib/python3.12/site-packages/airflow/example_dags/example_short_circuit_operator.py
[2024-05-08T14:54:30.981+0000] {logging_mixin.py:188} INFO - [2024-05-08T14:54:30.980+0000] {dag.py:3096} INFO - Sync 1 DAGs
[2024-05-08T14:54:31.099+0000] {logging_mixin.py:188} INFO - [2024-05-08T14:54:31.098+0000] {dag.py:3954} INFO - Setting next_dagrun for example_short_circuit_operator to 2024-05-07 00:00:00+00:00, run_after=2024-05-08 00:00:00+00:00
[2024-05-08T14:54:31.219+0000] {processor.py:183} INFO - Processing /home/airflow/.local/lib/python3.12/site-packages/airflow/example_dags/example_short_circuit_operator.py took 0.331 seconds
[2024-05-08T14:55:02.071+0000] {processor.py:161} INFO - Started process (PID=1831) to work on /home/airflow/.local/lib/python3.12/site-packages/airflow/example_dags/example_short_circuit_operator.py
[2024-05-08T14:55:02.072+0000] {processor.py:830} INFO - Processing file /home/airflow/.local/lib/python3.12/site-packages/airflow/example_dags/example_short_circuit_operator.py for tasks to queue
[2024-05-08T14:55:02.075+0000] {logging_mixin.py:188} INFO - [2024-05-08T14:55:02.075+0000] {dagbag.py:545} INFO - Filling up the DagBag from /home/airflow/.local/lib/python3.12/site-packages/airflow/example_dags/example_short_circuit_operator.py
[2024-05-08T14:55:02.093+0000] {processor.py:840} INFO - DAG(s) 'example_short_circuit_operator' retrieved from /home/airflow/.local/lib/python3.12/site-packages/airflow/example_dags/example_short_circuit_operator.py
[2024-05-08T14:55:02.144+0000] {logging_mixin.py:188} INFO - [2024-05-08T14:55:02.144+0000] {dag.py:3096} INFO - Sync 1 DAGs
[2024-05-08T14:55:02.176+0000] {logging_mixin.py:188} INFO - [2024-05-08T14:55:02.176+0000] {dag.py:3954} INFO - Setting next_dagrun for example_short_circuit_operator to 2024-05-07 00:00:00+00:00, run_after=2024-05-08 00:00:00+00:00
[2024-05-08T14:55:02.206+0000] {processor.py:183} INFO - Processing /home/airflow/.local/lib/python3.12/site-packages/airflow/example_dags/example_short_circuit_operator.py took 0.144 seconds
[2024-05-08T14:55:33.002+0000] {processor.py:161} INFO - Started process (PID=2093) to work on /home/airflow/.local/lib/python3.12/site-packages/airflow/example_dags/example_short_circuit_operator.py
[2024-05-08T14:55:33.004+0000] {processor.py:830} INFO - Processing file /home/airflow/.local/lib/python3.12/site-packages/airflow/example_dags/example_short_circuit_operator.py for tasks to queue
[2024-05-08T14:55:33.007+0000] {logging_mixin.py:188} INFO - [2024-05-08T14:55:33.007+0000] {dagbag.py:545} INFO - Filling up the DagBag from /home/airflow/.local/lib/python3.12/site-packages/airflow/example_dags/example_short_circuit_operator.py
[2024-05-08T14:55:33.018+0000] {processor.py:840} INFO - DAG(s) 'example_short_circuit_operator' retrieved from /home/airflow/.local/lib/python3.12/site-packages/airflow/example_dags/example_short_circuit_operator.py
[2024-05-08T14:55:33.056+0000] {logging_mixin.py:188} INFO - [2024-05-08T14:55:33.056+0000] {dag.py:3096} INFO - Sync 1 DAGs
[2024-05-08T14:55:33.092+0000] {logging_mixin.py:188} INFO - [2024-05-08T14:55:33.091+0000] {dag.py:3954} INFO - Setting next_dagrun for example_short_circuit_operator to 2024-05-07 00:00:00+00:00, run_after=2024-05-08 00:00:00+00:00
[2024-05-08T14:55:33.124+0000] {processor.py:183} INFO - Processing /home/airflow/.local/lib/python3.12/site-packages/airflow/example_dags/example_short_circuit_operator.py took 0.130 seconds
[2024-05-08T14:56:03.264+0000] {processor.py:161} INFO - Started process (PID=2354) to work on /home/airflow/.local/lib/python3.12/site-packages/airflow/example_dags/example_short_circuit_operator.py
[2024-05-08T14:56:03.266+0000] {processor.py:830} INFO - Processing file /home/airflow/.local/lib/python3.12/site-packages/airflow/example_dags/example_short_circuit_operator.py for tasks to queue
[2024-05-08T14:56:03.269+0000] {logging_mixin.py:188} INFO - [2024-05-08T14:56:03.268+0000] {dagbag.py:545} INFO - Filling up the DagBag from /home/airflow/.local/lib/python3.12/site-packages/airflow/example_dags/example_short_circuit_operator.py
[2024-05-08T14:56:03.281+0000] {processor.py:840} INFO - DAG(s) 'example_short_circuit_operator' retrieved from /home/airflow/.local/lib/python3.12/site-packages/airflow/example_dags/example_short_circuit_operator.py
[2024-05-08T14:56:03.328+0000] {logging_mixin.py:188} INFO - [2024-05-08T14:56:03.328+0000] {dag.py:3096} INFO - Sync 1 DAGs
[2024-05-08T14:56:03.402+0000] {logging_mixin.py:188} INFO - [2024-05-08T14:56:03.401+0000] {dag.py:3954} INFO - Setting next_dagrun for example_short_circuit_operator to 2024-05-07 00:00:00+00:00, run_after=2024-05-08 00:00:00+00:00
[2024-05-08T14:56:03.447+0000] {processor.py:183} INFO - Processing /home/airflow/.local/lib/python3.12/site-packages/airflow/example_dags/example_short_circuit_operator.py took 0.193 seconds
[2024-05-08T14:56:33.946+0000] {processor.py:161} INFO - Started process (PID=2616) to work on /home/airflow/.local/lib/python3.12/site-packages/airflow/example_dags/example_short_circuit_operator.py
[2024-05-08T14:56:33.957+0000] {processor.py:830} INFO - Processing file /home/airflow/.local/lib/python3.12/site-packages/airflow/example_dags/example_short_circuit_operator.py for tasks to queue
[2024-05-08T14:56:33.962+0000] {logging_mixin.py:188} INFO - [2024-05-08T14:56:33.962+0000] {dagbag.py:545} INFO - Filling up the DagBag from /home/airflow/.local/lib/python3.12/site-packages/airflow/example_dags/example_short_circuit_operator.py
[2024-05-08T14:56:34.003+0000] {processor.py:840} INFO - DAG(s) 'example_short_circuit_operator' retrieved from /home/airflow/.local/lib/python3.12/site-packages/airflow/example_dags/example_short_circuit_operator.py
[2024-05-08T14:56:34.052+0000] {logging_mixin.py:188} INFO - [2024-05-08T14:56:34.052+0000] {dag.py:3096} INFO - Sync 1 DAGs
[2024-05-08T14:56:34.102+0000] {logging_mixin.py:188} INFO - [2024-05-08T14:56:34.101+0000] {dag.py:3954} INFO - Setting next_dagrun for example_short_circuit_operator to 2024-05-07 00:00:00+00:00, run_after=2024-05-08 00:00:00+00:00
[2024-05-08T14:56:34.146+0000] {processor.py:183} INFO - Processing /home/airflow/.local/lib/python3.12/site-packages/airflow/example_dags/example_short_circuit_operator.py took 0.232 seconds
[2024-05-08T14:57:04.587+0000] {processor.py:161} INFO - Started process (PID=2878) to work on /home/airflow/.local/lib/python3.12/site-packages/airflow/example_dags/example_short_circuit_operator.py
[2024-05-08T14:57:04.589+0000] {processor.py:830} INFO - Processing file /home/airflow/.local/lib/python3.12/site-packages/airflow/example_dags/example_short_circuit_operator.py for tasks to queue
[2024-05-08T14:57:04.592+0000] {logging_mixin.py:188} INFO - [2024-05-08T14:57:04.591+0000] {dagbag.py:545} INFO - Filling up the DagBag from /home/airflow/.local/lib/python3.12/site-packages/airflow/example_dags/example_short_circuit_operator.py
[2024-05-08T14:57:04.603+0000] {processor.py:840} INFO - DAG(s) 'example_short_circuit_operator' retrieved from /home/airflow/.local/lib/python3.12/site-packages/airflow/example_dags/example_short_circuit_operator.py
[2024-05-08T14:57:04.640+0000] {logging_mixin.py:188} INFO - [2024-05-08T14:57:04.640+0000] {dag.py:3096} INFO - Sync 1 DAGs
[2024-05-08T14:57:04.674+0000] {logging_mixin.py:188} INFO - [2024-05-08T14:57:04.673+0000] {dag.py:3954} INFO - Setting next_dagrun for example_short_circuit_operator to 2024-05-07 00:00:00+00:00, run_after=2024-05-08 00:00:00+00:00
[2024-05-08T14:57:04.705+0000] {processor.py:183} INFO - Processing /home/airflow/.local/lib/python3.12/site-packages/airflow/example_dags/example_short_circuit_operator.py took 0.127 seconds
[2024-05-08T14:57:34.988+0000] {processor.py:161} INFO - Started process (PID=3141) to work on /home/airflow/.local/lib/python3.12/site-packages/airflow/example_dags/example_short_circuit_operator.py
[2024-05-08T14:57:34.990+0000] {processor.py:830} INFO - Processing file /home/airflow/.local/lib/python3.12/site-packages/airflow/example_dags/example_short_circuit_operator.py for tasks to queue
[2024-05-08T14:57:34.994+0000] {logging_mixin.py:188} INFO - [2024-05-08T14:57:34.993+0000] {dagbag.py:545} INFO - Filling up the DagBag from /home/airflow/.local/lib/python3.12/site-packages/airflow/example_dags/example_short_circuit_operator.py
[2024-05-08T14:57:35.010+0000] {processor.py:840} INFO - DAG(s) 'example_short_circuit_operator' retrieved from /home/airflow/.local/lib/python3.12/site-packages/airflow/example_dags/example_short_circuit_operator.py
[2024-05-08T14:57:35.062+0000] {logging_mixin.py:188} INFO - [2024-05-08T14:57:35.061+0000] {dag.py:3096} INFO - Sync 1 DAGs
[2024-05-08T14:57:35.110+0000] {logging_mixin.py:188} INFO - [2024-05-08T14:57:35.110+0000] {dag.py:3954} INFO - Setting next_dagrun for example_short_circuit_operator to 2024-05-07 00:00:00+00:00, run_after=2024-05-08 00:00:00+00:00
[2024-05-08T14:57:35.156+0000] {processor.py:183} INFO - Processing /home/airflow/.local/lib/python3.12/site-packages/airflow/example_dags/example_short_circuit_operator.py took 0.183 seconds
[2024-05-08T14:58:05.405+0000] {processor.py:161} INFO - Started process (PID=3403) to work on /home/airflow/.local/lib/python3.12/site-packages/airflow/example_dags/example_short_circuit_operator.py
[2024-05-08T14:58:05.408+0000] {processor.py:830} INFO - Processing file /home/airflow/.local/lib/python3.12/site-packages/airflow/example_dags/example_short_circuit_operator.py for tasks to queue
[2024-05-08T14:58:05.412+0000] {logging_mixin.py:188} INFO - [2024-05-08T14:58:05.412+0000] {dagbag.py:545} INFO - Filling up the DagBag from /home/airflow/.local/lib/python3.12/site-packages/airflow/example_dags/example_short_circuit_operator.py
[2024-05-08T14:58:05.426+0000] {processor.py:840} INFO - DAG(s) 'example_short_circuit_operator' retrieved from /home/airflow/.local/lib/python3.12/site-packages/airflow/example_dags/example_short_circuit_operator.py
[2024-05-08T14:58:05.470+0000] {logging_mixin.py:188} INFO - [2024-05-08T14:58:05.469+0000] {dag.py:3096} INFO - Sync 1 DAGs
[2024-05-08T14:58:05.504+0000] {logging_mixin.py:188} INFO - [2024-05-08T14:58:05.504+0000] {dag.py:3954} INFO - Setting next_dagrun for example_short_circuit_operator to 2024-05-07 00:00:00+00:00, run_after=2024-05-08 00:00:00+00:00
[2024-05-08T14:58:05.536+0000] {processor.py:183} INFO - Processing /home/airflow/.local/lib/python3.12/site-packages/airflow/example_dags/example_short_circuit_operator.py took 0.140 seconds
[2024-05-08T14:58:35.633+0000] {processor.py:161} INFO - Started process (PID=3665) to work on /home/airflow/.local/lib/python3.12/site-packages/airflow/example_dags/example_short_circuit_operator.py
[2024-05-08T14:58:35.636+0000] {processor.py:830} INFO - Processing file /home/airflow/.local/lib/python3.12/site-packages/airflow/example_dags/example_short_circuit_operator.py for tasks to queue
[2024-05-08T14:58:35.640+0000] {logging_mixin.py:188} INFO - [2024-05-08T14:58:35.640+0000] {dagbag.py:545} INFO - Filling up the DagBag from /home/airflow/.local/lib/python3.12/site-packages/airflow/example_dags/example_short_circuit_operator.py
[2024-05-08T14:58:35.668+0000] {processor.py:840} INFO - DAG(s) 'example_short_circuit_operator' retrieved from /home/airflow/.local/lib/python3.12/site-packages/airflow/example_dags/example_short_circuit_operator.py
[2024-05-08T14:58:35.745+0000] {logging_mixin.py:188} INFO - [2024-05-08T14:58:35.744+0000] {dag.py:3096} INFO - Sync 1 DAGs
[2024-05-08T14:58:35.809+0000] {logging_mixin.py:188} INFO - [2024-05-08T14:58:35.809+0000] {dag.py:3954} INFO - Setting next_dagrun for example_short_circuit_operator to 2024-05-07 00:00:00+00:00, run_after=2024-05-08 00:00:00+00:00
[2024-05-08T14:58:35.856+0000] {processor.py:183} INFO - Processing /home/airflow/.local/lib/python3.12/site-packages/airflow/example_dags/example_short_circuit_operator.py took 0.238 seconds
[2024-05-08T14:59:05.986+0000] {processor.py:161} INFO - Started process (PID=3927) to work on /home/airflow/.local/lib/python3.12/site-packages/airflow/example_dags/example_short_circuit_operator.py
[2024-05-08T14:59:05.988+0000] {processor.py:830} INFO - Processing file /home/airflow/.local/lib/python3.12/site-packages/airflow/example_dags/example_short_circuit_operator.py for tasks to queue
[2024-05-08T14:59:05.993+0000] {logging_mixin.py:188} INFO - [2024-05-08T14:59:05.992+0000] {dagbag.py:545} INFO - Filling up the DagBag from /home/airflow/.local/lib/python3.12/site-packages/airflow/example_dags/example_short_circuit_operator.py
[2024-05-08T14:59:06.012+0000] {processor.py:840} INFO - DAG(s) 'example_short_circuit_operator' retrieved from /home/airflow/.local/lib/python3.12/site-packages/airflow/example_dags/example_short_circuit_operator.py
[2024-05-08T14:59:06.093+0000] {logging_mixin.py:188} INFO - [2024-05-08T14:59:06.092+0000] {dag.py:3096} INFO - Sync 1 DAGs
[2024-05-08T14:59:06.158+0000] {logging_mixin.py:188} INFO - [2024-05-08T14:59:06.158+0000] {dag.py:3954} INFO - Setting next_dagrun for example_short_circuit_operator to 2024-05-07 00:00:00+00:00, run_after=2024-05-08 00:00:00+00:00
[2024-05-08T14:59:06.195+0000] {processor.py:183} INFO - Processing /home/airflow/.local/lib/python3.12/site-packages/airflow/example_dags/example_short_circuit_operator.py took 0.222 seconds
[2024-05-08T14:59:36.365+0000] {processor.py:161} INFO - Started process (PID=4189) to work on /home/airflow/.local/lib/python3.12/site-packages/airflow/example_dags/example_short_circuit_operator.py
[2024-05-08T14:59:36.367+0000] {processor.py:830} INFO - Processing file /home/airflow/.local/lib/python3.12/site-packages/airflow/example_dags/example_short_circuit_operator.py for tasks to queue
[2024-05-08T14:59:36.370+0000] {logging_mixin.py:188} INFO - [2024-05-08T14:59:36.369+0000] {dagbag.py:545} INFO - Filling up the DagBag from /home/airflow/.local/lib/python3.12/site-packages/airflow/example_dags/example_short_circuit_operator.py
[2024-05-08T14:59:36.382+0000] {processor.py:840} INFO - DAG(s) 'example_short_circuit_operator' retrieved from /home/airflow/.local/lib/python3.12/site-packages/airflow/example_dags/example_short_circuit_operator.py
[2024-05-08T14:59:36.418+0000] {logging_mixin.py:188} INFO - [2024-05-08T14:59:36.418+0000] {dag.py:3096} INFO - Sync 1 DAGs
[2024-05-08T14:59:36.450+0000] {logging_mixin.py:188} INFO - [2024-05-08T14:59:36.450+0000] {dag.py:3954} INFO - Setting next_dagrun for example_short_circuit_operator to 2024-05-07 00:00:00+00:00, run_after=2024-05-08 00:00:00+00:00
[2024-05-08T14:59:36.481+0000] {processor.py:183} INFO - Processing /home/airflow/.local/lib/python3.12/site-packages/airflow/example_dags/example_short_circuit_operator.py took 0.125 seconds
[2024-05-08T15:00:07.400+0000] {processor.py:161} INFO - Started process (PID=4450) to work on /home/airflow/.local/lib/python3.12/site-packages/airflow/example_dags/example_short_circuit_operator.py
[2024-05-08T15:00:07.403+0000] {processor.py:830} INFO - Processing file /home/airflow/.local/lib/python3.12/site-packages/airflow/example_dags/example_short_circuit_operator.py for tasks to queue
[2024-05-08T15:00:07.407+0000] {logging_mixin.py:188} INFO - [2024-05-08T15:00:07.406+0000] {dagbag.py:545} INFO - Filling up the DagBag from /home/airflow/.local/lib/python3.12/site-packages/airflow/example_dags/example_short_circuit_operator.py
[2024-05-08T15:00:07.418+0000] {processor.py:840} INFO - DAG(s) 'example_short_circuit_operator' retrieved from /home/airflow/.local/lib/python3.12/site-packages/airflow/example_dags/example_short_circuit_operator.py
[2024-05-08T15:00:07.485+0000] {logging_mixin.py:188} INFO - [2024-05-08T15:00:07.485+0000] {dag.py:3096} INFO - Sync 1 DAGs
[2024-05-08T15:00:07.538+0000] {logging_mixin.py:188} INFO - [2024-05-08T15:00:07.538+0000] {dag.py:3954} INFO - Setting next_dagrun for example_short_circuit_operator to 2024-05-07 00:00:00+00:00, run_after=2024-05-08 00:00:00+00:00
[2024-05-08T15:00:07.588+0000] {processor.py:183} INFO - Processing /home/airflow/.local/lib/python3.12/site-packages/airflow/example_dags/example_short_circuit_operator.py took 0.204 seconds
[2024-05-08T15:00:37.653+0000] {processor.py:161} INFO - Started process (PID=4712) to work on /home/airflow/.local/lib/python3.12/site-packages/airflow/example_dags/example_short_circuit_operator.py
[2024-05-08T15:00:37.654+0000] {processor.py:830} INFO - Processing file /home/airflow/.local/lib/python3.12/site-packages/airflow/example_dags/example_short_circuit_operator.py for tasks to queue
[2024-05-08T15:00:37.657+0000] {logging_mixin.py:188} INFO - [2024-05-08T15:00:37.656+0000] {dagbag.py:545} INFO - Filling up the DagBag from /home/airflow/.local/lib/python3.12/site-packages/airflow/example_dags/example_short_circuit_operator.py
[2024-05-08T15:00:37.669+0000] {processor.py:840} INFO - DAG(s) 'example_short_circuit_operator' retrieved from /home/airflow/.local/lib/python3.12/site-packages/airflow/example_dags/example_short_circuit_operator.py
[2024-05-08T15:00:37.703+0000] {logging_mixin.py:188} INFO - [2024-05-08T15:00:37.703+0000] {dag.py:3096} INFO - Sync 1 DAGs
[2024-05-08T15:00:37.734+0000] {logging_mixin.py:188} INFO - [2024-05-08T15:00:37.734+0000] {dag.py:3954} INFO - Setting next_dagrun for example_short_circuit_operator to 2024-05-07 00:00:00+00:00, run_after=2024-05-08 00:00:00+00:00
[2024-05-08T15:00:37.766+0000] {processor.py:183} INFO - Processing /home/airflow/.local/lib/python3.12/site-packages/airflow/example_dags/example_short_circuit_operator.py took 0.126 seconds
[2024-05-08T15:01:08.147+0000] {processor.py:161} INFO - Started process (PID=4967) to work on /home/airflow/.local/lib/python3.12/site-packages/airflow/example_dags/example_short_circuit_operator.py
[2024-05-08T15:01:08.149+0000] {processor.py:830} INFO - Processing file /home/airflow/.local/lib/python3.12/site-packages/airflow/example_dags/example_short_circuit_operator.py for tasks to queue
[2024-05-08T15:01:08.151+0000] {logging_mixin.py:188} INFO - [2024-05-08T15:01:08.151+0000] {dagbag.py:545} INFO - Filling up the DagBag from /home/airflow/.local/lib/python3.12/site-packages/airflow/example_dags/example_short_circuit_operator.py
[2024-05-08T15:01:08.162+0000] {processor.py:840} INFO - DAG(s) 'example_short_circuit_operator' retrieved from /home/airflow/.local/lib/python3.12/site-packages/airflow/example_dags/example_short_circuit_operator.py
[2024-05-08T15:01:08.201+0000] {logging_mixin.py:188} INFO - [2024-05-08T15:01:08.200+0000] {dag.py:3096} INFO - Sync 1 DAGs
[2024-05-08T15:01:08.234+0000] {logging_mixin.py:188} INFO - [2024-05-08T15:01:08.234+0000] {dag.py:3954} INFO - Setting next_dagrun for example_short_circuit_operator to 2024-05-07 00:00:00+00:00, run_after=2024-05-08 00:00:00+00:00
[2024-05-08T15:01:08.265+0000] {processor.py:183} INFO - Processing /home/airflow/.local/lib/python3.12/site-packages/airflow/example_dags/example_short_circuit_operator.py took 0.129 seconds
[2024-05-08T15:01:38.899+0000] {processor.py:161} INFO - Started process (PID=5228) to work on /home/airflow/.local/lib/python3.12/site-packages/airflow/example_dags/example_short_circuit_operator.py
[2024-05-08T15:01:38.901+0000] {processor.py:830} INFO - Processing file /home/airflow/.local/lib/python3.12/site-packages/airflow/example_dags/example_short_circuit_operator.py for tasks to queue
[2024-05-08T15:01:38.904+0000] {logging_mixin.py:188} INFO - [2024-05-08T15:01:38.904+0000] {dagbag.py:545} INFO - Filling up the DagBag from /home/airflow/.local/lib/python3.12/site-packages/airflow/example_dags/example_short_circuit_operator.py
[2024-05-08T15:01:38.920+0000] {processor.py:840} INFO - DAG(s) 'example_short_circuit_operator' retrieved from /home/airflow/.local/lib/python3.12/site-packages/airflow/example_dags/example_short_circuit_operator.py
[2024-05-08T15:01:38.967+0000] {logging_mixin.py:188} INFO - [2024-05-08T15:01:38.967+0000] {dag.py:3096} INFO - Sync 1 DAGs
[2024-05-08T15:01:39.027+0000] {logging_mixin.py:188} INFO - [2024-05-08T15:01:39.027+0000] {dag.py:3954} INFO - Setting next_dagrun for example_short_circuit_operator to 2024-05-07 00:00:00+00:00, run_after=2024-05-08 00:00:00+00:00
[2024-05-08T15:01:39.093+0000] {processor.py:183} INFO - Processing /home/airflow/.local/lib/python3.12/site-packages/airflow/example_dags/example_short_circuit_operator.py took 0.209 seconds
[2024-05-08T15:02:09.561+0000] {processor.py:161} INFO - Started process (PID=5490) to work on /home/airflow/.local/lib/python3.12/site-packages/airflow/example_dags/example_short_circuit_operator.py
[2024-05-08T15:02:09.563+0000] {processor.py:830} INFO - Processing file /home/airflow/.local/lib/python3.12/site-packages/airflow/example_dags/example_short_circuit_operator.py for tasks to queue
[2024-05-08T15:02:09.567+0000] {logging_mixin.py:188} INFO - [2024-05-08T15:02:09.566+0000] {dagbag.py:545} INFO - Filling up the DagBag from /home/airflow/.local/lib/python3.12/site-packages/airflow/example_dags/example_short_circuit_operator.py
[2024-05-08T15:02:09.581+0000] {processor.py:840} INFO - DAG(s) 'example_short_circuit_operator' retrieved from /home/airflow/.local/lib/python3.12/site-packages/airflow/example_dags/example_short_circuit_operator.py
[2024-05-08T15:02:09.634+0000] {logging_mixin.py:188} INFO - [2024-05-08T15:02:09.633+0000] {dag.py:3096} INFO - Sync 1 DAGs
[2024-05-08T15:02:09.685+0000] {logging_mixin.py:188} INFO - [2024-05-08T15:02:09.685+0000] {dag.py:3954} INFO - Setting next_dagrun for example_short_circuit_operator to 2024-05-07 00:00:00+00:00, run_after=2024-05-08 00:00:00+00:00
[2024-05-08T15:02:09.730+0000] {processor.py:183} INFO - Processing /home/airflow/.local/lib/python3.12/site-packages/airflow/example_dags/example_short_circuit_operator.py took 0.180 seconds
[2024-05-08T15:02:40.400+0000] {processor.py:161} INFO - Started process (PID=5752) to work on /home/airflow/.local/lib/python3.12/site-packages/airflow/example_dags/example_short_circuit_operator.py
[2024-05-08T15:02:40.402+0000] {processor.py:830} INFO - Processing file /home/airflow/.local/lib/python3.12/site-packages/airflow/example_dags/example_short_circuit_operator.py for tasks to queue
[2024-05-08T15:02:40.405+0000] {logging_mixin.py:188} INFO - [2024-05-08T15:02:40.405+0000] {dagbag.py:545} INFO - Filling up the DagBag from /home/airflow/.local/lib/python3.12/site-packages/airflow/example_dags/example_short_circuit_operator.py
[2024-05-08T15:02:40.417+0000] {processor.py:840} INFO - DAG(s) 'example_short_circuit_operator' retrieved from /home/airflow/.local/lib/python3.12/site-packages/airflow/example_dags/example_short_circuit_operator.py
[2024-05-08T15:02:40.458+0000] {logging_mixin.py:188} INFO - [2024-05-08T15:02:40.457+0000] {dag.py:3096} INFO - Sync 1 DAGs
[2024-05-08T15:02:40.494+0000] {logging_mixin.py:188} INFO - [2024-05-08T15:02:40.494+0000] {dag.py:3954} INFO - Setting next_dagrun for example_short_circuit_operator to 2024-05-07 00:00:00+00:00, run_after=2024-05-08 00:00:00+00:00
[2024-05-08T15:02:40.529+0000] {processor.py:183} INFO - Processing /home/airflow/.local/lib/python3.12/site-packages/airflow/example_dags/example_short_circuit_operator.py took 0.138 seconds
[2024-05-08T15:03:10.687+0000] {processor.py:161} INFO - Started process (PID=6013) to work on /home/airflow/.local/lib/python3.12/site-packages/airflow/example_dags/example_short_circuit_operator.py
[2024-05-08T15:03:10.689+0000] {processor.py:830} INFO - Processing file /home/airflow/.local/lib/python3.12/site-packages/airflow/example_dags/example_short_circuit_operator.py for tasks to queue
[2024-05-08T15:03:10.693+0000] {logging_mixin.py:188} INFO - [2024-05-08T15:03:10.693+0000] {dagbag.py:545} INFO - Filling up the DagBag from /home/airflow/.local/lib/python3.12/site-packages/airflow/example_dags/example_short_circuit_operator.py
[2024-05-08T15:03:10.705+0000] {processor.py:840} INFO - DAG(s) 'example_short_circuit_operator' retrieved from /home/airflow/.local/lib/python3.12/site-packages/airflow/example_dags/example_short_circuit_operator.py
[2024-05-08T15:03:10.749+0000] {logging_mixin.py:188} INFO - [2024-05-08T15:03:10.749+0000] {dag.py:3096} INFO - Sync 1 DAGs
[2024-05-08T15:03:10.784+0000] {logging_mixin.py:188} INFO - [2024-05-08T15:03:10.784+0000] {dag.py:3954} INFO - Setting next_dagrun for example_short_circuit_operator to 2024-05-07 00:00:00+00:00, run_after=2024-05-08 00:00:00+00:00
[2024-05-08T15:03:10.823+0000] {processor.py:183} INFO - Processing /home/airflow/.local/lib/python3.12/site-packages/airflow/example_dags/example_short_circuit_operator.py took 0.149 seconds
[2024-05-08T15:03:40.943+0000] {processor.py:161} INFO - Started process (PID=6275) to work on /home/airflow/.local/lib/python3.12/site-packages/airflow/example_dags/example_short_circuit_operator.py
[2024-05-08T15:03:40.945+0000] {processor.py:830} INFO - Processing file /home/airflow/.local/lib/python3.12/site-packages/airflow/example_dags/example_short_circuit_operator.py for tasks to queue
[2024-05-08T15:03:40.950+0000] {logging_mixin.py:188} INFO - [2024-05-08T15:03:40.948+0000] {dagbag.py:545} INFO - Filling up the DagBag from /home/airflow/.local/lib/python3.12/site-packages/airflow/example_dags/example_short_circuit_operator.py
[2024-05-08T15:03:40.961+0000] {processor.py:840} INFO - DAG(s) 'example_short_circuit_operator' retrieved from /home/airflow/.local/lib/python3.12/site-packages/airflow/example_dags/example_short_circuit_operator.py
[2024-05-08T15:03:41.003+0000] {logging_mixin.py:188} INFO - [2024-05-08T15:03:41.003+0000] {dag.py:3096} INFO - Sync 1 DAGs
[2024-05-08T15:03:41.045+0000] {logging_mixin.py:188} INFO - [2024-05-08T15:03:41.045+0000] {dag.py:3954} INFO - Setting next_dagrun for example_short_circuit_operator to 2024-05-07 00:00:00+00:00, run_after=2024-05-08 00:00:00+00:00
[2024-05-08T15:03:41.088+0000] {processor.py:183} INFO - Processing /home/airflow/.local/lib/python3.12/site-packages/airflow/example_dags/example_short_circuit_operator.py took 0.155 seconds
[2024-05-08T15:04:12.056+0000] {processor.py:161} INFO - Started process (PID=6535) to work on /home/airflow/.local/lib/python3.12/site-packages/airflow/example_dags/example_short_circuit_operator.py
[2024-05-08T15:04:12.059+0000] {processor.py:830} INFO - Processing file /home/airflow/.local/lib/python3.12/site-packages/airflow/example_dags/example_short_circuit_operator.py for tasks to queue
[2024-05-08T15:04:12.064+0000] {logging_mixin.py:188} INFO - [2024-05-08T15:04:12.063+0000] {dagbag.py:545} INFO - Filling up the DagBag from /home/airflow/.local/lib/python3.12/site-packages/airflow/example_dags/example_short_circuit_operator.py
[2024-05-08T15:04:12.137+0000] {processor.py:840} INFO - DAG(s) 'example_short_circuit_operator' retrieved from /home/airflow/.local/lib/python3.12/site-packages/airflow/example_dags/example_short_circuit_operator.py
[2024-05-08T15:04:12.252+0000] {logging_mixin.py:188} INFO - [2024-05-08T15:04:12.251+0000] {dag.py:3096} INFO - Sync 1 DAGs
[2024-05-08T15:04:12.357+0000] {logging_mixin.py:188} INFO - [2024-05-08T15:04:12.356+0000] {dag.py:3954} INFO - Setting next_dagrun for example_short_circuit_operator to 2024-05-07 00:00:00+00:00, run_after=2024-05-08 00:00:00+00:00
[2024-05-08T15:04:12.452+0000] {processor.py:183} INFO - Processing /home/airflow/.local/lib/python3.12/site-packages/airflow/example_dags/example_short_circuit_operator.py took 0.449 seconds
[2024-05-08T15:04:43.411+0000] {processor.py:161} INFO - Started process (PID=6794) to work on /home/airflow/.local/lib/python3.12/site-packages/airflow/example_dags/example_short_circuit_operator.py
[2024-05-08T15:04:43.414+0000] {processor.py:830} INFO - Processing file /home/airflow/.local/lib/python3.12/site-packages/airflow/example_dags/example_short_circuit_operator.py for tasks to queue
[2024-05-08T15:04:43.419+0000] {logging_mixin.py:188} INFO - [2024-05-08T15:04:43.419+0000] {dagbag.py:545} INFO - Filling up the DagBag from /home/airflow/.local/lib/python3.12/site-packages/airflow/example_dags/example_short_circuit_operator.py
[2024-05-08T15:04:43.431+0000] {processor.py:840} INFO - DAG(s) 'example_short_circuit_operator' retrieved from /home/airflow/.local/lib/python3.12/site-packages/airflow/example_dags/example_short_circuit_operator.py
[2024-05-08T15:04:43.474+0000] {logging_mixin.py:188} INFO - [2024-05-08T15:04:43.473+0000] {dag.py:3096} INFO - Sync 1 DAGs
[2024-05-08T15:04:43.507+0000] {logging_mixin.py:188} INFO - [2024-05-08T15:04:43.506+0000] {dag.py:3954} INFO - Setting next_dagrun for example_short_circuit_operator to 2024-05-07 00:00:00+00:00, run_after=2024-05-08 00:00:00+00:00
[2024-05-08T15:04:43.539+0000] {processor.py:183} INFO - Processing /home/airflow/.local/lib/python3.12/site-packages/airflow/example_dags/example_short_circuit_operator.py took 0.140 seconds
[2024-05-08T15:05:15.706+0000] {processor.py:161} INFO - Started process (PID=7060) to work on /home/airflow/.local/lib/python3.12/site-packages/airflow/example_dags/example_short_circuit_operator.py
[2024-05-08T15:05:15.708+0000] {processor.py:830} INFO - Processing file /home/airflow/.local/lib/python3.12/site-packages/airflow/example_dags/example_short_circuit_operator.py for tasks to queue
[2024-05-08T15:05:15.711+0000] {logging_mixin.py:188} INFO - [2024-05-08T15:05:15.711+0000] {dagbag.py:545} INFO - Filling up the DagBag from /home/airflow/.local/lib/python3.12/site-packages/airflow/example_dags/example_short_circuit_operator.py
[2024-05-08T15:05:15.728+0000] {processor.py:840} INFO - DAG(s) 'example_short_circuit_operator' retrieved from /home/airflow/.local/lib/python3.12/site-packages/airflow/example_dags/example_short_circuit_operator.py
[2024-05-08T15:05:15.791+0000] {logging_mixin.py:188} INFO - [2024-05-08T15:05:15.791+0000] {dag.py:3096} INFO - Sync 1 DAGs
[2024-05-08T15:05:15.858+0000] {logging_mixin.py:188} INFO - [2024-05-08T15:05:15.858+0000] {dag.py:3954} INFO - Setting next_dagrun for example_short_circuit_operator to 2024-05-07 00:00:00+00:00, run_after=2024-05-08 00:00:00+00:00
[2024-05-08T15:05:15.910+0000] {processor.py:183} INFO - Processing /home/airflow/.local/lib/python3.12/site-packages/airflow/example_dags/example_short_circuit_operator.py took 0.224 seconds
[2024-05-08T15:05:46.005+0000] {processor.py:161} INFO - Started process (PID=7316) to work on /home/airflow/.local/lib/python3.12/site-packages/airflow/example_dags/example_short_circuit_operator.py
[2024-05-08T15:05:46.007+0000] {processor.py:830} INFO - Processing file /home/airflow/.local/lib/python3.12/site-packages/airflow/example_dags/example_short_circuit_operator.py for tasks to queue
[2024-05-08T15:05:46.010+0000] {logging_mixin.py:188} INFO - [2024-05-08T15:05:46.010+0000] {dagbag.py:545} INFO - Filling up the DagBag from /home/airflow/.local/lib/python3.12/site-packages/airflow/example_dags/example_short_circuit_operator.py
[2024-05-08T15:05:46.022+0000] {processor.py:840} INFO - DAG(s) 'example_short_circuit_operator' retrieved from /home/airflow/.local/lib/python3.12/site-packages/airflow/example_dags/example_short_circuit_operator.py
[2024-05-08T15:05:46.061+0000] {logging_mixin.py:188} INFO - [2024-05-08T15:05:46.060+0000] {dag.py:3096} INFO - Sync 1 DAGs
[2024-05-08T15:05:46.099+0000] {logging_mixin.py:188} INFO - [2024-05-08T15:05:46.099+0000] {dag.py:3954} INFO - Setting next_dagrun for example_short_circuit_operator to 2024-05-07 00:00:00+00:00, run_after=2024-05-08 00:00:00+00:00
[2024-05-08T15:05:46.139+0000] {processor.py:183} INFO - Processing /home/airflow/.local/lib/python3.12/site-packages/airflow/example_dags/example_short_circuit_operator.py took 0.143 seconds
[2024-05-08T15:06:16.516+0000] {processor.py:161} INFO - Started process (PID=7563) to work on /home/airflow/.local/lib/python3.12/site-packages/airflow/example_dags/example_short_circuit_operator.py
[2024-05-08T15:06:16.518+0000] {processor.py:830} INFO - Processing file /home/airflow/.local/lib/python3.12/site-packages/airflow/example_dags/example_short_circuit_operator.py for tasks to queue
[2024-05-08T15:06:16.521+0000] {logging_mixin.py:188} INFO - [2024-05-08T15:06:16.521+0000] {dagbag.py:545} INFO - Filling up the DagBag from /home/airflow/.local/lib/python3.12/site-packages/airflow/example_dags/example_short_circuit_operator.py
[2024-05-08T15:06:16.534+0000] {processor.py:840} INFO - DAG(s) 'example_short_circuit_operator' retrieved from /home/airflow/.local/lib/python3.12/site-packages/airflow/example_dags/example_short_circuit_operator.py
[2024-05-08T15:06:16.578+0000] {logging_mixin.py:188} INFO - [2024-05-08T15:06:16.577+0000] {dag.py:3096} INFO - Sync 1 DAGs
[2024-05-08T15:06:16.615+0000] {logging_mixin.py:188} INFO - [2024-05-08T15:06:16.614+0000] {dag.py:3954} INFO - Setting next_dagrun for example_short_circuit_operator to 2024-05-07 00:00:00+00:00, run_after=2024-05-08 00:00:00+00:00
[2024-05-08T15:06:16.651+0000] {processor.py:183} INFO - Processing /home/airflow/.local/lib/python3.12/site-packages/airflow/example_dags/example_short_circuit_operator.py took 0.144 seconds
[2024-05-08T15:06:47.131+0000] {processor.py:161} INFO - Started process (PID=7826) to work on /home/airflow/.local/lib/python3.12/site-packages/airflow/example_dags/example_short_circuit_operator.py
[2024-05-08T15:06:47.133+0000] {processor.py:830} INFO - Processing file /home/airflow/.local/lib/python3.12/site-packages/airflow/example_dags/example_short_circuit_operator.py for tasks to queue
[2024-05-08T15:06:47.136+0000] {logging_mixin.py:188} INFO - [2024-05-08T15:06:47.136+0000] {dagbag.py:545} INFO - Filling up the DagBag from /home/airflow/.local/lib/python3.12/site-packages/airflow/example_dags/example_short_circuit_operator.py
[2024-05-08T15:06:47.151+0000] {processor.py:840} INFO - DAG(s) 'example_short_circuit_operator' retrieved from /home/airflow/.local/lib/python3.12/site-packages/airflow/example_dags/example_short_circuit_operator.py
[2024-05-08T15:06:47.197+0000] {logging_mixin.py:188} INFO - [2024-05-08T15:06:47.196+0000] {dag.py:3096} INFO - Sync 1 DAGs
[2024-05-08T15:06:47.231+0000] {logging_mixin.py:188} INFO - [2024-05-08T15:06:47.231+0000] {dag.py:3954} INFO - Setting next_dagrun for example_short_circuit_operator to 2024-05-07 00:00:00+00:00, run_after=2024-05-08 00:00:00+00:00
[2024-05-08T15:06:47.266+0000] {processor.py:183} INFO - Processing /home/airflow/.local/lib/python3.12/site-packages/airflow/example_dags/example_short_circuit_operator.py took 0.144 seconds
[2024-05-08T15:07:17.854+0000] {processor.py:161} INFO - Started process (PID=8086) to work on /home/airflow/.local/lib/python3.12/site-packages/airflow/example_dags/example_short_circuit_operator.py
[2024-05-08T15:07:17.856+0000] {processor.py:830} INFO - Processing file /home/airflow/.local/lib/python3.12/site-packages/airflow/example_dags/example_short_circuit_operator.py for tasks to queue
[2024-05-08T15:07:17.859+0000] {logging_mixin.py:188} INFO - [2024-05-08T15:07:17.858+0000] {dagbag.py:545} INFO - Filling up the DagBag from /home/airflow/.local/lib/python3.12/site-packages/airflow/example_dags/example_short_circuit_operator.py
[2024-05-08T15:07:17.870+0000] {processor.py:840} INFO - DAG(s) 'example_short_circuit_operator' retrieved from /home/airflow/.local/lib/python3.12/site-packages/airflow/example_dags/example_short_circuit_operator.py
[2024-05-08T15:07:17.913+0000] {logging_mixin.py:188} INFO - [2024-05-08T15:07:17.912+0000] {dag.py:3096} INFO - Sync 1 DAGs
[2024-05-08T15:07:17.948+0000] {logging_mixin.py:188} INFO - [2024-05-08T15:07:17.948+0000] {dag.py:3954} INFO - Setting next_dagrun for example_short_circuit_operator to 2024-05-07 00:00:00+00:00, run_after=2024-05-08 00:00:00+00:00
[2024-05-08T15:07:17.984+0000] {processor.py:183} INFO - Processing /home/airflow/.local/lib/python3.12/site-packages/airflow/example_dags/example_short_circuit_operator.py took 0.139 seconds
[2024-05-08T15:07:48.162+0000] {processor.py:161} INFO - Started process (PID=8348) to work on /home/airflow/.local/lib/python3.12/site-packages/airflow/example_dags/example_short_circuit_operator.py
[2024-05-08T15:07:48.164+0000] {processor.py:830} INFO - Processing file /home/airflow/.local/lib/python3.12/site-packages/airflow/example_dags/example_short_circuit_operator.py for tasks to queue
[2024-05-08T15:07:48.168+0000] {logging_mixin.py:188} INFO - [2024-05-08T15:07:48.167+0000] {dagbag.py:545} INFO - Filling up the DagBag from /home/airflow/.local/lib/python3.12/site-packages/airflow/example_dags/example_short_circuit_operator.py
[2024-05-08T15:07:48.181+0000] {processor.py:840} INFO - DAG(s) 'example_short_circuit_operator' retrieved from /home/airflow/.local/lib/python3.12/site-packages/airflow/example_dags/example_short_circuit_operator.py
[2024-05-08T15:07:48.230+0000] {logging_mixin.py:188} INFO - [2024-05-08T15:07:48.230+0000] {dag.py:3096} INFO - Sync 1 DAGs
[2024-05-08T15:07:48.280+0000] {logging_mixin.py:188} INFO - [2024-05-08T15:07:48.280+0000] {dag.py:3954} INFO - Setting next_dagrun for example_short_circuit_operator to 2024-05-07 00:00:00+00:00, run_after=2024-05-08 00:00:00+00:00
[2024-05-08T15:07:48.328+0000] {processor.py:183} INFO - Processing /home/airflow/.local/lib/python3.12/site-packages/airflow/example_dags/example_short_circuit_operator.py took 0.176 seconds
[2024-05-08T15:08:18.788+0000] {processor.py:161} INFO - Started process (PID=8612) to work on /home/airflow/.local/lib/python3.12/site-packages/airflow/example_dags/example_short_circuit_operator.py
[2024-05-08T15:08:18.790+0000] {processor.py:830} INFO - Processing file /home/airflow/.local/lib/python3.12/site-packages/airflow/example_dags/example_short_circuit_operator.py for tasks to queue
[2024-05-08T15:08:18.793+0000] {logging_mixin.py:188} INFO - [2024-05-08T15:08:18.792+0000] {dagbag.py:545} INFO - Filling up the DagBag from /home/airflow/.local/lib/python3.12/site-packages/airflow/example_dags/example_short_circuit_operator.py
[2024-05-08T15:08:18.803+0000] {processor.py:840} INFO - DAG(s) 'example_short_circuit_operator' retrieved from /home/airflow/.local/lib/python3.12/site-packages/airflow/example_dags/example_short_circuit_operator.py
[2024-05-08T15:08:18.850+0000] {logging_mixin.py:188} INFO - [2024-05-08T15:08:18.850+0000] {dag.py:3096} INFO - Sync 1 DAGs
[2024-05-08T15:08:18.896+0000] {logging_mixin.py:188} INFO - [2024-05-08T15:08:18.896+0000] {dag.py:3954} INFO - Setting next_dagrun for example_short_circuit_operator to 2024-05-07 00:00:00+00:00, run_after=2024-05-08 00:00:00+00:00
[2024-05-08T15:08:19.091+0000] {processor.py:183} INFO - Processing /home/airflow/.local/lib/python3.12/site-packages/airflow/example_dags/example_short_circuit_operator.py took 0.311 seconds
