[2024-05-08T14:51:54.570+0000] {processor.py:161} INFO - Started process (PID=337) to work on /home/airflow/.local/lib/python3.12/site-packages/airflow/example_dags/tutorial.py
[2024-05-08T14:51:54.572+0000] {processor.py:830} INFO - Processing file /home/airflow/.local/lib/python3.12/site-packages/airflow/example_dags/tutorial.py for tasks to queue
[2024-05-08T14:51:54.575+0000] {logging_mixin.py:188} INFO - [2024-05-08T14:51:54.575+0000] {dagbag.py:545} INFO - Filling up the DagBag from /home/airflow/.local/lib/python3.12/site-packages/airflow/example_dags/tutorial.py
[2024-05-08T14:51:54.591+0000] {processor.py:840} INFO - DAG(s) 'tutorial' retrieved from /home/airflow/.local/lib/python3.12/site-packages/airflow/example_dags/tutorial.py
[2024-05-08T14:51:54.813+0000] {logging_mixin.py:188} INFO - [2024-05-08T14:51:54.812+0000] {dag.py:3096} INFO - Sync 1 DAGs
[2024-05-08T14:51:54.871+0000] {logging_mixin.py:188} INFO - [2024-05-08T14:51:54.859+0000] {dag.py:3954} INFO - Setting next_dagrun for tutorial to 2024-05-07 00:00:00+00:00, run_after=2024-05-08 00:00:00+00:00
[2024-05-08T14:51:54.952+0000] {processor.py:183} INFO - Processing /home/airflow/.local/lib/python3.12/site-packages/airflow/example_dags/tutorial.py took 0.394 seconds
[2024-05-08T14:52:25.707+0000] {processor.py:161} INFO - Started process (PID=599) to work on /home/airflow/.local/lib/python3.12/site-packages/airflow/example_dags/tutorial.py
[2024-05-08T14:52:25.709+0000] {processor.py:830} INFO - Processing file /home/airflow/.local/lib/python3.12/site-packages/airflow/example_dags/tutorial.py for tasks to queue
[2024-05-08T14:52:25.712+0000] {logging_mixin.py:188} INFO - [2024-05-08T14:52:25.711+0000] {dagbag.py:545} INFO - Filling up the DagBag from /home/airflow/.local/lib/python3.12/site-packages/airflow/example_dags/tutorial.py
[2024-05-08T14:52:25.723+0000] {processor.py:840} INFO - DAG(s) 'tutorial' retrieved from /home/airflow/.local/lib/python3.12/site-packages/airflow/example_dags/tutorial.py
[2024-05-08T14:52:25.763+0000] {logging_mixin.py:188} INFO - [2024-05-08T14:52:25.763+0000] {dag.py:3096} INFO - Sync 1 DAGs
[2024-05-08T14:52:25.820+0000] {logging_mixin.py:188} INFO - [2024-05-08T14:52:25.820+0000] {dag.py:3954} INFO - Setting next_dagrun for tutorial to 2024-05-07 00:00:00+00:00, run_after=2024-05-08 00:00:00+00:00
[2024-05-08T14:52:25.911+0000] {processor.py:183} INFO - Processing /home/airflow/.local/lib/python3.12/site-packages/airflow/example_dags/tutorial.py took 0.215 seconds
[2024-05-08T14:53:01.050+0000] {processor.py:161} INFO - Started process (PID=861) to work on /home/airflow/.local/lib/python3.12/site-packages/airflow/example_dags/tutorial.py
[2024-05-08T14:53:01.052+0000] {processor.py:830} INFO - Processing file /home/airflow/.local/lib/python3.12/site-packages/airflow/example_dags/tutorial.py for tasks to queue
[2024-05-08T14:53:01.056+0000] {logging_mixin.py:188} INFO - [2024-05-08T14:53:01.055+0000] {dagbag.py:545} INFO - Filling up the DagBag from /home/airflow/.local/lib/python3.12/site-packages/airflow/example_dags/tutorial.py
[2024-05-08T14:53:01.068+0000] {processor.py:840} INFO - DAG(s) 'tutorial' retrieved from /home/airflow/.local/lib/python3.12/site-packages/airflow/example_dags/tutorial.py
[2024-05-08T14:53:01.140+0000] {logging_mixin.py:188} INFO - [2024-05-08T14:53:01.139+0000] {dag.py:3096} INFO - Sync 1 DAGs
[2024-05-08T14:53:01.191+0000] {logging_mixin.py:188} INFO - [2024-05-08T14:53:01.190+0000] {dag.py:3954} INFO - Setting next_dagrun for tutorial to 2024-05-07 00:00:00+00:00, run_after=2024-05-08 00:00:00+00:00
[2024-05-08T14:53:01.234+0000] {processor.py:183} INFO - Processing /home/airflow/.local/lib/python3.12/site-packages/airflow/example_dags/tutorial.py took 0.203 seconds
[2024-05-08T14:53:31.669+0000] {processor.py:161} INFO - Started process (PID=1123) to work on /home/airflow/.local/lib/python3.12/site-packages/airflow/example_dags/tutorial.py
[2024-05-08T14:53:31.670+0000] {processor.py:830} INFO - Processing file /home/airflow/.local/lib/python3.12/site-packages/airflow/example_dags/tutorial.py for tasks to queue
[2024-05-08T14:53:31.673+0000] {logging_mixin.py:188} INFO - [2024-05-08T14:53:31.673+0000] {dagbag.py:545} INFO - Filling up the DagBag from /home/airflow/.local/lib/python3.12/site-packages/airflow/example_dags/tutorial.py
[2024-05-08T14:53:31.683+0000] {processor.py:840} INFO - DAG(s) 'tutorial' retrieved from /home/airflow/.local/lib/python3.12/site-packages/airflow/example_dags/tutorial.py
[2024-05-08T14:53:31.719+0000] {logging_mixin.py:188} INFO - [2024-05-08T14:53:31.719+0000] {dag.py:3096} INFO - Sync 1 DAGs
[2024-05-08T14:53:31.756+0000] {logging_mixin.py:188} INFO - [2024-05-08T14:53:31.756+0000] {dag.py:3954} INFO - Setting next_dagrun for tutorial to 2024-05-07 00:00:00+00:00, run_after=2024-05-08 00:00:00+00:00
[2024-05-08T14:53:31.799+0000] {processor.py:183} INFO - Processing /home/airflow/.local/lib/python3.12/site-packages/airflow/example_dags/tutorial.py took 0.140 seconds
[2024-05-08T14:54:09.413+0000] {processor.py:161} INFO - Started process (PID=1394) to work on /home/airflow/.local/lib/python3.12/site-packages/airflow/example_dags/tutorial.py
[2024-05-08T14:54:09.436+0000] {processor.py:830} INFO - Processing file /home/airflow/.local/lib/python3.12/site-packages/airflow/example_dags/tutorial.py for tasks to queue
[2024-05-08T14:54:09.462+0000] {logging_mixin.py:188} INFO - [2024-05-08T14:54:09.451+0000] {dagbag.py:545} INFO - Filling up the DagBag from /home/airflow/.local/lib/python3.12/site-packages/airflow/example_dags/tutorial.py
[2024-05-08T14:54:09.575+0000] {processor.py:840} INFO - DAG(s) 'tutorial' retrieved from /home/airflow/.local/lib/python3.12/site-packages/airflow/example_dags/tutorial.py
[2024-05-08T14:54:09.995+0000] {logging_mixin.py:188} INFO - [2024-05-08T14:54:09.993+0000] {dag.py:3096} INFO - Sync 1 DAGs
[2024-05-08T14:54:10.393+0000] {logging_mixin.py:188} INFO - [2024-05-08T14:54:10.392+0000] {dag.py:3954} INFO - Setting next_dagrun for tutorial to 2024-05-07 00:00:00+00:00, run_after=2024-05-08 00:00:00+00:00
[2024-05-08T14:54:10.534+0000] {processor.py:183} INFO - Processing /home/airflow/.local/lib/python3.12/site-packages/airflow/example_dags/tutorial.py took 1.204 seconds
[2024-05-08T14:54:40.938+0000] {processor.py:161} INFO - Started process (PID=1658) to work on /home/airflow/.local/lib/python3.12/site-packages/airflow/example_dags/tutorial.py
[2024-05-08T14:54:40.940+0000] {processor.py:830} INFO - Processing file /home/airflow/.local/lib/python3.12/site-packages/airflow/example_dags/tutorial.py for tasks to queue
[2024-05-08T14:54:40.943+0000] {logging_mixin.py:188} INFO - [2024-05-08T14:54:40.943+0000] {dagbag.py:545} INFO - Filling up the DagBag from /home/airflow/.local/lib/python3.12/site-packages/airflow/example_dags/tutorial.py
[2024-05-08T14:54:40.957+0000] {processor.py:840} INFO - DAG(s) 'tutorial' retrieved from /home/airflow/.local/lib/python3.12/site-packages/airflow/example_dags/tutorial.py
[2024-05-08T14:54:40.997+0000] {logging_mixin.py:188} INFO - [2024-05-08T14:54:40.997+0000] {dag.py:3096} INFO - Sync 1 DAGs
[2024-05-08T14:54:41.042+0000] {logging_mixin.py:188} INFO - [2024-05-08T14:54:41.041+0000] {dag.py:3954} INFO - Setting next_dagrun for tutorial to 2024-05-07 00:00:00+00:00, run_after=2024-05-08 00:00:00+00:00
[2024-05-08T14:54:41.084+0000] {processor.py:183} INFO - Processing /home/airflow/.local/lib/python3.12/site-packages/airflow/example_dags/tutorial.py took 0.157 seconds
[2024-05-08T14:55:11.163+0000] {processor.py:161} INFO - Started process (PID=1917) to work on /home/airflow/.local/lib/python3.12/site-packages/airflow/example_dags/tutorial.py
[2024-05-08T14:55:11.164+0000] {processor.py:830} INFO - Processing file /home/airflow/.local/lib/python3.12/site-packages/airflow/example_dags/tutorial.py for tasks to queue
[2024-05-08T14:55:11.167+0000] {logging_mixin.py:188} INFO - [2024-05-08T14:55:11.166+0000] {dagbag.py:545} INFO - Filling up the DagBag from /home/airflow/.local/lib/python3.12/site-packages/airflow/example_dags/tutorial.py
[2024-05-08T14:55:11.183+0000] {processor.py:840} INFO - DAG(s) 'tutorial' retrieved from /home/airflow/.local/lib/python3.12/site-packages/airflow/example_dags/tutorial.py
[2024-05-08T14:55:11.238+0000] {logging_mixin.py:188} INFO - [2024-05-08T14:55:11.237+0000] {dag.py:3096} INFO - Sync 1 DAGs
[2024-05-08T14:55:11.299+0000] {logging_mixin.py:188} INFO - [2024-05-08T14:55:11.299+0000] {dag.py:3954} INFO - Setting next_dagrun for tutorial to 2024-05-07 00:00:00+00:00, run_after=2024-05-08 00:00:00+00:00
[2024-05-08T14:55:11.365+0000] {processor.py:183} INFO - Processing /home/airflow/.local/lib/python3.12/site-packages/airflow/example_dags/tutorial.py took 0.218 seconds
[2024-05-08T14:55:42.095+0000] {processor.py:161} INFO - Started process (PID=2181) to work on /home/airflow/.local/lib/python3.12/site-packages/airflow/example_dags/tutorial.py
[2024-05-08T14:55:42.096+0000] {processor.py:830} INFO - Processing file /home/airflow/.local/lib/python3.12/site-packages/airflow/example_dags/tutorial.py for tasks to queue
[2024-05-08T14:55:42.100+0000] {logging_mixin.py:188} INFO - [2024-05-08T14:55:42.099+0000] {dagbag.py:545} INFO - Filling up the DagBag from /home/airflow/.local/lib/python3.12/site-packages/airflow/example_dags/tutorial.py
[2024-05-08T14:55:42.108+0000] {processor.py:840} INFO - DAG(s) 'tutorial' retrieved from /home/airflow/.local/lib/python3.12/site-packages/airflow/example_dags/tutorial.py
[2024-05-08T14:55:42.140+0000] {logging_mixin.py:188} INFO - [2024-05-08T14:55:42.139+0000] {dag.py:3096} INFO - Sync 1 DAGs
[2024-05-08T14:55:42.194+0000] {logging_mixin.py:188} INFO - [2024-05-08T14:55:42.193+0000] {dag.py:3954} INFO - Setting next_dagrun for tutorial to 2024-05-07 00:00:00+00:00, run_after=2024-05-08 00:00:00+00:00
[2024-05-08T14:55:42.229+0000] {processor.py:183} INFO - Processing /home/airflow/.local/lib/python3.12/site-packages/airflow/example_dags/tutorial.py took 0.145 seconds
[2024-05-08T14:56:12.648+0000] {processor.py:161} INFO - Started process (PID=2443) to work on /home/airflow/.local/lib/python3.12/site-packages/airflow/example_dags/tutorial.py
[2024-05-08T14:56:12.651+0000] {processor.py:830} INFO - Processing file /home/airflow/.local/lib/python3.12/site-packages/airflow/example_dags/tutorial.py for tasks to queue
[2024-05-08T14:56:12.654+0000] {logging_mixin.py:188} INFO - [2024-05-08T14:56:12.653+0000] {dagbag.py:545} INFO - Filling up the DagBag from /home/airflow/.local/lib/python3.12/site-packages/airflow/example_dags/tutorial.py
[2024-05-08T14:56:12.665+0000] {processor.py:840} INFO - DAG(s) 'tutorial' retrieved from /home/airflow/.local/lib/python3.12/site-packages/airflow/example_dags/tutorial.py
[2024-05-08T14:56:12.715+0000] {logging_mixin.py:188} INFO - [2024-05-08T14:56:12.714+0000] {dag.py:3096} INFO - Sync 1 DAGs
[2024-05-08T14:56:12.766+0000] {logging_mixin.py:188} INFO - [2024-05-08T14:56:12.765+0000] {dag.py:3954} INFO - Setting next_dagrun for tutorial to 2024-05-07 00:00:00+00:00, run_after=2024-05-08 00:00:00+00:00
[2024-05-08T14:56:12.812+0000] {processor.py:183} INFO - Processing /home/airflow/.local/lib/python3.12/site-packages/airflow/example_dags/tutorial.py took 0.175 seconds
[2024-05-08T14:56:43.692+0000] {processor.py:161} INFO - Started process (PID=2704) to work on /home/airflow/.local/lib/python3.12/site-packages/airflow/example_dags/tutorial.py
[2024-05-08T14:56:43.704+0000] {processor.py:830} INFO - Processing file /home/airflow/.local/lib/python3.12/site-packages/airflow/example_dags/tutorial.py for tasks to queue
[2024-05-08T14:56:43.708+0000] {logging_mixin.py:188} INFO - [2024-05-08T14:56:43.708+0000] {dagbag.py:545} INFO - Filling up the DagBag from /home/airflow/.local/lib/python3.12/site-packages/airflow/example_dags/tutorial.py
[2024-05-08T14:56:43.720+0000] {processor.py:840} INFO - DAG(s) 'tutorial' retrieved from /home/airflow/.local/lib/python3.12/site-packages/airflow/example_dags/tutorial.py
[2024-05-08T14:56:43.791+0000] {logging_mixin.py:188} INFO - [2024-05-08T14:56:43.789+0000] {dag.py:3096} INFO - Sync 1 DAGs
[2024-05-08T14:56:43.919+0000] {logging_mixin.py:188} INFO - [2024-05-08T14:56:43.919+0000] {dag.py:3954} INFO - Setting next_dagrun for tutorial to 2024-05-07 00:00:00+00:00, run_after=2024-05-08 00:00:00+00:00
[2024-05-08T14:56:44.098+0000] {processor.py:183} INFO - Processing /home/airflow/.local/lib/python3.12/site-packages/airflow/example_dags/tutorial.py took 0.422 seconds
[2024-05-08T14:57:14.704+0000] {processor.py:161} INFO - Started process (PID=2968) to work on /home/airflow/.local/lib/python3.12/site-packages/airflow/example_dags/tutorial.py
[2024-05-08T14:57:14.706+0000] {processor.py:830} INFO - Processing file /home/airflow/.local/lib/python3.12/site-packages/airflow/example_dags/tutorial.py for tasks to queue
[2024-05-08T14:57:14.709+0000] {logging_mixin.py:188} INFO - [2024-05-08T14:57:14.708+0000] {dagbag.py:545} INFO - Filling up the DagBag from /home/airflow/.local/lib/python3.12/site-packages/airflow/example_dags/tutorial.py
[2024-05-08T14:57:14.717+0000] {processor.py:840} INFO - DAG(s) 'tutorial' retrieved from /home/airflow/.local/lib/python3.12/site-packages/airflow/example_dags/tutorial.py
[2024-05-08T14:57:14.754+0000] {logging_mixin.py:188} INFO - [2024-05-08T14:57:14.753+0000] {dag.py:3096} INFO - Sync 1 DAGs
[2024-05-08T14:57:14.797+0000] {logging_mixin.py:188} INFO - [2024-05-08T14:57:14.797+0000] {dag.py:3954} INFO - Setting next_dagrun for tutorial to 2024-05-07 00:00:00+00:00, run_after=2024-05-08 00:00:00+00:00
[2024-05-08T14:57:14.829+0000] {processor.py:183} INFO - Processing /home/airflow/.local/lib/python3.12/site-packages/airflow/example_dags/tutorial.py took 0.134 seconds
[2024-05-08T14:57:45.612+0000] {processor.py:161} INFO - Started process (PID=3230) to work on /home/airflow/.local/lib/python3.12/site-packages/airflow/example_dags/tutorial.py
[2024-05-08T14:57:45.613+0000] {processor.py:830} INFO - Processing file /home/airflow/.local/lib/python3.12/site-packages/airflow/example_dags/tutorial.py for tasks to queue
[2024-05-08T14:57:45.617+0000] {logging_mixin.py:188} INFO - [2024-05-08T14:57:45.616+0000] {dagbag.py:545} INFO - Filling up the DagBag from /home/airflow/.local/lib/python3.12/site-packages/airflow/example_dags/tutorial.py
[2024-05-08T14:57:45.626+0000] {processor.py:840} INFO - DAG(s) 'tutorial' retrieved from /home/airflow/.local/lib/python3.12/site-packages/airflow/example_dags/tutorial.py
[2024-05-08T14:57:45.664+0000] {logging_mixin.py:188} INFO - [2024-05-08T14:57:45.663+0000] {dag.py:3096} INFO - Sync 1 DAGs
[2024-05-08T14:57:45.711+0000] {logging_mixin.py:188} INFO - [2024-05-08T14:57:45.711+0000] {dag.py:3954} INFO - Setting next_dagrun for tutorial to 2024-05-07 00:00:00+00:00, run_after=2024-05-08 00:00:00+00:00
[2024-05-08T14:57:45.743+0000] {processor.py:183} INFO - Processing /home/airflow/.local/lib/python3.12/site-packages/airflow/example_dags/tutorial.py took 0.141 seconds
[2024-05-08T14:58:16.705+0000] {processor.py:161} INFO - Started process (PID=3492) to work on /home/airflow/.local/lib/python3.12/site-packages/airflow/example_dags/tutorial.py
[2024-05-08T14:58:16.709+0000] {processor.py:830} INFO - Processing file /home/airflow/.local/lib/python3.12/site-packages/airflow/example_dags/tutorial.py for tasks to queue
[2024-05-08T14:58:16.715+0000] {logging_mixin.py:188} INFO - [2024-05-08T14:58:16.714+0000] {dagbag.py:545} INFO - Filling up the DagBag from /home/airflow/.local/lib/python3.12/site-packages/airflow/example_dags/tutorial.py
[2024-05-08T14:58:16.728+0000] {processor.py:840} INFO - DAG(s) 'tutorial' retrieved from /home/airflow/.local/lib/python3.12/site-packages/airflow/example_dags/tutorial.py
[2024-05-08T14:58:16.818+0000] {logging_mixin.py:188} INFO - [2024-05-08T14:58:16.818+0000] {dag.py:3096} INFO - Sync 1 DAGs
[2024-05-08T14:58:16.888+0000] {logging_mixin.py:188} INFO - [2024-05-08T14:58:16.888+0000] {dag.py:3954} INFO - Setting next_dagrun for tutorial to 2024-05-07 00:00:00+00:00, run_after=2024-05-08 00:00:00+00:00
[2024-05-08T14:58:16.963+0000] {processor.py:183} INFO - Processing /home/airflow/.local/lib/python3.12/site-packages/airflow/example_dags/tutorial.py took 0.275 seconds
[2024-05-08T14:58:47.968+0000] {processor.py:161} INFO - Started process (PID=3754) to work on /home/airflow/.local/lib/python3.12/site-packages/airflow/example_dags/tutorial.py
[2024-05-08T14:58:47.972+0000] {processor.py:830} INFO - Processing file /home/airflow/.local/lib/python3.12/site-packages/airflow/example_dags/tutorial.py for tasks to queue
[2024-05-08T14:58:47.976+0000] {logging_mixin.py:188} INFO - [2024-05-08T14:58:47.975+0000] {dagbag.py:545} INFO - Filling up the DagBag from /home/airflow/.local/lib/python3.12/site-packages/airflow/example_dags/tutorial.py
[2024-05-08T14:58:47.988+0000] {processor.py:840} INFO - DAG(s) 'tutorial' retrieved from /home/airflow/.local/lib/python3.12/site-packages/airflow/example_dags/tutorial.py
[2024-05-08T14:58:48.027+0000] {logging_mixin.py:188} INFO - [2024-05-08T14:58:48.027+0000] {dag.py:3096} INFO - Sync 1 DAGs
[2024-05-08T14:58:48.078+0000] {logging_mixin.py:188} INFO - [2024-05-08T14:58:48.077+0000] {dag.py:3954} INFO - Setting next_dagrun for tutorial to 2024-05-07 00:00:00+00:00, run_after=2024-05-08 00:00:00+00:00
[2024-05-08T14:58:48.112+0000] {processor.py:183} INFO - Processing /home/airflow/.local/lib/python3.12/site-packages/airflow/example_dags/tutorial.py took 0.156 seconds
[2024-05-08T14:59:18.366+0000] {processor.py:161} INFO - Started process (PID=4016) to work on /home/airflow/.local/lib/python3.12/site-packages/airflow/example_dags/tutorial.py
[2024-05-08T14:59:18.367+0000] {processor.py:830} INFO - Processing file /home/airflow/.local/lib/python3.12/site-packages/airflow/example_dags/tutorial.py for tasks to queue
[2024-05-08T14:59:18.370+0000] {logging_mixin.py:188} INFO - [2024-05-08T14:59:18.370+0000] {dagbag.py:545} INFO - Filling up the DagBag from /home/airflow/.local/lib/python3.12/site-packages/airflow/example_dags/tutorial.py
[2024-05-08T14:59:18.379+0000] {processor.py:840} INFO - DAG(s) 'tutorial' retrieved from /home/airflow/.local/lib/python3.12/site-packages/airflow/example_dags/tutorial.py
[2024-05-08T14:59:18.412+0000] {logging_mixin.py:188} INFO - [2024-05-08T14:59:18.412+0000] {dag.py:3096} INFO - Sync 1 DAGs
[2024-05-08T14:59:18.446+0000] {logging_mixin.py:188} INFO - [2024-05-08T14:59:18.445+0000] {dag.py:3954} INFO - Setting next_dagrun for tutorial to 2024-05-07 00:00:00+00:00, run_after=2024-05-08 00:00:00+00:00
[2024-05-08T14:59:18.477+0000] {processor.py:183} INFO - Processing /home/airflow/.local/lib/python3.12/site-packages/airflow/example_dags/tutorial.py took 0.120 seconds
[2024-05-08T14:59:48.779+0000] {processor.py:161} INFO - Started process (PID=4277) to work on /home/airflow/.local/lib/python3.12/site-packages/airflow/example_dags/tutorial.py
[2024-05-08T14:59:48.781+0000] {processor.py:830} INFO - Processing file /home/airflow/.local/lib/python3.12/site-packages/airflow/example_dags/tutorial.py for tasks to queue
[2024-05-08T14:59:48.784+0000] {logging_mixin.py:188} INFO - [2024-05-08T14:59:48.783+0000] {dagbag.py:545} INFO - Filling up the DagBag from /home/airflow/.local/lib/python3.12/site-packages/airflow/example_dags/tutorial.py
[2024-05-08T14:59:48.796+0000] {processor.py:840} INFO - DAG(s) 'tutorial' retrieved from /home/airflow/.local/lib/python3.12/site-packages/airflow/example_dags/tutorial.py
[2024-05-08T14:59:48.828+0000] {logging_mixin.py:188} INFO - [2024-05-08T14:59:48.827+0000] {dag.py:3096} INFO - Sync 1 DAGs
[2024-05-08T14:59:48.880+0000] {logging_mixin.py:188} INFO - [2024-05-08T14:59:48.880+0000] {dag.py:3954} INFO - Setting next_dagrun for tutorial to 2024-05-07 00:00:00+00:00, run_after=2024-05-08 00:00:00+00:00
[2024-05-08T14:59:48.921+0000] {processor.py:183} INFO - Processing /home/airflow/.local/lib/python3.12/site-packages/airflow/example_dags/tutorial.py took 0.150 seconds
[2024-05-08T15:00:19.355+0000] {processor.py:161} INFO - Started process (PID=4539) to work on /home/airflow/.local/lib/python3.12/site-packages/airflow/example_dags/tutorial.py
[2024-05-08T15:00:19.357+0000] {processor.py:830} INFO - Processing file /home/airflow/.local/lib/python3.12/site-packages/airflow/example_dags/tutorial.py for tasks to queue
[2024-05-08T15:00:19.360+0000] {logging_mixin.py:188} INFO - [2024-05-08T15:00:19.359+0000] {dagbag.py:545} INFO - Filling up the DagBag from /home/airflow/.local/lib/python3.12/site-packages/airflow/example_dags/tutorial.py
[2024-05-08T15:00:19.372+0000] {processor.py:840} INFO - DAG(s) 'tutorial' retrieved from /home/airflow/.local/lib/python3.12/site-packages/airflow/example_dags/tutorial.py
[2024-05-08T15:00:19.408+0000] {logging_mixin.py:188} INFO - [2024-05-08T15:00:19.407+0000] {dag.py:3096} INFO - Sync 1 DAGs
[2024-05-08T15:00:19.447+0000] {logging_mixin.py:188} INFO - [2024-05-08T15:00:19.447+0000] {dag.py:3954} INFO - Setting next_dagrun for tutorial to 2024-05-07 00:00:00+00:00, run_after=2024-05-08 00:00:00+00:00
[2024-05-08T15:00:19.478+0000] {processor.py:183} INFO - Processing /home/airflow/.local/lib/python3.12/site-packages/airflow/example_dags/tutorial.py took 0.134 seconds
[2024-05-08T15:00:49.876+0000] {processor.py:161} INFO - Started process (PID=4800) to work on /home/airflow/.local/lib/python3.12/site-packages/airflow/example_dags/tutorial.py
[2024-05-08T15:00:49.877+0000] {processor.py:830} INFO - Processing file /home/airflow/.local/lib/python3.12/site-packages/airflow/example_dags/tutorial.py for tasks to queue
[2024-05-08T15:00:49.880+0000] {logging_mixin.py:188} INFO - [2024-05-08T15:00:49.880+0000] {dagbag.py:545} INFO - Filling up the DagBag from /home/airflow/.local/lib/python3.12/site-packages/airflow/example_dags/tutorial.py
[2024-05-08T15:00:49.890+0000] {processor.py:840} INFO - DAG(s) 'tutorial' retrieved from /home/airflow/.local/lib/python3.12/site-packages/airflow/example_dags/tutorial.py
[2024-05-08T15:00:49.924+0000] {logging_mixin.py:188} INFO - [2024-05-08T15:00:49.923+0000] {dag.py:3096} INFO - Sync 1 DAGs
[2024-05-08T15:00:49.961+0000] {logging_mixin.py:188} INFO - [2024-05-08T15:00:49.961+0000] {dag.py:3954} INFO - Setting next_dagrun for tutorial to 2024-05-07 00:00:00+00:00, run_after=2024-05-08 00:00:00+00:00
[2024-05-08T15:00:49.996+0000] {processor.py:183} INFO - Processing /home/airflow/.local/lib/python3.12/site-packages/airflow/example_dags/tutorial.py took 0.129 seconds
[2024-05-08T15:01:20.819+0000] {processor.py:161} INFO - Started process (PID=5061) to work on /home/airflow/.local/lib/python3.12/site-packages/airflow/example_dags/tutorial.py
[2024-05-08T15:01:20.823+0000] {processor.py:830} INFO - Processing file /home/airflow/.local/lib/python3.12/site-packages/airflow/example_dags/tutorial.py for tasks to queue
[2024-05-08T15:01:20.826+0000] {logging_mixin.py:188} INFO - [2024-05-08T15:01:20.825+0000] {dagbag.py:545} INFO - Filling up the DagBag from /home/airflow/.local/lib/python3.12/site-packages/airflow/example_dags/tutorial.py
[2024-05-08T15:01:20.837+0000] {processor.py:840} INFO - DAG(s) 'tutorial' retrieved from /home/airflow/.local/lib/python3.12/site-packages/airflow/example_dags/tutorial.py
[2024-05-08T15:01:20.874+0000] {logging_mixin.py:188} INFO - [2024-05-08T15:01:20.874+0000] {dag.py:3096} INFO - Sync 1 DAGs
[2024-05-08T15:01:20.911+0000] {logging_mixin.py:188} INFO - [2024-05-08T15:01:20.911+0000] {dag.py:3954} INFO - Setting next_dagrun for tutorial to 2024-05-07 00:00:00+00:00, run_after=2024-05-08 00:00:00+00:00
[2024-05-08T15:01:20.944+0000] {processor.py:183} INFO - Processing /home/airflow/.local/lib/python3.12/site-packages/airflow/example_dags/tutorial.py took 0.134 seconds
[2024-05-08T15:01:51.385+0000] {processor.py:161} INFO - Started process (PID=5323) to work on /home/airflow/.local/lib/python3.12/site-packages/airflow/example_dags/tutorial.py
[2024-05-08T15:01:51.424+0000] {processor.py:830} INFO - Processing file /home/airflow/.local/lib/python3.12/site-packages/airflow/example_dags/tutorial.py for tasks to queue
[2024-05-08T15:01:51.457+0000] {logging_mixin.py:188} INFO - [2024-05-08T15:01:51.456+0000] {dagbag.py:545} INFO - Filling up the DagBag from /home/airflow/.local/lib/python3.12/site-packages/airflow/example_dags/tutorial.py
[2024-05-08T15:01:51.540+0000] {processor.py:840} INFO - DAG(s) 'tutorial' retrieved from /home/airflow/.local/lib/python3.12/site-packages/airflow/example_dags/tutorial.py
[2024-05-08T15:01:52.132+0000] {logging_mixin.py:188} INFO - [2024-05-08T15:01:52.131+0000] {dag.py:3096} INFO - Sync 1 DAGs
[2024-05-08T15:01:52.284+0000] {logging_mixin.py:188} INFO - [2024-05-08T15:01:52.283+0000] {dag.py:3954} INFO - Setting next_dagrun for tutorial to 2024-05-07 00:00:00+00:00, run_after=2024-05-08 00:00:00+00:00
[2024-05-08T15:01:52.572+0000] {processor.py:183} INFO - Processing /home/airflow/.local/lib/python3.12/site-packages/airflow/example_dags/tutorial.py took 1.243 seconds
[2024-05-08T15:02:22.746+0000] {processor.py:161} INFO - Started process (PID=5585) to work on /home/airflow/.local/lib/python3.12/site-packages/airflow/example_dags/tutorial.py
[2024-05-08T15:02:22.748+0000] {processor.py:830} INFO - Processing file /home/airflow/.local/lib/python3.12/site-packages/airflow/example_dags/tutorial.py for tasks to queue
[2024-05-08T15:02:22.751+0000] {logging_mixin.py:188} INFO - [2024-05-08T15:02:22.751+0000] {dagbag.py:545} INFO - Filling up the DagBag from /home/airflow/.local/lib/python3.12/site-packages/airflow/example_dags/tutorial.py
[2024-05-08T15:02:22.761+0000] {processor.py:840} INFO - DAG(s) 'tutorial' retrieved from /home/airflow/.local/lib/python3.12/site-packages/airflow/example_dags/tutorial.py
[2024-05-08T15:02:22.794+0000] {logging_mixin.py:188} INFO - [2024-05-08T15:02:22.794+0000] {dag.py:3096} INFO - Sync 1 DAGs
[2024-05-08T15:02:22.831+0000] {logging_mixin.py:188} INFO - [2024-05-08T15:02:22.831+0000] {dag.py:3954} INFO - Setting next_dagrun for tutorial to 2024-05-07 00:00:00+00:00, run_after=2024-05-08 00:00:00+00:00
[2024-05-08T15:02:22.869+0000] {processor.py:183} INFO - Processing /home/airflow/.local/lib/python3.12/site-packages/airflow/example_dags/tutorial.py took 0.132 seconds
[2024-05-08T15:02:53.271+0000] {processor.py:161} INFO - Started process (PID=5846) to work on /home/airflow/.local/lib/python3.12/site-packages/airflow/example_dags/tutorial.py
[2024-05-08T15:02:53.273+0000] {processor.py:830} INFO - Processing file /home/airflow/.local/lib/python3.12/site-packages/airflow/example_dags/tutorial.py for tasks to queue
[2024-05-08T15:02:53.286+0000] {logging_mixin.py:188} INFO - [2024-05-08T15:02:53.285+0000] {dagbag.py:545} INFO - Filling up the DagBag from /home/airflow/.local/lib/python3.12/site-packages/airflow/example_dags/tutorial.py
[2024-05-08T15:02:53.319+0000] {processor.py:840} INFO - DAG(s) 'tutorial' retrieved from /home/airflow/.local/lib/python3.12/site-packages/airflow/example_dags/tutorial.py
[2024-05-08T15:02:53.386+0000] {logging_mixin.py:188} INFO - [2024-05-08T15:02:53.385+0000] {dag.py:3096} INFO - Sync 1 DAGs
[2024-05-08T15:02:53.471+0000] {logging_mixin.py:188} INFO - [2024-05-08T15:02:53.471+0000] {dag.py:3954} INFO - Setting next_dagrun for tutorial to 2024-05-07 00:00:00+00:00, run_after=2024-05-08 00:00:00+00:00
[2024-05-08T15:02:53.540+0000] {processor.py:183} INFO - Processing /home/airflow/.local/lib/python3.12/site-packages/airflow/example_dags/tutorial.py took 0.288 seconds
[2024-05-08T15:03:23.830+0000] {processor.py:161} INFO - Started process (PID=6110) to work on /home/airflow/.local/lib/python3.12/site-packages/airflow/example_dags/tutorial.py
[2024-05-08T15:03:23.831+0000] {processor.py:830} INFO - Processing file /home/airflow/.local/lib/python3.12/site-packages/airflow/example_dags/tutorial.py for tasks to queue
[2024-05-08T15:03:23.834+0000] {logging_mixin.py:188} INFO - [2024-05-08T15:03:23.834+0000] {dagbag.py:545} INFO - Filling up the DagBag from /home/airflow/.local/lib/python3.12/site-packages/airflow/example_dags/tutorial.py
[2024-05-08T15:03:23.843+0000] {processor.py:840} INFO - DAG(s) 'tutorial' retrieved from /home/airflow/.local/lib/python3.12/site-packages/airflow/example_dags/tutorial.py
[2024-05-08T15:03:23.877+0000] {logging_mixin.py:188} INFO - [2024-05-08T15:03:23.876+0000] {dag.py:3096} INFO - Sync 1 DAGs
[2024-05-08T15:03:23.914+0000] {logging_mixin.py:188} INFO - [2024-05-08T15:03:23.914+0000] {dag.py:3954} INFO - Setting next_dagrun for tutorial to 2024-05-07 00:00:00+00:00, run_after=2024-05-08 00:00:00+00:00
[2024-05-08T15:03:23.949+0000] {processor.py:183} INFO - Processing /home/airflow/.local/lib/python3.12/site-packages/airflow/example_dags/tutorial.py took 0.128 seconds
[2024-05-08T15:03:54.059+0000] {processor.py:161} INFO - Started process (PID=6370) to work on /home/airflow/.local/lib/python3.12/site-packages/airflow/example_dags/tutorial.py
[2024-05-08T15:03:54.061+0000] {processor.py:830} INFO - Processing file /home/airflow/.local/lib/python3.12/site-packages/airflow/example_dags/tutorial.py for tasks to queue
[2024-05-08T15:03:54.063+0000] {logging_mixin.py:188} INFO - [2024-05-08T15:03:54.063+0000] {dagbag.py:545} INFO - Filling up the DagBag from /home/airflow/.local/lib/python3.12/site-packages/airflow/example_dags/tutorial.py
[2024-05-08T15:03:54.074+0000] {processor.py:840} INFO - DAG(s) 'tutorial' retrieved from /home/airflow/.local/lib/python3.12/site-packages/airflow/example_dags/tutorial.py
[2024-05-08T15:03:54.130+0000] {logging_mixin.py:188} INFO - [2024-05-08T15:03:54.130+0000] {dag.py:3096} INFO - Sync 1 DAGs
[2024-05-08T15:03:54.176+0000] {logging_mixin.py:188} INFO - [2024-05-08T15:03:54.175+0000] {dag.py:3954} INFO - Setting next_dagrun for tutorial to 2024-05-07 00:00:00+00:00, run_after=2024-05-08 00:00:00+00:00
[2024-05-08T15:03:54.227+0000] {processor.py:183} INFO - Processing /home/airflow/.local/lib/python3.12/site-packages/airflow/example_dags/tutorial.py took 0.178 seconds
[2024-05-08T15:04:24.743+0000] {processor.py:161} INFO - Started process (PID=6632) to work on /home/airflow/.local/lib/python3.12/site-packages/airflow/example_dags/tutorial.py
[2024-05-08T15:04:24.746+0000] {processor.py:830} INFO - Processing file /home/airflow/.local/lib/python3.12/site-packages/airflow/example_dags/tutorial.py for tasks to queue
[2024-05-08T15:04:24.750+0000] {logging_mixin.py:188} INFO - [2024-05-08T15:04:24.750+0000] {dagbag.py:545} INFO - Filling up the DagBag from /home/airflow/.local/lib/python3.12/site-packages/airflow/example_dags/tutorial.py
[2024-05-08T15:04:24.760+0000] {processor.py:840} INFO - DAG(s) 'tutorial' retrieved from /home/airflow/.local/lib/python3.12/site-packages/airflow/example_dags/tutorial.py
[2024-05-08T15:04:24.794+0000] {logging_mixin.py:188} INFO - [2024-05-08T15:04:24.794+0000] {dag.py:3096} INFO - Sync 1 DAGs
[2024-05-08T15:04:24.832+0000] {logging_mixin.py:188} INFO - [2024-05-08T15:04:24.832+0000] {dag.py:3954} INFO - Setting next_dagrun for tutorial to 2024-05-07 00:00:00+00:00, run_after=2024-05-08 00:00:00+00:00
[2024-05-08T15:04:24.866+0000] {processor.py:183} INFO - Processing /home/airflow/.local/lib/python3.12/site-packages/airflow/example_dags/tutorial.py took 0.134 seconds
[2024-05-08T15:04:55.946+0000] {processor.py:161} INFO - Started process (PID=6894) to work on /home/airflow/.local/lib/python3.12/site-packages/airflow/example_dags/tutorial.py
[2024-05-08T15:04:55.948+0000] {processor.py:830} INFO - Processing file /home/airflow/.local/lib/python3.12/site-packages/airflow/example_dags/tutorial.py for tasks to queue
[2024-05-08T15:04:55.952+0000] {logging_mixin.py:188} INFO - [2024-05-08T15:04:55.952+0000] {dagbag.py:545} INFO - Filling up the DagBag from /home/airflow/.local/lib/python3.12/site-packages/airflow/example_dags/tutorial.py
[2024-05-08T15:04:55.985+0000] {processor.py:840} INFO - DAG(s) 'tutorial' retrieved from /home/airflow/.local/lib/python3.12/site-packages/airflow/example_dags/tutorial.py
[2024-05-08T15:04:56.076+0000] {logging_mixin.py:188} INFO - [2024-05-08T15:04:56.075+0000] {dag.py:3096} INFO - Sync 1 DAGs
[2024-05-08T15:04:56.377+0000] {logging_mixin.py:188} INFO - [2024-05-08T15:04:56.377+0000] {dag.py:3954} INFO - Setting next_dagrun for tutorial to 2024-05-07 00:00:00+00:00, run_after=2024-05-08 00:00:00+00:00
[2024-05-08T15:04:56.720+0000] {processor.py:183} INFO - Processing /home/airflow/.local/lib/python3.12/site-packages/airflow/example_dags/tutorial.py took 0.791 seconds
[2024-05-08T15:05:27.315+0000] {processor.py:161} INFO - Started process (PID=7158) to work on /home/airflow/.local/lib/python3.12/site-packages/airflow/example_dags/tutorial.py
[2024-05-08T15:05:27.318+0000] {processor.py:830} INFO - Processing file /home/airflow/.local/lib/python3.12/site-packages/airflow/example_dags/tutorial.py for tasks to queue
[2024-05-08T15:05:27.322+0000] {logging_mixin.py:188} INFO - [2024-05-08T15:05:27.321+0000] {dagbag.py:545} INFO - Filling up the DagBag from /home/airflow/.local/lib/python3.12/site-packages/airflow/example_dags/tutorial.py
[2024-05-08T15:05:27.336+0000] {processor.py:840} INFO - DAG(s) 'tutorial' retrieved from /home/airflow/.local/lib/python3.12/site-packages/airflow/example_dags/tutorial.py
[2024-05-08T15:05:27.373+0000] {logging_mixin.py:188} INFO - [2024-05-08T15:05:27.372+0000] {dag.py:3096} INFO - Sync 1 DAGs
[2024-05-08T15:05:27.440+0000] {logging_mixin.py:188} INFO - [2024-05-08T15:05:27.439+0000] {dag.py:3954} INFO - Setting next_dagrun for tutorial to 2024-05-07 00:00:00+00:00, run_after=2024-05-08 00:00:00+00:00
[2024-05-08T15:05:27.497+0000] {processor.py:183} INFO - Processing /home/airflow/.local/lib/python3.12/site-packages/airflow/example_dags/tutorial.py took 0.194 seconds
[2024-05-08T15:05:57.583+0000] {processor.py:161} INFO - Started process (PID=7417) to work on /home/airflow/.local/lib/python3.12/site-packages/airflow/example_dags/tutorial.py
[2024-05-08T15:05:57.590+0000] {processor.py:830} INFO - Processing file /home/airflow/.local/lib/python3.12/site-packages/airflow/example_dags/tutorial.py for tasks to queue
[2024-05-08T15:05:57.597+0000] {logging_mixin.py:188} INFO - [2024-05-08T15:05:57.596+0000] {dagbag.py:545} INFO - Filling up the DagBag from /home/airflow/.local/lib/python3.12/site-packages/airflow/example_dags/tutorial.py
[2024-05-08T15:05:57.616+0000] {processor.py:840} INFO - DAG(s) 'tutorial' retrieved from /home/airflow/.local/lib/python3.12/site-packages/airflow/example_dags/tutorial.py
[2024-05-08T15:05:57.706+0000] {logging_mixin.py:188} INFO - [2024-05-08T15:05:57.700+0000] {dag.py:3096} INFO - Sync 1 DAGs
[2024-05-08T15:05:57.794+0000] {logging_mixin.py:188} INFO - [2024-05-08T15:05:57.793+0000] {dag.py:3954} INFO - Setting next_dagrun for tutorial to 2024-05-07 00:00:00+00:00, run_after=2024-05-08 00:00:00+00:00
[2024-05-08T15:05:57.892+0000] {processor.py:183} INFO - Processing /home/airflow/.local/lib/python3.12/site-packages/airflow/example_dags/tutorial.py took 0.327 seconds
[2024-05-08T15:06:28.588+0000] {processor.py:161} INFO - Started process (PID=7679) to work on /home/airflow/.local/lib/python3.12/site-packages/airflow/example_dags/tutorial.py
[2024-05-08T15:06:28.590+0000] {processor.py:830} INFO - Processing file /home/airflow/.local/lib/python3.12/site-packages/airflow/example_dags/tutorial.py for tasks to queue
[2024-05-08T15:06:28.593+0000] {logging_mixin.py:188} INFO - [2024-05-08T15:06:28.592+0000] {dagbag.py:545} INFO - Filling up the DagBag from /home/airflow/.local/lib/python3.12/site-packages/airflow/example_dags/tutorial.py
[2024-05-08T15:06:28.601+0000] {processor.py:840} INFO - DAG(s) 'tutorial' retrieved from /home/airflow/.local/lib/python3.12/site-packages/airflow/example_dags/tutorial.py
[2024-05-08T15:06:28.632+0000] {logging_mixin.py:188} INFO - [2024-05-08T15:06:28.632+0000] {dag.py:3096} INFO - Sync 1 DAGs
[2024-05-08T15:06:28.672+0000] {logging_mixin.py:188} INFO - [2024-05-08T15:06:28.672+0000] {dag.py:3954} INFO - Setting next_dagrun for tutorial to 2024-05-07 00:00:00+00:00, run_after=2024-05-08 00:00:00+00:00
[2024-05-08T15:06:28.717+0000] {processor.py:183} INFO - Processing /home/airflow/.local/lib/python3.12/site-packages/airflow/example_dags/tutorial.py took 0.137 seconds
[2024-05-08T15:06:59.270+0000] {processor.py:161} INFO - Started process (PID=7940) to work on /home/airflow/.local/lib/python3.12/site-packages/airflow/example_dags/tutorial.py
[2024-05-08T15:06:59.272+0000] {processor.py:830} INFO - Processing file /home/airflow/.local/lib/python3.12/site-packages/airflow/example_dags/tutorial.py for tasks to queue
[2024-05-08T15:06:59.276+0000] {logging_mixin.py:188} INFO - [2024-05-08T15:06:59.275+0000] {dagbag.py:545} INFO - Filling up the DagBag from /home/airflow/.local/lib/python3.12/site-packages/airflow/example_dags/tutorial.py
[2024-05-08T15:06:59.290+0000] {processor.py:840} INFO - DAG(s) 'tutorial' retrieved from /home/airflow/.local/lib/python3.12/site-packages/airflow/example_dags/tutorial.py
[2024-05-08T15:06:59.324+0000] {logging_mixin.py:188} INFO - [2024-05-08T15:06:59.324+0000] {dag.py:3096} INFO - Sync 1 DAGs
[2024-05-08T15:06:59.365+0000] {logging_mixin.py:188} INFO - [2024-05-08T15:06:59.365+0000] {dag.py:3954} INFO - Setting next_dagrun for tutorial to 2024-05-07 00:00:00+00:00, run_after=2024-05-08 00:00:00+00:00
[2024-05-08T15:06:59.398+0000] {processor.py:183} INFO - Processing /home/airflow/.local/lib/python3.12/site-packages/airflow/example_dags/tutorial.py took 0.136 seconds
[2024-05-08T15:07:29.894+0000] {processor.py:161} INFO - Started process (PID=8196) to work on /home/airflow/.local/lib/python3.12/site-packages/airflow/example_dags/tutorial.py
[2024-05-08T15:07:29.899+0000] {processor.py:830} INFO - Processing file /home/airflow/.local/lib/python3.12/site-packages/airflow/example_dags/tutorial.py for tasks to queue
[2024-05-08T15:07:29.902+0000] {logging_mixin.py:188} INFO - [2024-05-08T15:07:29.901+0000] {dagbag.py:545} INFO - Filling up the DagBag from /home/airflow/.local/lib/python3.12/site-packages/airflow/example_dags/tutorial.py
[2024-05-08T15:07:29.915+0000] {processor.py:840} INFO - DAG(s) 'tutorial' retrieved from /home/airflow/.local/lib/python3.12/site-packages/airflow/example_dags/tutorial.py
[2024-05-08T15:07:29.945+0000] {logging_mixin.py:188} INFO - [2024-05-08T15:07:29.945+0000] {dag.py:3096} INFO - Sync 1 DAGs
[2024-05-08T15:07:29.985+0000] {logging_mixin.py:188} INFO - [2024-05-08T15:07:29.985+0000] {dag.py:3954} INFO - Setting next_dagrun for tutorial to 2024-05-07 00:00:00+00:00, run_after=2024-05-08 00:00:00+00:00
[2024-05-08T15:07:30.019+0000] {processor.py:183} INFO - Processing /home/airflow/.local/lib/python3.12/site-packages/airflow/example_dags/tutorial.py took 0.133 seconds
[2024-05-08T15:08:00.320+0000] {processor.py:161} INFO - Started process (PID=8458) to work on /home/airflow/.local/lib/python3.12/site-packages/airflow/example_dags/tutorial.py
[2024-05-08T15:08:00.322+0000] {processor.py:830} INFO - Processing file /home/airflow/.local/lib/python3.12/site-packages/airflow/example_dags/tutorial.py for tasks to queue
[2024-05-08T15:08:00.326+0000] {logging_mixin.py:188} INFO - [2024-05-08T15:08:00.325+0000] {dagbag.py:545} INFO - Filling up the DagBag from /home/airflow/.local/lib/python3.12/site-packages/airflow/example_dags/tutorial.py
[2024-05-08T15:08:00.337+0000] {processor.py:840} INFO - DAG(s) 'tutorial' retrieved from /home/airflow/.local/lib/python3.12/site-packages/airflow/example_dags/tutorial.py
[2024-05-08T15:08:00.373+0000] {logging_mixin.py:188} INFO - [2024-05-08T15:08:00.372+0000] {dag.py:3096} INFO - Sync 1 DAGs
[2024-05-08T15:08:00.414+0000] {logging_mixin.py:188} INFO - [2024-05-08T15:08:00.414+0000] {dag.py:3954} INFO - Setting next_dagrun for tutorial to 2024-05-07 00:00:00+00:00, run_after=2024-05-08 00:00:00+00:00
[2024-05-08T15:08:00.446+0000] {processor.py:183} INFO - Processing /home/airflow/.local/lib/python3.12/site-packages/airflow/example_dags/tutorial.py took 0.134 seconds
[2024-05-08T15:08:30.549+0000] {processor.py:161} INFO - Started process (PID=8720) to work on /home/airflow/.local/lib/python3.12/site-packages/airflow/example_dags/tutorial.py
[2024-05-08T15:08:30.552+0000] {processor.py:830} INFO - Processing file /home/airflow/.local/lib/python3.12/site-packages/airflow/example_dags/tutorial.py for tasks to queue
[2024-05-08T15:08:30.555+0000] {logging_mixin.py:188} INFO - [2024-05-08T15:08:30.554+0000] {dagbag.py:545} INFO - Filling up the DagBag from /home/airflow/.local/lib/python3.12/site-packages/airflow/example_dags/tutorial.py
[2024-05-08T15:08:30.564+0000] {processor.py:840} INFO - DAG(s) 'tutorial' retrieved from /home/airflow/.local/lib/python3.12/site-packages/airflow/example_dags/tutorial.py
[2024-05-08T15:08:30.596+0000] {logging_mixin.py:188} INFO - [2024-05-08T15:08:30.596+0000] {dag.py:3096} INFO - Sync 1 DAGs
[2024-05-08T15:08:30.628+0000] {logging_mixin.py:188} INFO - [2024-05-08T15:08:30.628+0000] {dag.py:3954} INFO - Setting next_dagrun for tutorial to 2024-05-07 00:00:00+00:00, run_after=2024-05-08 00:00:00+00:00
[2024-05-08T15:08:30.662+0000] {processor.py:183} INFO - Processing /home/airflow/.local/lib/python3.12/site-packages/airflow/example_dags/tutorial.py took 0.124 seconds
