[2024-05-08T14:51:52.378+0000] {processor.py:161} INFO - Started process (PID=284) to work on /home/airflow/.local/lib/python3.12/site-packages/airflow/example_dags/tutorial_dag.py
[2024-05-08T14:51:52.380+0000] {processor.py:830} INFO - Processing file /home/airflow/.local/lib/python3.12/site-packages/airflow/example_dags/tutorial_dag.py for tasks to queue
[2024-05-08T14:51:52.384+0000] {logging_mixin.py:188} INFO - [2024-05-08T14:51:52.383+0000] {dagbag.py:545} INFO - Filling up the DagBag from /home/airflow/.local/lib/python3.12/site-packages/airflow/example_dags/tutorial_dag.py
[2024-05-08T14:51:52.400+0000] {processor.py:840} INFO - DAG(s) 'tutorial_dag' retrieved from /home/airflow/.local/lib/python3.12/site-packages/airflow/example_dags/tutorial_dag.py
[2024-05-08T14:51:52.629+0000] {logging_mixin.py:188} INFO - [2024-05-08T14:51:52.628+0000] {dag.py:3096} INFO - Sync 1 DAGs
[2024-05-08T14:51:52.659+0000] {logging_mixin.py:188} INFO - [2024-05-08T14:51:52.658+0000] {dag.py:3954} INFO - Setting next_dagrun for tutorial_dag to None, run_after=None
[2024-05-08T14:51:52.701+0000] {processor.py:183} INFO - Processing /home/airflow/.local/lib/python3.12/site-packages/airflow/example_dags/tutorial_dag.py took 0.337 seconds
[2024-05-08T14:52:23.644+0000] {processor.py:161} INFO - Started process (PID=546) to work on /home/airflow/.local/lib/python3.12/site-packages/airflow/example_dags/tutorial_dag.py
[2024-05-08T14:52:23.646+0000] {processor.py:830} INFO - Processing file /home/airflow/.local/lib/python3.12/site-packages/airflow/example_dags/tutorial_dag.py for tasks to queue
[2024-05-08T14:52:23.650+0000] {logging_mixin.py:188} INFO - [2024-05-08T14:52:23.649+0000] {dagbag.py:545} INFO - Filling up the DagBag from /home/airflow/.local/lib/python3.12/site-packages/airflow/example_dags/tutorial_dag.py
[2024-05-08T14:52:23.661+0000] {processor.py:840} INFO - DAG(s) 'tutorial_dag' retrieved from /home/airflow/.local/lib/python3.12/site-packages/airflow/example_dags/tutorial_dag.py
[2024-05-08T14:52:23.723+0000] {logging_mixin.py:188} INFO - [2024-05-08T14:52:23.723+0000] {dag.py:3096} INFO - Sync 1 DAGs
[2024-05-08T14:52:23.757+0000] {logging_mixin.py:188} INFO - [2024-05-08T14:52:23.757+0000] {dag.py:3954} INFO - Setting next_dagrun for tutorial_dag to None, run_after=None
[2024-05-08T14:52:23.803+0000] {processor.py:183} INFO - Processing /home/airflow/.local/lib/python3.12/site-packages/airflow/example_dags/tutorial_dag.py took 0.182 seconds
[2024-05-08T14:52:59.402+0000] {processor.py:161} INFO - Started process (PID=808) to work on /home/airflow/.local/lib/python3.12/site-packages/airflow/example_dags/tutorial_dag.py
[2024-05-08T14:52:59.403+0000] {processor.py:830} INFO - Processing file /home/airflow/.local/lib/python3.12/site-packages/airflow/example_dags/tutorial_dag.py for tasks to queue
[2024-05-08T14:52:59.406+0000] {logging_mixin.py:188} INFO - [2024-05-08T14:52:59.406+0000] {dagbag.py:545} INFO - Filling up the DagBag from /home/airflow/.local/lib/python3.12/site-packages/airflow/example_dags/tutorial_dag.py
[2024-05-08T14:52:59.414+0000] {processor.py:840} INFO - DAG(s) 'tutorial_dag' retrieved from /home/airflow/.local/lib/python3.12/site-packages/airflow/example_dags/tutorial_dag.py
[2024-05-08T14:52:59.453+0000] {logging_mixin.py:188} INFO - [2024-05-08T14:52:59.453+0000] {dag.py:3096} INFO - Sync 1 DAGs
[2024-05-08T14:52:59.475+0000] {logging_mixin.py:188} INFO - [2024-05-08T14:52:59.475+0000] {dag.py:3954} INFO - Setting next_dagrun for tutorial_dag to None, run_after=None
[2024-05-08T14:52:59.509+0000] {processor.py:183} INFO - Processing /home/airflow/.local/lib/python3.12/site-packages/airflow/example_dags/tutorial_dag.py took 0.116 seconds
[2024-05-08T14:53:30.427+0000] {processor.py:161} INFO - Started process (PID=1068) to work on /home/airflow/.local/lib/python3.12/site-packages/airflow/example_dags/tutorial_dag.py
[2024-05-08T14:53:30.437+0000] {processor.py:830} INFO - Processing file /home/airflow/.local/lib/python3.12/site-packages/airflow/example_dags/tutorial_dag.py for tasks to queue
[2024-05-08T14:53:30.443+0000] {logging_mixin.py:188} INFO - [2024-05-08T14:53:30.443+0000] {dagbag.py:545} INFO - Filling up the DagBag from /home/airflow/.local/lib/python3.12/site-packages/airflow/example_dags/tutorial_dag.py
[2024-05-08T14:53:30.467+0000] {processor.py:840} INFO - DAG(s) 'tutorial_dag' retrieved from /home/airflow/.local/lib/python3.12/site-packages/airflow/example_dags/tutorial_dag.py
[2024-05-08T14:53:30.508+0000] {logging_mixin.py:188} INFO - [2024-05-08T14:53:30.508+0000] {dag.py:3096} INFO - Sync 1 DAGs
[2024-05-08T14:53:30.529+0000] {logging_mixin.py:188} INFO - [2024-05-08T14:53:30.529+0000] {dag.py:3954} INFO - Setting next_dagrun for tutorial_dag to None, run_after=None
[2024-05-08T14:53:30.559+0000] {processor.py:183} INFO - Processing /home/airflow/.local/lib/python3.12/site-packages/airflow/example_dags/tutorial_dag.py took 0.154 seconds
[2024-05-08T14:54:02.127+0000] {processor.py:161} INFO - Started process (PID=1331) to work on /home/airflow/.local/lib/python3.12/site-packages/airflow/example_dags/tutorial_dag.py
[2024-05-08T14:54:02.148+0000] {processor.py:830} INFO - Processing file /home/airflow/.local/lib/python3.12/site-packages/airflow/example_dags/tutorial_dag.py for tasks to queue
[2024-05-08T14:54:02.230+0000] {logging_mixin.py:188} INFO - [2024-05-08T14:54:02.218+0000] {dagbag.py:545} INFO - Filling up the DagBag from /home/airflow/.local/lib/python3.12/site-packages/airflow/example_dags/tutorial_dag.py
[2024-05-08T14:54:02.472+0000] {processor.py:840} INFO - DAG(s) 'tutorial_dag' retrieved from /home/airflow/.local/lib/python3.12/site-packages/airflow/example_dags/tutorial_dag.py
[2024-05-08T14:54:03.409+0000] {logging_mixin.py:188} INFO - [2024-05-08T14:54:03.409+0000] {dag.py:3096} INFO - Sync 1 DAGs
[2024-05-08T14:54:03.821+0000] {logging_mixin.py:188} INFO - [2024-05-08T14:54:03.821+0000] {dag.py:3954} INFO - Setting next_dagrun for tutorial_dag to None, run_after=None
[2024-05-08T14:54:04.244+0000] {processor.py:183} INFO - Processing /home/airflow/.local/lib/python3.12/site-packages/airflow/example_dags/tutorial_dag.py took 2.247 seconds
[2024-05-08T14:54:35.070+0000] {processor.py:161} INFO - Started process (PID=1599) to work on /home/airflow/.local/lib/python3.12/site-packages/airflow/example_dags/tutorial_dag.py
[2024-05-08T14:54:35.078+0000] {processor.py:830} INFO - Processing file /home/airflow/.local/lib/python3.12/site-packages/airflow/example_dags/tutorial_dag.py for tasks to queue
[2024-05-08T14:54:35.092+0000] {logging_mixin.py:188} INFO - [2024-05-08T14:54:35.091+0000] {dagbag.py:545} INFO - Filling up the DagBag from /home/airflow/.local/lib/python3.12/site-packages/airflow/example_dags/tutorial_dag.py
[2024-05-08T14:54:35.135+0000] {processor.py:840} INFO - DAG(s) 'tutorial_dag' retrieved from /home/airflow/.local/lib/python3.12/site-packages/airflow/example_dags/tutorial_dag.py
[2024-05-08T14:54:35.193+0000] {logging_mixin.py:188} INFO - [2024-05-08T14:54:35.192+0000] {dag.py:3096} INFO - Sync 1 DAGs
[2024-05-08T14:54:35.214+0000] {logging_mixin.py:188} INFO - [2024-05-08T14:54:35.214+0000] {dag.py:3954} INFO - Setting next_dagrun for tutorial_dag to None, run_after=None
[2024-05-08T14:54:35.250+0000] {processor.py:183} INFO - Processing /home/airflow/.local/lib/python3.12/site-packages/airflow/example_dags/tutorial_dag.py took 0.226 seconds
[2024-05-08T14:55:05.656+0000] {processor.py:161} INFO - Started process (PID=1861) to work on /home/airflow/.local/lib/python3.12/site-packages/airflow/example_dags/tutorial_dag.py
[2024-05-08T14:55:05.660+0000] {processor.py:830} INFO - Processing file /home/airflow/.local/lib/python3.12/site-packages/airflow/example_dags/tutorial_dag.py for tasks to queue
[2024-05-08T14:55:05.663+0000] {logging_mixin.py:188} INFO - [2024-05-08T14:55:05.663+0000] {dagbag.py:545} INFO - Filling up the DagBag from /home/airflow/.local/lib/python3.12/site-packages/airflow/example_dags/tutorial_dag.py
[2024-05-08T14:55:05.674+0000] {processor.py:840} INFO - DAG(s) 'tutorial_dag' retrieved from /home/airflow/.local/lib/python3.12/site-packages/airflow/example_dags/tutorial_dag.py
[2024-05-08T14:55:05.709+0000] {logging_mixin.py:188} INFO - [2024-05-08T14:55:05.709+0000] {dag.py:3096} INFO - Sync 1 DAGs
[2024-05-08T14:55:05.729+0000] {logging_mixin.py:188} INFO - [2024-05-08T14:55:05.729+0000] {dag.py:3954} INFO - Setting next_dagrun for tutorial_dag to None, run_after=None
[2024-05-08T14:55:05.761+0000] {processor.py:183} INFO - Processing /home/airflow/.local/lib/python3.12/site-packages/airflow/example_dags/tutorial_dag.py took 0.117 seconds
[2024-05-08T14:55:35.913+0000] {processor.py:161} INFO - Started process (PID=2123) to work on /home/airflow/.local/lib/python3.12/site-packages/airflow/example_dags/tutorial_dag.py
[2024-05-08T14:55:35.915+0000] {processor.py:830} INFO - Processing file /home/airflow/.local/lib/python3.12/site-packages/airflow/example_dags/tutorial_dag.py for tasks to queue
[2024-05-08T14:55:35.918+0000] {logging_mixin.py:188} INFO - [2024-05-08T14:55:35.917+0000] {dagbag.py:545} INFO - Filling up the DagBag from /home/airflow/.local/lib/python3.12/site-packages/airflow/example_dags/tutorial_dag.py
[2024-05-08T14:55:35.926+0000] {processor.py:840} INFO - DAG(s) 'tutorial_dag' retrieved from /home/airflow/.local/lib/python3.12/site-packages/airflow/example_dags/tutorial_dag.py
[2024-05-08T14:55:35.973+0000] {logging_mixin.py:188} INFO - [2024-05-08T14:55:35.972+0000] {dag.py:3096} INFO - Sync 1 DAGs
[2024-05-08T14:55:36.000+0000] {logging_mixin.py:188} INFO - [2024-05-08T14:55:35.999+0000] {dag.py:3954} INFO - Setting next_dagrun for tutorial_dag to None, run_after=None
[2024-05-08T14:55:36.034+0000] {processor.py:183} INFO - Processing /home/airflow/.local/lib/python3.12/site-packages/airflow/example_dags/tutorial_dag.py took 0.129 seconds
[2024-05-08T14:56:06.244+0000] {processor.py:161} INFO - Started process (PID=2384) to work on /home/airflow/.local/lib/python3.12/site-packages/airflow/example_dags/tutorial_dag.py
[2024-05-08T14:56:06.279+0000] {processor.py:830} INFO - Processing file /home/airflow/.local/lib/python3.12/site-packages/airflow/example_dags/tutorial_dag.py for tasks to queue
[2024-05-08T14:56:06.310+0000] {logging_mixin.py:188} INFO - [2024-05-08T14:56:06.308+0000] {dagbag.py:545} INFO - Filling up the DagBag from /home/airflow/.local/lib/python3.12/site-packages/airflow/example_dags/tutorial_dag.py
[2024-05-08T14:56:06.337+0000] {processor.py:840} INFO - DAG(s) 'tutorial_dag' retrieved from /home/airflow/.local/lib/python3.12/site-packages/airflow/example_dags/tutorial_dag.py
[2024-05-08T14:56:06.498+0000] {logging_mixin.py:188} INFO - [2024-05-08T14:56:06.497+0000] {dag.py:3096} INFO - Sync 1 DAGs
[2024-05-08T14:56:06.552+0000] {logging_mixin.py:188} INFO - [2024-05-08T14:56:06.551+0000] {dag.py:3954} INFO - Setting next_dagrun for tutorial_dag to None, run_after=None
[2024-05-08T14:56:06.609+0000] {processor.py:183} INFO - Processing /home/airflow/.local/lib/python3.12/site-packages/airflow/example_dags/tutorial_dag.py took 0.413 seconds
[2024-05-08T14:56:36.733+0000] {processor.py:161} INFO - Started process (PID=2646) to work on /home/airflow/.local/lib/python3.12/site-packages/airflow/example_dags/tutorial_dag.py
[2024-05-08T14:56:36.734+0000] {processor.py:830} INFO - Processing file /home/airflow/.local/lib/python3.12/site-packages/airflow/example_dags/tutorial_dag.py for tasks to queue
[2024-05-08T14:56:36.737+0000] {logging_mixin.py:188} INFO - [2024-05-08T14:56:36.737+0000] {dagbag.py:545} INFO - Filling up the DagBag from /home/airflow/.local/lib/python3.12/site-packages/airflow/example_dags/tutorial_dag.py
[2024-05-08T14:56:36.746+0000] {processor.py:840} INFO - DAG(s) 'tutorial_dag' retrieved from /home/airflow/.local/lib/python3.12/site-packages/airflow/example_dags/tutorial_dag.py
[2024-05-08T14:56:36.779+0000] {logging_mixin.py:188} INFO - [2024-05-08T14:56:36.779+0000] {dag.py:3096} INFO - Sync 1 DAGs
[2024-05-08T14:56:36.799+0000] {logging_mixin.py:188} INFO - [2024-05-08T14:56:36.799+0000] {dag.py:3954} INFO - Setting next_dagrun for tutorial_dag to None, run_after=None
[2024-05-08T14:56:36.840+0000] {processor.py:183} INFO - Processing /home/airflow/.local/lib/python3.12/site-packages/airflow/example_dags/tutorial_dag.py took 0.116 seconds
[2024-05-08T14:57:07.066+0000] {processor.py:161} INFO - Started process (PID=2908) to work on /home/airflow/.local/lib/python3.12/site-packages/airflow/example_dags/tutorial_dag.py
[2024-05-08T14:57:07.070+0000] {processor.py:830} INFO - Processing file /home/airflow/.local/lib/python3.12/site-packages/airflow/example_dags/tutorial_dag.py for tasks to queue
[2024-05-08T14:57:07.073+0000] {logging_mixin.py:188} INFO - [2024-05-08T14:57:07.072+0000] {dagbag.py:545} INFO - Filling up the DagBag from /home/airflow/.local/lib/python3.12/site-packages/airflow/example_dags/tutorial_dag.py
[2024-05-08T14:57:07.083+0000] {processor.py:840} INFO - DAG(s) 'tutorial_dag' retrieved from /home/airflow/.local/lib/python3.12/site-packages/airflow/example_dags/tutorial_dag.py
[2024-05-08T14:57:07.116+0000] {logging_mixin.py:188} INFO - [2024-05-08T14:57:07.115+0000] {dag.py:3096} INFO - Sync 1 DAGs
[2024-05-08T14:57:07.136+0000] {logging_mixin.py:188} INFO - [2024-05-08T14:57:07.136+0000] {dag.py:3954} INFO - Setting next_dagrun for tutorial_dag to None, run_after=None
[2024-05-08T14:57:07.178+0000] {processor.py:183} INFO - Processing /home/airflow/.local/lib/python3.12/site-packages/airflow/example_dags/tutorial_dag.py took 0.121 seconds
[2024-05-08T14:57:37.759+0000] {processor.py:161} INFO - Started process (PID=3171) to work on /home/airflow/.local/lib/python3.12/site-packages/airflow/example_dags/tutorial_dag.py
[2024-05-08T14:57:37.762+0000] {processor.py:830} INFO - Processing file /home/airflow/.local/lib/python3.12/site-packages/airflow/example_dags/tutorial_dag.py for tasks to queue
[2024-05-08T14:57:37.769+0000] {logging_mixin.py:188} INFO - [2024-05-08T14:57:37.765+0000] {dagbag.py:545} INFO - Filling up the DagBag from /home/airflow/.local/lib/python3.12/site-packages/airflow/example_dags/tutorial_dag.py
[2024-05-08T14:57:37.797+0000] {processor.py:840} INFO - DAG(s) 'tutorial_dag' retrieved from /home/airflow/.local/lib/python3.12/site-packages/airflow/example_dags/tutorial_dag.py
[2024-05-08T14:57:37.879+0000] {logging_mixin.py:188} INFO - [2024-05-08T14:57:37.878+0000] {dag.py:3096} INFO - Sync 1 DAGs
[2024-05-08T14:57:37.909+0000] {logging_mixin.py:188} INFO - [2024-05-08T14:57:37.908+0000] {dag.py:3954} INFO - Setting next_dagrun for tutorial_dag to None, run_after=None
[2024-05-08T14:57:37.956+0000] {processor.py:183} INFO - Processing /home/airflow/.local/lib/python3.12/site-packages/airflow/example_dags/tutorial_dag.py took 0.228 seconds
[2024-05-08T14:58:08.212+0000] {processor.py:161} INFO - Started process (PID=3433) to work on /home/airflow/.local/lib/python3.12/site-packages/airflow/example_dags/tutorial_dag.py
[2024-05-08T14:58:08.214+0000] {processor.py:830} INFO - Processing file /home/airflow/.local/lib/python3.12/site-packages/airflow/example_dags/tutorial_dag.py for tasks to queue
[2024-05-08T14:58:08.217+0000] {logging_mixin.py:188} INFO - [2024-05-08T14:58:08.216+0000] {dagbag.py:545} INFO - Filling up the DagBag from /home/airflow/.local/lib/python3.12/site-packages/airflow/example_dags/tutorial_dag.py
[2024-05-08T14:58:08.228+0000] {processor.py:840} INFO - DAG(s) 'tutorial_dag' retrieved from /home/airflow/.local/lib/python3.12/site-packages/airflow/example_dags/tutorial_dag.py
[2024-05-08T14:58:08.262+0000] {logging_mixin.py:188} INFO - [2024-05-08T14:58:08.262+0000] {dag.py:3096} INFO - Sync 1 DAGs
[2024-05-08T14:58:08.287+0000] {logging_mixin.py:188} INFO - [2024-05-08T14:58:08.286+0000] {dag.py:3954} INFO - Setting next_dagrun for tutorial_dag to None, run_after=None
[2024-05-08T14:58:08.339+0000] {processor.py:183} INFO - Processing /home/airflow/.local/lib/python3.12/site-packages/airflow/example_dags/tutorial_dag.py took 0.143 seconds
[2024-05-08T14:58:39.216+0000] {processor.py:161} INFO - Started process (PID=3695) to work on /home/airflow/.local/lib/python3.12/site-packages/airflow/example_dags/tutorial_dag.py
[2024-05-08T14:58:39.218+0000] {processor.py:830} INFO - Processing file /home/airflow/.local/lib/python3.12/site-packages/airflow/example_dags/tutorial_dag.py for tasks to queue
[2024-05-08T14:58:39.221+0000] {logging_mixin.py:188} INFO - [2024-05-08T14:58:39.220+0000] {dagbag.py:545} INFO - Filling up the DagBag from /home/airflow/.local/lib/python3.12/site-packages/airflow/example_dags/tutorial_dag.py
[2024-05-08T14:58:39.230+0000] {processor.py:840} INFO - DAG(s) 'tutorial_dag' retrieved from /home/airflow/.local/lib/python3.12/site-packages/airflow/example_dags/tutorial_dag.py
[2024-05-08T14:58:39.263+0000] {logging_mixin.py:188} INFO - [2024-05-08T14:58:39.262+0000] {dag.py:3096} INFO - Sync 1 DAGs
[2024-05-08T14:58:39.283+0000] {logging_mixin.py:188} INFO - [2024-05-08T14:58:39.283+0000] {dag.py:3954} INFO - Setting next_dagrun for tutorial_dag to None, run_after=None
[2024-05-08T14:58:39.346+0000] {processor.py:183} INFO - Processing /home/airflow/.local/lib/python3.12/site-packages/airflow/example_dags/tutorial_dag.py took 0.138 seconds
[2024-05-08T14:59:09.605+0000] {processor.py:161} INFO - Started process (PID=3957) to work on /home/airflow/.local/lib/python3.12/site-packages/airflow/example_dags/tutorial_dag.py
[2024-05-08T14:59:09.606+0000] {processor.py:830} INFO - Processing file /home/airflow/.local/lib/python3.12/site-packages/airflow/example_dags/tutorial_dag.py for tasks to queue
[2024-05-08T14:59:09.610+0000] {logging_mixin.py:188} INFO - [2024-05-08T14:59:09.609+0000] {dagbag.py:545} INFO - Filling up the DagBag from /home/airflow/.local/lib/python3.12/site-packages/airflow/example_dags/tutorial_dag.py
[2024-05-08T14:59:09.626+0000] {processor.py:840} INFO - DAG(s) 'tutorial_dag' retrieved from /home/airflow/.local/lib/python3.12/site-packages/airflow/example_dags/tutorial_dag.py
[2024-05-08T14:59:09.685+0000] {logging_mixin.py:188} INFO - [2024-05-08T14:59:09.685+0000] {dag.py:3096} INFO - Sync 1 DAGs
[2024-05-08T14:59:09.714+0000] {logging_mixin.py:188} INFO - [2024-05-08T14:59:09.713+0000] {dag.py:3954} INFO - Setting next_dagrun for tutorial_dag to None, run_after=None
[2024-05-08T14:59:09.751+0000] {processor.py:183} INFO - Processing /home/airflow/.local/lib/python3.12/site-packages/airflow/example_dags/tutorial_dag.py took 0.156 seconds
[2024-05-08T14:59:39.880+0000] {processor.py:161} INFO - Started process (PID=4219) to work on /home/airflow/.local/lib/python3.12/site-packages/airflow/example_dags/tutorial_dag.py
[2024-05-08T14:59:39.881+0000] {processor.py:830} INFO - Processing file /home/airflow/.local/lib/python3.12/site-packages/airflow/example_dags/tutorial_dag.py for tasks to queue
[2024-05-08T14:59:39.884+0000] {logging_mixin.py:188} INFO - [2024-05-08T14:59:39.884+0000] {dagbag.py:545} INFO - Filling up the DagBag from /home/airflow/.local/lib/python3.12/site-packages/airflow/example_dags/tutorial_dag.py
[2024-05-08T14:59:39.893+0000] {processor.py:840} INFO - DAG(s) 'tutorial_dag' retrieved from /home/airflow/.local/lib/python3.12/site-packages/airflow/example_dags/tutorial_dag.py
[2024-05-08T14:59:39.924+0000] {logging_mixin.py:188} INFO - [2024-05-08T14:59:39.924+0000] {dag.py:3096} INFO - Sync 1 DAGs
[2024-05-08T14:59:39.945+0000] {logging_mixin.py:188} INFO - [2024-05-08T14:59:39.944+0000] {dag.py:3954} INFO - Setting next_dagrun for tutorial_dag to None, run_after=None
[2024-05-08T14:59:39.975+0000] {processor.py:183} INFO - Processing /home/airflow/.local/lib/python3.12/site-packages/airflow/example_dags/tutorial_dag.py took 0.104 seconds
[2024-05-08T15:00:10.208+0000] {processor.py:161} INFO - Started process (PID=4480) to work on /home/airflow/.local/lib/python3.12/site-packages/airflow/example_dags/tutorial_dag.py
[2024-05-08T15:00:10.210+0000] {processor.py:830} INFO - Processing file /home/airflow/.local/lib/python3.12/site-packages/airflow/example_dags/tutorial_dag.py for tasks to queue
[2024-05-08T15:00:10.216+0000] {logging_mixin.py:188} INFO - [2024-05-08T15:00:10.216+0000] {dagbag.py:545} INFO - Filling up the DagBag from /home/airflow/.local/lib/python3.12/site-packages/airflow/example_dags/tutorial_dag.py
[2024-05-08T15:00:10.231+0000] {processor.py:840} INFO - DAG(s) 'tutorial_dag' retrieved from /home/airflow/.local/lib/python3.12/site-packages/airflow/example_dags/tutorial_dag.py
[2024-05-08T15:00:10.273+0000] {logging_mixin.py:188} INFO - [2024-05-08T15:00:10.272+0000] {dag.py:3096} INFO - Sync 1 DAGs
[2024-05-08T15:00:10.316+0000] {logging_mixin.py:188} INFO - [2024-05-08T15:00:10.315+0000] {dag.py:3954} INFO - Setting next_dagrun for tutorial_dag to None, run_after=None
[2024-05-08T15:00:10.365+0000] {processor.py:183} INFO - Processing /home/airflow/.local/lib/python3.12/site-packages/airflow/example_dags/tutorial_dag.py took 0.166 seconds
[2024-05-08T15:00:40.448+0000] {processor.py:161} INFO - Started process (PID=4742) to work on /home/airflow/.local/lib/python3.12/site-packages/airflow/example_dags/tutorial_dag.py
[2024-05-08T15:00:40.450+0000] {processor.py:830} INFO - Processing file /home/airflow/.local/lib/python3.12/site-packages/airflow/example_dags/tutorial_dag.py for tasks to queue
[2024-05-08T15:00:40.453+0000] {logging_mixin.py:188} INFO - [2024-05-08T15:00:40.452+0000] {dagbag.py:545} INFO - Filling up the DagBag from /home/airflow/.local/lib/python3.12/site-packages/airflow/example_dags/tutorial_dag.py
[2024-05-08T15:00:40.461+0000] {processor.py:840} INFO - DAG(s) 'tutorial_dag' retrieved from /home/airflow/.local/lib/python3.12/site-packages/airflow/example_dags/tutorial_dag.py
[2024-05-08T15:00:40.491+0000] {logging_mixin.py:188} INFO - [2024-05-08T15:00:40.491+0000] {dag.py:3096} INFO - Sync 1 DAGs
[2024-05-08T15:00:40.514+0000] {logging_mixin.py:188} INFO - [2024-05-08T15:00:40.514+0000] {dag.py:3954} INFO - Setting next_dagrun for tutorial_dag to None, run_after=None
[2024-05-08T15:00:40.544+0000] {processor.py:183} INFO - Processing /home/airflow/.local/lib/python3.12/site-packages/airflow/example_dags/tutorial_dag.py took 0.104 seconds
[2024-05-08T15:01:11.273+0000] {processor.py:161} INFO - Started process (PID=5008) to work on /home/airflow/.local/lib/python3.12/site-packages/airflow/example_dags/tutorial_dag.py
[2024-05-08T15:01:11.274+0000] {processor.py:830} INFO - Processing file /home/airflow/.local/lib/python3.12/site-packages/airflow/example_dags/tutorial_dag.py for tasks to queue
[2024-05-08T15:01:11.277+0000] {logging_mixin.py:188} INFO - [2024-05-08T15:01:11.277+0000] {dagbag.py:545} INFO - Filling up the DagBag from /home/airflow/.local/lib/python3.12/site-packages/airflow/example_dags/tutorial_dag.py
[2024-05-08T15:01:11.286+0000] {processor.py:840} INFO - DAG(s) 'tutorial_dag' retrieved from /home/airflow/.local/lib/python3.12/site-packages/airflow/example_dags/tutorial_dag.py
[2024-05-08T15:01:11.321+0000] {logging_mixin.py:188} INFO - [2024-05-08T15:01:11.321+0000] {dag.py:3096} INFO - Sync 1 DAGs
[2024-05-08T15:01:11.344+0000] {logging_mixin.py:188} INFO - [2024-05-08T15:01:11.343+0000] {dag.py:3954} INFO - Setting next_dagrun for tutorial_dag to None, run_after=None
[2024-05-08T15:01:11.378+0000] {processor.py:183} INFO - Processing /home/airflow/.local/lib/python3.12/site-packages/airflow/example_dags/tutorial_dag.py took 0.117 seconds
[2024-05-08T15:01:43.270+0000] {processor.py:161} INFO - Started process (PID=5270) to work on /home/airflow/.local/lib/python3.12/site-packages/airflow/example_dags/tutorial_dag.py
[2024-05-08T15:01:43.280+0000] {processor.py:830} INFO - Processing file /home/airflow/.local/lib/python3.12/site-packages/airflow/example_dags/tutorial_dag.py for tasks to queue
[2024-05-08T15:01:43.290+0000] {logging_mixin.py:188} INFO - [2024-05-08T15:01:43.288+0000] {dagbag.py:545} INFO - Filling up the DagBag from /home/airflow/.local/lib/python3.12/site-packages/airflow/example_dags/tutorial_dag.py
[2024-05-08T15:01:43.313+0000] {processor.py:840} INFO - DAG(s) 'tutorial_dag' retrieved from /home/airflow/.local/lib/python3.12/site-packages/airflow/example_dags/tutorial_dag.py
[2024-05-08T15:01:43.512+0000] {logging_mixin.py:188} INFO - [2024-05-08T15:01:43.512+0000] {dag.py:3096} INFO - Sync 1 DAGs
[2024-05-08T15:01:43.737+0000] {logging_mixin.py:188} INFO - [2024-05-08T15:01:43.735+0000] {dag.py:3954} INFO - Setting next_dagrun for tutorial_dag to None, run_after=None
[2024-05-08T15:01:43.960+0000] {processor.py:183} INFO - Processing /home/airflow/.local/lib/python3.12/site-packages/airflow/example_dags/tutorial_dag.py took 0.718 seconds
[2024-05-08T15:02:14.221+0000] {processor.py:161} INFO - Started process (PID=5532) to work on /home/airflow/.local/lib/python3.12/site-packages/airflow/example_dags/tutorial_dag.py
[2024-05-08T15:02:14.223+0000] {processor.py:830} INFO - Processing file /home/airflow/.local/lib/python3.12/site-packages/airflow/example_dags/tutorial_dag.py for tasks to queue
[2024-05-08T15:02:14.228+0000] {logging_mixin.py:188} INFO - [2024-05-08T15:02:14.227+0000] {dagbag.py:545} INFO - Filling up the DagBag from /home/airflow/.local/lib/python3.12/site-packages/airflow/example_dags/tutorial_dag.py
[2024-05-08T15:02:14.240+0000] {processor.py:840} INFO - DAG(s) 'tutorial_dag' retrieved from /home/airflow/.local/lib/python3.12/site-packages/airflow/example_dags/tutorial_dag.py
[2024-05-08T15:02:14.284+0000] {logging_mixin.py:188} INFO - [2024-05-08T15:02:14.284+0000] {dag.py:3096} INFO - Sync 1 DAGs
[2024-05-08T15:02:14.303+0000] {logging_mixin.py:188} INFO - [2024-05-08T15:02:14.302+0000] {dag.py:3954} INFO - Setting next_dagrun for tutorial_dag to None, run_after=None
[2024-05-08T15:02:14.345+0000] {processor.py:183} INFO - Processing /home/airflow/.local/lib/python3.12/site-packages/airflow/example_dags/tutorial_dag.py took 0.140 seconds
[2024-05-08T15:02:45.284+0000] {processor.py:161} INFO - Started process (PID=5793) to work on /home/airflow/.local/lib/python3.12/site-packages/airflow/example_dags/tutorial_dag.py
[2024-05-08T15:02:45.291+0000] {processor.py:830} INFO - Processing file /home/airflow/.local/lib/python3.12/site-packages/airflow/example_dags/tutorial_dag.py for tasks to queue
[2024-05-08T15:02:45.294+0000] {logging_mixin.py:188} INFO - [2024-05-08T15:02:45.294+0000] {dagbag.py:545} INFO - Filling up the DagBag from /home/airflow/.local/lib/python3.12/site-packages/airflow/example_dags/tutorial_dag.py
[2024-05-08T15:02:45.308+0000] {processor.py:840} INFO - DAG(s) 'tutorial_dag' retrieved from /home/airflow/.local/lib/python3.12/site-packages/airflow/example_dags/tutorial_dag.py
[2024-05-08T15:02:45.368+0000] {logging_mixin.py:188} INFO - [2024-05-08T15:02:45.368+0000] {dag.py:3096} INFO - Sync 1 DAGs
[2024-05-08T15:02:45.388+0000] {logging_mixin.py:188} INFO - [2024-05-08T15:02:45.387+0000] {dag.py:3954} INFO - Setting next_dagrun for tutorial_dag to None, run_after=None
[2024-05-08T15:02:45.435+0000] {processor.py:183} INFO - Processing /home/airflow/.local/lib/python3.12/site-packages/airflow/example_dags/tutorial_dag.py took 0.169 seconds
[2024-05-08T15:03:15.685+0000] {processor.py:161} INFO - Started process (PID=6055) to work on /home/airflow/.local/lib/python3.12/site-packages/airflow/example_dags/tutorial_dag.py
[2024-05-08T15:03:15.687+0000] {processor.py:830} INFO - Processing file /home/airflow/.local/lib/python3.12/site-packages/airflow/example_dags/tutorial_dag.py for tasks to queue
[2024-05-08T15:03:15.690+0000] {logging_mixin.py:188} INFO - [2024-05-08T15:03:15.689+0000] {dagbag.py:545} INFO - Filling up the DagBag from /home/airflow/.local/lib/python3.12/site-packages/airflow/example_dags/tutorial_dag.py
[2024-05-08T15:03:15.697+0000] {processor.py:840} INFO - DAG(s) 'tutorial_dag' retrieved from /home/airflow/.local/lib/python3.12/site-packages/airflow/example_dags/tutorial_dag.py
[2024-05-08T15:03:15.726+0000] {logging_mixin.py:188} INFO - [2024-05-08T15:03:15.726+0000] {dag.py:3096} INFO - Sync 1 DAGs
[2024-05-08T15:03:15.744+0000] {logging_mixin.py:188} INFO - [2024-05-08T15:03:15.744+0000] {dag.py:3954} INFO - Setting next_dagrun for tutorial_dag to None, run_after=None
[2024-05-08T15:03:15.773+0000] {processor.py:183} INFO - Processing /home/airflow/.local/lib/python3.12/site-packages/airflow/example_dags/tutorial_dag.py took 0.095 seconds
[2024-05-08T15:03:46.066+0000] {processor.py:161} INFO - Started process (PID=6317) to work on /home/airflow/.local/lib/python3.12/site-packages/airflow/example_dags/tutorial_dag.py
[2024-05-08T15:03:46.071+0000] {processor.py:830} INFO - Processing file /home/airflow/.local/lib/python3.12/site-packages/airflow/example_dags/tutorial_dag.py for tasks to queue
[2024-05-08T15:03:46.073+0000] {logging_mixin.py:188} INFO - [2024-05-08T15:03:46.073+0000] {dagbag.py:545} INFO - Filling up the DagBag from /home/airflow/.local/lib/python3.12/site-packages/airflow/example_dags/tutorial_dag.py
[2024-05-08T15:03:46.082+0000] {processor.py:840} INFO - DAG(s) 'tutorial_dag' retrieved from /home/airflow/.local/lib/python3.12/site-packages/airflow/example_dags/tutorial_dag.py
[2024-05-08T15:03:46.116+0000] {logging_mixin.py:188} INFO - [2024-05-08T15:03:46.116+0000] {dag.py:3096} INFO - Sync 1 DAGs
[2024-05-08T15:03:46.135+0000] {logging_mixin.py:188} INFO - [2024-05-08T15:03:46.135+0000] {dag.py:3954} INFO - Setting next_dagrun for tutorial_dag to None, run_after=None
[2024-05-08T15:03:46.164+0000] {processor.py:183} INFO - Processing /home/airflow/.local/lib/python3.12/site-packages/airflow/example_dags/tutorial_dag.py took 0.109 seconds
[2024-05-08T15:04:16.558+0000] {processor.py:161} INFO - Started process (PID=6579) to work on /home/airflow/.local/lib/python3.12/site-packages/airflow/example_dags/tutorial_dag.py
[2024-05-08T15:04:16.566+0000] {processor.py:830} INFO - Processing file /home/airflow/.local/lib/python3.12/site-packages/airflow/example_dags/tutorial_dag.py for tasks to queue
[2024-05-08T15:04:16.578+0000] {logging_mixin.py:188} INFO - [2024-05-08T15:04:16.576+0000] {dagbag.py:545} INFO - Filling up the DagBag from /home/airflow/.local/lib/python3.12/site-packages/airflow/example_dags/tutorial_dag.py
[2024-05-08T15:04:16.592+0000] {processor.py:840} INFO - DAG(s) 'tutorial_dag' retrieved from /home/airflow/.local/lib/python3.12/site-packages/airflow/example_dags/tutorial_dag.py
[2024-05-08T15:04:16.640+0000] {logging_mixin.py:188} INFO - [2024-05-08T15:04:16.639+0000] {dag.py:3096} INFO - Sync 1 DAGs
[2024-05-08T15:04:16.665+0000] {logging_mixin.py:188} INFO - [2024-05-08T15:04:16.665+0000] {dag.py:3954} INFO - Setting next_dagrun for tutorial_dag to None, run_after=None
[2024-05-08T15:04:16.707+0000] {processor.py:183} INFO - Processing /home/airflow/.local/lib/python3.12/site-packages/airflow/example_dags/tutorial_dag.py took 0.165 seconds
[2024-05-08T15:04:48.303+0000] {processor.py:161} INFO - Started process (PID=6833) to work on /home/airflow/.local/lib/python3.12/site-packages/airflow/example_dags/tutorial_dag.py
[2024-05-08T15:04:48.320+0000] {processor.py:830} INFO - Processing file /home/airflow/.local/lib/python3.12/site-packages/airflow/example_dags/tutorial_dag.py for tasks to queue
[2024-05-08T15:04:48.339+0000] {logging_mixin.py:188} INFO - [2024-05-08T15:04:48.330+0000] {dagbag.py:545} INFO - Filling up the DagBag from /home/airflow/.local/lib/python3.12/site-packages/airflow/example_dags/tutorial_dag.py
[2024-05-08T15:04:48.456+0000] {processor.py:840} INFO - DAG(s) 'tutorial_dag' retrieved from /home/airflow/.local/lib/python3.12/site-packages/airflow/example_dags/tutorial_dag.py
[2024-05-08T15:04:48.957+0000] {logging_mixin.py:188} INFO - [2024-05-08T15:04:48.943+0000] {dag.py:3096} INFO - Sync 1 DAGs
[2024-05-08T15:04:49.069+0000] {logging_mixin.py:188} INFO - [2024-05-08T15:04:49.065+0000] {dag.py:3954} INFO - Setting next_dagrun for tutorial_dag to None, run_after=None
[2024-05-08T15:04:49.400+0000] {processor.py:183} INFO - Processing /home/airflow/.local/lib/python3.12/site-packages/airflow/example_dags/tutorial_dag.py took 1.419 seconds
[2024-05-08T15:05:19.676+0000] {processor.py:161} INFO - Started process (PID=7095) to work on /home/airflow/.local/lib/python3.12/site-packages/airflow/example_dags/tutorial_dag.py
[2024-05-08T15:05:19.682+0000] {processor.py:830} INFO - Processing file /home/airflow/.local/lib/python3.12/site-packages/airflow/example_dags/tutorial_dag.py for tasks to queue
[2024-05-08T15:05:19.688+0000] {logging_mixin.py:188} INFO - [2024-05-08T15:05:19.687+0000] {dagbag.py:545} INFO - Filling up the DagBag from /home/airflow/.local/lib/python3.12/site-packages/airflow/example_dags/tutorial_dag.py
[2024-05-08T15:05:19.703+0000] {processor.py:840} INFO - DAG(s) 'tutorial_dag' retrieved from /home/airflow/.local/lib/python3.12/site-packages/airflow/example_dags/tutorial_dag.py
[2024-05-08T15:05:19.737+0000] {logging_mixin.py:188} INFO - [2024-05-08T15:05:19.736+0000] {dag.py:3096} INFO - Sync 1 DAGs
[2024-05-08T15:05:19.759+0000] {logging_mixin.py:188} INFO - [2024-05-08T15:05:19.759+0000] {dag.py:3954} INFO - Setting next_dagrun for tutorial_dag to None, run_after=None
[2024-05-08T15:05:19.801+0000] {processor.py:183} INFO - Processing /home/airflow/.local/lib/python3.12/site-packages/airflow/example_dags/tutorial_dag.py took 0.138 seconds
[2024-05-08T15:05:50.581+0000] {processor.py:161} INFO - Started process (PID=7356) to work on /home/airflow/.local/lib/python3.12/site-packages/airflow/example_dags/tutorial_dag.py
[2024-05-08T15:05:50.583+0000] {processor.py:830} INFO - Processing file /home/airflow/.local/lib/python3.12/site-packages/airflow/example_dags/tutorial_dag.py for tasks to queue
[2024-05-08T15:05:50.586+0000] {logging_mixin.py:188} INFO - [2024-05-08T15:05:50.585+0000] {dagbag.py:545} INFO - Filling up the DagBag from /home/airflow/.local/lib/python3.12/site-packages/airflow/example_dags/tutorial_dag.py
[2024-05-08T15:05:50.594+0000] {processor.py:840} INFO - DAG(s) 'tutorial_dag' retrieved from /home/airflow/.local/lib/python3.12/site-packages/airflow/example_dags/tutorial_dag.py
[2024-05-08T15:05:50.627+0000] {logging_mixin.py:188} INFO - [2024-05-08T15:05:50.626+0000] {dag.py:3096} INFO - Sync 1 DAGs
[2024-05-08T15:05:50.648+0000] {logging_mixin.py:188} INFO - [2024-05-08T15:05:50.648+0000] {dag.py:3954} INFO - Setting next_dagrun for tutorial_dag to None, run_after=None
[2024-05-08T15:05:50.709+0000] {processor.py:183} INFO - Processing /home/airflow/.local/lib/python3.12/site-packages/airflow/example_dags/tutorial_dag.py took 0.137 seconds
[2024-05-08T15:06:21.236+0000] {processor.py:161} INFO - Started process (PID=7618) to work on /home/airflow/.local/lib/python3.12/site-packages/airflow/example_dags/tutorial_dag.py
[2024-05-08T15:06:21.240+0000] {processor.py:830} INFO - Processing file /home/airflow/.local/lib/python3.12/site-packages/airflow/example_dags/tutorial_dag.py for tasks to queue
[2024-05-08T15:06:21.243+0000] {logging_mixin.py:188} INFO - [2024-05-08T15:06:21.243+0000] {dagbag.py:545} INFO - Filling up the DagBag from /home/airflow/.local/lib/python3.12/site-packages/airflow/example_dags/tutorial_dag.py
[2024-05-08T15:06:21.252+0000] {processor.py:840} INFO - DAG(s) 'tutorial_dag' retrieved from /home/airflow/.local/lib/python3.12/site-packages/airflow/example_dags/tutorial_dag.py
[2024-05-08T15:06:21.284+0000] {logging_mixin.py:188} INFO - [2024-05-08T15:06:21.284+0000] {dag.py:3096} INFO - Sync 1 DAGs
[2024-05-08T15:06:21.304+0000] {logging_mixin.py:188} INFO - [2024-05-08T15:06:21.303+0000] {dag.py:3954} INFO - Setting next_dagrun for tutorial_dag to None, run_after=None
[2024-05-08T15:06:21.340+0000] {processor.py:183} INFO - Processing /home/airflow/.local/lib/python3.12/site-packages/airflow/example_dags/tutorial_dag.py took 0.113 seconds
[2024-05-08T15:06:51.779+0000] {processor.py:161} INFO - Started process (PID=7879) to work on /home/airflow/.local/lib/python3.12/site-packages/airflow/example_dags/tutorial_dag.py
[2024-05-08T15:06:51.780+0000] {processor.py:830} INFO - Processing file /home/airflow/.local/lib/python3.12/site-packages/airflow/example_dags/tutorial_dag.py for tasks to queue
[2024-05-08T15:06:51.783+0000] {logging_mixin.py:188} INFO - [2024-05-08T15:06:51.783+0000] {dagbag.py:545} INFO - Filling up the DagBag from /home/airflow/.local/lib/python3.12/site-packages/airflow/example_dags/tutorial_dag.py
[2024-05-08T15:06:51.792+0000] {processor.py:840} INFO - DAG(s) 'tutorial_dag' retrieved from /home/airflow/.local/lib/python3.12/site-packages/airflow/example_dags/tutorial_dag.py
[2024-05-08T15:06:51.825+0000] {logging_mixin.py:188} INFO - [2024-05-08T15:06:51.824+0000] {dag.py:3096} INFO - Sync 1 DAGs
[2024-05-08T15:06:51.848+0000] {logging_mixin.py:188} INFO - [2024-05-08T15:06:51.847+0000] {dag.py:3954} INFO - Setting next_dagrun for tutorial_dag to None, run_after=None
[2024-05-08T15:06:51.880+0000] {processor.py:183} INFO - Processing /home/airflow/.local/lib/python3.12/site-packages/airflow/example_dags/tutorial_dag.py took 0.110 seconds
[2024-05-08T15:07:22.099+0000] {processor.py:161} INFO - Started process (PID=8141) to work on /home/airflow/.local/lib/python3.12/site-packages/airflow/example_dags/tutorial_dag.py
[2024-05-08T15:07:22.100+0000] {processor.py:830} INFO - Processing file /home/airflow/.local/lib/python3.12/site-packages/airflow/example_dags/tutorial_dag.py for tasks to queue
[2024-05-08T15:07:22.103+0000] {logging_mixin.py:188} INFO - [2024-05-08T15:07:22.103+0000] {dagbag.py:545} INFO - Filling up the DagBag from /home/airflow/.local/lib/python3.12/site-packages/airflow/example_dags/tutorial_dag.py
[2024-05-08T15:07:22.112+0000] {processor.py:840} INFO - DAG(s) 'tutorial_dag' retrieved from /home/airflow/.local/lib/python3.12/site-packages/airflow/example_dags/tutorial_dag.py
[2024-05-08T15:07:22.144+0000] {logging_mixin.py:188} INFO - [2024-05-08T15:07:22.143+0000] {dag.py:3096} INFO - Sync 1 DAGs
[2024-05-08T15:07:22.164+0000] {logging_mixin.py:188} INFO - [2024-05-08T15:07:22.163+0000] {dag.py:3954} INFO - Setting next_dagrun for tutorial_dag to None, run_after=None
[2024-05-08T15:07:22.196+0000] {processor.py:183} INFO - Processing /home/airflow/.local/lib/python3.12/site-packages/airflow/example_dags/tutorial_dag.py took 0.106 seconds
[2024-05-08T15:07:52.478+0000] {processor.py:161} INFO - Started process (PID=8403) to work on /home/airflow/.local/lib/python3.12/site-packages/airflow/example_dags/tutorial_dag.py
[2024-05-08T15:07:52.479+0000] {processor.py:830} INFO - Processing file /home/airflow/.local/lib/python3.12/site-packages/airflow/example_dags/tutorial_dag.py for tasks to queue
[2024-05-08T15:07:52.483+0000] {logging_mixin.py:188} INFO - [2024-05-08T15:07:52.482+0000] {dagbag.py:545} INFO - Filling up the DagBag from /home/airflow/.local/lib/python3.12/site-packages/airflow/example_dags/tutorial_dag.py
[2024-05-08T15:07:52.492+0000] {processor.py:840} INFO - DAG(s) 'tutorial_dag' retrieved from /home/airflow/.local/lib/python3.12/site-packages/airflow/example_dags/tutorial_dag.py
[2024-05-08T15:07:52.529+0000] {logging_mixin.py:188} INFO - [2024-05-08T15:07:52.528+0000] {dag.py:3096} INFO - Sync 1 DAGs
[2024-05-08T15:07:52.556+0000] {logging_mixin.py:188} INFO - [2024-05-08T15:07:52.556+0000] {dag.py:3954} INFO - Setting next_dagrun for tutorial_dag to None, run_after=None
[2024-05-08T15:07:52.592+0000] {processor.py:183} INFO - Processing /home/airflow/.local/lib/python3.12/site-packages/airflow/example_dags/tutorial_dag.py took 0.123 seconds
[2024-05-08T15:08:22.765+0000] {processor.py:161} INFO - Started process (PID=8665) to work on /home/airflow/.local/lib/python3.12/site-packages/airflow/example_dags/tutorial_dag.py
[2024-05-08T15:08:22.768+0000] {processor.py:830} INFO - Processing file /home/airflow/.local/lib/python3.12/site-packages/airflow/example_dags/tutorial_dag.py for tasks to queue
[2024-05-08T15:08:22.773+0000] {logging_mixin.py:188} INFO - [2024-05-08T15:08:22.771+0000] {dagbag.py:545} INFO - Filling up the DagBag from /home/airflow/.local/lib/python3.12/site-packages/airflow/example_dags/tutorial_dag.py
[2024-05-08T15:08:22.785+0000] {processor.py:840} INFO - DAG(s) 'tutorial_dag' retrieved from /home/airflow/.local/lib/python3.12/site-packages/airflow/example_dags/tutorial_dag.py
[2024-05-08T15:08:22.832+0000] {logging_mixin.py:188} INFO - [2024-05-08T15:08:22.831+0000] {dag.py:3096} INFO - Sync 1 DAGs
[2024-05-08T15:08:22.857+0000] {logging_mixin.py:188} INFO - [2024-05-08T15:08:22.857+0000] {dag.py:3954} INFO - Setting next_dagrun for tutorial_dag to None, run_after=None
[2024-05-08T15:08:22.895+0000] {processor.py:183} INFO - Processing /home/airflow/.local/lib/python3.12/site-packages/airflow/example_dags/tutorial_dag.py took 0.143 seconds
