[2024-05-10T16:34:31.725+0000] {local_task_job_runner.py:120} INFO - ::group::Pre task execution logs
[2024-05-10T16:34:31.926+0000] {taskinstance.py:2076} INFO - Dependencies all met for dep_context=non-requeueable deps ti=<TaskInstance: my_first_dag.my_first_task scheduled__2024-05-08T00:00:00+00:00 [queued]>
[2024-05-10T16:34:31.985+0000] {taskinstance.py:2076} INFO - Dependencies all met for dep_context=requeueable deps ti=<TaskInstance: my_first_dag.my_first_task scheduled__2024-05-08T00:00:00+00:00 [queued]>
[2024-05-10T16:34:31.997+0000] {taskinstance.py:2306} INFO - Starting attempt 1 of 6
[2024-05-10T16:34:32.120+0000] {taskinstance.py:2330} INFO - Executing <Task(BashOperator): my_first_task> on 2024-05-08 00:00:00+00:00
[2024-05-10T16:34:32.182+0000] {standard_task_runner.py:90} INFO - Running: ['***', 'tasks', 'run', 'my_first_dag', 'my_first_task', 'scheduled__2024-05-08T00:00:00+00:00', '--job-id', '3', '--raw', '--subdir', 'DAGS_FOLDER/my_first_dag.py', '--cfg-path', '/tmp/tmpgbhpkojc']
[2024-05-10T16:34:32.261+0000] {standard_task_runner.py:91} INFO - Job 3: Subtask my_first_task
[2024-05-10T16:34:32.257+0000] {logging_mixin.py:188} WARNING - /home/***/.local/lib/python3.12/site-packages/***/task/task_runner/standard_task_runner.py:61 DeprecationWarning: This process (pid=487) is multi-threaded, use of fork() may lead to deadlocks in the child.
[2024-05-10T16:34:32.269+0000] {standard_task_runner.py:63} INFO - Started process 489 to run task
[2024-05-10T16:34:32.598+0000] {task_command.py:426} INFO - Running <TaskInstance: my_first_dag.my_first_task scheduled__2024-05-08T00:00:00+00:00 [running]> on host 48bfb4afd9cd
[2024-05-10T16:34:35.583+0000] {taskinstance.py:2648} INFO - Exporting env vars: AIRFLOW_CTX_DAG_OWNER='edo' AIRFLOW_CTX_DAG_ID='my_first_dag' AIRFLOW_CTX_TASK_ID='my_first_task' AIRFLOW_CTX_EXECUTION_DATE='2024-05-08T00:00:00+00:00' AIRFLOW_CTX_TRY_NUMBER='1' AIRFLOW_CTX_DAG_RUN_ID='scheduled__2024-05-08T00:00:00+00:00'
[2024-05-10T16:34:35.595+0000] {taskinstance.py:430} INFO - ::endgroup::
[2024-05-10T16:34:36.261+0000] {subprocess.py:63} INFO - Tmp dir root location: /tmp
[2024-05-10T16:34:36.268+0000] {subprocess.py:75} INFO - Running command: ['/usr/bin/bash', '-c', 'echo hellow ppl']
[2024-05-10T16:34:36.378+0000] {subprocess.py:86} INFO - Output:
[2024-05-10T16:34:36.392+0000] {subprocess.py:93} INFO - hellow ppl
[2024-05-10T16:34:36.396+0000] {subprocess.py:97} INFO - Command exited with return code 0
[2024-05-10T16:34:36.400+0000] {taskinstance.py:441} INFO - ::group::Post task execution logs
[2024-05-10T16:34:36.527+0000] {taskinstance.py:1206} INFO - Marking task as SUCCESS. dag_id=my_first_dag, task_id=my_first_task, run_id=scheduled__2024-05-08T00:00:00+00:00, execution_date=20240508T000000, start_date=20240510T163431, end_date=20240510T163436
[2024-05-10T16:34:36.622+0000] {local_task_job_runner.py:240} INFO - Task exited with return code 0
[2024-05-10T16:34:36.679+0000] {local_task_job_runner.py:222} INFO - ::endgroup::
