[2024-05-08T14:54:10.281+0000] {local_task_job_runner.py:120} INFO - ::group::Pre task execution logs
[2024-05-08T14:54:10.552+0000] {taskinstance.py:2076} INFO - Dependencies all met for dep_context=non-requeueable deps ti=<TaskInstance: dataset_produces_1.producing_task_1 scheduled__2024-05-07T00:00:00+00:00 [queued]>
[2024-05-08T14:54:10.597+0000] {taskinstance.py:2076} INFO - Dependencies all met for dep_context=requeueable deps ti=<TaskInstance: dataset_produces_1.producing_task_1 scheduled__2024-05-07T00:00:00+00:00 [queued]>
[2024-05-08T14:54:10.607+0000] {taskinstance.py:2306} INFO - Starting attempt 1 of 1
[2024-05-08T14:54:10.637+0000] {taskinstance.py:2330} INFO - Executing <Task(BashOperator): producing_task_1> on 2024-05-07 00:00:00+00:00
[2024-05-08T14:54:10.667+0000] {standard_task_runner.py:90} INFO - Running: ['***', 'tasks', 'run', 'dataset_produces_1', 'producing_task_1', 'scheduled__2024-05-07T00:00:00+00:00', '--job-id', '3', '--raw', '--subdir', '/home/***/.local/lib/python3.12/site-packages/***/example_dags/example_datasets.py', '--cfg-path', '/tmp/tmp8ayci_wr']
[2024-05-08T14:54:10.674+0000] {standard_task_runner.py:91} INFO - Job 3: Subtask producing_task_1
[2024-05-08T14:54:10.680+0000] {logging_mixin.py:188} WARNING - /home/***/.local/lib/python3.12/site-packages/***/task/task_runner/standard_task_runner.py:61 DeprecationWarning: This process (pid=1325) is multi-threaded, use of fork() may lead to deadlocks in the child.
[2024-05-08T14:54:10.682+0000] {standard_task_runner.py:63} INFO - Started process 1407 to run task
[2024-05-08T14:54:12.224+0000] {task_command.py:426} INFO - Running <TaskInstance: dataset_produces_1.producing_task_1 scheduled__2024-05-07T00:00:00+00:00 [running]> on host 9665c4e409a1
[2024-05-08T14:54:13.234+0000] {taskinstance.py:2648} INFO - Exporting env vars: AIRFLOW_CTX_DAG_OWNER='***' AIRFLOW_CTX_DAG_ID='dataset_produces_1' AIRFLOW_CTX_TASK_ID='producing_task_1' AIRFLOW_CTX_EXECUTION_DATE='2024-05-07T00:00:00+00:00' AIRFLOW_CTX_TRY_NUMBER='1' AIRFLOW_CTX_DAG_RUN_ID='scheduled__2024-05-07T00:00:00+00:00'
[2024-05-08T14:54:13.291+0000] {taskinstance.py:430} INFO - ::endgroup::
[2024-05-08T14:54:13.302+0000] {subprocess.py:63} INFO - Tmp dir root location: /tmp
[2024-05-08T14:54:13.343+0000] {subprocess.py:75} INFO - Running command: ['/usr/bin/bash', '-c', 'sleep 5']
[2024-05-08T14:54:13.611+0000] {subprocess.py:86} INFO - Output:
[2024-05-08T14:54:18.679+0000] {subprocess.py:97} INFO - Command exited with return code 0
[2024-05-08T14:54:18.687+0000] {taskinstance.py:441} INFO - ::group::Post task execution logs
[2024-05-08T14:54:19.037+0000] {logging_mixin.py:188} WARNING - /home/***/.local/lib/python3.12/site-packages/***/models/baseoperator.py:1564 RemovedInAirflow3Warning: Passing 'execution_date' to 'TaskInstance.xcom_push()' is deprecated.
[2024-05-08T14:54:19.270+0000] {taskinstance.py:1206} INFO - Marking task as SUCCESS. dag_id=dataset_produces_1, task_id=producing_task_1, run_id=scheduled__2024-05-07T00:00:00+00:00, execution_date=20240507T000000, start_date=20240508T145410, end_date=20240508T145419
[2024-05-08T14:54:19.672+0000] {local_task_job_runner.py:240} INFO - Task exited with return code 0
[2024-05-08T14:54:19.903+0000] {taskinstance.py:3498} INFO - 0 downstream tasks scheduled from follow-on schedule check
[2024-05-08T14:54:19.913+0000] {local_task_job_runner.py:222} INFO - ::endgroup::
