[2024-05-10T00:04:52.597+0000] {local_task_job_runner.py:120} INFO - ::group::Pre task execution logs
[2024-05-10T00:04:52.671+0000] {taskinstance.py:2076} INFO - Dependencies all met for dep_context=non-requeueable deps ti=<TaskInstance: dataset_produces_1.producing_task_1 scheduled__2024-05-09T00:00:00+00:00 [queued]>
[2024-05-10T00:04:52.685+0000] {taskinstance.py:2076} INFO - Dependencies all met for dep_context=requeueable deps ti=<TaskInstance: dataset_produces_1.producing_task_1 scheduled__2024-05-09T00:00:00+00:00 [queued]>
[2024-05-10T00:04:52.686+0000] {taskinstance.py:2306} INFO - Starting attempt 1 of 1
[2024-05-10T00:04:52.712+0000] {taskinstance.py:2330} INFO - Executing <Task(BashOperator): producing_task_1> on 2024-05-09 00:00:00+00:00
[2024-05-10T00:04:52.772+0000] {logging_mixin.py:188} WARNING - /home/***/.local/lib/python3.12/site-packages/***/task/task_runner/standard_task_runner.py:61 DeprecationWarning: This process (pid=7320) is multi-threaded, use of fork() may lead to deadlocks in the child.
[2024-05-10T00:04:52.742+0000] {standard_task_runner.py:90} INFO - Running: ['***', 'tasks', 'run', 'dataset_produces_1', 'producing_task_1', 'scheduled__2024-05-09T00:00:00+00:00', '--job-id', '8', '--raw', '--subdir', '/home/***/.local/lib/python3.12/site-packages/***/example_dags/example_datasets.py', '--cfg-path', '/tmp/tmpegmcy8_u']
[2024-05-10T00:04:52.774+0000] {standard_task_runner.py:63} INFO - Started process 7422 to run task
[2024-05-10T00:04:52.775+0000] {standard_task_runner.py:91} INFO - Job 8: Subtask producing_task_1
[2024-05-10T00:04:53.005+0000] {task_command.py:426} INFO - Running <TaskInstance: dataset_produces_1.producing_task_1 scheduled__2024-05-09T00:00:00+00:00 [running]> on host 9665c4e409a1
[2024-05-10T00:04:53.251+0000] {taskinstance.py:2648} INFO - Exporting env vars: AIRFLOW_CTX_DAG_OWNER='***' AIRFLOW_CTX_DAG_ID='dataset_produces_1' AIRFLOW_CTX_TASK_ID='producing_task_1' AIRFLOW_CTX_EXECUTION_DATE='2024-05-09T00:00:00+00:00' AIRFLOW_CTX_TRY_NUMBER='1' AIRFLOW_CTX_DAG_RUN_ID='scheduled__2024-05-09T00:00:00+00:00'
[2024-05-10T00:04:53.260+0000] {taskinstance.py:430} INFO - ::endgroup::
[2024-05-10T00:04:53.265+0000] {subprocess.py:63} INFO - Tmp dir root location: /tmp
[2024-05-10T00:04:53.268+0000] {subprocess.py:75} INFO - Running command: ['/usr/bin/bash', '-c', 'sleep 5']
[2024-05-10T00:04:53.299+0000] {subprocess.py:86} INFO - Output:
[2024-05-10T00:04:58.343+0000] {subprocess.py:97} INFO - Command exited with return code 0
[2024-05-10T00:04:58.346+0000] {taskinstance.py:441} INFO - ::group::Post task execution logs
[2024-05-10T00:04:58.446+0000] {logging_mixin.py:188} WARNING - /home/***/.local/lib/python3.12/site-packages/***/models/baseoperator.py:1564 RemovedInAirflow3Warning: Passing 'execution_date' to 'TaskInstance.xcom_push()' is deprecated.
[2024-05-10T00:04:58.478+0000] {taskinstance.py:1206} INFO - Marking task as SUCCESS. dag_id=dataset_produces_1, task_id=producing_task_1, run_id=scheduled__2024-05-09T00:00:00+00:00, execution_date=20240509T000000, start_date=20240510T000452, end_date=20240510T000458
[2024-05-10T00:04:58.536+0000] {local_task_job_runner.py:240} INFO - Task exited with return code 0
[2024-05-10T00:04:58.561+0000] {taskinstance.py:3498} INFO - 0 downstream tasks scheduled from follow-on schedule check
[2024-05-10T00:04:58.565+0000] {local_task_job_runner.py:222} INFO - ::endgroup::
