[2024-05-10T16:42:11.454+0000] {local_task_job_runner.py:120} INFO - ::group::Pre task execution logs
[2024-05-10T16:42:11.535+0000] {taskinstance.py:2076} INFO - Dependencies all met for dep_context=non-requeueable deps ti=<TaskInstance: my_first_dag_v3.my_first_task scheduled__2024-05-08T00:00:00+00:00 [queued]>
[2024-05-10T16:42:11.553+0000] {taskinstance.py:2076} INFO - Dependencies all met for dep_context=requeueable deps ti=<TaskInstance: my_first_dag_v3.my_first_task scheduled__2024-05-08T00:00:00+00:00 [queued]>
[2024-05-10T16:42:11.556+0000] {taskinstance.py:2306} INFO - Starting attempt 2 of 7
[2024-05-10T16:42:11.580+0000] {taskinstance.py:2330} INFO - Executing <Task(BashOperator): my_first_task> on 2024-05-08 00:00:00+00:00
[2024-05-10T16:42:11.591+0000] {standard_task_runner.py:90} INFO - Running: ['***', 'tasks', 'run', 'my_first_dag_v3', 'my_first_task', 'scheduled__2024-05-08T00:00:00+00:00', '--job-id', '17', '--raw', '--subdir', 'DAGS_FOLDER/my_first_dag.py', '--cfg-path', '/tmp/tmpxnncd5v9']
[2024-05-10T16:42:11.594+0000] {standard_task_runner.py:91} INFO - Job 17: Subtask my_first_task
[2024-05-10T16:42:11.597+0000] {logging_mixin.py:188} WARNING - /home/***/.local/lib/python3.12/site-packages/***/task/task_runner/standard_task_runner.py:61 DeprecationWarning: This process (pid=730) is multi-threaded, use of fork() may lead to deadlocks in the child.
[2024-05-10T16:42:11.599+0000] {standard_task_runner.py:63} INFO - Started process 731 to run task
[2024-05-10T16:42:11.678+0000] {task_command.py:426} INFO - Running <TaskInstance: my_first_dag_v3.my_first_task scheduled__2024-05-08T00:00:00+00:00 [running]> on host 48bfb4afd9cd
[2024-05-10T16:42:11.843+0000] {taskinstance.py:2648} INFO - Exporting env vars: AIRFLOW_CTX_DAG_OWNER='edo' AIRFLOW_CTX_DAG_ID='my_first_dag_v3' AIRFLOW_CTX_TASK_ID='my_first_task' AIRFLOW_CTX_EXECUTION_DATE='2024-05-08T00:00:00+00:00' AIRFLOW_CTX_TRY_NUMBER='2' AIRFLOW_CTX_DAG_RUN_ID='scheduled__2024-05-08T00:00:00+00:00'
[2024-05-10T16:42:11.846+0000] {taskinstance.py:430} INFO - ::endgroup::
[2024-05-10T16:42:11.874+0000] {subprocess.py:63} INFO - Tmp dir root location: /tmp
[2024-05-10T16:42:11.877+0000] {subprocess.py:75} INFO - Running command: ['/usr/bin/bash', '-c', 'echo hellow ppl']
[2024-05-10T16:42:11.890+0000] {subprocess.py:86} INFO - Output:
[2024-05-10T16:42:11.892+0000] {subprocess.py:93} INFO - hellow ppl
[2024-05-10T16:42:11.893+0000] {subprocess.py:97} INFO - Command exited with return code 0
[2024-05-10T16:42:11.895+0000] {taskinstance.py:441} INFO - ::group::Post task execution logs
[2024-05-10T16:42:11.935+0000] {taskinstance.py:1206} INFO - Marking task as SUCCESS. dag_id=my_first_dag_v3, task_id=my_first_task, run_id=scheduled__2024-05-08T00:00:00+00:00, execution_date=20240508T000000, start_date=20240510T164211, end_date=20240510T164211
[2024-05-10T16:42:11.992+0000] {local_task_job_runner.py:240} INFO - Task exited with return code 0
[2024-05-10T16:42:12.027+0000] {taskinstance.py:3498} INFO - 2 downstream tasks scheduled from follow-on schedule check
[2024-05-10T16:42:12.031+0000] {local_task_job_runner.py:222} INFO - ::endgroup::
