[2024-05-09T00:47:18.897+0000] {local_task_job_runner.py:120} INFO - ::group::Pre task execution logs
[2024-05-09T00:47:18.950+0000] {taskinstance.py:2076} INFO - Dependencies all met for dep_context=non-requeueable deps ti=<TaskInstance: dataset_produces_1.producing_task_1 scheduled__2024-05-08T00:00:00+00:00 [queued]>
[2024-05-09T00:47:18.965+0000] {taskinstance.py:2076} INFO - Dependencies all met for dep_context=requeueable deps ti=<TaskInstance: dataset_produces_1.producing_task_1 scheduled__2024-05-08T00:00:00+00:00 [queued]>
[2024-05-09T00:47:18.967+0000] {taskinstance.py:2306} INFO - Starting attempt 1 of 1
[2024-05-09T00:47:18.988+0000] {taskinstance.py:2330} INFO - Executing <Task(BashOperator): producing_task_1> on 2024-05-08 00:00:00+00:00
[2024-05-09T00:47:19.008+0000] {standard_task_runner.py:90} INFO - Running: ['***', 'tasks', 'run', 'dataset_produces_1', 'producing_task_1', 'scheduled__2024-05-08T00:00:00+00:00', '--job-id', '4', '--raw', '--subdir', '/home/***/.local/lib/python3.12/site-packages/***/example_dags/example_datasets.py', '--cfg-path', '/tmp/tmpmp1ptasv']
[2024-05-09T00:47:19.018+0000] {standard_task_runner.py:91} INFO - Job 4: Subtask producing_task_1
[2024-05-09T00:47:19.016+0000] {logging_mixin.py:188} WARNING - /home/***/.local/lib/python3.12/site-packages/***/task/task_runner/standard_task_runner.py:61 DeprecationWarning: This process (pid=34059) is multi-threaded, use of fork() may lead to deadlocks in the child.
[2024-05-09T00:47:19.020+0000] {standard_task_runner.py:63} INFO - Started process 34143 to run task
[2024-05-09T00:47:19.105+0000] {task_command.py:426} INFO - Running <TaskInstance: dataset_produces_1.producing_task_1 scheduled__2024-05-08T00:00:00+00:00 [running]> on host 9665c4e409a1
[2024-05-09T00:47:19.447+0000] {taskinstance.py:2648} INFO - Exporting env vars: AIRFLOW_CTX_DAG_OWNER='***' AIRFLOW_CTX_DAG_ID='dataset_produces_1' AIRFLOW_CTX_TASK_ID='producing_task_1' AIRFLOW_CTX_EXECUTION_DATE='2024-05-08T00:00:00+00:00' AIRFLOW_CTX_TRY_NUMBER='1' AIRFLOW_CTX_DAG_RUN_ID='scheduled__2024-05-08T00:00:00+00:00'
[2024-05-09T00:47:19.457+0000] {taskinstance.py:430} INFO - ::endgroup::
[2024-05-09T00:47:19.461+0000] {subprocess.py:63} INFO - Tmp dir root location: /tmp
[2024-05-09T00:47:19.468+0000] {subprocess.py:75} INFO - Running command: ['/usr/bin/bash', '-c', 'sleep 5']
[2024-05-09T00:47:19.511+0000] {subprocess.py:86} INFO - Output:
[2024-05-09T00:47:24.525+0000] {subprocess.py:97} INFO - Command exited with return code 0
[2024-05-09T00:47:24.526+0000] {taskinstance.py:441} INFO - ::group::Post task execution logs
[2024-05-09T00:47:24.557+0000] {logging_mixin.py:188} WARNING - /home/***/.local/lib/python3.12/site-packages/***/models/baseoperator.py:1564 RemovedInAirflow3Warning: Passing 'execution_date' to 'TaskInstance.xcom_push()' is deprecated.
[2024-05-09T00:47:24.591+0000] {taskinstance.py:1206} INFO - Marking task as SUCCESS. dag_id=dataset_produces_1, task_id=producing_task_1, run_id=scheduled__2024-05-08T00:00:00+00:00, execution_date=20240508T000000, start_date=20240509T004718, end_date=20240509T004724
[2024-05-09T00:47:24.669+0000] {local_task_job_runner.py:240} INFO - Task exited with return code 0
[2024-05-09T00:47:24.694+0000] {taskinstance.py:3498} INFO - 0 downstream tasks scheduled from follow-on schedule check
[2024-05-09T00:47:24.696+0000] {local_task_job_runner.py:222} INFO - ::endgroup::
