[2024-05-11T10:13:43.062+0000] {local_task_job_runner.py:120} INFO - ::group::Pre task execution logs
[2024-05-11T10:13:43.689+0000] {taskinstance.py:2076} INFO - Dependencies all met for dep_context=non-requeueable deps ti=<TaskInstance: my_first_dag_v4.my_first_task scheduled__2024-05-08T00:00:00+00:00 [queued]>
[2024-05-11T10:13:43.737+0000] {taskinstance.py:2076} INFO - Dependencies all met for dep_context=requeueable deps ti=<TaskInstance: my_first_dag_v4.my_first_task scheduled__2024-05-08T00:00:00+00:00 [queued]>
[2024-05-11T10:13:43.739+0000] {taskinstance.py:2306} INFO - Starting attempt 1 of 6
[2024-05-11T10:13:44.846+0000] {taskinstance.py:2330} INFO - Executing <Task(BashOperator): my_first_task> on 2024-05-08 00:00:00+00:00
[2024-05-11T10:13:45.007+0000] {logging_mixin.py:188} WARNING - /home/***/.local/lib/python3.12/site-packages/***/task/task_runner/standard_task_runner.py:61 DeprecationWarning: This process (pid=8411) is multi-threaded, use of fork() may lead to deadlocks in the child.
[2024-05-11T10:13:45.080+0000] {standard_task_runner.py:63} INFO - Started process 8416 to run task
[2024-05-11T10:13:45.203+0000] {standard_task_runner.py:90} INFO - Running: ['***', 'tasks', 'run', 'my_first_dag_v4', 'my_first_task', 'scheduled__2024-05-08T00:00:00+00:00', '--job-id', '27', '--raw', '--subdir', 'DAGS_FOLDER/my_first_dag.py', '--cfg-path', '/tmp/tmpvhtkuzk1']
[2024-05-11T10:13:45.254+0000] {standard_task_runner.py:91} INFO - Job 27: Subtask my_first_task
[2024-05-11T10:13:46.107+0000] {task_command.py:426} INFO - Running <TaskInstance: my_first_dag_v4.my_first_task scheduled__2024-05-08T00:00:00+00:00 [running]> on host 48bfb4afd9cd
[2024-05-11T10:13:46.928+0000] {taskinstance.py:2648} INFO - Exporting env vars: AIRFLOW_CTX_DAG_OWNER='edo' AIRFLOW_CTX_DAG_ID='my_first_dag_v4' AIRFLOW_CTX_TASK_ID='my_first_task' AIRFLOW_CTX_EXECUTION_DATE='2024-05-08T00:00:00+00:00' AIRFLOW_CTX_TRY_NUMBER='1' AIRFLOW_CTX_DAG_RUN_ID='scheduled__2024-05-08T00:00:00+00:00'
[2024-05-11T10:13:46.931+0000] {taskinstance.py:430} INFO - ::endgroup::
[2024-05-11T10:13:46.988+0000] {subprocess.py:63} INFO - Tmp dir root location: /tmp
[2024-05-11T10:13:46.991+0000] {subprocess.py:75} INFO - Running command: ['/usr/bin/bash', '-c', 'echo hellow ppl']
[2024-05-11T10:13:47.022+0000] {subprocess.py:86} INFO - Output:
[2024-05-11T10:13:47.029+0000] {subprocess.py:93} INFO - hellow ppl
[2024-05-11T10:13:47.031+0000] {subprocess.py:97} INFO - Command exited with return code 0
[2024-05-11T10:13:47.032+0000] {taskinstance.py:441} INFO - ::group::Post task execution logs
[2024-05-11T10:13:47.099+0000] {taskinstance.py:1206} INFO - Marking task as SUCCESS. dag_id=my_first_dag_v4, task_id=my_first_task, run_id=scheduled__2024-05-08T00:00:00+00:00, execution_date=20240508T000000, start_date=20240511T101343, end_date=20240511T101347
[2024-05-11T10:13:47.170+0000] {local_task_job_runner.py:240} INFO - Task exited with return code 0
[2024-05-11T10:13:47.241+0000] {taskinstance.py:3498} INFO - 2 downstream tasks scheduled from follow-on schedule check
[2024-05-11T10:13:47.245+0000] {local_task_job_runner.py:222} INFO - ::endgroup::
